2011.04.24 14:09 B C:\Documents and Settings\Plenus\Meus Documentos\Loja_PMP\Site-Loja\siteplenus\images\cozinha\_vti_cnf\cozinha (00).jpg --> plenusplanejados.com.br /public_html/images/cozinha/_vti_cnf cozinha (00).jpg
2011.04.24 14:09 B C:\Documents and Settings\Plenus\Meus Documentos\Loja_PMP\Site-Loja\siteplenus\images\cozinha\_vti_cnf\cozinha (01).jpg --> plenusplanejados.com.br /public_html/images/cozinha/_vti_cnf cozinha (01).jpg
2011.04.24 14:09 B C:\Documents and Settings\Plenus\Meus Documentos\Loja_PMP\Site-Loja\siteplenus\images\cozinha\_vti_cnf\cozinha (02).jpg --> plenusplanejados.com.br /public_html/images/cozinha/_vti_cnf cozinha (02).jpg
2011.04.24 14:09 B C:\Documents and Settings\Plenus\Meus Documentos\Loja_PMP\Site-Loja\siteplenus\images\cozinha\_vti_cnf\cozinha (03).jpg --> plenusplanejados.com.br /public_html/images/cozinha/_vti_cnf cozinha (03).jpg
2011.04.24 14:09 B C:\Documents and Settings\Plenus\Meus Documentos\Loja_PMP\Site-Loja\siteplenus\images\cozinha\_vti_cnf\cozinha (04).jpg --> plenusplanejados.com.br /public_html/images/cozinha/_vti_cnf cozinha (04).jpg
2011.04.24 14:09 B C:\Documents and Settings\Plenus\Meus Documentos\Loja_PMP\Site-Loja\siteplenus\images\cozinha\_vti_cnf\cozinha (05).jpg --> plenusplanejados.com.br /public_html/images/cozinha/_vti_cnf cozinha (05).jpg
2011.04.24 14:09 B C:\Documents and Settings\Plenus\Meus Documentos\Loja_PMP\Site-Loja\siteplenus\images\cozinha\_vti_cnf\cozinha (06).jpg --> plenusplanejados.com.br /public_html/images/cozinha/_vti_cnf cozinha (06).jpg
2011.04.24 14:09 B C:\Documents and Settings\Plenus\Meus Documentos\Loja_PMP\Site-Loja\siteplenus\images\cozinha\_vti_cnf\cozinha (07).jpg --> plenusplanejados.com.br /public_html/images/cozinha/_vti_cnf cozinha (07).jpg
2011.04.24 14:09 B C:\Documents and Settings\Plenus\Meus Documentos\Loja_PMP\Site-Loja\siteplenus\images\cozinha\_vti_cnf\cozinha (08).jpg --> plenusplanejados.com.br /public_html/images/cozinha/_vti_cnf cozinha (08).jpg
2011.04.24 14:09 B C:\Documents and Settings\Plenus\Meus Documentos\Loja_PMP\Site-Loja\siteplenus\images\cozinha\_vti_cnf\cozinha (09).jpg --> plenusplanejados.com.br /public_html/images/cozinha/_vti_cnf cozinha (09).jpg
2011.04.24 14:09 B C:\Documents and Settings\Plenus\Meus Documentos\Loja_PMP\Site-Loja\siteplenus\images\cozinha\_vti_cnf\cozinha (10).jpg --> plenusplanejados.com.br /public_html/images/cozinha/_vti_cnf cozinha (10).jpg
2011.04.24 14:09 B C:\Documents and Settings\Plenus\Meus Documentos\Loja_PMP\Site-Loja\siteplenus\images\cozinha\_vti_cnf\cozinha (11).jpg --> plenusplanejados.com.br /public_html/images/cozinha/_vti_cnf cozinha (11).jpg
2011.04.24 14:09 B C:\Documents and Settings\Plenus\Meus Documentos\Loja_PMP\Site-Loja\siteplenus\images\cozinha\_vti_cnf\cozinha (12).jpg --> plenusplanejados.com.br /public_html/images/cozinha/_vti_cnf cozinha (12).jpg
2011.04.24 14:09 B C:\Documents and Settings\Plenus\Meus Documentos\Loja_PMP\Site-Loja\siteplenus\images\cozinha\_vti_cnf\cozinha (13).jpg --> plenusplanejados.com.br /public_html/images/cozinha/_vti_cnf cozinha (13).jpg
2011.04.24 14:09 B C:\Documents and Settings\Plenus\Meus Documentos\Loja_PMP\Site-Loja\siteplenus\images\cozinha\_vti_cnf\cozinha (14).jpg --> plenusplanejados.com.br /public_html/images/cozinha/_vti_cnf cozinha (14).jpg
2011.04.24 14:09 B C:\Documents and Settings\Plenus\Meus Documentos\Loja_PMP\Site-Loja\siteplenus\images\cozinha\_vti_cnf\cozinha (15).jpg --> plenusplanejados.com.br /public_html/images/cozinha/_vti_cnf cozinha (15).jpg
2011.04.24 14:09 B C:\Documents and Settings\Plenus\Meus Documentos\Loja_PMP\Site-Loja\siteplenus\images\cozinha\_vti_cnf\cozinha (16).jpg --> plenusplanejados.com.br /public_html/images/cozinha/_vti_cnf cozinha (16).jpg
2011.04.24 14:09 B C:\Documents and Settings\Plenus\Meus Documentos\Loja_PMP\Site-Loja\siteplenus\images\cozinha\_vti_cnf\cozinha (17).jpg --> plenusplanejados.com.br /public_html/images/cozinha/_vti_cnf cozinha (17).jpg
2011.04.24 14:09 B C:\Documents and Settings\Plenus\Meus Documentos\Loja_PMP\Site-Loja\siteplenus\images\cozinha\_vti_cnf\Thumbs.db --> plenusplanejados.com.br /public_html/images/cozinha/_vti_cnf Thumbs.db
118.04.16 14:17 B C:\Users\Administrador\Documents\Loja_PMP\Site-Loja\siteplenus\images\cozinha\_vti_cnf\cozinha (00).jpg --> plenusplanejados.com.br /images/cozinha/_vti_cnf cozinha (00).jpg
118.04.16 14:17 B C:\Users\Administrador\Documents\Loja_PMP\Site-Loja\siteplenus\images\cozinha\_vti_cnf\cozinha (01).jpg --> plenusplanejados.com.br /images/cozinha/_vti_cnf cozinha (01).jpg
118.04.16 14:17 B C:\Users\Administrador\Documents\Loja_PMP\Site-Loja\siteplenus\images\cozinha\_vti_cnf\cozinha (02).jpg --> plenusplanejados.com.br /images/cozinha/_vti_cnf cozinha (02).jpg
118.04.16 14:17 B C:\Users\Administrador\Documents\Loja_PMP\Site-Loja\siteplenus\images\cozinha\_vti_cnf\cozinha (03).jpg --> plenusplanejados.com.br /images/cozinha/_vti_cnf cozinha (03).jpg
118.04.16 14:17 B C:\Users\Administrador\Documents\Loja_PMP\Site-Loja\siteplenus\images\cozinha\_vti_cnf\cozinha (04).jpg --> plenusplanejados.com.br /images/cozinha/_vti_cnf cozinha (04).jpg
118.04.16 14:17 B C:\Users\Administrador\Documents\Loja_PMP\Site-Loja\siteplenus\images\cozinha\_vti_cnf\cozinha (05).jpg --> plenusplanejados.com.br /images/cozinha/_vti_cnf cozinha (05).jpg
118.04.16 14:17 B C:\Users\Administrador\Documents\Loja_PMP\Site-Loja\siteplenus\images\cozinha\_vti_cnf\cozinha (06).jpg --> plenusplanejados.com.br /images/cozinha/_vti_cnf cozinha (06).jpg
118.04.16 14:17 B C:\Users\Administrador\Documents\Loja_PMP\Site-Loja\siteplenus\images\cozinha\_vti_cnf\cozinha (07).jpg --> plenusplanejados.com.br /images/cozinha/_vti_cnf cozinha (07).jpg
118.04.16 14:17 B C:\Users\Administrador\Documents\Loja_PMP\Site-Loja\siteplenus\images\cozinha\_vti_cnf\cozinha (08).jpg --> plenusplanejados.com.br /images/cozinha/_vti_cnf cozinha (08).jpg
118.04.16 14:17 B C:\Users\Administrador\Documents\Loja_PMP\Site-Loja\siteplenus\images\cozinha\_vti_cnf\cozinha (09).jpg --> plenusplanejados.com.br /images/cozinha/_vti_cnf cozinha (09).jpg
118.04.16 14:17 B C:\Users\Administrador\Documents\Loja_PMP\Site-Loja\siteplenus\images\cozinha\_vti_cnf\cozinha (10).jpg --> plenusplanejados.com.br /images/cozinha/_vti_cnf cozinha (10).jpg
118.04.16 14:17 B C:\Users\Administrador\Documents\Loja_PMP\Site-Loja\siteplenus\images\cozinha\_vti_cnf\cozinha (11).jpg --> plenusplanejados.com.br /images/cozinha/_vti_cnf cozinha (11).jpg
118.04.16 14:17 B C:\Users\Administrador\Documents\Loja_PMP\Site-Loja\siteplenus\images\cozinha\_vti_cnf\cozinha (12).jpg --> plenusplanejados.com.br /images/cozinha/_vti_cnf cozinha (12).jpg
118.04.16 14:17 B C:\Users\Administrador\Documents\Loja_PMP\Site-Loja\siteplenus\images\cozinha\_vti_cnf\cozinha (13).jpg --> plenusplanejados.com.br /images/cozinha/_vti_cnf cozinha (13).jpg
118.04.16 14:17 B C:\Users\Administrador\Documents\Loja_PMP\Site-Loja\siteplenus\images\cozinha\_vti_cnf\cozinha (14).jpg --> plenusplanejados.com.br /images/cozinha/_vti_cnf cozinha (14).jpg
118.04.16 14:17 B C:\Users\Administrador\Documents\Loja_PMP\Site-Loja\siteplenus\images\cozinha\_vti_cnf\cozinha (15).jpg --> plenusplanejados.com.br /images/cozinha/_vti_cnf cozinha (15).jpg
118.04.16 14:17 B C:\Users\Administrador\Documents\Loja_PMP\Site-Loja\siteplenus\images\cozinha\_vti_cnf\cozinha (16).jpg --> plenusplanejados.com.br /images/cozinha/_vti_cnf cozinha (16).jpg
118.04.16 14:17 B C:\Users\Administrador\Documents\Loja_PMP\Site-Loja\siteplenus\images\cozinha\_vti_cnf\cozinha (17).jpg --> plenusplanejados.com.br /images/cozinha/_vti_cnf cozinha (17).jpg
118.04.16 14:17 B C:\Users\Administrador\Documents\Loja_PMP\Site-Loja\siteplenus\images\cozinha\_vti_cnf\Thumbs.db --> plenusplanejados.com.br /images/cozinha/_vti_cnf Thumbs.db
118.04.16 14:17 B C:\Users\Administrador\Documents\Loja_PMP\Site-Loja\siteplenus\images\cozinha\_vti_cnf\ws_ftp.log --> plenusplanejados.com.br /images/cozinha/_vti_cnf ws_ftp.log
118.04.16 21:18 B C:\Users\Administrador\Documents\Loja_PMP\Site-Loja\siteplenus\images\cozinha\_vti_cnf\cozinha (00).jpg --> plenusplanejados.com.br /public_html/images/cozinha/_vti_cnf cozinha (00).jpg
118.04.16 21:18 B C:\Users\Administrador\Documents\Loja_PMP\Site-Loja\siteplenus\images\cozinha\_vti_cnf\cozinha (01).jpg --> plenusplanejados.com.br /public_html/images/cozinha/_vti_cnf cozinha (01).jpg
118.04.16 21:18 B C:\Users\Administrador\Documents\Loja_PMP\Site-Loja\siteplenus\images\cozinha\_vti_cnf\cozinha (02).jpg --> plenusplanejados.com.br /public_html/images/cozinha/_vti_cnf cozinha (02).jpg
118.04.16 21:18 B C:\Users\Administrador\Documents\Loja_PMP\Site-Loja\siteplenus\images\cozinha\_vti_cnf\cozinha (03).jpg --> plenusplanejados.com.br /public_html/images/cozinha/_vti_cnf cozinha (03).jpg
118.04.16 21:18 B C:\Users\Administrador\Documents\Loja_PMP\Site-Loja\siteplenus\images\cozinha\_vti_cnf\cozinha (04).jpg --> plenusplanejados.com.br /public_html/images/cozinha/_vti_cnf cozinha (04).jpg
118.04.16 21:18 B C:\Users\Administrador\Documents\Loja_PMP\Site-Loja\siteplenus\images\cozinha\_vti_cnf\cozinha (05).jpg --> plenusplanejados.com.br /public_html/images/cozinha/_vti_cnf cozinha (05).jpg
118.04.16 21:18 B C:\Users\Administrador\Documents\Loja_PMP\Site-Loja\siteplenus\images\cozinha\_vti_cnf\cozinha (06).jpg --> plenusplanejados.com.br /public_html/images/cozinha/_vti_cnf cozinha (06).jpg
118.04.16 21:18 B C:\Users\Administrador\Documents\Loja_PMP\Site-Loja\siteplenus\images\cozinha\_vti_cnf\cozinha (07).jpg --> plenusplanejados.com.br /public_html/images/cozinha/_vti_cnf cozinha (07).jpg
118.04.16 21:18 B C:\Users\Administrador\Documents\Loja_PMP\Site-Loja\siteplenus\images\cozinha\_vti_cnf\cozinha (08).jpg --> plenusplanejados.com.br /public_html/images/cozinha/_vti_cnf cozinha (08).jpg
118.04.16 21:18 B C:\Users\Administrador\Documents\Loja_PMP\Site-Loja\siteplenus\images\cozinha\_vti_cnf\cozinha (09).jpg --> plenusplanejados.com.br /public_html/images/cozinha/_vti_cnf cozinha (09).jpg
118.04.16 21:18 B C:\Users\Administrador\Documents\Loja_PMP\Site-Loja\siteplenus\images\cozinha\_vti_cnf\cozinha (10).jpg --> plenusplanejados.com.br /public_html/images/cozinha/_vti_cnf cozinha (10).jpg
118.04.16 21:18 B C:\Users\Administrador\Documents\Loja_PMP\Site-Loja\siteplenus\images\cozinha\_vti_cnf\cozinha (11).jpg --> plenusplanejados.com.br /public_html/images/cozinha/_vti_cnf cozinha (11).jpg
118.04.16 21:18 B C:\Users\Administrador\Documents\Loja_PMP\Site-Loja\siteplenus\images\cozinha\_vti_cnf\cozinha (12).jpg --> plenusplanejados.com.br /public_html/images/cozinha/_vti_cnf cozinha (12).jpg
118.04.16 21:18 B C:\Users\Administrador\Documents\Loja_PMP\Site-Loja\siteplenus\images\cozinha\_vti_cnf\cozinha (13).jpg --> plenusplanejados.com.br /public_html/images/cozinha/_vti_cnf cozinha (13).jpg
118.04.16 21:18 B C:\Users\Administrador\Documents\Loja_PMP\Site-Loja\siteplenus\images\cozinha\_vti_cnf\cozinha (14).jpg --> plenusplanejados.com.br /public_html/images/cozinha/_vti_cnf cozinha (14).jpg
118.04.16 21:18 B C:\Users\Administrador\Documents\Loja_PMP\Site-Loja\siteplenus\images\cozinha\_vti_cnf\cozinha (15).jpg --> plenusplanejados.com.br /public_html/images/cozinha/_vti_cnf cozinha (15).jpg
118.04.16 21:18 B C:\Users\Administrador\Documents\Loja_PMP\Site-Loja\siteplenus\images\cozinha\_vti_cnf\cozinha (16).jpg --> plenusplanejados.com.br /public_html/images/cozinha/_vti_cnf cozinha (16).jpg
118.04.16 21:18 B C:\Users\Administrador\Documents\Loja_PMP\Site-Loja\siteplenus\images\cozinha\_vti_cnf\cozinha (17).jpg --> plenusplanejados.com.br /public_html/images/cozinha/_vti_cnf cozinha (17).jpg
118.04.16 21:18 B C:\Users\Administrador\Documents\Loja_PMP\Site-Loja\siteplenus\images\cozinha\_vti_cnf\Thumbs.db --> plenusplanejados.com.br /public_html/images/cozinha/_vti_cnf Thumbs.db
118.04.16 21:18 B C:\Users\Administrador\Documents\Loja_PMP\Site-Loja\siteplenus\images\cozinha\_vti_cnf\ws_ftp.log --> plenusplanejados.com.br /public_html/images/cozinha/_vti_cnf ws_ftp.log
