2011.04.24 18:07 B C:\Documents and Settings\Plenus\Meus Documentos\Loja_PMP\Site-Loja\siteplenus\armario.html --> plenusplanejados.com.br /public_html armario.html
2011.04.24 18:07 B C:\Documents and Settings\Plenus\Meus Documentos\Loja_PMP\Site-Loja\siteplenus\banho.html --> plenusplanejados.com.br /public_html banho.html
2011.04.24 18:07 B C:\Documents and Settings\Plenus\Meus Documentos\Loja_PMP\Site-Loja\siteplenus\cabecalho.html --> plenusplanejados.com.br /public_html cabecalho.html
2011.04.24 18:07 B C:\Documents and Settings\Plenus\Meus Documentos\Loja_PMP\Site-Loja\siteplenus\cama.html --> plenusplanejados.com.br /public_html cama.html
2011.04.24 18:07 B C:\Documents and Settings\Plenus\Meus Documentos\Loja_PMP\Site-Loja\siteplenus\closet.html --> plenusplanejados.com.br /public_html closet.html
2011.04.24 18:07 B C:\Documents and Settings\Plenus\Meus Documentos\Loja_PMP\Site-Loja\siteplenus\contexto.html --> plenusplanejados.com.br /public_html contexto.html
2011.04.24 18:07 B C:\Documents and Settings\Plenus\Meus Documentos\Loja_PMP\Site-Loja\siteplenus\cozinha.html --> plenusplanejados.com.br /public_html cozinha.html
2011.04.24 18:07 B C:\Documents and Settings\Plenus\Meus Documentos\Loja_PMP\Site-Loja\siteplenus\desktop.ini --> plenusplanejados.com.br /public_html desktop.ini
2011.04.24 18:07 B C:\Documents and Settings\Plenus\Meus Documentos\Loja_PMP\Site-Loja\siteplenus\dormitorio.html --> plenusplanejados.com.br /public_html dormitorio.html
2011.04.24 18:07 B C:\Documents and Settings\Plenus\Meus Documentos\Loja_PMP\Site-Loja\siteplenus\empresa.html --> plenusplanejados.com.br /public_html empresa.html
2011.04.24 18:07 B C:\Documents and Settings\Plenus\Meus Documentos\Loja_PMP\Site-Loja\siteplenus\escritorio.html --> plenusplanejados.com.br /public_html escritorio.html
2011.04.24 18:07 B C:\Documents and Settings\Plenus\Meus Documentos\Loja_PMP\Site-Loja\siteplenus\estante.html --> plenusplanejados.com.br /public_html estante.html
2011.04.24 18:07 B C:\Documents and Settings\Plenus\Meus Documentos\Loja_PMP\Site-Loja\siteplenus\estofado.html --> plenusplanejados.com.br /public_html estofado.html
2011.04.24 18:07 B C:\Documents and Settings\Plenus\Meus Documentos\Loja_PMP\Site-Loja\siteplenus\fabrica.html --> plenusplanejados.com.br /public_html fabrica.html
2011.04.24 18:07 B C:\Documents and Settings\Plenus\Meus Documentos\Loja_PMP\Site-Loja\siteplenus\fibra-op.html --> plenusplanejados.com.br /public_html fibra-op.html
2011.04.24 18:07 B C:\Documents and Settings\Plenus\Meus Documentos\Loja_PMP\Site-Loja\siteplenus\fibra.html --> plenusplanejados.com.br /public_html fibra.html
2011.04.24 18:07 B C:\Documents and Settings\Plenus\Meus Documentos\Loja_PMP\Site-Loja\siteplenus\index.html --> plenusplanejados.com.br /public_html index.html
2011.04.24 18:07 B C:\Documents and Settings\Plenus\Meus Documentos\Loja_PMP\Site-Loja\siteplenus\juvenil.html --> plenusplanejados.com.br /public_html juvenil.html
2011.04.24 18:07 B C:\Documents and Settings\Plenus\Meus Documentos\Loja_PMP\Site-Loja\siteplenus\macicos-op.html --> plenusplanejados.com.br /public_html macicos-op.html
2011.04.24 18:07 B C:\Documents and Settings\Plenus\Meus Documentos\Loja_PMP\Site-Loja\siteplenus\macicos.html --> plenusplanejados.com.br /public_html macicos.html
2011.04.24 18:07 B C:\Documents and Settings\Plenus\Meus Documentos\Loja_PMP\Site-Loja\siteplenus\news.html --> plenusplanejados.com.br /public_html news.html
2011.04.24 18:07 B C:\Documents and Settings\Plenus\Meus Documentos\Loja_PMP\Site-Loja\siteplenus\opcoes.html --> plenusplanejados.com.br /public_html opcoes.html
2011.04.24 18:07 B C:\Documents and Settings\Plenus\Meus Documentos\Loja_PMP\Site-Loja\siteplenus\painel.html --> plenusplanejados.com.br /public_html painel.html
2011.04.24 18:07 B C:\Documents and Settings\Plenus\Meus Documentos\Loja_PMP\Site-Loja\siteplenus\produtos.html --> plenusplanejados.com.br /public_html produtos.html
2011.04.24 18:07 B C:\Documents and Settings\Plenus\Meus Documentos\Loja_PMP\Site-Loja\siteplenus\projetos.html --> plenusplanejados.com.br /public_html projetos.html
2011.04.24 18:07 B C:\Documents and Settings\Plenus\Meus Documentos\Loja_PMP\Site-Loja\siteplenus\rack.html --> plenusplanejados.com.br /public_html rack.html
2011.04.24 18:07 B C:\Documents and Settings\Plenus\Meus Documentos\Loja_PMP\Site-Loja\siteplenus\rodape.html --> plenusplanejados.com.br /public_html rodape.html
2012.04.27 20:40 B C:\Documents and Settings\Plenus\Meus Documentos\Loja_PMP\Site-Loja\siteplenus\index.html --> plenusplanejados.com.br /public_html index.html
118.04.16 14:33 B C:\Users\Administrador\Documents\Loja_PMP\Site-Loja\siteplenus\armario.html --> plenusplanejados.com.br / armario.html
118.04.16 14:33 B C:\Users\Administrador\Documents\Loja_PMP\Site-Loja\siteplenus\banho.html --> plenusplanejados.com.br / banho.html
118.04.16 14:33 B C:\Users\Administrador\Documents\Loja_PMP\Site-Loja\siteplenus\cabecalho.html --> plenusplanejados.com.br / cabecalho.html
118.04.16 14:33 B C:\Users\Administrador\Documents\Loja_PMP\Site-Loja\siteplenus\cama.html --> plenusplanejados.com.br / cama.html
118.04.16 14:33 B C:\Users\Administrador\Documents\Loja_PMP\Site-Loja\siteplenus\closet.html --> plenusplanejados.com.br / closet.html
118.04.16 14:33 B C:\Users\Administrador\Documents\Loja_PMP\Site-Loja\siteplenus\contexto.html --> plenusplanejados.com.br / contexto.html
118.04.16 14:33 B C:\Users\Administrador\Documents\Loja_PMP\Site-Loja\siteplenus\cozinha.html --> plenusplanejados.com.br / cozinha.html
118.04.16 14:33 B C:\Users\Administrador\Documents\Loja_PMP\Site-Loja\siteplenus\desktop.ini --> plenusplanejados.com.br / desktop.ini
118.04.16 14:33 B C:\Users\Administrador\Documents\Loja_PMP\Site-Loja\siteplenus\dormitorio.html --> plenusplanejados.com.br / dormitorio.html
118.04.16 14:33 B C:\Users\Administrador\Documents\Loja_PMP\Site-Loja\siteplenus\empresa.html --> plenusplanejados.com.br / empresa.html
118.04.16 14:33 B C:\Users\Administrador\Documents\Loja_PMP\Site-Loja\siteplenus\escritorio.html --> plenusplanejados.com.br / escritorio.html
118.04.16 14:33 B C:\Users\Administrador\Documents\Loja_PMP\Site-Loja\siteplenus\estante.html --> plenusplanejados.com.br / estante.html
118.04.16 14:33 B C:\Users\Administrador\Documents\Loja_PMP\Site-Loja\siteplenus\estofado.html --> plenusplanejados.com.br / estofado.html
118.04.16 14:33 B C:\Users\Administrador\Documents\Loja_PMP\Site-Loja\siteplenus\fabrica.html --> plenusplanejados.com.br / fabrica.html
118.04.16 14:33 B C:\Users\Administrador\Documents\Loja_PMP\Site-Loja\siteplenus\fibra-op.html --> plenusplanejados.com.br / fibra-op.html
118.04.16 14:33 B C:\Users\Administrador\Documents\Loja_PMP\Site-Loja\siteplenus\fibra.html --> plenusplanejados.com.br / fibra.html
118.04.16 14:33 B C:\Users\Administrador\Documents\Loja_PMP\Site-Loja\siteplenus\index.html --> plenusplanejados.com.br / index.html
118.04.16 14:33 B C:\Users\Administrador\Documents\Loja_PMP\Site-Loja\siteplenus\juvenil.html --> plenusplanejados.com.br / juvenil.html
118.04.16 14:33 B C:\Users\Administrador\Documents\Loja_PMP\Site-Loja\siteplenus\macicos-op.html --> plenusplanejados.com.br / macicos-op.html
118.04.16 14:33 B C:\Users\Administrador\Documents\Loja_PMP\Site-Loja\siteplenus\macicos.html --> plenusplanejados.com.br / macicos.html
118.04.16 14:33 B C:\Users\Administrador\Documents\Loja_PMP\Site-Loja\siteplenus\news.html --> plenusplanejados.com.br / news.html
118.04.16 14:33 B C:\Users\Administrador\Documents\Loja_PMP\Site-Loja\siteplenus\opcoes.html --> plenusplanejados.com.br / opcoes.html
118.04.16 14:33 B C:\Users\Administrador\Documents\Loja_PMP\Site-Loja\siteplenus\painel.html --> plenusplanejados.com.br / painel.html
118.04.16 14:33 B C:\Users\Administrador\Documents\Loja_PMP\Site-Loja\siteplenus\produtos.html --> plenusplanejados.com.br / produtos.html
118.04.16 14:33 B C:\Users\Administrador\Documents\Loja_PMP\Site-Loja\siteplenus\projetos.html --> plenusplanejados.com.br / projetos.html
118.04.16 14:33 B C:\Users\Administrador\Documents\Loja_PMP\Site-Loja\siteplenus\rack.html --> plenusplanejados.com.br / rack.html
118.04.16 14:33 B C:\Users\Administrador\Documents\Loja_PMP\Site-Loja\siteplenus\rodape.html --> plenusplanejados.com.br / rodape.html
118.04.16 14:33 B C:\Users\Administrador\Documents\Loja_PMP\Site-Loja\siteplenus\ws_ftp.log --> plenusplanejados.com.br / ws_ftp.log
118.04.16 21:08 B C:\Users\Administrador\Documents\Loja_PMP\Site-Loja\siteplenus\armario.html --> plenusplanejados.com.br /public_html armario.html
118.04.16 21:08 B C:\Users\Administrador\Documents\Loja_PMP\Site-Loja\siteplenus\banho.html --> plenusplanejados.com.br /public_html banho.html
118.04.16 21:08 B C:\Users\Administrador\Documents\Loja_PMP\Site-Loja\siteplenus\cabecalho.html --> plenusplanejados.com.br /public_html cabecalho.html
118.04.16 21:08 B C:\Users\Administrador\Documents\Loja_PMP\Site-Loja\siteplenus\cama.html --> plenusplanejados.com.br /public_html cama.html
118.04.16 21:08 B C:\Users\Administrador\Documents\Loja_PMP\Site-Loja\siteplenus\closet.html --> plenusplanejados.com.br /public_html closet.html
118.04.16 21:08 B C:\Users\Administrador\Documents\Loja_PMP\Site-Loja\siteplenus\contexto.html --> plenusplanejados.com.br /public_html contexto.html
118.04.16 21:08 B C:\Users\Administrador\Documents\Loja_PMP\Site-Loja\siteplenus\cozinha.html --> plenusplanejados.com.br /public_html cozinha.html
118.04.16 21:08 B C:\Users\Administrador\Documents\Loja_PMP\Site-Loja\siteplenus\desktop.ini --> plenusplanejados.com.br /public_html desktop.ini
118.04.16 21:08 B C:\Users\Administrador\Documents\Loja_PMP\Site-Loja\siteplenus\dormitorio.html --> plenusplanejados.com.br /public_html dormitorio.html
118.04.16 21:08 B C:\Users\Administrador\Documents\Loja_PMP\Site-Loja\siteplenus\empresa.html --> plenusplanejados.com.br /public_html empresa.html
118.04.16 21:08 B C:\Users\Administrador\Documents\Loja_PMP\Site-Loja\siteplenus\escritorio.html --> plenusplanejados.com.br /public_html escritorio.html
118.04.16 21:08 B C:\Users\Administrador\Documents\Loja_PMP\Site-Loja\siteplenus\estante.html --> plenusplanejados.com.br /public_html estante.html
118.04.16 21:08 B C:\Users\Administrador\Documents\Loja_PMP\Site-Loja\siteplenus\estofado.html --> plenusplanejados.com.br /public_html estofado.html
118.04.16 21:08 B C:\Users\Administrador\Documents\Loja_PMP\Site-Loja\siteplenus\fabrica.html --> plenusplanejados.com.br /public_html fabrica.html
118.04.16 21:08 B C:\Users\Administrador\Documents\Loja_PMP\Site-Loja\siteplenus\fibra-op.html --> plenusplanejados.com.br /public_html fibra-op.html
118.04.16 21:08 B C:\Users\Administrador\Documents\Loja_PMP\Site-Loja\siteplenus\fibra.html --> plenusplanejados.com.br /public_html fibra.html
118.04.16 21:08 B C:\Users\Administrador\Documents\Loja_PMP\Site-Loja\siteplenus\index.html --> plenusplanejados.com.br /public_html index.html
118.04.16 21:08 B C:\Users\Administrador\Documents\Loja_PMP\Site-Loja\siteplenus\juvenil.html --> plenusplanejados.com.br /public_html juvenil.html
118.04.16 21:08 B C:\Users\Administrador\Documents\Loja_PMP\Site-Loja\siteplenus\macicos-op.html --> plenusplanejados.com.br /public_html macicos-op.html
118.04.16 21:08 B C:\Users\Administrador\Documents\Loja_PMP\Site-Loja\siteplenus\macicos.html --> plenusplanejados.com.br /public_html macicos.html
118.04.16 21:08 B C:\Users\Administrador\Documents\Loja_PMP\Site-Loja\siteplenus\news.html --> plenusplanejados.com.br /public_html news.html
118.04.16 21:08 B C:\Users\Administrador\Documents\Loja_PMP\Site-Loja\siteplenus\opcoes.html --> plenusplanejados.com.br /public_html opcoes.html
118.04.16 21:08 B C:\Users\Administrador\Documents\Loja_PMP\Site-Loja\siteplenus\painel.html --> plenusplanejados.com.br /public_html painel.html
118.04.16 21:08 B C:\Users\Administrador\Documents\Loja_PMP\Site-Loja\siteplenus\produtos.html --> plenusplanejados.com.br /public_html produtos.html
118.04.16 21:08 B C:\Users\Administrador\Documents\Loja_PMP\Site-Loja\siteplenus\projetos.html --> plenusplanejados.com.br /public_html projetos.html
118.04.16 21:08 B C:\Users\Administrador\Documents\Loja_PMP\Site-Loja\siteplenus\rack.html --> plenusplanejados.com.br /public_html rack.html
118.04.16 21:08 B C:\Users\Administrador\Documents\Loja_PMP\Site-Loja\siteplenus\rodape.html --> plenusplanejados.com.br /public_html rodape.html
118.04.16 21:08 B C:\Users\Administrador\Documents\Loja_PMP\Site-Loja\siteplenus\ws_ftp.log --> plenusplanejados.com.br /public_html ws_ftp.log
