2011.04.24 14:33 B C:\Documents and Settings\Plenus\Meus Documentos\Loja_PMP\Site-Loja\siteplenus\images\rack\Thumbs.db --> plenusplanejados.com.br /public_html/images/rack Thumbs.db
118.04.16 14:32 B C:\Users\Administrador\Documents\Loja_PMP\Site-Loja\siteplenus\images\rack\rack (00).jpg --> plenusplanejados.com.br /images/rack rack (00).jpg
118.04.16 14:32 B C:\Users\Administrador\Documents\Loja_PMP\Site-Loja\siteplenus\images\rack\rack (01).jpg --> plenusplanejados.com.br /images/rack rack (01).jpg
118.04.16 14:32 B C:\Users\Administrador\Documents\Loja_PMP\Site-Loja\siteplenus\images\rack\rack (02).jpg --> plenusplanejados.com.br /images/rack rack (02).jpg
118.04.16 14:32 B C:\Users\Administrador\Documents\Loja_PMP\Site-Loja\siteplenus\images\rack\rack (03).jpg --> plenusplanejados.com.br /images/rack rack (03).jpg
118.04.16 14:32 B C:\Users\Administrador\Documents\Loja_PMP\Site-Loja\siteplenus\images\rack\rack (04).jpg --> plenusplanejados.com.br /images/rack rack (04).jpg
118.04.16 14:32 B C:\Users\Administrador\Documents\Loja_PMP\Site-Loja\siteplenus\images\rack\rack (05).jpg --> plenusplanejados.com.br /images/rack rack (05).jpg
118.04.16 14:32 B C:\Users\Administrador\Documents\Loja_PMP\Site-Loja\siteplenus\images\rack\rack (06).jpg --> plenusplanejados.com.br /images/rack rack (06).jpg
118.04.16 14:32 B C:\Users\Administrador\Documents\Loja_PMP\Site-Loja\siteplenus\images\rack\rack (07).jpg --> plenusplanejados.com.br /images/rack rack (07).jpg
118.04.16 14:32 B C:\Users\Administrador\Documents\Loja_PMP\Site-Loja\siteplenus\images\rack\rack (08).jpg --> plenusplanejados.com.br /images/rack rack (08).jpg
118.04.16 14:32 B C:\Users\Administrador\Documents\Loja_PMP\Site-Loja\siteplenus\images\rack\rack (09).jpg --> plenusplanejados.com.br /images/rack rack (09).jpg
118.04.16 14:32 B C:\Users\Administrador\Documents\Loja_PMP\Site-Loja\siteplenus\images\rack\rack (10).jpg --> plenusplanejados.com.br /images/rack rack (10).jpg
118.04.16 14:32 B C:\Users\Administrador\Documents\Loja_PMP\Site-Loja\siteplenus\images\rack\rack (11).jpg --> plenusplanejados.com.br /images/rack rack (11).jpg
118.04.16 14:32 B C:\Users\Administrador\Documents\Loja_PMP\Site-Loja\siteplenus\images\rack\rack (12).jpg --> plenusplanejados.com.br /images/rack rack (12).jpg
118.04.16 14:32 B C:\Users\Administrador\Documents\Loja_PMP\Site-Loja\siteplenus\images\rack\Thumbs.db --> plenusplanejados.com.br /images/rack Thumbs.db
118.04.16 14:32 B C:\Users\Administrador\Documents\Loja_PMP\Site-Loja\siteplenus\images\rack\ws_ftp.log --> plenusplanejados.com.br /images/rack ws_ftp.log
118.04.16 21:34 B C:\Users\Administrador\Documents\Loja_PMP\Site-Loja\siteplenus\images\rack\rack (00).jpg --> plenusplanejados.com.br /public_html/images/rack rack (00).jpg
118.04.16 21:34 B C:\Users\Administrador\Documents\Loja_PMP\Site-Loja\siteplenus\images\rack\rack (01).jpg --> plenusplanejados.com.br /public_html/images/rack rack (01).jpg
118.04.16 21:34 B C:\Users\Administrador\Documents\Loja_PMP\Site-Loja\siteplenus\images\rack\rack (02).jpg --> plenusplanejados.com.br /public_html/images/rack rack (02).jpg
118.04.16 21:34 B C:\Users\Administrador\Documents\Loja_PMP\Site-Loja\siteplenus\images\rack\rack (03).jpg --> plenusplanejados.com.br /public_html/images/rack rack (03).jpg
118.04.16 21:34 B C:\Users\Administrador\Documents\Loja_PMP\Site-Loja\siteplenus\images\rack\rack (04).jpg --> plenusplanejados.com.br /public_html/images/rack rack (04).jpg
118.04.16 21:34 B C:\Users\Administrador\Documents\Loja_PMP\Site-Loja\siteplenus\images\rack\rack (05).jpg --> plenusplanejados.com.br /public_html/images/rack rack (05).jpg
118.04.16 21:34 B C:\Users\Administrador\Documents\Loja_PMP\Site-Loja\siteplenus\images\rack\rack (06).jpg --> plenusplanejados.com.br /public_html/images/rack rack (06).jpg
118.04.16 21:34 B C:\Users\Administrador\Documents\Loja_PMP\Site-Loja\siteplenus\images\rack\rack (07).jpg --> plenusplanejados.com.br /public_html/images/rack rack (07).jpg
118.04.16 21:34 B C:\Users\Administrador\Documents\Loja_PMP\Site-Loja\siteplenus\images\rack\rack (08).jpg --> plenusplanejados.com.br /public_html/images/rack rack (08).jpg
118.04.16 21:34 B C:\Users\Administrador\Documents\Loja_PMP\Site-Loja\siteplenus\images\rack\rack (09).jpg --> plenusplanejados.com.br /public_html/images/rack rack (09).jpg
118.04.16 21:34 B C:\Users\Administrador\Documents\Loja_PMP\Site-Loja\siteplenus\images\rack\rack (10).jpg --> plenusplanejados.com.br /public_html/images/rack rack (10).jpg
118.04.16 21:34 B C:\Users\Administrador\Documents\Loja_PMP\Site-Loja\siteplenus\images\rack\rack (11).jpg --> plenusplanejados.com.br /public_html/images/rack rack (11).jpg
118.04.16 21:34 B C:\Users\Administrador\Documents\Loja_PMP\Site-Loja\siteplenus\images\rack\rack (12).jpg --> plenusplanejados.com.br /public_html/images/rack rack (12).jpg
118.04.16 21:34 B C:\Users\Administrador\Documents\Loja_PMP\Site-Loja\siteplenus\images\rack\Thumbs.db --> plenusplanejados.com.br /public_html/images/rack Thumbs.db
118.04.16 21:34 B C:\Users\Administrador\Documents\Loja_PMP\Site-Loja\siteplenus\images\rack\ws_ftp.log --> plenusplanejados.com.br /public_html/images/rack ws_ftp.log
