2011.04.24 14:09 B C:\Documents and Settings\Plenus\Meus Documentos\Loja_PMP\Site-Loja\siteplenus\images\closet\closet (1).jpg --> plenusplanejados.com.br /public_html/images/closet closet (1).jpg
2011.04.24 14:09 B C:\Documents and Settings\Plenus\Meus Documentos\Loja_PMP\Site-Loja\siteplenus\images\closet\closet (2).jpg --> plenusplanejados.com.br /public_html/images/closet closet (2).jpg
2011.04.24 14:09 B C:\Documents and Settings\Plenus\Meus Documentos\Loja_PMP\Site-Loja\siteplenus\images\closet\closet (3).jpg --> plenusplanejados.com.br /public_html/images/closet closet (3).jpg
2011.04.24 14:09 B C:\Documents and Settings\Plenus\Meus Documentos\Loja_PMP\Site-Loja\siteplenus\images\closet\closet (4).jpg --> plenusplanejados.com.br /public_html/images/closet closet (4).jpg
2011.04.24 14:09 B C:\Documents and Settings\Plenus\Meus Documentos\Loja_PMP\Site-Loja\siteplenus\images\closet\closet (5).jpg --> plenusplanejados.com.br /public_html/images/closet closet (5).jpg
2011.04.24 14:09 B C:\Documents and Settings\Plenus\Meus Documentos\Loja_PMP\Site-Loja\siteplenus\images\closet\closet (6).jpg --> plenusplanejados.com.br /public_html/images/closet closet (6).jpg
2011.04.24 14:09 B C:\Documents and Settings\Plenus\Meus Documentos\Loja_PMP\Site-Loja\siteplenus\images\closet\Thumbs.db --> plenusplanejados.com.br /public_html/images/closet Thumbs.db
118.04.16 14:15 B C:\Users\Administrador\Documents\Loja_PMP\Site-Loja\siteplenus\images\closet\closet (1).jpg --> plenusplanejados.com.br /images/closet closet (1).jpg
118.04.16 14:15 B C:\Users\Administrador\Documents\Loja_PMP\Site-Loja\siteplenus\images\closet\closet (2).jpg --> plenusplanejados.com.br /images/closet closet (2).jpg
118.04.16 14:16 B C:\Users\Administrador\Documents\Loja_PMP\Site-Loja\siteplenus\images\closet\closet (3).jpg --> plenusplanejados.com.br /images/closet closet (3).jpg
118.04.16 14:16 B C:\Users\Administrador\Documents\Loja_PMP\Site-Loja\siteplenus\images\closet\closet (4).jpg --> plenusplanejados.com.br /images/closet closet (4).jpg
118.04.16 14:16 B C:\Users\Administrador\Documents\Loja_PMP\Site-Loja\siteplenus\images\closet\closet (5).jpg --> plenusplanejados.com.br /images/closet closet (5).jpg
118.04.16 14:16 B C:\Users\Administrador\Documents\Loja_PMP\Site-Loja\siteplenus\images\closet\closet (6).jpg --> plenusplanejados.com.br /images/closet closet (6).jpg
118.04.16 14:16 B C:\Users\Administrador\Documents\Loja_PMP\Site-Loja\siteplenus\images\closet\Thumbs.db --> plenusplanejados.com.br /images/closet Thumbs.db
118.04.16 14:16 B C:\Users\Administrador\Documents\Loja_PMP\Site-Loja\siteplenus\images\closet\ws_ftp.log --> plenusplanejados.com.br /images/closet ws_ftp.log
118.04.16 21:17 B C:\Users\Administrador\Documents\Loja_PMP\Site-Loja\siteplenus\images\closet\closet (1).jpg --> plenusplanejados.com.br /public_html/images/closet closet (1).jpg
118.04.16 21:17 B C:\Users\Administrador\Documents\Loja_PMP\Site-Loja\siteplenus\images\closet\closet (2).jpg --> plenusplanejados.com.br /public_html/images/closet closet (2).jpg
118.04.16 21:17 B C:\Users\Administrador\Documents\Loja_PMP\Site-Loja\siteplenus\images\closet\closet (3).jpg --> plenusplanejados.com.br /public_html/images/closet closet (3).jpg
118.04.16 21:17 B C:\Users\Administrador\Documents\Loja_PMP\Site-Loja\siteplenus\images\closet\closet (4).jpg --> plenusplanejados.com.br /public_html/images/closet closet (4).jpg
118.04.16 21:17 B C:\Users\Administrador\Documents\Loja_PMP\Site-Loja\siteplenus\images\closet\closet (5).jpg --> plenusplanejados.com.br /public_html/images/closet closet (5).jpg
118.04.16 21:17 B C:\Users\Administrador\Documents\Loja_PMP\Site-Loja\siteplenus\images\closet\closet (6).jpg --> plenusplanejados.com.br /public_html/images/closet closet (6).jpg
118.04.16 21:17 B C:\Users\Administrador\Documents\Loja_PMP\Site-Loja\siteplenus\images\closet\Thumbs.db --> plenusplanejados.com.br /public_html/images/closet Thumbs.db
118.04.16 21:17 B C:\Users\Administrador\Documents\Loja_PMP\Site-Loja\siteplenus\images\closet\ws_ftp.log --> plenusplanejados.com.br /public_html/images/closet ws_ftp.log
