2011.04.24 14:12 B C:\Documents and Settings\Plenus\Meus Documentos\Loja_PMP\Site-Loja\siteplenus\images\junco\moveis-junco (1).jpg --> plenusplanejados.com.br /public_html/images/junco moveis-junco (1).jpg
2011.04.24 14:12 B C:\Documents and Settings\Plenus\Meus Documentos\Loja_PMP\Site-Loja\siteplenus\images\junco\moveis-junco (100).JPG --> plenusplanejados.com.br /public_html/images/junco moveis-junco (100).JPG
2011.04.24 14:12 B C:\Documents and Settings\Plenus\Meus Documentos\Loja_PMP\Site-Loja\siteplenus\images\junco\moveis-junco (101).JPG --> plenusplanejados.com.br /public_html/images/junco moveis-junco (101).JPG
2011.04.24 14:12 B C:\Documents and Settings\Plenus\Meus Documentos\Loja_PMP\Site-Loja\siteplenus\images\junco\moveis-junco (102).JPG --> plenusplanejados.com.br /public_html/images/junco moveis-junco (102).JPG
2011.04.24 14:12 B C:\Documents and Settings\Plenus\Meus Documentos\Loja_PMP\Site-Loja\siteplenus\images\junco\moveis-junco (103).JPG --> plenusplanejados.com.br /public_html/images/junco moveis-junco (103).JPG
2011.04.24 14:12 B C:\Documents and Settings\Plenus\Meus Documentos\Loja_PMP\Site-Loja\siteplenus\images\junco\moveis-junco (104).JPG --> plenusplanejados.com.br /public_html/images/junco moveis-junco (104).JPG
2011.04.24 14:12 B C:\Documents and Settings\Plenus\Meus Documentos\Loja_PMP\Site-Loja\siteplenus\images\junco\moveis-junco (105).JPG --> plenusplanejados.com.br /public_html/images/junco moveis-junco (105).JPG
2011.04.24 14:12 B C:\Documents and Settings\Plenus\Meus Documentos\Loja_PMP\Site-Loja\siteplenus\images\junco\moveis-junco (106).JPG --> plenusplanejados.com.br /public_html/images/junco moveis-junco (106).JPG
2011.04.24 14:12 B C:\Documents and Settings\Plenus\Meus Documentos\Loja_PMP\Site-Loja\siteplenus\images\junco\moveis-junco (107).JPG --> plenusplanejados.com.br /public_html/images/junco moveis-junco (107).JPG
2011.04.24 14:12 B C:\Documents and Settings\Plenus\Meus Documentos\Loja_PMP\Site-Loja\siteplenus\images\junco\moveis-junco (108).JPG --> plenusplanejados.com.br /public_html/images/junco moveis-junco (108).JPG
2011.04.24 14:13 B C:\Documents and Settings\Plenus\Meus Documentos\Loja_PMP\Site-Loja\siteplenus\images\junco\moveis-junco (109).JPG --> plenusplanejados.com.br /public_html/images/junco moveis-junco (109).JPG
2011.04.24 14:13 B C:\Documents and Settings\Plenus\Meus Documentos\Loja_PMP\Site-Loja\siteplenus\images\junco\moveis-junco (110).JPG --> plenusplanejados.com.br /public_html/images/junco moveis-junco (110).JPG
2011.04.24 14:13 B C:\Documents and Settings\Plenus\Meus Documentos\Loja_PMP\Site-Loja\siteplenus\images\junco\moveis-junco (111).JPG --> plenusplanejados.com.br /public_html/images/junco moveis-junco (111).JPG
2011.04.24 14:13 B C:\Documents and Settings\Plenus\Meus Documentos\Loja_PMP\Site-Loja\siteplenus\images\junco\moveis-junco (113).JPG --> plenusplanejados.com.br /public_html/images/junco moveis-junco (113).JPG
2011.04.24 14:13 B C:\Documents and Settings\Plenus\Meus Documentos\Loja_PMP\Site-Loja\siteplenus\images\junco\moveis-junco (114).JPG --> plenusplanejados.com.br /public_html/images/junco moveis-junco (114).JPG
2011.04.24 14:13 B C:\Documents and Settings\Plenus\Meus Documentos\Loja_PMP\Site-Loja\siteplenus\images\junco\moveis-junco (115).JPG --> plenusplanejados.com.br /public_html/images/junco moveis-junco (115).JPG
2011.04.24 14:13 B C:\Documents and Settings\Plenus\Meus Documentos\Loja_PMP\Site-Loja\siteplenus\images\junco\moveis-junco (116).JPG --> plenusplanejados.com.br /public_html/images/junco moveis-junco (116).JPG
2011.04.24 14:13 B C:\Documents and Settings\Plenus\Meus Documentos\Loja_PMP\Site-Loja\siteplenus\images\junco\moveis-junco (117).JPG --> plenusplanejados.com.br /public_html/images/junco moveis-junco (117).JPG
2011.04.24 14:13 B C:\Documents and Settings\Plenus\Meus Documentos\Loja_PMP\Site-Loja\siteplenus\images\junco\moveis-junco (118).JPG --> plenusplanejados.com.br /public_html/images/junco moveis-junco (118).JPG
2011.04.24 14:13 B C:\Documents and Settings\Plenus\Meus Documentos\Loja_PMP\Site-Loja\siteplenus\images\junco\moveis-junco (119).JPG --> plenusplanejados.com.br /public_html/images/junco moveis-junco (119).JPG
2011.04.24 14:13 B C:\Documents and Settings\Plenus\Meus Documentos\Loja_PMP\Site-Loja\siteplenus\images\junco\moveis-junco (12).JPG --> plenusplanejados.com.br /public_html/images/junco moveis-junco (12).JPG
2011.04.24 14:13 B C:\Documents and Settings\Plenus\Meus Documentos\Loja_PMP\Site-Loja\siteplenus\images\junco\moveis-junco (120).JPG --> plenusplanejados.com.br /public_html/images/junco moveis-junco (120).JPG
2011.04.24 14:13 B C:\Documents and Settings\Plenus\Meus Documentos\Loja_PMP\Site-Loja\siteplenus\images\junco\moveis-junco (121).JPG --> plenusplanejados.com.br /public_html/images/junco moveis-junco (121).JPG
2011.04.24 14:13 B C:\Documents and Settings\Plenus\Meus Documentos\Loja_PMP\Site-Loja\siteplenus\images\junco\moveis-junco (122).JPG --> plenusplanejados.com.br /public_html/images/junco moveis-junco (122).JPG
2011.04.24 14:13 B C:\Documents and Settings\Plenus\Meus Documentos\Loja_PMP\Site-Loja\siteplenus\images\junco\moveis-junco (123).JPG --> plenusplanejados.com.br /public_html/images/junco moveis-junco (123).JPG
2011.04.24 14:13 B C:\Documents and Settings\Plenus\Meus Documentos\Loja_PMP\Site-Loja\siteplenus\images\junco\moveis-junco (125).JPG --> plenusplanejados.com.br /public_html/images/junco moveis-junco (125).JPG
2011.04.24 14:13 B C:\Documents and Settings\Plenus\Meus Documentos\Loja_PMP\Site-Loja\siteplenus\images\junco\moveis-junco (126).JPG --> plenusplanejados.com.br /public_html/images/junco moveis-junco (126).JPG
2011.04.24 14:13 B C:\Documents and Settings\Plenus\Meus Documentos\Loja_PMP\Site-Loja\siteplenus\images\junco\moveis-junco (127).JPG --> plenusplanejados.com.br /public_html/images/junco moveis-junco (127).JPG
2011.04.24 14:13 B C:\Documents and Settings\Plenus\Meus Documentos\Loja_PMP\Site-Loja\siteplenus\images\junco\moveis-junco (128).JPG --> plenusplanejados.com.br /public_html/images/junco moveis-junco (128).JPG
2011.04.24 14:13 B C:\Documents and Settings\Plenus\Meus Documentos\Loja_PMP\Site-Loja\siteplenus\images\junco\moveis-junco (129).JPG --> plenusplanejados.com.br /public_html/images/junco moveis-junco (129).JPG
2011.04.24 14:13 B C:\Documents and Settings\Plenus\Meus Documentos\Loja_PMP\Site-Loja\siteplenus\images\junco\moveis-junco (13).jpg --> plenusplanejados.com.br /public_html/images/junco moveis-junco (13).jpg
2011.04.24 14:13 B C:\Documents and Settings\Plenus\Meus Documentos\Loja_PMP\Site-Loja\siteplenus\images\junco\moveis-junco (130).jpg --> plenusplanejados.com.br /public_html/images/junco moveis-junco (130).jpg
2011.04.24 14:13 B C:\Documents and Settings\Plenus\Meus Documentos\Loja_PMP\Site-Loja\siteplenus\images\junco\moveis-junco (132).jpg --> plenusplanejados.com.br /public_html/images/junco moveis-junco (132).jpg
2011.04.24 14:13 B C:\Documents and Settings\Plenus\Meus Documentos\Loja_PMP\Site-Loja\siteplenus\images\junco\moveis-junco (134).JPG --> plenusplanejados.com.br /public_html/images/junco moveis-junco (134).JPG
2011.04.24 14:13 B C:\Documents and Settings\Plenus\Meus Documentos\Loja_PMP\Site-Loja\siteplenus\images\junco\moveis-junco (135).JPG --> plenusplanejados.com.br /public_html/images/junco moveis-junco (135).JPG
2011.04.24 14:13 B C:\Documents and Settings\Plenus\Meus Documentos\Loja_PMP\Site-Loja\siteplenus\images\junco\moveis-junco (136).JPG --> plenusplanejados.com.br /public_html/images/junco moveis-junco (136).JPG
2011.04.24 14:13 B C:\Documents and Settings\Plenus\Meus Documentos\Loja_PMP\Site-Loja\siteplenus\images\junco\moveis-junco (137).jpg --> plenusplanejados.com.br /public_html/images/junco moveis-junco (137).jpg
2011.04.24 14:13 B C:\Documents and Settings\Plenus\Meus Documentos\Loja_PMP\Site-Loja\siteplenus\images\junco\moveis-junco (138).JPG --> plenusplanejados.com.br /public_html/images/junco moveis-junco (138).JPG
2011.04.24 14:14 B C:\Documents and Settings\Plenus\Meus Documentos\Loja_PMP\Site-Loja\siteplenus\images\junco\moveis-junco (14).jpg --> plenusplanejados.com.br /public_html/images/junco moveis-junco (14).jpg
2011.04.24 14:14 B C:\Documents and Settings\Plenus\Meus Documentos\Loja_PMP\Site-Loja\siteplenus\images\junco\moveis-junco (140).jpg --> plenusplanejados.com.br /public_html/images/junco moveis-junco (140).jpg
2011.04.24 14:14 B C:\Documents and Settings\Plenus\Meus Documentos\Loja_PMP\Site-Loja\siteplenus\images\junco\moveis-junco (141).jpg --> plenusplanejados.com.br /public_html/images/junco moveis-junco (141).jpg
2011.04.24 14:14 B C:\Documents and Settings\Plenus\Meus Documentos\Loja_PMP\Site-Loja\siteplenus\images\junco\moveis-junco (16).jpg --> plenusplanejados.com.br /public_html/images/junco moveis-junco (16).jpg
2011.04.24 14:14 B C:\Documents and Settings\Plenus\Meus Documentos\Loja_PMP\Site-Loja\siteplenus\images\junco\moveis-junco (18).jpg --> plenusplanejados.com.br /public_html/images/junco moveis-junco (18).jpg
2011.04.24 14:14 B C:\Documents and Settings\Plenus\Meus Documentos\Loja_PMP\Site-Loja\siteplenus\images\junco\moveis-junco (19).jpg --> plenusplanejados.com.br /public_html/images/junco moveis-junco (19).jpg
2011.04.24 14:14 B C:\Documents and Settings\Plenus\Meus Documentos\Loja_PMP\Site-Loja\siteplenus\images\junco\moveis-junco (2).jpg --> plenusplanejados.com.br /public_html/images/junco moveis-junco (2).jpg
2011.04.24 14:14 B C:\Documents and Settings\Plenus\Meus Documentos\Loja_PMP\Site-Loja\siteplenus\images\junco\moveis-junco (20).jpg --> plenusplanejados.com.br /public_html/images/junco moveis-junco (20).jpg
2011.04.24 14:14 B C:\Documents and Settings\Plenus\Meus Documentos\Loja_PMP\Site-Loja\siteplenus\images\junco\moveis-junco (21).jpg --> plenusplanejados.com.br /public_html/images/junco moveis-junco (21).jpg
2011.04.24 14:14 B C:\Documents and Settings\Plenus\Meus Documentos\Loja_PMP\Site-Loja\siteplenus\images\junco\moveis-junco (23).JPG --> plenusplanejados.com.br /public_html/images/junco moveis-junco (23).JPG
2011.04.24 14:14 B C:\Documents and Settings\Plenus\Meus Documentos\Loja_PMP\Site-Loja\siteplenus\images\junco\moveis-junco (24).jpg --> plenusplanejados.com.br /public_html/images/junco moveis-junco (24).jpg
2011.04.24 14:14 B C:\Documents and Settings\Plenus\Meus Documentos\Loja_PMP\Site-Loja\siteplenus\images\junco\moveis-junco (26).JPG --> plenusplanejados.com.br /public_html/images/junco moveis-junco (26).JPG
2011.04.24 14:14 B C:\Documents and Settings\Plenus\Meus Documentos\Loja_PMP\Site-Loja\siteplenus\images\junco\moveis-junco (27).JPG --> plenusplanejados.com.br /public_html/images/junco moveis-junco (27).JPG
2011.04.24 14:14 B C:\Documents and Settings\Plenus\Meus Documentos\Loja_PMP\Site-Loja\siteplenus\images\junco\moveis-junco (28).JPG --> plenusplanejados.com.br /public_html/images/junco moveis-junco (28).JPG
2011.04.24 14:14 B C:\Documents and Settings\Plenus\Meus Documentos\Loja_PMP\Site-Loja\siteplenus\images\junco\moveis-junco (29).JPG --> plenusplanejados.com.br /public_html/images/junco moveis-junco (29).JPG
2011.04.24 14:14 B C:\Documents and Settings\Plenus\Meus Documentos\Loja_PMP\Site-Loja\siteplenus\images\junco\moveis-junco (30).JPG --> plenusplanejados.com.br /public_html/images/junco moveis-junco (30).JPG
2011.04.24 14:14 B C:\Documents and Settings\Plenus\Meus Documentos\Loja_PMP\Site-Loja\siteplenus\images\junco\moveis-junco (32).jpg --> plenusplanejados.com.br /public_html/images/junco moveis-junco (32).jpg
2011.04.24 14:14 B C:\Documents and Settings\Plenus\Meus Documentos\Loja_PMP\Site-Loja\siteplenus\images\junco\moveis-junco (34).JPG --> plenusplanejados.com.br /public_html/images/junco moveis-junco (34).JPG
2011.04.24 14:14 B C:\Documents and Settings\Plenus\Meus Documentos\Loja_PMP\Site-Loja\siteplenus\images\junco\moveis-junco (35).JPG --> plenusplanejados.com.br /public_html/images/junco moveis-junco (35).JPG
2011.04.24 14:14 B C:\Documents and Settings\Plenus\Meus Documentos\Loja_PMP\Site-Loja\siteplenus\images\junco\moveis-junco (36).JPG --> plenusplanejados.com.br /public_html/images/junco moveis-junco (36).JPG
2011.04.24 14:14 B C:\Documents and Settings\Plenus\Meus Documentos\Loja_PMP\Site-Loja\siteplenus\images\junco\moveis-junco (37).JPG --> plenusplanejados.com.br /public_html/images/junco moveis-junco (37).JPG
2011.04.24 14:14 B C:\Documents and Settings\Plenus\Meus Documentos\Loja_PMP\Site-Loja\siteplenus\images\junco\moveis-junco (38).JPG --> plenusplanejados.com.br /public_html/images/junco moveis-junco (38).JPG
2011.04.24 14:14 B C:\Documents and Settings\Plenus\Meus Documentos\Loja_PMP\Site-Loja\siteplenus\images\junco\moveis-junco (39).JPG --> plenusplanejados.com.br /public_html/images/junco moveis-junco (39).JPG
2011.04.24 14:14 B C:\Documents and Settings\Plenus\Meus Documentos\Loja_PMP\Site-Loja\siteplenus\images\junco\moveis-junco (4).jpg --> plenusplanejados.com.br /public_html/images/junco moveis-junco (4).jpg
2011.04.24 14:14 B C:\Documents and Settings\Plenus\Meus Documentos\Loja_PMP\Site-Loja\siteplenus\images\junco\moveis-junco (40).JPG --> plenusplanejados.com.br /public_html/images/junco moveis-junco (40).JPG
2011.04.24 14:15 B C:\Documents and Settings\Plenus\Meus Documentos\Loja_PMP\Site-Loja\siteplenus\images\junco\moveis-junco (41).JPG --> plenusplanejados.com.br /public_html/images/junco moveis-junco (41).JPG
2011.04.24 14:15 B C:\Documents and Settings\Plenus\Meus Documentos\Loja_PMP\Site-Loja\siteplenus\images\junco\moveis-junco (42).JPG --> plenusplanejados.com.br /public_html/images/junco moveis-junco (42).JPG
2011.04.24 14:15 B C:\Documents and Settings\Plenus\Meus Documentos\Loja_PMP\Site-Loja\siteplenus\images\junco\moveis-junco (43).JPG --> plenusplanejados.com.br /public_html/images/junco moveis-junco (43).JPG
2011.04.24 14:15 B C:\Documents and Settings\Plenus\Meus Documentos\Loja_PMP\Site-Loja\siteplenus\images\junco\moveis-junco (44).JPG --> plenusplanejados.com.br /public_html/images/junco moveis-junco (44).JPG
2011.04.24 14:15 B C:\Documents and Settings\Plenus\Meus Documentos\Loja_PMP\Site-Loja\siteplenus\images\junco\moveis-junco (45).JPG --> plenusplanejados.com.br /public_html/images/junco moveis-junco (45).JPG
2011.04.24 14:15 B C:\Documents and Settings\Plenus\Meus Documentos\Loja_PMP\Site-Loja\siteplenus\images\junco\moveis-junco (46).JPG --> plenusplanejados.com.br /public_html/images/junco moveis-junco (46).JPG
2011.04.24 14:15 B C:\Documents and Settings\Plenus\Meus Documentos\Loja_PMP\Site-Loja\siteplenus\images\junco\moveis-junco (47).JPG --> plenusplanejados.com.br /public_html/images/junco moveis-junco (47).JPG
2011.04.24 14:15 B C:\Documents and Settings\Plenus\Meus Documentos\Loja_PMP\Site-Loja\siteplenus\images\junco\moveis-junco (48).JPG --> plenusplanejados.com.br /public_html/images/junco moveis-junco (48).JPG
2011.04.24 14:15 B C:\Documents and Settings\Plenus\Meus Documentos\Loja_PMP\Site-Loja\siteplenus\images\junco\moveis-junco (49).jpg --> plenusplanejados.com.br /public_html/images/junco moveis-junco (49).jpg
2011.04.24 14:15 B C:\Documents and Settings\Plenus\Meus Documentos\Loja_PMP\Site-Loja\siteplenus\images\junco\moveis-junco (51).JPG --> plenusplanejados.com.br /public_html/images/junco moveis-junco (51).JPG
2011.04.24 14:15 B C:\Documents and Settings\Plenus\Meus Documentos\Loja_PMP\Site-Loja\siteplenus\images\junco\moveis-junco (52).JPG --> plenusplanejados.com.br /public_html/images/junco moveis-junco (52).JPG
2011.04.24 14:15 B C:\Documents and Settings\Plenus\Meus Documentos\Loja_PMP\Site-Loja\siteplenus\images\junco\moveis-junco (53).jpg --> plenusplanejados.com.br /public_html/images/junco moveis-junco (53).jpg
2011.04.24 14:15 B C:\Documents and Settings\Plenus\Meus Documentos\Loja_PMP\Site-Loja\siteplenus\images\junco\moveis-junco (55).JPG --> plenusplanejados.com.br /public_html/images/junco moveis-junco (55).JPG
2011.04.24 14:15 B C:\Documents and Settings\Plenus\Meus Documentos\Loja_PMP\Site-Loja\siteplenus\images\junco\moveis-junco (56).JPG --> plenusplanejados.com.br /public_html/images/junco moveis-junco (56).JPG
2011.04.24 14:15 B C:\Documents and Settings\Plenus\Meus Documentos\Loja_PMP\Site-Loja\siteplenus\images\junco\moveis-junco (57).JPG --> plenusplanejados.com.br /public_html/images/junco moveis-junco (57).JPG
2011.04.24 14:15 B C:\Documents and Settings\Plenus\Meus Documentos\Loja_PMP\Site-Loja\siteplenus\images\junco\moveis-junco (58).JPG --> plenusplanejados.com.br /public_html/images/junco moveis-junco (58).JPG
2011.04.24 14:15 B C:\Documents and Settings\Plenus\Meus Documentos\Loja_PMP\Site-Loja\siteplenus\images\junco\moveis-junco (59).JPG --> plenusplanejados.com.br /public_html/images/junco moveis-junco (59).JPG
2011.04.24 14:15 B C:\Documents and Settings\Plenus\Meus Documentos\Loja_PMP\Site-Loja\siteplenus\images\junco\moveis-junco (6).jpg --> plenusplanejados.com.br /public_html/images/junco moveis-junco (6).jpg
2011.04.24 14:15 B C:\Documents and Settings\Plenus\Meus Documentos\Loja_PMP\Site-Loja\siteplenus\images\junco\moveis-junco (60).JPG --> plenusplanejados.com.br /public_html/images/junco moveis-junco (60).JPG
2011.04.24 14:15 B C:\Documents and Settings\Plenus\Meus Documentos\Loja_PMP\Site-Loja\siteplenus\images\junco\moveis-junco (61).JPG --> plenusplanejados.com.br /public_html/images/junco moveis-junco (61).JPG
2011.04.24 14:15 B C:\Documents and Settings\Plenus\Meus Documentos\Loja_PMP\Site-Loja\siteplenus\images\junco\moveis-junco (62).JPG --> plenusplanejados.com.br /public_html/images/junco moveis-junco (62).JPG
2011.04.24 14:15 B C:\Documents and Settings\Plenus\Meus Documentos\Loja_PMP\Site-Loja\siteplenus\images\junco\moveis-junco (63).JPG --> plenusplanejados.com.br /public_html/images/junco moveis-junco (63).JPG
2011.04.24 14:15 B C:\Documents and Settings\Plenus\Meus Documentos\Loja_PMP\Site-Loja\siteplenus\images\junco\moveis-junco (64).JPG --> plenusplanejados.com.br /public_html/images/junco moveis-junco (64).JPG
2011.04.24 14:15 B C:\Documents and Settings\Plenus\Meus Documentos\Loja_PMP\Site-Loja\siteplenus\images\junco\moveis-junco (65).JPG --> plenusplanejados.com.br /public_html/images/junco moveis-junco (65).JPG
2011.04.24 14:15 B C:\Documents and Settings\Plenus\Meus Documentos\Loja_PMP\Site-Loja\siteplenus\images\junco\moveis-junco (66).JPG --> plenusplanejados.com.br /public_html/images/junco moveis-junco (66).JPG
2011.04.24 14:15 B C:\Documents and Settings\Plenus\Meus Documentos\Loja_PMP\Site-Loja\siteplenus\images\junco\moveis-junco (67).JPG --> plenusplanejados.com.br /public_html/images/junco moveis-junco (67).JPG
2011.04.24 14:15 B C:\Documents and Settings\Plenus\Meus Documentos\Loja_PMP\Site-Loja\siteplenus\images\junco\moveis-junco (68).JPG --> plenusplanejados.com.br /public_html/images/junco moveis-junco (68).JPG
2011.04.24 14:15 B C:\Documents and Settings\Plenus\Meus Documentos\Loja_PMP\Site-Loja\siteplenus\images\junco\moveis-junco (69).JPG --> plenusplanejados.com.br /public_html/images/junco moveis-junco (69).JPG
2011.04.24 14:15 B C:\Documents and Settings\Plenus\Meus Documentos\Loja_PMP\Site-Loja\siteplenus\images\junco\moveis-junco (7).jpg --> plenusplanejados.com.br /public_html/images/junco moveis-junco (7).jpg
2011.04.24 14:16 B C:\Documents and Settings\Plenus\Meus Documentos\Loja_PMP\Site-Loja\siteplenus\images\junco\moveis-junco (70).JPG --> plenusplanejados.com.br /public_html/images/junco moveis-junco (70).JPG
2011.04.24 14:16 B C:\Documents and Settings\Plenus\Meus Documentos\Loja_PMP\Site-Loja\siteplenus\images\junco\moveis-junco (71).JPG --> plenusplanejados.com.br /public_html/images/junco moveis-junco (71).JPG
2011.04.24 14:16 B C:\Documents and Settings\Plenus\Meus Documentos\Loja_PMP\Site-Loja\siteplenus\images\junco\moveis-junco (72).JPG --> plenusplanejados.com.br /public_html/images/junco moveis-junco (72).JPG
2011.04.24 14:16 B C:\Documents and Settings\Plenus\Meus Documentos\Loja_PMP\Site-Loja\siteplenus\images\junco\moveis-junco (73).JPG --> plenusplanejados.com.br /public_html/images/junco moveis-junco (73).JPG
2011.04.24 14:16 B C:\Documents and Settings\Plenus\Meus Documentos\Loja_PMP\Site-Loja\siteplenus\images\junco\moveis-junco (74).JPG --> plenusplanejados.com.br /public_html/images/junco moveis-junco (74).JPG
2011.04.24 14:16 B C:\Documents and Settings\Plenus\Meus Documentos\Loja_PMP\Site-Loja\siteplenus\images\junco\moveis-junco (75).JPG --> plenusplanejados.com.br /public_html/images/junco moveis-junco (75).JPG
2011.04.24 14:16 B C:\Documents and Settings\Plenus\Meus Documentos\Loja_PMP\Site-Loja\siteplenus\images\junco\moveis-junco (77).JPG --> plenusplanejados.com.br /public_html/images/junco moveis-junco (77).JPG
2011.04.24 14:16 B C:\Documents and Settings\Plenus\Meus Documentos\Loja_PMP\Site-Loja\siteplenus\images\junco\moveis-junco (78).JPG --> plenusplanejados.com.br /public_html/images/junco moveis-junco (78).JPG
2011.04.24 14:16 B C:\Documents and Settings\Plenus\Meus Documentos\Loja_PMP\Site-Loja\siteplenus\images\junco\moveis-junco (79).JPG --> plenusplanejados.com.br /public_html/images/junco moveis-junco (79).JPG
2011.04.24 14:16 B C:\Documents and Settings\Plenus\Meus Documentos\Loja_PMP\Site-Loja\siteplenus\images\junco\moveis-junco (80).JPG --> plenusplanejados.com.br /public_html/images/junco moveis-junco (80).JPG
2011.04.24 14:16 B C:\Documents and Settings\Plenus\Meus Documentos\Loja_PMP\Site-Loja\siteplenus\images\junco\moveis-junco (81).JPG --> plenusplanejados.com.br /public_html/images/junco moveis-junco (81).JPG
2011.04.24 14:16 B C:\Documents and Settings\Plenus\Meus Documentos\Loja_PMP\Site-Loja\siteplenus\images\junco\moveis-junco (82).JPG --> plenusplanejados.com.br /public_html/images/junco moveis-junco (82).JPG
2011.04.24 14:16 B C:\Documents and Settings\Plenus\Meus Documentos\Loja_PMP\Site-Loja\siteplenus\images\junco\moveis-junco (83).JPG --> plenusplanejados.com.br /public_html/images/junco moveis-junco (83).JPG
2011.04.24 14:16 B C:\Documents and Settings\Plenus\Meus Documentos\Loja_PMP\Site-Loja\siteplenus\images\junco\moveis-junco (84).JPG --> plenusplanejados.com.br /public_html/images/junco moveis-junco (84).JPG
2011.04.24 14:16 B C:\Documents and Settings\Plenus\Meus Documentos\Loja_PMP\Site-Loja\siteplenus\images\junco\moveis-junco (85).JPG --> plenusplanejados.com.br /public_html/images/junco moveis-junco (85).JPG
2011.04.24 14:16 B C:\Documents and Settings\Plenus\Meus Documentos\Loja_PMP\Site-Loja\siteplenus\images\junco\moveis-junco (86).JPG --> plenusplanejados.com.br /public_html/images/junco moveis-junco (86).JPG
2011.04.24 14:16 B C:\Documents and Settings\Plenus\Meus Documentos\Loja_PMP\Site-Loja\siteplenus\images\junco\moveis-junco (87).JPG --> plenusplanejados.com.br /public_html/images/junco moveis-junco (87).JPG
2011.04.24 14:16 B C:\Documents and Settings\Plenus\Meus Documentos\Loja_PMP\Site-Loja\siteplenus\images\junco\moveis-junco (88).JPG --> plenusplanejados.com.br /public_html/images/junco moveis-junco (88).JPG
2011.04.24 14:16 B C:\Documents and Settings\Plenus\Meus Documentos\Loja_PMP\Site-Loja\siteplenus\images\junco\moveis-junco (89).JPG --> plenusplanejados.com.br /public_html/images/junco moveis-junco (89).JPG
2011.04.24 14:16 B C:\Documents and Settings\Plenus\Meus Documentos\Loja_PMP\Site-Loja\siteplenus\images\junco\moveis-junco (9).jpg --> plenusplanejados.com.br /public_html/images/junco moveis-junco (9).jpg
2011.04.24 14:16 B C:\Documents and Settings\Plenus\Meus Documentos\Loja_PMP\Site-Loja\siteplenus\images\junco\moveis-junco (90).JPG --> plenusplanejados.com.br /public_html/images/junco moveis-junco (90).JPG
2011.04.24 14:16 B C:\Documents and Settings\Plenus\Meus Documentos\Loja_PMP\Site-Loja\siteplenus\images\junco\moveis-junco (91).JPG --> plenusplanejados.com.br /public_html/images/junco moveis-junco (91).JPG
2011.04.24 14:16 B C:\Documents and Settings\Plenus\Meus Documentos\Loja_PMP\Site-Loja\siteplenus\images\junco\moveis-junco (92).JPG --> plenusplanejados.com.br /public_html/images/junco moveis-junco (92).JPG
2011.04.24 14:16 B C:\Documents and Settings\Plenus\Meus Documentos\Loja_PMP\Site-Loja\siteplenus\images\junco\moveis-junco (93).JPG --> plenusplanejados.com.br /public_html/images/junco moveis-junco (93).JPG
2011.04.24 14:16 B C:\Documents and Settings\Plenus\Meus Documentos\Loja_PMP\Site-Loja\siteplenus\images\junco\moveis-junco (94).JPG --> plenusplanejados.com.br /public_html/images/junco moveis-junco (94).JPG
2011.04.24 14:16 B C:\Documents and Settings\Plenus\Meus Documentos\Loja_PMP\Site-Loja\siteplenus\images\junco\moveis-junco (95).JPG --> plenusplanejados.com.br /public_html/images/junco moveis-junco (95).JPG
2011.04.24 14:16 B C:\Documents and Settings\Plenus\Meus Documentos\Loja_PMP\Site-Loja\siteplenus\images\junco\moveis-junco (96).JPG --> plenusplanejados.com.br /public_html/images/junco moveis-junco (96).JPG
2011.04.24 14:16 B C:\Documents and Settings\Plenus\Meus Documentos\Loja_PMP\Site-Loja\siteplenus\images\junco\moveis-junco (97).JPG --> plenusplanejados.com.br /public_html/images/junco moveis-junco (97).JPG
2011.04.24 14:16 B C:\Documents and Settings\Plenus\Meus Documentos\Loja_PMP\Site-Loja\siteplenus\images\junco\moveis-junco (98).JPG --> plenusplanejados.com.br /public_html/images/junco moveis-junco (98).JPG
2011.04.24 14:16 B C:\Documents and Settings\Plenus\Meus Documentos\Loja_PMP\Site-Loja\siteplenus\images\junco\moveis-junco (99).JPG --> plenusplanejados.com.br /public_html/images/junco moveis-junco (99).JPG
2011.04.24 14:17 B C:\Documents and Settings\Plenus\Meus Documentos\Loja_PMP\Site-Loja\siteplenus\images\junco\moveis-junco.jpg --> plenusplanejados.com.br /public_html/images/junco moveis-junco.jpg
2011.04.24 14:17 B C:\Documents and Settings\Plenus\Meus Documentos\Loja_PMP\Site-Loja\siteplenus\images\junco\movel-junco (1).jpg --> plenusplanejados.com.br /public_html/images/junco movel-junco (1).jpg
2011.04.24 14:17 B C:\Documents and Settings\Plenus\Meus Documentos\Loja_PMP\Site-Loja\siteplenus\images\junco\movel-junco (11).jpg --> plenusplanejados.com.br /public_html/images/junco movel-junco (11).jpg
2011.04.24 14:17 B C:\Documents and Settings\Plenus\Meus Documentos\Loja_PMP\Site-Loja\siteplenus\images\junco\movel-junco (12).jpg --> plenusplanejados.com.br /public_html/images/junco movel-junco (12).jpg
2011.04.24 14:17 B C:\Documents and Settings\Plenus\Meus Documentos\Loja_PMP\Site-Loja\siteplenus\images\junco\movel-junco (13).jpg --> plenusplanejados.com.br /public_html/images/junco movel-junco (13).jpg
2011.04.24 14:17 B C:\Documents and Settings\Plenus\Meus Documentos\Loja_PMP\Site-Loja\siteplenus\images\junco\movel-junco (15).jpg --> plenusplanejados.com.br /public_html/images/junco movel-junco (15).jpg
2011.04.24 14:17 B C:\Documents and Settings\Plenus\Meus Documentos\Loja_PMP\Site-Loja\siteplenus\images\junco\movel-junco (16).jpg --> plenusplanejados.com.br /public_html/images/junco movel-junco (16).jpg
2011.04.24 14:17 B C:\Documents and Settings\Plenus\Meus Documentos\Loja_PMP\Site-Loja\siteplenus\images\junco\movel-junco (17).jpg --> plenusplanejados.com.br /public_html/images/junco movel-junco (17).jpg
2011.04.24 14:17 B C:\Documents and Settings\Plenus\Meus Documentos\Loja_PMP\Site-Loja\siteplenus\images\junco\movel-junco (18).jpg --> plenusplanejados.com.br /public_html/images/junco movel-junco (18).jpg
2011.04.24 14:17 B C:\Documents and Settings\Plenus\Meus Documentos\Loja_PMP\Site-Loja\siteplenus\images\junco\movel-junco (19).jpg --> plenusplanejados.com.br /public_html/images/junco movel-junco (19).jpg
2011.04.24 14:17 B C:\Documents and Settings\Plenus\Meus Documentos\Loja_PMP\Site-Loja\siteplenus\images\junco\movel-junco (2).jpg --> plenusplanejados.com.br /public_html/images/junco movel-junco (2).jpg
2011.04.24 14:17 B C:\Documents and Settings\Plenus\Meus Documentos\Loja_PMP\Site-Loja\siteplenus\images\junco\movel-junco (20).jpg --> plenusplanejados.com.br /public_html/images/junco movel-junco (20).jpg
2011.04.24 14:17 B C:\Documents and Settings\Plenus\Meus Documentos\Loja_PMP\Site-Loja\siteplenus\images\junco\movel-junco (21).jpg --> plenusplanejados.com.br /public_html/images/junco movel-junco (21).jpg
2011.04.24 14:17 B C:\Documents and Settings\Plenus\Meus Documentos\Loja_PMP\Site-Loja\siteplenus\images\junco\movel-junco (22).jpg --> plenusplanejados.com.br /public_html/images/junco movel-junco (22).jpg
2011.04.24 14:17 B C:\Documents and Settings\Plenus\Meus Documentos\Loja_PMP\Site-Loja\siteplenus\images\junco\movel-junco (23).jpg --> plenusplanejados.com.br /public_html/images/junco movel-junco (23).jpg
2011.04.24 14:17 B C:\Documents and Settings\Plenus\Meus Documentos\Loja_PMP\Site-Loja\siteplenus\images\junco\movel-junco (25).jpg --> plenusplanejados.com.br /public_html/images/junco movel-junco (25).jpg
2011.04.24 14:17 B C:\Documents and Settings\Plenus\Meus Documentos\Loja_PMP\Site-Loja\siteplenus\images\junco\movel-junco (26).JPG --> plenusplanejados.com.br /public_html/images/junco movel-junco (26).JPG
2011.04.24 14:17 B C:\Documents and Settings\Plenus\Meus Documentos\Loja_PMP\Site-Loja\siteplenus\images\junco\movel-junco (27).jpg --> plenusplanejados.com.br /public_html/images/junco movel-junco (27).jpg
2011.04.24 14:17 B C:\Documents and Settings\Plenus\Meus Documentos\Loja_PMP\Site-Loja\siteplenus\images\junco\movel-junco (28).JPG --> plenusplanejados.com.br /public_html/images/junco movel-junco (28).JPG
2011.04.24 14:18 B C:\Documents and Settings\Plenus\Meus Documentos\Loja_PMP\Site-Loja\siteplenus\images\junco\movel-junco (29).JPG --> plenusplanejados.com.br /public_html/images/junco movel-junco (29).JPG
2011.04.24 14:18 B C:\Documents and Settings\Plenus\Meus Documentos\Loja_PMP\Site-Loja\siteplenus\images\junco\movel-junco (3).JPG --> plenusplanejados.com.br /public_html/images/junco movel-junco (3).JPG
2011.04.24 14:18 B C:\Documents and Settings\Plenus\Meus Documentos\Loja_PMP\Site-Loja\siteplenus\images\junco\movel-junco (31).JPG --> plenusplanejados.com.br /public_html/images/junco movel-junco (31).JPG
2011.04.24 14:18 B C:\Documents and Settings\Plenus\Meus Documentos\Loja_PMP\Site-Loja\siteplenus\images\junco\movel-junco (32).jpg --> plenusplanejados.com.br /public_html/images/junco movel-junco (32).jpg
2011.04.24 14:18 B C:\Documents and Settings\Plenus\Meus Documentos\Loja_PMP\Site-Loja\siteplenus\images\junco\movel-junco (34).jpg --> plenusplanejados.com.br /public_html/images/junco movel-junco (34).jpg
2011.04.24 14:18 B C:\Documents and Settings\Plenus\Meus Documentos\Loja_PMP\Site-Loja\siteplenus\images\junco\movel-junco (35).JPG --> plenusplanejados.com.br /public_html/images/junco movel-junco (35).JPG
2011.04.24 14:18 B C:\Documents and Settings\Plenus\Meus Documentos\Loja_PMP\Site-Loja\siteplenus\images\junco\movel-junco (36).jpg --> plenusplanejados.com.br /public_html/images/junco movel-junco (36).jpg
2011.04.24 14:18 B C:\Documents and Settings\Plenus\Meus Documentos\Loja_PMP\Site-Loja\siteplenus\images\junco\movel-junco (37).jpg --> plenusplanejados.com.br /public_html/images/junco movel-junco (37).jpg
2011.04.24 14:18 B C:\Documents and Settings\Plenus\Meus Documentos\Loja_PMP\Site-Loja\siteplenus\images\junco\movel-junco (4).jpg --> plenusplanejados.com.br /public_html/images/junco movel-junco (4).jpg
2011.04.24 14:18 B C:\Documents and Settings\Plenus\Meus Documentos\Loja_PMP\Site-Loja\siteplenus\images\junco\movel-junco (5).JPG --> plenusplanejados.com.br /public_html/images/junco movel-junco (5).JPG
2011.04.24 14:18 B C:\Documents and Settings\Plenus\Meus Documentos\Loja_PMP\Site-Loja\siteplenus\images\junco\movel-junco (6).jpg --> plenusplanejados.com.br /public_html/images/junco movel-junco (6).jpg
2011.04.24 14:18 B C:\Documents and Settings\Plenus\Meus Documentos\Loja_PMP\Site-Loja\siteplenus\images\junco\movel-junco (7).JPG --> plenusplanejados.com.br /public_html/images/junco movel-junco (7).JPG
2011.04.24 14:18 B C:\Documents and Settings\Plenus\Meus Documentos\Loja_PMP\Site-Loja\siteplenus\images\junco\movel-junco (8).JPG --> plenusplanejados.com.br /public_html/images/junco movel-junco (8).JPG
2011.04.24 14:18 B C:\Documents and Settings\Plenus\Meus Documentos\Loja_PMP\Site-Loja\siteplenus\images\junco\movel-junco (9).jpg --> plenusplanejados.com.br /public_html/images/junco movel-junco (9).jpg
2011.04.24 14:19 B C:\Documents and Settings\Plenus\Meus Documentos\Loja_PMP\Site-Loja\siteplenus\images\junco\Thumbs.db --> plenusplanejados.com.br /public_html/images/junco Thumbs.db
118.04.16 14:18 B C:\Users\Administrador\Documents\Loja_PMP\Site-Loja\siteplenus\images\junco\moveis-junco (12).JPG --> plenusplanejados.com.br /images/junco moveis-junco (12).JPG
118.04.16 14:18 B C:\Users\Administrador\Documents\Loja_PMP\Site-Loja\siteplenus\images\junco\moveis-junco (130).jpg --> plenusplanejados.com.br /images/junco moveis-junco (130).jpg
118.04.16 14:18 B C:\Users\Administrador\Documents\Loja_PMP\Site-Loja\siteplenus\images\junco\moveis-junco (132).jpg --> plenusplanejados.com.br /images/junco moveis-junco (132).jpg
118.04.16 14:18 B C:\Users\Administrador\Documents\Loja_PMP\Site-Loja\siteplenus\images\junco\moveis-junco (138).JPG --> plenusplanejados.com.br /images/junco moveis-junco (138).JPG
118.04.16 14:18 B C:\Users\Administrador\Documents\Loja_PMP\Site-Loja\siteplenus\images\junco\moveis-junco (14).jpg --> plenusplanejados.com.br /images/junco moveis-junco (14).jpg
118.04.16 14:18 B C:\Users\Administrador\Documents\Loja_PMP\Site-Loja\siteplenus\images\junco\moveis-junco (140).jpg --> plenusplanejados.com.br /images/junco moveis-junco (140).jpg
118.04.16 14:18 B C:\Users\Administrador\Documents\Loja_PMP\Site-Loja\siteplenus\images\junco\moveis-junco (16).jpg --> plenusplanejados.com.br /images/junco moveis-junco (16).jpg
118.04.16 14:18 B C:\Users\Administrador\Documents\Loja_PMP\Site-Loja\siteplenus\images\junco\moveis-junco (18).jpg --> plenusplanejados.com.br /images/junco moveis-junco (18).jpg
118.04.16 14:18 B C:\Users\Administrador\Documents\Loja_PMP\Site-Loja\siteplenus\images\junco\moveis-junco (19).jpg --> plenusplanejados.com.br /images/junco moveis-junco (19).jpg
118.04.16 14:18 B C:\Users\Administrador\Documents\Loja_PMP\Site-Loja\siteplenus\images\junco\moveis-junco (2).jpg --> plenusplanejados.com.br /images/junco moveis-junco (2).jpg
118.04.16 14:18 B C:\Users\Administrador\Documents\Loja_PMP\Site-Loja\siteplenus\images\junco\moveis-junco (20).jpg --> plenusplanejados.com.br /images/junco moveis-junco (20).jpg
118.04.16 14:18 B C:\Users\Administrador\Documents\Loja_PMP\Site-Loja\siteplenus\images\junco\moveis-junco (21).jpg --> plenusplanejados.com.br /images/junco moveis-junco (21).jpg
118.04.16 14:18 B C:\Users\Administrador\Documents\Loja_PMP\Site-Loja\siteplenus\images\junco\moveis-junco (24).jpg --> plenusplanejados.com.br /images/junco moveis-junco (24).jpg
118.04.16 14:18 B C:\Users\Administrador\Documents\Loja_PMP\Site-Loja\siteplenus\images\junco\moveis-junco (26).JPG --> plenusplanejados.com.br /images/junco moveis-junco (26).JPG
118.04.16 14:18 B C:\Users\Administrador\Documents\Loja_PMP\Site-Loja\siteplenus\images\junco\moveis-junco (27).JPG --> plenusplanejados.com.br /images/junco moveis-junco (27).JPG
118.04.16 14:18 B C:\Users\Administrador\Documents\Loja_PMP\Site-Loja\siteplenus\images\junco\moveis-junco (30).JPG --> plenusplanejados.com.br /images/junco moveis-junco (30).JPG
118.04.16 14:18 B C:\Users\Administrador\Documents\Loja_PMP\Site-Loja\siteplenus\images\junco\moveis-junco (35).JPG --> plenusplanejados.com.br /images/junco moveis-junco (35).JPG
118.04.16 14:18 B C:\Users\Administrador\Documents\Loja_PMP\Site-Loja\siteplenus\images\junco\moveis-junco (4).jpg --> plenusplanejados.com.br /images/junco moveis-junco (4).jpg
118.04.16 14:18 B C:\Users\Administrador\Documents\Loja_PMP\Site-Loja\siteplenus\images\junco\moveis-junco (49).jpg --> plenusplanejados.com.br /images/junco moveis-junco (49).jpg
118.04.16 14:18 B C:\Users\Administrador\Documents\Loja_PMP\Site-Loja\siteplenus\images\junco\moveis-junco (7).jpg --> plenusplanejados.com.br /images/junco moveis-junco (7).jpg
118.04.16 14:18 B C:\Users\Administrador\Documents\Loja_PMP\Site-Loja\siteplenus\images\junco\moveis-junco (9).jpg --> plenusplanejados.com.br /images/junco moveis-junco (9).jpg
118.04.16 14:18 B C:\Users\Administrador\Documents\Loja_PMP\Site-Loja\siteplenus\images\junco\Thumbs.db --> plenusplanejados.com.br /images/junco Thumbs.db
118.04.16 14:18 B C:\Users\Administrador\Documents\Loja_PMP\Site-Loja\siteplenus\images\junco\ws_ftp.log --> plenusplanejados.com.br /images/junco ws_ftp.log
118.04.16 21:19 B C:\Users\Administrador\Documents\Loja_PMP\Site-Loja\siteplenus\images\junco\moveis-junco (12).JPG --> plenusplanejados.com.br /public_html/images/junco moveis-junco (12).JPG
118.04.16 21:19 B C:\Users\Administrador\Documents\Loja_PMP\Site-Loja\siteplenus\images\junco\moveis-junco (130).jpg --> plenusplanejados.com.br /public_html/images/junco moveis-junco (130).jpg
118.04.16 21:19 B C:\Users\Administrador\Documents\Loja_PMP\Site-Loja\siteplenus\images\junco\moveis-junco (132).jpg --> plenusplanejados.com.br /public_html/images/junco moveis-junco (132).jpg
118.04.16 21:19 B C:\Users\Administrador\Documents\Loja_PMP\Site-Loja\siteplenus\images\junco\moveis-junco (138).JPG --> plenusplanejados.com.br /public_html/images/junco moveis-junco (138).JPG
118.04.16 21:19 B C:\Users\Administrador\Documents\Loja_PMP\Site-Loja\siteplenus\images\junco\moveis-junco (14).jpg --> plenusplanejados.com.br /public_html/images/junco moveis-junco (14).jpg
118.04.16 21:19 B C:\Users\Administrador\Documents\Loja_PMP\Site-Loja\siteplenus\images\junco\moveis-junco (140).jpg --> plenusplanejados.com.br /public_html/images/junco moveis-junco (140).jpg
118.04.16 21:19 B C:\Users\Administrador\Documents\Loja_PMP\Site-Loja\siteplenus\images\junco\moveis-junco (16).jpg --> plenusplanejados.com.br /public_html/images/junco moveis-junco (16).jpg
118.04.16 21:19 B C:\Users\Administrador\Documents\Loja_PMP\Site-Loja\siteplenus\images\junco\moveis-junco (18).jpg --> plenusplanejados.com.br /public_html/images/junco moveis-junco (18).jpg
118.04.16 21:19 B C:\Users\Administrador\Documents\Loja_PMP\Site-Loja\siteplenus\images\junco\moveis-junco (19).jpg --> plenusplanejados.com.br /public_html/images/junco moveis-junco (19).jpg
118.04.16 21:19 B C:\Users\Administrador\Documents\Loja_PMP\Site-Loja\siteplenus\images\junco\moveis-junco (2).jpg --> plenusplanejados.com.br /public_html/images/junco moveis-junco (2).jpg
118.04.16 21:20 B C:\Users\Administrador\Documents\Loja_PMP\Site-Loja\siteplenus\images\junco\moveis-junco (20).jpg --> plenusplanejados.com.br /public_html/images/junco moveis-junco (20).jpg
118.04.16 21:20 B C:\Users\Administrador\Documents\Loja_PMP\Site-Loja\siteplenus\images\junco\moveis-junco (21).jpg --> plenusplanejados.com.br /public_html/images/junco moveis-junco (21).jpg
118.04.16 21:20 B C:\Users\Administrador\Documents\Loja_PMP\Site-Loja\siteplenus\images\junco\moveis-junco (24).jpg --> plenusplanejados.com.br /public_html/images/junco moveis-junco (24).jpg
118.04.16 21:20 B C:\Users\Administrador\Documents\Loja_PMP\Site-Loja\siteplenus\images\junco\moveis-junco (26).JPG --> plenusplanejados.com.br /public_html/images/junco moveis-junco (26).JPG
118.04.16 21:20 B C:\Users\Administrador\Documents\Loja_PMP\Site-Loja\siteplenus\images\junco\moveis-junco (27).JPG --> plenusplanejados.com.br /public_html/images/junco moveis-junco (27).JPG
118.04.16 21:20 B C:\Users\Administrador\Documents\Loja_PMP\Site-Loja\siteplenus\images\junco\moveis-junco (30).JPG --> plenusplanejados.com.br /public_html/images/junco moveis-junco (30).JPG
118.04.16 21:20 B C:\Users\Administrador\Documents\Loja_PMP\Site-Loja\siteplenus\images\junco\moveis-junco (35).JPG --> plenusplanejados.com.br /public_html/images/junco moveis-junco (35).JPG
118.04.16 21:20 B C:\Users\Administrador\Documents\Loja_PMP\Site-Loja\siteplenus\images\junco\moveis-junco (4).jpg --> plenusplanejados.com.br /public_html/images/junco moveis-junco (4).jpg
118.04.16 21:20 B C:\Users\Administrador\Documents\Loja_PMP\Site-Loja\siteplenus\images\junco\moveis-junco (49).jpg --> plenusplanejados.com.br /public_html/images/junco moveis-junco (49).jpg
118.04.16 21:20 B C:\Users\Administrador\Documents\Loja_PMP\Site-Loja\siteplenus\images\junco\moveis-junco (7).jpg --> plenusplanejados.com.br /public_html/images/junco moveis-junco (7).jpg
118.04.16 21:20 B C:\Users\Administrador\Documents\Loja_PMP\Site-Loja\siteplenus\images\junco\moveis-junco (9).jpg --> plenusplanejados.com.br /public_html/images/junco moveis-junco (9).jpg
118.04.16 21:20 B C:\Users\Administrador\Documents\Loja_PMP\Site-Loja\siteplenus\images\junco\Thumbs.db --> plenusplanejados.com.br /public_html/images/junco Thumbs.db
118.04.16 21:20 B C:\Users\Administrador\Documents\Loja_PMP\Site-Loja\siteplenus\images\junco\ws_ftp.log --> plenusplanejados.com.br /public_html/images/junco ws_ftp.log
