2011.04.24 14:19 B C:\Documents and Settings\Plenus\Meus Documentos\Loja_PMP\Site-Loja\siteplenus\images\macicos\_vti_cnf\aparador (1).jpg --> plenusplanejados.com.br /public_html/images/macicos/_vti_cnf aparador (1).jpg
2011.04.24 14:19 B C:\Documents and Settings\Plenus\Meus Documentos\Loja_PMP\Site-Loja\siteplenus\images\macicos\_vti_cnf\aparador (2).jpg --> plenusplanejados.com.br /public_html/images/macicos/_vti_cnf aparador (2).jpg
2011.04.24 14:19 B C:\Documents and Settings\Plenus\Meus Documentos\Loja_PMP\Site-Loja\siteplenus\images\macicos\_vti_cnf\aparador (3).jpg --> plenusplanejados.com.br /public_html/images/macicos/_vti_cnf aparador (3).jpg
2011.04.24 14:19 B C:\Documents and Settings\Plenus\Meus Documentos\Loja_PMP\Site-Loja\siteplenus\images\macicos\_vti_cnf\aparador (4).jpg --> plenusplanejados.com.br /public_html/images/macicos/_vti_cnf aparador (4).jpg
2011.04.24 14:19 B C:\Documents and Settings\Plenus\Meus Documentos\Loja_PMP\Site-Loja\siteplenus\images\macicos\_vti_cnf\aparador (5).jpg --> plenusplanejados.com.br /public_html/images/macicos/_vti_cnf aparador (5).jpg
2011.04.24 14:19 B C:\Documents and Settings\Plenus\Meus Documentos\Loja_PMP\Site-Loja\siteplenus\images\macicos\_vti_cnf\aparador (6).jpg --> plenusplanejados.com.br /public_html/images/macicos/_vti_cnf aparador (6).jpg
2011.04.24 14:19 B C:\Documents and Settings\Plenus\Meus Documentos\Loja_PMP\Site-Loja\siteplenus\images\macicos\_vti_cnf\aparador (7).jpg --> plenusplanejados.com.br /public_html/images/macicos/_vti_cnf aparador (7).jpg
2011.04.24 14:20 B C:\Documents and Settings\Plenus\Meus Documentos\Loja_PMP\Site-Loja\siteplenus\images\macicos\_vti_cnf\aparador.jpg --> plenusplanejados.com.br /public_html/images/macicos/_vti_cnf aparador.jpg
2011.04.24 14:20 B C:\Documents and Settings\Plenus\Meus Documentos\Loja_PMP\Site-Loja\siteplenus\images\macicos\_vti_cnf\armario (1).jpg --> plenusplanejados.com.br /public_html/images/macicos/_vti_cnf armario (1).jpg
2011.04.24 14:20 B C:\Documents and Settings\Plenus\Meus Documentos\Loja_PMP\Site-Loja\siteplenus\images\macicos\_vti_cnf\armario (10).jpg --> plenusplanejados.com.br /public_html/images/macicos/_vti_cnf armario (10).jpg
2011.04.24 14:20 B C:\Documents and Settings\Plenus\Meus Documentos\Loja_PMP\Site-Loja\siteplenus\images\macicos\_vti_cnf\armario (11).jpg --> plenusplanejados.com.br /public_html/images/macicos/_vti_cnf armario (11).jpg
2011.04.24 14:20 B C:\Documents and Settings\Plenus\Meus Documentos\Loja_PMP\Site-Loja\siteplenus\images\macicos\_vti_cnf\armario (12).jpg --> plenusplanejados.com.br /public_html/images/macicos/_vti_cnf armario (12).jpg
2011.04.24 14:20 B C:\Documents and Settings\Plenus\Meus Documentos\Loja_PMP\Site-Loja\siteplenus\images\macicos\_vti_cnf\armario (13).jpg --> plenusplanejados.com.br /public_html/images/macicos/_vti_cnf armario (13).jpg
2011.04.24 14:20 B C:\Documents and Settings\Plenus\Meus Documentos\Loja_PMP\Site-Loja\siteplenus\images\macicos\_vti_cnf\armario (14).jpg --> plenusplanejados.com.br /public_html/images/macicos/_vti_cnf armario (14).jpg
2011.04.24 14:20 B C:\Documents and Settings\Plenus\Meus Documentos\Loja_PMP\Site-Loja\siteplenus\images\macicos\_vti_cnf\armario (2).jpg --> plenusplanejados.com.br /public_html/images/macicos/_vti_cnf armario (2).jpg
2011.04.24 14:20 B C:\Documents and Settings\Plenus\Meus Documentos\Loja_PMP\Site-Loja\siteplenus\images\macicos\_vti_cnf\armario (3).jpg --> plenusplanejados.com.br /public_html/images/macicos/_vti_cnf armario (3).jpg
2011.04.24 14:20 B C:\Documents and Settings\Plenus\Meus Documentos\Loja_PMP\Site-Loja\siteplenus\images\macicos\_vti_cnf\armario (4).jpg --> plenusplanejados.com.br /public_html/images/macicos/_vti_cnf armario (4).jpg
2011.04.24 14:20 B C:\Documents and Settings\Plenus\Meus Documentos\Loja_PMP\Site-Loja\siteplenus\images\macicos\_vti_cnf\armario (5).jpg --> plenusplanejados.com.br /public_html/images/macicos/_vti_cnf armario (5).jpg
2011.04.24 14:20 B C:\Documents and Settings\Plenus\Meus Documentos\Loja_PMP\Site-Loja\siteplenus\images\macicos\_vti_cnf\armario (6).jpg --> plenusplanejados.com.br /public_html/images/macicos/_vti_cnf armario (6).jpg
2011.04.24 14:20 B C:\Documents and Settings\Plenus\Meus Documentos\Loja_PMP\Site-Loja\siteplenus\images\macicos\_vti_cnf\armario (7).jpg --> plenusplanejados.com.br /public_html/images/macicos/_vti_cnf armario (7).jpg
2011.04.24 14:20 B C:\Documents and Settings\Plenus\Meus Documentos\Loja_PMP\Site-Loja\siteplenus\images\macicos\_vti_cnf\armario (8).jpg --> plenusplanejados.com.br /public_html/images/macicos/_vti_cnf armario (8).jpg
2011.04.24 14:20 B C:\Documents and Settings\Plenus\Meus Documentos\Loja_PMP\Site-Loja\siteplenus\images\macicos\_vti_cnf\armario (9).jpg --> plenusplanejados.com.br /public_html/images/macicos/_vti_cnf armario (9).jpg
2011.04.24 14:20 B C:\Documents and Settings\Plenus\Meus Documentos\Loja_PMP\Site-Loja\siteplenus\images\macicos\_vti_cnf\armario.jpg --> plenusplanejados.com.br /public_html/images/macicos/_vti_cnf armario.jpg
2011.04.24 14:20 B C:\Documents and Settings\Plenus\Meus Documentos\Loja_PMP\Site-Loja\siteplenus\images\macicos\_vti_cnf\bambu (1).jpg --> plenusplanejados.com.br /public_html/images/macicos/_vti_cnf bambu (1).jpg
2011.04.24 14:20 B C:\Documents and Settings\Plenus\Meus Documentos\Loja_PMP\Site-Loja\siteplenus\images\macicos\_vti_cnf\bambu.jpg --> plenusplanejados.com.br /public_html/images/macicos/_vti_cnf bambu.jpg
2011.04.24 14:20 B C:\Documents and Settings\Plenus\Meus Documentos\Loja_PMP\Site-Loja\siteplenus\images\macicos\_vti_cnf\banc (1).jpg --> plenusplanejados.com.br /public_html/images/macicos/_vti_cnf banc (1).jpg
2011.04.24 14:21 B C:\Documents and Settings\Plenus\Meus Documentos\Loja_PMP\Site-Loja\siteplenus\images\macicos\_vti_cnf\banc (2).jpg --> plenusplanejados.com.br /public_html/images/macicos/_vti_cnf banc (2).jpg
2011.04.24 14:21 B C:\Documents and Settings\Plenus\Meus Documentos\Loja_PMP\Site-Loja\siteplenus\images\macicos\_vti_cnf\banc (3).jpg --> plenusplanejados.com.br /public_html/images/macicos/_vti_cnf banc (3).jpg
2011.04.24 14:21 B C:\Documents and Settings\Plenus\Meus Documentos\Loja_PMP\Site-Loja\siteplenus\images\macicos\_vti_cnf\banc (4).jpg --> plenusplanejados.com.br /public_html/images/macicos/_vti_cnf banc (4).jpg
2011.04.24 14:21 B C:\Documents and Settings\Plenus\Meus Documentos\Loja_PMP\Site-Loja\siteplenus\images\macicos\_vti_cnf\banc (5).jpg --> plenusplanejados.com.br /public_html/images/macicos/_vti_cnf banc (5).jpg
2011.04.24 14:21 B C:\Documents and Settings\Plenus\Meus Documentos\Loja_PMP\Site-Loja\siteplenus\images\macicos\_vti_cnf\banc (6).jpg --> plenusplanejados.com.br /public_html/images/macicos/_vti_cnf banc (6).jpg
2011.04.24 14:21 B C:\Documents and Settings\Plenus\Meus Documentos\Loja_PMP\Site-Loja\siteplenus\images\macicos\_vti_cnf\banc (7).jpg --> plenusplanejados.com.br /public_html/images/macicos/_vti_cnf banc (7).jpg
2011.04.24 14:21 B C:\Documents and Settings\Plenus\Meus Documentos\Loja_PMP\Site-Loja\siteplenus\images\macicos\_vti_cnf\banc.jpg --> plenusplanejados.com.br /public_html/images/macicos/_vti_cnf banc.jpg
2011.04.24 14:21 B C:\Documents and Settings\Plenus\Meus Documentos\Loja_PMP\Site-Loja\siteplenus\images\macicos\_vti_cnf\banqueta (1).jpg --> plenusplanejados.com.br /public_html/images/macicos/_vti_cnf banqueta (1).jpg
2011.04.24 14:21 B C:\Documents and Settings\Plenus\Meus Documentos\Loja_PMP\Site-Loja\siteplenus\images\macicos\_vti_cnf\banqueta.jpg --> plenusplanejados.com.br /public_html/images/macicos/_vti_cnf banqueta.jpg
2011.04.24 14:21 B C:\Documents and Settings\Plenus\Meus Documentos\Loja_PMP\Site-Loja\siteplenus\images\macicos\_vti_cnf\barz (1).jpg --> plenusplanejados.com.br /public_html/images/macicos/_vti_cnf barz (1).jpg
2011.04.24 14:21 B C:\Documents and Settings\Plenus\Meus Documentos\Loja_PMP\Site-Loja\siteplenus\images\macicos\_vti_cnf\barz (2).jpg --> plenusplanejados.com.br /public_html/images/macicos/_vti_cnf barz (2).jpg
2011.04.24 14:21 B C:\Documents and Settings\Plenus\Meus Documentos\Loja_PMP\Site-Loja\siteplenus\images\macicos\_vti_cnf\barz (3).jpg --> plenusplanejados.com.br /public_html/images/macicos/_vti_cnf barz (3).jpg
2011.04.24 14:21 B C:\Documents and Settings\Plenus\Meus Documentos\Loja_PMP\Site-Loja\siteplenus\images\macicos\_vti_cnf\barz.jpg --> plenusplanejados.com.br /public_html/images/macicos/_vti_cnf barz.jpg
2011.04.24 14:21 B C:\Documents and Settings\Plenus\Meus Documentos\Loja_PMP\Site-Loja\siteplenus\images\macicos\_vti_cnf\bau.jpg --> plenusplanejados.com.br /public_html/images/macicos/_vti_cnf bau.jpg
2011.04.24 14:21 B C:\Documents and Settings\Plenus\Meus Documentos\Loja_PMP\Site-Loja\siteplenus\images\macicos\_vti_cnf\baus (1).jpg --> plenusplanejados.com.br /public_html/images/macicos/_vti_cnf baus (1).jpg
2011.04.24 14:21 B C:\Documents and Settings\Plenus\Meus Documentos\Loja_PMP\Site-Loja\siteplenus\images\macicos\_vti_cnf\baus (2).jpg --> plenusplanejados.com.br /public_html/images/macicos/_vti_cnf baus (2).jpg
2011.04.24 14:21 B C:\Documents and Settings\Plenus\Meus Documentos\Loja_PMP\Site-Loja\siteplenus\images\macicos\_vti_cnf\baus (3).jpg --> plenusplanejados.com.br /public_html/images/macicos/_vti_cnf baus (3).jpg
2011.04.24 14:21 B C:\Documents and Settings\Plenus\Meus Documentos\Loja_PMP\Site-Loja\siteplenus\images\macicos\_vti_cnf\baus (4).jpg --> plenusplanejados.com.br /public_html/images/macicos/_vti_cnf baus (4).jpg
2011.04.24 14:21 B C:\Documents and Settings\Plenus\Meus Documentos\Loja_PMP\Site-Loja\siteplenus\images\macicos\_vti_cnf\baus.jpg --> plenusplanejados.com.br /public_html/images/macicos/_vti_cnf baus.jpg
2011.04.24 14:21 B C:\Documents and Settings\Plenus\Meus Documentos\Loja_PMP\Site-Loja\siteplenus\images\macicos\_vti_cnf\buffer (1).jpg --> plenusplanejados.com.br /public_html/images/macicos/_vti_cnf buffer (1).jpg
2011.04.24 14:21 B C:\Documents and Settings\Plenus\Meus Documentos\Loja_PMP\Site-Loja\siteplenus\images\macicos\_vti_cnf\buffer (2).jpg --> plenusplanejados.com.br /public_html/images/macicos/_vti_cnf buffer (2).jpg
2011.04.24 14:21 B C:\Documents and Settings\Plenus\Meus Documentos\Loja_PMP\Site-Loja\siteplenus\images\macicos\_vti_cnf\buffer.jpg --> plenusplanejados.com.br /public_html/images/macicos/_vti_cnf buffer.jpg
2011.04.24 14:21 B C:\Documents and Settings\Plenus\Meus Documentos\Loja_PMP\Site-Loja\siteplenus\images\macicos\_vti_cnf\cabideiro.jpg --> plenusplanejados.com.br /public_html/images/macicos/_vti_cnf cabideiro.jpg
2011.04.24 14:21 B C:\Documents and Settings\Plenus\Meus Documentos\Loja_PMP\Site-Loja\siteplenus\images\macicos\_vti_cnf\cadeira (1).jpg --> plenusplanejados.com.br /public_html/images/macicos/_vti_cnf cadeira (1).jpg
2011.04.24 14:21 B C:\Documents and Settings\Plenus\Meus Documentos\Loja_PMP\Site-Loja\siteplenus\images\macicos\_vti_cnf\cadeira (10).jpg --> plenusplanejados.com.br /public_html/images/macicos/_vti_cnf cadeira (10).jpg
2011.04.24 14:21 B C:\Documents and Settings\Plenus\Meus Documentos\Loja_PMP\Site-Loja\siteplenus\images\macicos\_vti_cnf\cadeira (11).jpg --> plenusplanejados.com.br /public_html/images/macicos/_vti_cnf cadeira (11).jpg
2011.04.24 14:21 B C:\Documents and Settings\Plenus\Meus Documentos\Loja_PMP\Site-Loja\siteplenus\images\macicos\_vti_cnf\cadeira (12).jpg --> plenusplanejados.com.br /public_html/images/macicos/_vti_cnf cadeira (12).jpg
2011.04.24 14:21 B C:\Documents and Settings\Plenus\Meus Documentos\Loja_PMP\Site-Loja\siteplenus\images\macicos\_vti_cnf\cadeira (13).jpg --> plenusplanejados.com.br /public_html/images/macicos/_vti_cnf cadeira (13).jpg
2011.04.24 14:21 B C:\Documents and Settings\Plenus\Meus Documentos\Loja_PMP\Site-Loja\siteplenus\images\macicos\_vti_cnf\cadeira (14).jpg --> plenusplanejados.com.br /public_html/images/macicos/_vti_cnf cadeira (14).jpg
2011.04.24 14:21 B C:\Documents and Settings\Plenus\Meus Documentos\Loja_PMP\Site-Loja\siteplenus\images\macicos\_vti_cnf\cadeira (15).jpg --> plenusplanejados.com.br /public_html/images/macicos/_vti_cnf cadeira (15).jpg
2011.04.24 14:21 B C:\Documents and Settings\Plenus\Meus Documentos\Loja_PMP\Site-Loja\siteplenus\images\macicos\_vti_cnf\cadeira (2).jpg --> plenusplanejados.com.br /public_html/images/macicos/_vti_cnf cadeira (2).jpg
2011.04.24 14:21 B C:\Documents and Settings\Plenus\Meus Documentos\Loja_PMP\Site-Loja\siteplenus\images\macicos\_vti_cnf\cadeira (3).jpg --> plenusplanejados.com.br /public_html/images/macicos/_vti_cnf cadeira (3).jpg
2011.04.24 14:22 B C:\Documents and Settings\Plenus\Meus Documentos\Loja_PMP\Site-Loja\siteplenus\images\macicos\_vti_cnf\cadeira (4).jpg --> plenusplanejados.com.br /public_html/images/macicos/_vti_cnf cadeira (4).jpg
2011.04.24 14:22 B C:\Documents and Settings\Plenus\Meus Documentos\Loja_PMP\Site-Loja\siteplenus\images\macicos\_vti_cnf\cadeira (5).jpg --> plenusplanejados.com.br /public_html/images/macicos/_vti_cnf cadeira (5).jpg
2011.04.24 14:22 B C:\Documents and Settings\Plenus\Meus Documentos\Loja_PMP\Site-Loja\siteplenus\images\macicos\_vti_cnf\cadeira (6).jpg --> plenusplanejados.com.br /public_html/images/macicos/_vti_cnf cadeira (6).jpg
2011.04.24 14:22 B C:\Documents and Settings\Plenus\Meus Documentos\Loja_PMP\Site-Loja\siteplenus\images\macicos\_vti_cnf\cadeira (7).jpg --> plenusplanejados.com.br /public_html/images/macicos/_vti_cnf cadeira (7).jpg
2011.04.24 14:22 B C:\Documents and Settings\Plenus\Meus Documentos\Loja_PMP\Site-Loja\siteplenus\images\macicos\_vti_cnf\cadeira (8).JPG --> plenusplanejados.com.br /public_html/images/macicos/_vti_cnf cadeira (8).JPG
2011.04.24 14:22 B C:\Documents and Settings\Plenus\Meus Documentos\Loja_PMP\Site-Loja\siteplenus\images\macicos\_vti_cnf\cadeira (9).jpg --> plenusplanejados.com.br /public_html/images/macicos/_vti_cnf cadeira (9).jpg
2011.04.24 14:22 B C:\Documents and Settings\Plenus\Meus Documentos\Loja_PMP\Site-Loja\siteplenus\images\macicos\_vti_cnf\cadeira.jpg --> plenusplanejados.com.br /public_html/images/macicos/_vti_cnf cadeira.jpg
2011.04.24 14:22 B C:\Documents and Settings\Plenus\Meus Documentos\Loja_PMP\Site-Loja\siteplenus\images\macicos\_vti_cnf\camas.jpg --> plenusplanejados.com.br /public_html/images/macicos/_vti_cnf camas.jpg
2011.04.24 14:22 B C:\Documents and Settings\Plenus\Meus Documentos\Loja_PMP\Site-Loja\siteplenus\images\macicos\_vti_cnf\camas1.jpg --> plenusplanejados.com.br /public_html/images/macicos/_vti_cnf camas1.jpg
2011.04.24 14:22 B C:\Documents and Settings\Plenus\Meus Documentos\Loja_PMP\Site-Loja\siteplenus\images\macicos\_vti_cnf\comoda (1).jpg --> plenusplanejados.com.br /public_html/images/macicos/_vti_cnf comoda (1).jpg
2011.04.24 14:22 B C:\Documents and Settings\Plenus\Meus Documentos\Loja_PMP\Site-Loja\siteplenus\images\macicos\_vti_cnf\comoda.jpg --> plenusplanejados.com.br /public_html/images/macicos/_vti_cnf comoda.jpg
2011.04.24 14:22 B C:\Documents and Settings\Plenus\Meus Documentos\Loja_PMP\Site-Loja\siteplenus\images\macicos\_vti_cnf\cristaleira (1).jpg --> plenusplanejados.com.br /public_html/images/macicos/_vti_cnf cristaleira (1).jpg
2011.04.24 14:22 B C:\Documents and Settings\Plenus\Meus Documentos\Loja_PMP\Site-Loja\siteplenus\images\macicos\_vti_cnf\cristaleira (2).jpg --> plenusplanejados.com.br /public_html/images/macicos/_vti_cnf cristaleira (2).jpg
2011.04.24 14:22 B C:\Documents and Settings\Plenus\Meus Documentos\Loja_PMP\Site-Loja\siteplenus\images\macicos\_vti_cnf\cristaleira (3).jpg --> plenusplanejados.com.br /public_html/images/macicos/_vti_cnf cristaleira (3).jpg
2011.04.24 14:22 B C:\Documents and Settings\Plenus\Meus Documentos\Loja_PMP\Site-Loja\siteplenus\images\macicos\_vti_cnf\cristaleira (4).jpg --> plenusplanejados.com.br /public_html/images/macicos/_vti_cnf cristaleira (4).jpg
2011.04.24 14:22 B C:\Documents and Settings\Plenus\Meus Documentos\Loja_PMP\Site-Loja\siteplenus\images\macicos\_vti_cnf\cristaleira (5).jpg --> plenusplanejados.com.br /public_html/images/macicos/_vti_cnf cristaleira (5).jpg
2011.04.24 14:22 B C:\Documents and Settings\Plenus\Meus Documentos\Loja_PMP\Site-Loja\siteplenus\images\macicos\_vti_cnf\cristaleira (6).jpg --> plenusplanejados.com.br /public_html/images/macicos/_vti_cnf cristaleira (6).jpg
2011.04.24 14:22 B C:\Documents and Settings\Plenus\Meus Documentos\Loja_PMP\Site-Loja\siteplenus\images\macicos\_vti_cnf\cristaleira.jpg --> plenusplanejados.com.br /public_html/images/macicos/_vti_cnf cristaleira.jpg
2011.04.24 14:22 B C:\Documents and Settings\Plenus\Meus Documentos\Loja_PMP\Site-Loja\siteplenus\images\macicos\_vti_cnf\mesas (1).jpg --> plenusplanejados.com.br /public_html/images/macicos/_vti_cnf mesas (1).jpg
2011.04.24 14:22 B C:\Documents and Settings\Plenus\Meus Documentos\Loja_PMP\Site-Loja\siteplenus\images\macicos\_vti_cnf\mesas (10).jpg --> plenusplanejados.com.br /public_html/images/macicos/_vti_cnf mesas (10).jpg
2011.04.24 14:22 B C:\Documents and Settings\Plenus\Meus Documentos\Loja_PMP\Site-Loja\siteplenus\images\macicos\_vti_cnf\mesas (11).jpg --> plenusplanejados.com.br /public_html/images/macicos/_vti_cnf mesas (11).jpg
2011.04.24 14:22 B C:\Documents and Settings\Plenus\Meus Documentos\Loja_PMP\Site-Loja\siteplenus\images\macicos\_vti_cnf\mesas (12).jpg --> plenusplanejados.com.br /public_html/images/macicos/_vti_cnf mesas (12).jpg
2011.04.24 14:22 B C:\Documents and Settings\Plenus\Meus Documentos\Loja_PMP\Site-Loja\siteplenus\images\macicos\_vti_cnf\mesas (13).jpg --> plenusplanejados.com.br /public_html/images/macicos/_vti_cnf mesas (13).jpg
2011.04.24 14:22 B C:\Documents and Settings\Plenus\Meus Documentos\Loja_PMP\Site-Loja\siteplenus\images\macicos\_vti_cnf\mesas (14).jpg --> plenusplanejados.com.br /public_html/images/macicos/_vti_cnf mesas (14).jpg
2011.04.24 14:22 B C:\Documents and Settings\Plenus\Meus Documentos\Loja_PMP\Site-Loja\siteplenus\images\macicos\_vti_cnf\mesas (15).jpg --> plenusplanejados.com.br /public_html/images/macicos/_vti_cnf mesas (15).jpg
2011.04.24 14:22 B C:\Documents and Settings\Plenus\Meus Documentos\Loja_PMP\Site-Loja\siteplenus\images\macicos\_vti_cnf\mesas (16).jpg --> plenusplanejados.com.br /public_html/images/macicos/_vti_cnf mesas (16).jpg
2011.04.24 14:22 B C:\Documents and Settings\Plenus\Meus Documentos\Loja_PMP\Site-Loja\siteplenus\images\macicos\_vti_cnf\mesas (17).jpg --> plenusplanejados.com.br /public_html/images/macicos/_vti_cnf mesas (17).jpg
2011.04.24 14:22 B C:\Documents and Settings\Plenus\Meus Documentos\Loja_PMP\Site-Loja\siteplenus\images\macicos\_vti_cnf\mesas (18).jpg --> plenusplanejados.com.br /public_html/images/macicos/_vti_cnf mesas (18).jpg
2011.04.24 14:22 B C:\Documents and Settings\Plenus\Meus Documentos\Loja_PMP\Site-Loja\siteplenus\images\macicos\_vti_cnf\mesas (19).jpg --> plenusplanejados.com.br /public_html/images/macicos/_vti_cnf mesas (19).jpg
2011.04.24 14:22 B C:\Documents and Settings\Plenus\Meus Documentos\Loja_PMP\Site-Loja\siteplenus\images\macicos\_vti_cnf\mesas (2).JPG --> plenusplanejados.com.br /public_html/images/macicos/_vti_cnf mesas (2).JPG
2011.04.24 14:22 B C:\Documents and Settings\Plenus\Meus Documentos\Loja_PMP\Site-Loja\siteplenus\images\macicos\_vti_cnf\mesas (20).jpg --> plenusplanejados.com.br /public_html/images/macicos/_vti_cnf mesas (20).jpg
2011.04.24 14:22 B C:\Documents and Settings\Plenus\Meus Documentos\Loja_PMP\Site-Loja\siteplenus\images\macicos\_vti_cnf\mesas (21).jpg --> plenusplanejados.com.br /public_html/images/macicos/_vti_cnf mesas (21).jpg
2011.04.24 14:22 B C:\Documents and Settings\Plenus\Meus Documentos\Loja_PMP\Site-Loja\siteplenus\images\macicos\_vti_cnf\mesas (22).jpg --> plenusplanejados.com.br /public_html/images/macicos/_vti_cnf mesas (22).jpg
2011.04.24 14:22 B C:\Documents and Settings\Plenus\Meus Documentos\Loja_PMP\Site-Loja\siteplenus\images\macicos\_vti_cnf\mesas (23).jpg --> plenusplanejados.com.br /public_html/images/macicos/_vti_cnf mesas (23).jpg
2011.04.24 14:22 B C:\Documents and Settings\Plenus\Meus Documentos\Loja_PMP\Site-Loja\siteplenus\images\macicos\_vti_cnf\mesas (3).jpg --> plenusplanejados.com.br /public_html/images/macicos/_vti_cnf mesas (3).jpg
2011.04.24 14:22 B C:\Documents and Settings\Plenus\Meus Documentos\Loja_PMP\Site-Loja\siteplenus\images\macicos\_vti_cnf\mesas (4).jpg --> plenusplanejados.com.br /public_html/images/macicos/_vti_cnf mesas (4).jpg
2011.04.24 14:22 B C:\Documents and Settings\Plenus\Meus Documentos\Loja_PMP\Site-Loja\siteplenus\images\macicos\_vti_cnf\mesas (5).jpg --> plenusplanejados.com.br /public_html/images/macicos/_vti_cnf mesas (5).jpg
2011.04.24 14:22 B C:\Documents and Settings\Plenus\Meus Documentos\Loja_PMP\Site-Loja\siteplenus\images\macicos\_vti_cnf\mesas (6).jpg --> plenusplanejados.com.br /public_html/images/macicos/_vti_cnf mesas (6).jpg
2011.04.24 14:22 B C:\Documents and Settings\Plenus\Meus Documentos\Loja_PMP\Site-Loja\siteplenus\images\macicos\_vti_cnf\mesas (7).jpg --> plenusplanejados.com.br /public_html/images/macicos/_vti_cnf mesas (7).jpg
2011.04.24 14:22 B C:\Documents and Settings\Plenus\Meus Documentos\Loja_PMP\Site-Loja\siteplenus\images\macicos\_vti_cnf\mesas (8).jpg --> plenusplanejados.com.br /public_html/images/macicos/_vti_cnf mesas (8).jpg
2011.04.24 14:22 B C:\Documents and Settings\Plenus\Meus Documentos\Loja_PMP\Site-Loja\siteplenus\images\macicos\_vti_cnf\mesas (9).JPG --> plenusplanejados.com.br /public_html/images/macicos/_vti_cnf mesas (9).JPG
2011.04.24 14:22 B C:\Documents and Settings\Plenus\Meus Documentos\Loja_PMP\Site-Loja\siteplenus\images\macicos\_vti_cnf\mesas.jpg --> plenusplanejados.com.br /public_html/images/macicos/_vti_cnf mesas.jpg
2011.04.24 14:22 B C:\Documents and Settings\Plenus\Meus Documentos\Loja_PMP\Site-Loja\siteplenus\images\macicos\_vti_cnf\penteadeira (1).jpg --> plenusplanejados.com.br /public_html/images/macicos/_vti_cnf penteadeira (1).jpg
2011.04.24 14:22 B C:\Documents and Settings\Plenus\Meus Documentos\Loja_PMP\Site-Loja\siteplenus\images\macicos\_vti_cnf\penteadeira (2).jpg --> plenusplanejados.com.br /public_html/images/macicos/_vti_cnf penteadeira (2).jpg
2011.04.24 14:22 B C:\Documents and Settings\Plenus\Meus Documentos\Loja_PMP\Site-Loja\siteplenus\images\macicos\_vti_cnf\penteadeira (3).jpg --> plenusplanejados.com.br /public_html/images/macicos/_vti_cnf penteadeira (3).jpg
2011.04.24 14:22 B C:\Documents and Settings\Plenus\Meus Documentos\Loja_PMP\Site-Loja\siteplenus\images\macicos\_vti_cnf\penteadeira.jpg --> plenusplanejados.com.br /public_html/images/macicos/_vti_cnf penteadeira.jpg
2011.04.24 14:22 B C:\Documents and Settings\Plenus\Meus Documentos\Loja_PMP\Site-Loja\siteplenus\images\macicos\_vti_cnf\pochola (1).jpg --> plenusplanejados.com.br /public_html/images/macicos/_vti_cnf pochola (1).jpg
2011.04.24 14:22 B C:\Documents and Settings\Plenus\Meus Documentos\Loja_PMP\Site-Loja\siteplenus\images\macicos\_vti_cnf\pochola (2).jpg --> plenusplanejados.com.br /public_html/images/macicos/_vti_cnf pochola (2).jpg
2011.04.24 14:22 B C:\Documents and Settings\Plenus\Meus Documentos\Loja_PMP\Site-Loja\siteplenus\images\macicos\_vti_cnf\pochola.jpg --> plenusplanejados.com.br /public_html/images/macicos/_vti_cnf pochola.jpg
2011.04.24 14:22 B C:\Documents and Settings\Plenus\Meus Documentos\Loja_PMP\Site-Loja\siteplenus\images\macicos\_vti_cnf\portal (1).jpg --> plenusplanejados.com.br /public_html/images/macicos/_vti_cnf portal (1).jpg
2011.04.24 14:22 B C:\Documents and Settings\Plenus\Meus Documentos\Loja_PMP\Site-Loja\siteplenus\images\macicos\_vti_cnf\portal.jpg --> plenusplanejados.com.br /public_html/images/macicos/_vti_cnf portal.jpg
2011.04.24 14:22 B C:\Documents and Settings\Plenus\Meus Documentos\Loja_PMP\Site-Loja\siteplenus\images\macicos\_vti_cnf\rusticos (1).jpg --> plenusplanejados.com.br /public_html/images/macicos/_vti_cnf rusticos (1).jpg
2011.04.24 14:22 B C:\Documents and Settings\Plenus\Meus Documentos\Loja_PMP\Site-Loja\siteplenus\images\macicos\_vti_cnf\rusticos (10).jpg --> plenusplanejados.com.br /public_html/images/macicos/_vti_cnf rusticos (10).jpg
2011.04.24 14:22 B C:\Documents and Settings\Plenus\Meus Documentos\Loja_PMP\Site-Loja\siteplenus\images\macicos\_vti_cnf\rusticos (11).jpg --> plenusplanejados.com.br /public_html/images/macicos/_vti_cnf rusticos (11).jpg
2011.04.24 14:22 B C:\Documents and Settings\Plenus\Meus Documentos\Loja_PMP\Site-Loja\siteplenus\images\macicos\_vti_cnf\rusticos (12).jpg --> plenusplanejados.com.br /public_html/images/macicos/_vti_cnf rusticos (12).jpg
2011.04.24 14:22 B C:\Documents and Settings\Plenus\Meus Documentos\Loja_PMP\Site-Loja\siteplenus\images\macicos\_vti_cnf\rusticos (13).jpg --> plenusplanejados.com.br /public_html/images/macicos/_vti_cnf rusticos (13).jpg
2011.04.24 14:22 B C:\Documents and Settings\Plenus\Meus Documentos\Loja_PMP\Site-Loja\siteplenus\images\macicos\_vti_cnf\rusticos (14).jpg --> plenusplanejados.com.br /public_html/images/macicos/_vti_cnf rusticos (14).jpg
2011.04.24 14:22 B C:\Documents and Settings\Plenus\Meus Documentos\Loja_PMP\Site-Loja\siteplenus\images\macicos\_vti_cnf\rusticos (15).jpg --> plenusplanejados.com.br /public_html/images/macicos/_vti_cnf rusticos (15).jpg
2011.04.24 14:22 B C:\Documents and Settings\Plenus\Meus Documentos\Loja_PMP\Site-Loja\siteplenus\images\macicos\_vti_cnf\rusticos (16).jpg --> plenusplanejados.com.br /public_html/images/macicos/_vti_cnf rusticos (16).jpg
2011.04.24 14:22 B C:\Documents and Settings\Plenus\Meus Documentos\Loja_PMP\Site-Loja\siteplenus\images\macicos\_vti_cnf\rusticos (17).jpg --> plenusplanejados.com.br /public_html/images/macicos/_vti_cnf rusticos (17).jpg
2011.04.24 14:22 B C:\Documents and Settings\Plenus\Meus Documentos\Loja_PMP\Site-Loja\siteplenus\images\macicos\_vti_cnf\rusticos (18).jpg --> plenusplanejados.com.br /public_html/images/macicos/_vti_cnf rusticos (18).jpg
2011.04.24 14:22 B C:\Documents and Settings\Plenus\Meus Documentos\Loja_PMP\Site-Loja\siteplenus\images\macicos\_vti_cnf\rusticos (19).jpg --> plenusplanejados.com.br /public_html/images/macicos/_vti_cnf rusticos (19).jpg
2011.04.24 14:22 B C:\Documents and Settings\Plenus\Meus Documentos\Loja_PMP\Site-Loja\siteplenus\images\macicos\_vti_cnf\rusticos (2).jpg --> plenusplanejados.com.br /public_html/images/macicos/_vti_cnf rusticos (2).jpg
2011.04.24 14:22 B C:\Documents and Settings\Plenus\Meus Documentos\Loja_PMP\Site-Loja\siteplenus\images\macicos\_vti_cnf\rusticos (20).jpg --> plenusplanejados.com.br /public_html/images/macicos/_vti_cnf rusticos (20).jpg
2011.04.24 14:22 B C:\Documents and Settings\Plenus\Meus Documentos\Loja_PMP\Site-Loja\siteplenus\images\macicos\_vti_cnf\rusticos (21).jpg --> plenusplanejados.com.br /public_html/images/macicos/_vti_cnf rusticos (21).jpg
2011.04.24 14:22 B C:\Documents and Settings\Plenus\Meus Documentos\Loja_PMP\Site-Loja\siteplenus\images\macicos\_vti_cnf\rusticos (22).jpg --> plenusplanejados.com.br /public_html/images/macicos/_vti_cnf rusticos (22).jpg
2011.04.24 14:22 B C:\Documents and Settings\Plenus\Meus Documentos\Loja_PMP\Site-Loja\siteplenus\images\macicos\_vti_cnf\rusticos (23).jpg --> plenusplanejados.com.br /public_html/images/macicos/_vti_cnf rusticos (23).jpg
2011.04.24 14:22 B C:\Documents and Settings\Plenus\Meus Documentos\Loja_PMP\Site-Loja\siteplenus\images\macicos\_vti_cnf\rusticos (24).jpg --> plenusplanejados.com.br /public_html/images/macicos/_vti_cnf rusticos (24).jpg
2011.04.24 14:22 B C:\Documents and Settings\Plenus\Meus Documentos\Loja_PMP\Site-Loja\siteplenus\images\macicos\_vti_cnf\rusticos (25).jpg --> plenusplanejados.com.br /public_html/images/macicos/_vti_cnf rusticos (25).jpg
2011.04.24 14:22 B C:\Documents and Settings\Plenus\Meus Documentos\Loja_PMP\Site-Loja\siteplenus\images\macicos\_vti_cnf\rusticos (26).jpg --> plenusplanejados.com.br /public_html/images/macicos/_vti_cnf rusticos (26).jpg
2011.04.24 14:22 B C:\Documents and Settings\Plenus\Meus Documentos\Loja_PMP\Site-Loja\siteplenus\images\macicos\_vti_cnf\rusticos (27).jpg --> plenusplanejados.com.br /public_html/images/macicos/_vti_cnf rusticos (27).jpg
2011.04.24 14:22 B C:\Documents and Settings\Plenus\Meus Documentos\Loja_PMP\Site-Loja\siteplenus\images\macicos\_vti_cnf\rusticos (28).jpg --> plenusplanejados.com.br /public_html/images/macicos/_vti_cnf rusticos (28).jpg
2011.04.24 14:22 B C:\Documents and Settings\Plenus\Meus Documentos\Loja_PMP\Site-Loja\siteplenus\images\macicos\_vti_cnf\rusticos (29).jpg --> plenusplanejados.com.br /public_html/images/macicos/_vti_cnf rusticos (29).jpg
2011.04.24 14:22 B C:\Documents and Settings\Plenus\Meus Documentos\Loja_PMP\Site-Loja\siteplenus\images\macicos\_vti_cnf\rusticos (3).jpg --> plenusplanejados.com.br /public_html/images/macicos/_vti_cnf rusticos (3).jpg
2011.04.24 14:22 B C:\Documents and Settings\Plenus\Meus Documentos\Loja_PMP\Site-Loja\siteplenus\images\macicos\_vti_cnf\rusticos (30).jpg --> plenusplanejados.com.br /public_html/images/macicos/_vti_cnf rusticos (30).jpg
2011.04.24 14:22 B C:\Documents and Settings\Plenus\Meus Documentos\Loja_PMP\Site-Loja\siteplenus\images\macicos\_vti_cnf\rusticos (31).jpg --> plenusplanejados.com.br /public_html/images/macicos/_vti_cnf rusticos (31).jpg
2011.04.24 14:22 B C:\Documents and Settings\Plenus\Meus Documentos\Loja_PMP\Site-Loja\siteplenus\images\macicos\_vti_cnf\rusticos (32).jpg --> plenusplanejados.com.br /public_html/images/macicos/_vti_cnf rusticos (32).jpg
2011.04.24 14:22 B C:\Documents and Settings\Plenus\Meus Documentos\Loja_PMP\Site-Loja\siteplenus\images\macicos\_vti_cnf\rusticos (33).jpg --> plenusplanejados.com.br /public_html/images/macicos/_vti_cnf rusticos (33).jpg
2011.04.24 14:22 B C:\Documents and Settings\Plenus\Meus Documentos\Loja_PMP\Site-Loja\siteplenus\images\macicos\_vti_cnf\rusticos (34).jpg --> plenusplanejados.com.br /public_html/images/macicos/_vti_cnf rusticos (34).jpg
2011.04.24 14:23 B C:\Documents and Settings\Plenus\Meus Documentos\Loja_PMP\Site-Loja\siteplenus\images\macicos\_vti_cnf\rusticos (35).jpg --> plenusplanejados.com.br /public_html/images/macicos/_vti_cnf rusticos (35).jpg
2011.04.24 14:23 B C:\Documents and Settings\Plenus\Meus Documentos\Loja_PMP\Site-Loja\siteplenus\images\macicos\_vti_cnf\rusticos (36).jpg --> plenusplanejados.com.br /public_html/images/macicos/_vti_cnf rusticos (36).jpg
2011.04.24 14:23 B C:\Documents and Settings\Plenus\Meus Documentos\Loja_PMP\Site-Loja\siteplenus\images\macicos\_vti_cnf\rusticos (37).jpg --> plenusplanejados.com.br /public_html/images/macicos/_vti_cnf rusticos (37).jpg
2011.04.24 14:23 B C:\Documents and Settings\Plenus\Meus Documentos\Loja_PMP\Site-Loja\siteplenus\images\macicos\_vti_cnf\rusticos (38).jpg --> plenusplanejados.com.br /public_html/images/macicos/_vti_cnf rusticos (38).jpg
2011.04.24 14:23 B C:\Documents and Settings\Plenus\Meus Documentos\Loja_PMP\Site-Loja\siteplenus\images\macicos\_vti_cnf\rusticos (39).jpg --> plenusplanejados.com.br /public_html/images/macicos/_vti_cnf rusticos (39).jpg
2011.04.24 14:23 B C:\Documents and Settings\Plenus\Meus Documentos\Loja_PMP\Site-Loja\siteplenus\images\macicos\_vti_cnf\rusticos (4).jpg --> plenusplanejados.com.br /public_html/images/macicos/_vti_cnf rusticos (4).jpg
2011.04.24 14:23 B C:\Documents and Settings\Plenus\Meus Documentos\Loja_PMP\Site-Loja\siteplenus\images\macicos\_vti_cnf\rusticos (40).jpg --> plenusplanejados.com.br /public_html/images/macicos/_vti_cnf rusticos (40).jpg
2011.04.24 14:23 B C:\Documents and Settings\Plenus\Meus Documentos\Loja_PMP\Site-Loja\siteplenus\images\macicos\_vti_cnf\rusticos (41).jpg --> plenusplanejados.com.br /public_html/images/macicos/_vti_cnf rusticos (41).jpg
2011.04.24 14:23 B C:\Documents and Settings\Plenus\Meus Documentos\Loja_PMP\Site-Loja\siteplenus\images\macicos\_vti_cnf\rusticos (42).jpg --> plenusplanejados.com.br /public_html/images/macicos/_vti_cnf rusticos (42).jpg
2011.04.24 14:23 B C:\Documents and Settings\Plenus\Meus Documentos\Loja_PMP\Site-Loja\siteplenus\images\macicos\_vti_cnf\rusticos (43).jpg --> plenusplanejados.com.br /public_html/images/macicos/_vti_cnf rusticos (43).jpg
2011.04.24 14:23 B C:\Documents and Settings\Plenus\Meus Documentos\Loja_PMP\Site-Loja\siteplenus\images\macicos\_vti_cnf\rusticos (44).jpg --> plenusplanejados.com.br /public_html/images/macicos/_vti_cnf rusticos (44).jpg
2011.04.24 14:23 B C:\Documents and Settings\Plenus\Meus Documentos\Loja_PMP\Site-Loja\siteplenus\images\macicos\_vti_cnf\rusticos (45).jpg --> plenusplanejados.com.br /public_html/images/macicos/_vti_cnf rusticos (45).jpg
2011.04.24 14:23 B C:\Documents and Settings\Plenus\Meus Documentos\Loja_PMP\Site-Loja\siteplenus\images\macicos\_vti_cnf\rusticos (46).jpg --> plenusplanejados.com.br /public_html/images/macicos/_vti_cnf rusticos (46).jpg
2011.04.24 14:23 B C:\Documents and Settings\Plenus\Meus Documentos\Loja_PMP\Site-Loja\siteplenus\images\macicos\_vti_cnf\rusticos (47).jpg --> plenusplanejados.com.br /public_html/images/macicos/_vti_cnf rusticos (47).jpg
2011.04.24 14:23 B C:\Documents and Settings\Plenus\Meus Documentos\Loja_PMP\Site-Loja\siteplenus\images\macicos\_vti_cnf\rusticos (48).jpg --> plenusplanejados.com.br /public_html/images/macicos/_vti_cnf rusticos (48).jpg
2011.04.24 14:23 B C:\Documents and Settings\Plenus\Meus Documentos\Loja_PMP\Site-Loja\siteplenus\images\macicos\_vti_cnf\rusticos (49).jpg --> plenusplanejados.com.br /public_html/images/macicos/_vti_cnf rusticos (49).jpg
2011.04.24 14:23 B C:\Documents and Settings\Plenus\Meus Documentos\Loja_PMP\Site-Loja\siteplenus\images\macicos\_vti_cnf\rusticos (5).jpg --> plenusplanejados.com.br /public_html/images/macicos/_vti_cnf rusticos (5).jpg
2011.04.24 14:23 B C:\Documents and Settings\Plenus\Meus Documentos\Loja_PMP\Site-Loja\siteplenus\images\macicos\_vti_cnf\rusticos (50).jpg --> plenusplanejados.com.br /public_html/images/macicos/_vti_cnf rusticos (50).jpg
2011.04.24 14:23 B C:\Documents and Settings\Plenus\Meus Documentos\Loja_PMP\Site-Loja\siteplenus\images\macicos\_vti_cnf\rusticos (6).jpg --> plenusplanejados.com.br /public_html/images/macicos/_vti_cnf rusticos (6).jpg
2011.04.24 14:23 B C:\Documents and Settings\Plenus\Meus Documentos\Loja_PMP\Site-Loja\siteplenus\images\macicos\_vti_cnf\rusticos (7).jpg --> plenusplanejados.com.br /public_html/images/macicos/_vti_cnf rusticos (7).jpg
2011.04.24 14:23 B C:\Documents and Settings\Plenus\Meus Documentos\Loja_PMP\Site-Loja\siteplenus\images\macicos\_vti_cnf\rusticos (8).jpg --> plenusplanejados.com.br /public_html/images/macicos/_vti_cnf rusticos (8).jpg
2011.04.24 14:23 B C:\Documents and Settings\Plenus\Meus Documentos\Loja_PMP\Site-Loja\siteplenus\images\macicos\_vti_cnf\rusticos (9).jpg --> plenusplanejados.com.br /public_html/images/macicos/_vti_cnf rusticos (9).jpg
2011.04.24 14:23 B C:\Documents and Settings\Plenus\Meus Documentos\Loja_PMP\Site-Loja\siteplenus\images\macicos\_vti_cnf\rusticos.jpg --> plenusplanejados.com.br /public_html/images/macicos/_vti_cnf rusticos.jpg
2011.04.24 14:23 B C:\Documents and Settings\Plenus\Meus Documentos\Loja_PMP\Site-Loja\siteplenus\images\macicos\_vti_cnf\Thumbs.db --> plenusplanejados.com.br /public_html/images/macicos/_vti_cnf Thumbs.db
118.04.16 14:29 B C:\Users\Administrador\Documents\Loja_PMP\Site-Loja\siteplenus\images\macicos\_vti_cnf\aparador (1).jpg --> plenusplanejados.com.br /images/macicos/_vti_cnf aparador (1).jpg
118.04.16 14:29 B C:\Users\Administrador\Documents\Loja_PMP\Site-Loja\siteplenus\images\macicos\_vti_cnf\aparador (2).jpg --> plenusplanejados.com.br /images/macicos/_vti_cnf aparador (2).jpg
118.04.16 14:29 B C:\Users\Administrador\Documents\Loja_PMP\Site-Loja\siteplenus\images\macicos\_vti_cnf\aparador (3).jpg --> plenusplanejados.com.br /images/macicos/_vti_cnf aparador (3).jpg
118.04.16 14:29 B C:\Users\Administrador\Documents\Loja_PMP\Site-Loja\siteplenus\images\macicos\_vti_cnf\aparador (4).jpg --> plenusplanejados.com.br /images/macicos/_vti_cnf aparador (4).jpg
118.04.16 14:29 B C:\Users\Administrador\Documents\Loja_PMP\Site-Loja\siteplenus\images\macicos\_vti_cnf\aparador (5).jpg --> plenusplanejados.com.br /images/macicos/_vti_cnf aparador (5).jpg
118.04.16 14:29 B C:\Users\Administrador\Documents\Loja_PMP\Site-Loja\siteplenus\images\macicos\_vti_cnf\aparador (6).jpg --> plenusplanejados.com.br /images/macicos/_vti_cnf aparador (6).jpg
118.04.16 14:29 B C:\Users\Administrador\Documents\Loja_PMP\Site-Loja\siteplenus\images\macicos\_vti_cnf\aparador (7).jpg --> plenusplanejados.com.br /images/macicos/_vti_cnf aparador (7).jpg
118.04.16 14:30 B C:\Users\Administrador\Documents\Loja_PMP\Site-Loja\siteplenus\images\macicos\_vti_cnf\aparador.jpg --> plenusplanejados.com.br /images/macicos/_vti_cnf aparador.jpg
118.04.16 14:30 B C:\Users\Administrador\Documents\Loja_PMP\Site-Loja\siteplenus\images\macicos\_vti_cnf\armario (1).jpg --> plenusplanejados.com.br /images/macicos/_vti_cnf armario (1).jpg
118.04.16 14:30 B C:\Users\Administrador\Documents\Loja_PMP\Site-Loja\siteplenus\images\macicos\_vti_cnf\armario (10).jpg --> plenusplanejados.com.br /images/macicos/_vti_cnf armario (10).jpg
118.04.16 14:30 B C:\Users\Administrador\Documents\Loja_PMP\Site-Loja\siteplenus\images\macicos\_vti_cnf\armario (11).jpg --> plenusplanejados.com.br /images/macicos/_vti_cnf armario (11).jpg
118.04.16 14:30 B C:\Users\Administrador\Documents\Loja_PMP\Site-Loja\siteplenus\images\macicos\_vti_cnf\armario (12).jpg --> plenusplanejados.com.br /images/macicos/_vti_cnf armario (12).jpg
118.04.16 14:30 B C:\Users\Administrador\Documents\Loja_PMP\Site-Loja\siteplenus\images\macicos\_vti_cnf\armario (13).jpg --> plenusplanejados.com.br /images/macicos/_vti_cnf armario (13).jpg
118.04.16 14:30 B C:\Users\Administrador\Documents\Loja_PMP\Site-Loja\siteplenus\images\macicos\_vti_cnf\armario (14).jpg --> plenusplanejados.com.br /images/macicos/_vti_cnf armario (14).jpg
118.04.16 14:30 B C:\Users\Administrador\Documents\Loja_PMP\Site-Loja\siteplenus\images\macicos\_vti_cnf\armario (2).jpg --> plenusplanejados.com.br /images/macicos/_vti_cnf armario (2).jpg
118.04.16 14:30 B C:\Users\Administrador\Documents\Loja_PMP\Site-Loja\siteplenus\images\macicos\_vti_cnf\armario (3).jpg --> plenusplanejados.com.br /images/macicos/_vti_cnf armario (3).jpg
118.04.16 14:30 B C:\Users\Administrador\Documents\Loja_PMP\Site-Loja\siteplenus\images\macicos\_vti_cnf\armario (4).jpg --> plenusplanejados.com.br /images/macicos/_vti_cnf armario (4).jpg
118.04.16 14:30 B C:\Users\Administrador\Documents\Loja_PMP\Site-Loja\siteplenus\images\macicos\_vti_cnf\armario (5).jpg --> plenusplanejados.com.br /images/macicos/_vti_cnf armario (5).jpg
118.04.16 14:30 B C:\Users\Administrador\Documents\Loja_PMP\Site-Loja\siteplenus\images\macicos\_vti_cnf\armario (6).jpg --> plenusplanejados.com.br /images/macicos/_vti_cnf armario (6).jpg
118.04.16 14:30 B C:\Users\Administrador\Documents\Loja_PMP\Site-Loja\siteplenus\images\macicos\_vti_cnf\armario (7).jpg --> plenusplanejados.com.br /images/macicos/_vti_cnf armario (7).jpg
118.04.16 14:30 B C:\Users\Administrador\Documents\Loja_PMP\Site-Loja\siteplenus\images\macicos\_vti_cnf\armario (8).jpg --> plenusplanejados.com.br /images/macicos/_vti_cnf armario (8).jpg
118.04.16 14:30 B C:\Users\Administrador\Documents\Loja_PMP\Site-Loja\siteplenus\images\macicos\_vti_cnf\armario (9).jpg --> plenusplanejados.com.br /images/macicos/_vti_cnf armario (9).jpg
118.04.16 14:30 B C:\Users\Administrador\Documents\Loja_PMP\Site-Loja\siteplenus\images\macicos\_vti_cnf\armario.jpg --> plenusplanejados.com.br /images/macicos/_vti_cnf armario.jpg
118.04.16 14:30 B C:\Users\Administrador\Documents\Loja_PMP\Site-Loja\siteplenus\images\macicos\_vti_cnf\bambu (1).jpg --> plenusplanejados.com.br /images/macicos/_vti_cnf bambu (1).jpg
118.04.16 14:30 B C:\Users\Administrador\Documents\Loja_PMP\Site-Loja\siteplenus\images\macicos\_vti_cnf\bambu.jpg --> plenusplanejados.com.br /images/macicos/_vti_cnf bambu.jpg
118.04.16 14:30 B C:\Users\Administrador\Documents\Loja_PMP\Site-Loja\siteplenus\images\macicos\_vti_cnf\banc (1).jpg --> plenusplanejados.com.br /images/macicos/_vti_cnf banc (1).jpg
118.04.16 14:30 B C:\Users\Administrador\Documents\Loja_PMP\Site-Loja\siteplenus\images\macicos\_vti_cnf\banc (2).jpg --> plenusplanejados.com.br /images/macicos/_vti_cnf banc (2).jpg
118.04.16 14:30 B C:\Users\Administrador\Documents\Loja_PMP\Site-Loja\siteplenus\images\macicos\_vti_cnf\banc (3).jpg --> plenusplanejados.com.br /images/macicos/_vti_cnf banc (3).jpg
118.04.16 14:30 B C:\Users\Administrador\Documents\Loja_PMP\Site-Loja\siteplenus\images\macicos\_vti_cnf\banc (4).jpg --> plenusplanejados.com.br /images/macicos/_vti_cnf banc (4).jpg
118.04.16 14:30 B C:\Users\Administrador\Documents\Loja_PMP\Site-Loja\siteplenus\images\macicos\_vti_cnf\banc (5).jpg --> plenusplanejados.com.br /images/macicos/_vti_cnf banc (5).jpg
118.04.16 14:30 B C:\Users\Administrador\Documents\Loja_PMP\Site-Loja\siteplenus\images\macicos\_vti_cnf\banc (6).jpg --> plenusplanejados.com.br /images/macicos/_vti_cnf banc (6).jpg
118.04.16 14:30 B C:\Users\Administrador\Documents\Loja_PMP\Site-Loja\siteplenus\images\macicos\_vti_cnf\banc (7).jpg --> plenusplanejados.com.br /images/macicos/_vti_cnf banc (7).jpg
118.04.16 14:30 B C:\Users\Administrador\Documents\Loja_PMP\Site-Loja\siteplenus\images\macicos\_vti_cnf\banc.jpg --> plenusplanejados.com.br /images/macicos/_vti_cnf banc.jpg
118.04.16 14:30 B C:\Users\Administrador\Documents\Loja_PMP\Site-Loja\siteplenus\images\macicos\_vti_cnf\banqueta (1).jpg --> plenusplanejados.com.br /images/macicos/_vti_cnf banqueta (1).jpg
118.04.16 14:30 B C:\Users\Administrador\Documents\Loja_PMP\Site-Loja\siteplenus\images\macicos\_vti_cnf\banqueta.jpg --> plenusplanejados.com.br /images/macicos/_vti_cnf banqueta.jpg
118.04.16 14:30 B C:\Users\Administrador\Documents\Loja_PMP\Site-Loja\siteplenus\images\macicos\_vti_cnf\barz (1).jpg --> plenusplanejados.com.br /images/macicos/_vti_cnf barz (1).jpg
118.04.16 14:30 B C:\Users\Administrador\Documents\Loja_PMP\Site-Loja\siteplenus\images\macicos\_vti_cnf\barz (2).jpg --> plenusplanejados.com.br /images/macicos/_vti_cnf barz (2).jpg
118.04.16 14:30 B C:\Users\Administrador\Documents\Loja_PMP\Site-Loja\siteplenus\images\macicos\_vti_cnf\barz (3).jpg --> plenusplanejados.com.br /images/macicos/_vti_cnf barz (3).jpg
118.04.16 14:30 B C:\Users\Administrador\Documents\Loja_PMP\Site-Loja\siteplenus\images\macicos\_vti_cnf\barz.jpg --> plenusplanejados.com.br /images/macicos/_vti_cnf barz.jpg
118.04.16 14:30 B C:\Users\Administrador\Documents\Loja_PMP\Site-Loja\siteplenus\images\macicos\_vti_cnf\bau.jpg --> plenusplanejados.com.br /images/macicos/_vti_cnf bau.jpg
118.04.16 14:30 B C:\Users\Administrador\Documents\Loja_PMP\Site-Loja\siteplenus\images\macicos\_vti_cnf\baus (1).jpg --> plenusplanejados.com.br /images/macicos/_vti_cnf baus (1).jpg
118.04.16 14:30 B C:\Users\Administrador\Documents\Loja_PMP\Site-Loja\siteplenus\images\macicos\_vti_cnf\baus (2).jpg --> plenusplanejados.com.br /images/macicos/_vti_cnf baus (2).jpg
118.04.16 14:30 B C:\Users\Administrador\Documents\Loja_PMP\Site-Loja\siteplenus\images\macicos\_vti_cnf\baus (3).jpg --> plenusplanejados.com.br /images/macicos/_vti_cnf baus (3).jpg
118.04.16 14:30 B C:\Users\Administrador\Documents\Loja_PMP\Site-Loja\siteplenus\images\macicos\_vti_cnf\baus (4).jpg --> plenusplanejados.com.br /images/macicos/_vti_cnf baus (4).jpg
118.04.16 14:30 B C:\Users\Administrador\Documents\Loja_PMP\Site-Loja\siteplenus\images\macicos\_vti_cnf\baus.jpg --> plenusplanejados.com.br /images/macicos/_vti_cnf baus.jpg
118.04.16 14:30 B C:\Users\Administrador\Documents\Loja_PMP\Site-Loja\siteplenus\images\macicos\_vti_cnf\buffer (1).jpg --> plenusplanejados.com.br /images/macicos/_vti_cnf buffer (1).jpg
118.04.16 14:30 B C:\Users\Administrador\Documents\Loja_PMP\Site-Loja\siteplenus\images\macicos\_vti_cnf\buffer (2).jpg --> plenusplanejados.com.br /images/macicos/_vti_cnf buffer (2).jpg
118.04.16 14:30 B C:\Users\Administrador\Documents\Loja_PMP\Site-Loja\siteplenus\images\macicos\_vti_cnf\buffer.jpg --> plenusplanejados.com.br /images/macicos/_vti_cnf buffer.jpg
118.04.16 14:30 B C:\Users\Administrador\Documents\Loja_PMP\Site-Loja\siteplenus\images\macicos\_vti_cnf\cabideiro.jpg --> plenusplanejados.com.br /images/macicos/_vti_cnf cabideiro.jpg
118.04.16 14:30 B C:\Users\Administrador\Documents\Loja_PMP\Site-Loja\siteplenus\images\macicos\_vti_cnf\cadeira (1).jpg --> plenusplanejados.com.br /images/macicos/_vti_cnf cadeira (1).jpg
118.04.16 14:30 B C:\Users\Administrador\Documents\Loja_PMP\Site-Loja\siteplenus\images\macicos\_vti_cnf\cadeira (10).jpg --> plenusplanejados.com.br /images/macicos/_vti_cnf cadeira (10).jpg
118.04.16 14:30 B C:\Users\Administrador\Documents\Loja_PMP\Site-Loja\siteplenus\images\macicos\_vti_cnf\cadeira (11).jpg --> plenusplanejados.com.br /images/macicos/_vti_cnf cadeira (11).jpg
118.04.16 14:30 B C:\Users\Administrador\Documents\Loja_PMP\Site-Loja\siteplenus\images\macicos\_vti_cnf\cadeira (12).jpg --> plenusplanejados.com.br /images/macicos/_vti_cnf cadeira (12).jpg
118.04.16 14:30 B C:\Users\Administrador\Documents\Loja_PMP\Site-Loja\siteplenus\images\macicos\_vti_cnf\cadeira (13).jpg --> plenusplanejados.com.br /images/macicos/_vti_cnf cadeira (13).jpg
118.04.16 14:30 B C:\Users\Administrador\Documents\Loja_PMP\Site-Loja\siteplenus\images\macicos\_vti_cnf\cadeira (14).jpg --> plenusplanejados.com.br /images/macicos/_vti_cnf cadeira (14).jpg
118.04.16 14:30 B C:\Users\Administrador\Documents\Loja_PMP\Site-Loja\siteplenus\images\macicos\_vti_cnf\cadeira (15).jpg --> plenusplanejados.com.br /images/macicos/_vti_cnf cadeira (15).jpg
118.04.16 14:30 B C:\Users\Administrador\Documents\Loja_PMP\Site-Loja\siteplenus\images\macicos\_vti_cnf\cadeira (2).jpg --> plenusplanejados.com.br /images/macicos/_vti_cnf cadeira (2).jpg
118.04.16 14:30 B C:\Users\Administrador\Documents\Loja_PMP\Site-Loja\siteplenus\images\macicos\_vti_cnf\cadeira (3).jpg --> plenusplanejados.com.br /images/macicos/_vti_cnf cadeira (3).jpg
118.04.16 14:30 B C:\Users\Administrador\Documents\Loja_PMP\Site-Loja\siteplenus\images\macicos\_vti_cnf\cadeira (4).jpg --> plenusplanejados.com.br /images/macicos/_vti_cnf cadeira (4).jpg
118.04.16 14:30 B C:\Users\Administrador\Documents\Loja_PMP\Site-Loja\siteplenus\images\macicos\_vti_cnf\cadeira (5).jpg --> plenusplanejados.com.br /images/macicos/_vti_cnf cadeira (5).jpg
118.04.16 14:30 B C:\Users\Administrador\Documents\Loja_PMP\Site-Loja\siteplenus\images\macicos\_vti_cnf\cadeira (6).jpg --> plenusplanejados.com.br /images/macicos/_vti_cnf cadeira (6).jpg
118.04.16 14:30 B C:\Users\Administrador\Documents\Loja_PMP\Site-Loja\siteplenus\images\macicos\_vti_cnf\cadeira (7).jpg --> plenusplanejados.com.br /images/macicos/_vti_cnf cadeira (7).jpg
118.04.16 14:30 B C:\Users\Administrador\Documents\Loja_PMP\Site-Loja\siteplenus\images\macicos\_vti_cnf\cadeira (8).JPG --> plenusplanejados.com.br /images/macicos/_vti_cnf cadeira (8).JPG
118.04.16 14:30 B C:\Users\Administrador\Documents\Loja_PMP\Site-Loja\siteplenus\images\macicos\_vti_cnf\cadeira (9).jpg --> plenusplanejados.com.br /images/macicos/_vti_cnf cadeira (9).jpg
118.04.16 14:30 B C:\Users\Administrador\Documents\Loja_PMP\Site-Loja\siteplenus\images\macicos\_vti_cnf\cadeira.jpg --> plenusplanejados.com.br /images/macicos/_vti_cnf cadeira.jpg
118.04.16 14:30 B C:\Users\Administrador\Documents\Loja_PMP\Site-Loja\siteplenus\images\macicos\_vti_cnf\camas.jpg --> plenusplanejados.com.br /images/macicos/_vti_cnf camas.jpg
118.04.16 14:30 B C:\Users\Administrador\Documents\Loja_PMP\Site-Loja\siteplenus\images\macicos\_vti_cnf\camas1.jpg --> plenusplanejados.com.br /images/macicos/_vti_cnf camas1.jpg
118.04.16 14:30 B C:\Users\Administrador\Documents\Loja_PMP\Site-Loja\siteplenus\images\macicos\_vti_cnf\comoda (1).jpg --> plenusplanejados.com.br /images/macicos/_vti_cnf comoda (1).jpg
118.04.16 14:30 B C:\Users\Administrador\Documents\Loja_PMP\Site-Loja\siteplenus\images\macicos\_vti_cnf\comoda.jpg --> plenusplanejados.com.br /images/macicos/_vti_cnf comoda.jpg
118.04.16 14:30 B C:\Users\Administrador\Documents\Loja_PMP\Site-Loja\siteplenus\images\macicos\_vti_cnf\cristaleira (1).jpg --> plenusplanejados.com.br /images/macicos/_vti_cnf cristaleira (1).jpg
118.04.16 14:30 B C:\Users\Administrador\Documents\Loja_PMP\Site-Loja\siteplenus\images\macicos\_vti_cnf\cristaleira (2).jpg --> plenusplanejados.com.br /images/macicos/_vti_cnf cristaleira (2).jpg
118.04.16 14:30 B C:\Users\Administrador\Documents\Loja_PMP\Site-Loja\siteplenus\images\macicos\_vti_cnf\cristaleira (3).jpg --> plenusplanejados.com.br /images/macicos/_vti_cnf cristaleira (3).jpg
118.04.16 14:30 B C:\Users\Administrador\Documents\Loja_PMP\Site-Loja\siteplenus\images\macicos\_vti_cnf\cristaleira (4).jpg --> plenusplanejados.com.br /images/macicos/_vti_cnf cristaleira (4).jpg
118.04.16 14:30 B C:\Users\Administrador\Documents\Loja_PMP\Site-Loja\siteplenus\images\macicos\_vti_cnf\cristaleira (5).jpg --> plenusplanejados.com.br /images/macicos/_vti_cnf cristaleira (5).jpg
118.04.16 14:30 B C:\Users\Administrador\Documents\Loja_PMP\Site-Loja\siteplenus\images\macicos\_vti_cnf\cristaleira (6).jpg --> plenusplanejados.com.br /images/macicos/_vti_cnf cristaleira (6).jpg
118.04.16 14:30 B C:\Users\Administrador\Documents\Loja_PMP\Site-Loja\siteplenus\images\macicos\_vti_cnf\cristaleira.jpg --> plenusplanejados.com.br /images/macicos/_vti_cnf cristaleira.jpg
118.04.16 14:30 B C:\Users\Administrador\Documents\Loja_PMP\Site-Loja\siteplenus\images\macicos\_vti_cnf\mesas (1).jpg --> plenusplanejados.com.br /images/macicos/_vti_cnf mesas (1).jpg
118.04.16 14:30 B C:\Users\Administrador\Documents\Loja_PMP\Site-Loja\siteplenus\images\macicos\_vti_cnf\mesas (10).jpg --> plenusplanejados.com.br /images/macicos/_vti_cnf mesas (10).jpg
118.04.16 14:30 B C:\Users\Administrador\Documents\Loja_PMP\Site-Loja\siteplenus\images\macicos\_vti_cnf\mesas (11).jpg --> plenusplanejados.com.br /images/macicos/_vti_cnf mesas (11).jpg
118.04.16 14:30 B C:\Users\Administrador\Documents\Loja_PMP\Site-Loja\siteplenus\images\macicos\_vti_cnf\mesas (12).jpg --> plenusplanejados.com.br /images/macicos/_vti_cnf mesas (12).jpg
118.04.16 14:30 B C:\Users\Administrador\Documents\Loja_PMP\Site-Loja\siteplenus\images\macicos\_vti_cnf\mesas (13).jpg --> plenusplanejados.com.br /images/macicos/_vti_cnf mesas (13).jpg
118.04.16 14:30 B C:\Users\Administrador\Documents\Loja_PMP\Site-Loja\siteplenus\images\macicos\_vti_cnf\mesas (14).jpg --> plenusplanejados.com.br /images/macicos/_vti_cnf mesas (14).jpg
118.04.16 14:30 B C:\Users\Administrador\Documents\Loja_PMP\Site-Loja\siteplenus\images\macicos\_vti_cnf\mesas (15).jpg --> plenusplanejados.com.br /images/macicos/_vti_cnf mesas (15).jpg
118.04.16 14:30 B C:\Users\Administrador\Documents\Loja_PMP\Site-Loja\siteplenus\images\macicos\_vti_cnf\mesas (16).jpg --> plenusplanejados.com.br /images/macicos/_vti_cnf mesas (16).jpg
118.04.16 14:30 B C:\Users\Administrador\Documents\Loja_PMP\Site-Loja\siteplenus\images\macicos\_vti_cnf\mesas (17).jpg --> plenusplanejados.com.br /images/macicos/_vti_cnf mesas (17).jpg
118.04.16 14:30 B C:\Users\Administrador\Documents\Loja_PMP\Site-Loja\siteplenus\images\macicos\_vti_cnf\mesas (18).jpg --> plenusplanejados.com.br /images/macicos/_vti_cnf mesas (18).jpg
118.04.16 14:30 B C:\Users\Administrador\Documents\Loja_PMP\Site-Loja\siteplenus\images\macicos\_vti_cnf\mesas (19).jpg --> plenusplanejados.com.br /images/macicos/_vti_cnf mesas (19).jpg
118.04.16 14:30 B C:\Users\Administrador\Documents\Loja_PMP\Site-Loja\siteplenus\images\macicos\_vti_cnf\mesas (2).JPG --> plenusplanejados.com.br /images/macicos/_vti_cnf mesas (2).JPG
118.04.16 14:30 B C:\Users\Administrador\Documents\Loja_PMP\Site-Loja\siteplenus\images\macicos\_vti_cnf\mesas (20).jpg --> plenusplanejados.com.br /images/macicos/_vti_cnf mesas (20).jpg
118.04.16 14:31 B C:\Users\Administrador\Documents\Loja_PMP\Site-Loja\siteplenus\images\macicos\_vti_cnf\mesas (21).jpg --> plenusplanejados.com.br /images/macicos/_vti_cnf mesas (21).jpg
118.04.16 14:31 B C:\Users\Administrador\Documents\Loja_PMP\Site-Loja\siteplenus\images\macicos\_vti_cnf\mesas (22).jpg --> plenusplanejados.com.br /images/macicos/_vti_cnf mesas (22).jpg
118.04.16 14:31 B C:\Users\Administrador\Documents\Loja_PMP\Site-Loja\siteplenus\images\macicos\_vti_cnf\mesas (23).jpg --> plenusplanejados.com.br /images/macicos/_vti_cnf mesas (23).jpg
118.04.16 14:31 B C:\Users\Administrador\Documents\Loja_PMP\Site-Loja\siteplenus\images\macicos\_vti_cnf\mesas (3).jpg --> plenusplanejados.com.br /images/macicos/_vti_cnf mesas (3).jpg
118.04.16 14:31 B C:\Users\Administrador\Documents\Loja_PMP\Site-Loja\siteplenus\images\macicos\_vti_cnf\mesas (4).jpg --> plenusplanejados.com.br /images/macicos/_vti_cnf mesas (4).jpg
118.04.16 14:31 B C:\Users\Administrador\Documents\Loja_PMP\Site-Loja\siteplenus\images\macicos\_vti_cnf\mesas (5).jpg --> plenusplanejados.com.br /images/macicos/_vti_cnf mesas (5).jpg
118.04.16 14:31 B C:\Users\Administrador\Documents\Loja_PMP\Site-Loja\siteplenus\images\macicos\_vti_cnf\mesas (6).jpg --> plenusplanejados.com.br /images/macicos/_vti_cnf mesas (6).jpg
118.04.16 14:31 B C:\Users\Administrador\Documents\Loja_PMP\Site-Loja\siteplenus\images\macicos\_vti_cnf\mesas (7).jpg --> plenusplanejados.com.br /images/macicos/_vti_cnf mesas (7).jpg
118.04.16 14:31 B C:\Users\Administrador\Documents\Loja_PMP\Site-Loja\siteplenus\images\macicos\_vti_cnf\mesas (8).jpg --> plenusplanejados.com.br /images/macicos/_vti_cnf mesas (8).jpg
118.04.16 14:31 B C:\Users\Administrador\Documents\Loja_PMP\Site-Loja\siteplenus\images\macicos\_vti_cnf\mesas (9).JPG --> plenusplanejados.com.br /images/macicos/_vti_cnf mesas (9).JPG
118.04.16 14:31 B C:\Users\Administrador\Documents\Loja_PMP\Site-Loja\siteplenus\images\macicos\_vti_cnf\mesas.jpg --> plenusplanejados.com.br /images/macicos/_vti_cnf mesas.jpg
118.04.16 14:31 B C:\Users\Administrador\Documents\Loja_PMP\Site-Loja\siteplenus\images\macicos\_vti_cnf\penteadeira (1).jpg --> plenusplanejados.com.br /images/macicos/_vti_cnf penteadeira (1).jpg
118.04.16 14:31 B C:\Users\Administrador\Documents\Loja_PMP\Site-Loja\siteplenus\images\macicos\_vti_cnf\penteadeira (2).jpg --> plenusplanejados.com.br /images/macicos/_vti_cnf penteadeira (2).jpg
118.04.16 14:31 B C:\Users\Administrador\Documents\Loja_PMP\Site-Loja\siteplenus\images\macicos\_vti_cnf\penteadeira (3).jpg --> plenusplanejados.com.br /images/macicos/_vti_cnf penteadeira (3).jpg
118.04.16 14:31 B C:\Users\Administrador\Documents\Loja_PMP\Site-Loja\siteplenus\images\macicos\_vti_cnf\penteadeira.jpg --> plenusplanejados.com.br /images/macicos/_vti_cnf penteadeira.jpg
118.04.16 14:31 B C:\Users\Administrador\Documents\Loja_PMP\Site-Loja\siteplenus\images\macicos\_vti_cnf\pochola (1).jpg --> plenusplanejados.com.br /images/macicos/_vti_cnf pochola (1).jpg
118.04.16 14:31 B C:\Users\Administrador\Documents\Loja_PMP\Site-Loja\siteplenus\images\macicos\_vti_cnf\pochola (2).jpg --> plenusplanejados.com.br /images/macicos/_vti_cnf pochola (2).jpg
118.04.16 14:31 B C:\Users\Administrador\Documents\Loja_PMP\Site-Loja\siteplenus\images\macicos\_vti_cnf\pochola.jpg --> plenusplanejados.com.br /images/macicos/_vti_cnf pochola.jpg
118.04.16 14:31 B C:\Users\Administrador\Documents\Loja_PMP\Site-Loja\siteplenus\images\macicos\_vti_cnf\portal (1).jpg --> plenusplanejados.com.br /images/macicos/_vti_cnf portal (1).jpg
118.04.16 14:31 B C:\Users\Administrador\Documents\Loja_PMP\Site-Loja\siteplenus\images\macicos\_vti_cnf\portal.jpg --> plenusplanejados.com.br /images/macicos/_vti_cnf portal.jpg
118.04.16 14:31 B C:\Users\Administrador\Documents\Loja_PMP\Site-Loja\siteplenus\images\macicos\_vti_cnf\rusticos (1).jpg --> plenusplanejados.com.br /images/macicos/_vti_cnf rusticos (1).jpg
118.04.16 14:31 B C:\Users\Administrador\Documents\Loja_PMP\Site-Loja\siteplenus\images\macicos\_vti_cnf\rusticos (10).jpg --> plenusplanejados.com.br /images/macicos/_vti_cnf rusticos (10).jpg
118.04.16 14:31 B C:\Users\Administrador\Documents\Loja_PMP\Site-Loja\siteplenus\images\macicos\_vti_cnf\rusticos (11).jpg --> plenusplanejados.com.br /images/macicos/_vti_cnf rusticos (11).jpg
118.04.16 14:31 B C:\Users\Administrador\Documents\Loja_PMP\Site-Loja\siteplenus\images\macicos\_vti_cnf\rusticos (12).jpg --> plenusplanejados.com.br /images/macicos/_vti_cnf rusticos (12).jpg
118.04.16 14:31 B C:\Users\Administrador\Documents\Loja_PMP\Site-Loja\siteplenus\images\macicos\_vti_cnf\rusticos (13).jpg --> plenusplanejados.com.br /images/macicos/_vti_cnf rusticos (13).jpg
118.04.16 14:31 B C:\Users\Administrador\Documents\Loja_PMP\Site-Loja\siteplenus\images\macicos\_vti_cnf\rusticos (14).jpg --> plenusplanejados.com.br /images/macicos/_vti_cnf rusticos (14).jpg
118.04.16 14:31 B C:\Users\Administrador\Documents\Loja_PMP\Site-Loja\siteplenus\images\macicos\_vti_cnf\rusticos (15).jpg --> plenusplanejados.com.br /images/macicos/_vti_cnf rusticos (15).jpg
118.04.16 14:31 B C:\Users\Administrador\Documents\Loja_PMP\Site-Loja\siteplenus\images\macicos\_vti_cnf\rusticos (16).jpg --> plenusplanejados.com.br /images/macicos/_vti_cnf rusticos (16).jpg
118.04.16 14:31 B C:\Users\Administrador\Documents\Loja_PMP\Site-Loja\siteplenus\images\macicos\_vti_cnf\rusticos (17).jpg --> plenusplanejados.com.br /images/macicos/_vti_cnf rusticos (17).jpg
118.04.16 14:31 B C:\Users\Administrador\Documents\Loja_PMP\Site-Loja\siteplenus\images\macicos\_vti_cnf\rusticos (18).jpg --> plenusplanejados.com.br /images/macicos/_vti_cnf rusticos (18).jpg
118.04.16 14:31 B C:\Users\Administrador\Documents\Loja_PMP\Site-Loja\siteplenus\images\macicos\_vti_cnf\rusticos (19).jpg --> plenusplanejados.com.br /images/macicos/_vti_cnf rusticos (19).jpg
118.04.16 14:31 B C:\Users\Administrador\Documents\Loja_PMP\Site-Loja\siteplenus\images\macicos\_vti_cnf\rusticos (2).jpg --> plenusplanejados.com.br /images/macicos/_vti_cnf rusticos (2).jpg
118.04.16 14:31 B C:\Users\Administrador\Documents\Loja_PMP\Site-Loja\siteplenus\images\macicos\_vti_cnf\rusticos (20).jpg --> plenusplanejados.com.br /images/macicos/_vti_cnf rusticos (20).jpg
118.04.16 14:31 B C:\Users\Administrador\Documents\Loja_PMP\Site-Loja\siteplenus\images\macicos\_vti_cnf\rusticos (21).jpg --> plenusplanejados.com.br /images/macicos/_vti_cnf rusticos (21).jpg
118.04.16 14:31 B C:\Users\Administrador\Documents\Loja_PMP\Site-Loja\siteplenus\images\macicos\_vti_cnf\rusticos (22).jpg --> plenusplanejados.com.br /images/macicos/_vti_cnf rusticos (22).jpg
118.04.16 14:31 B C:\Users\Administrador\Documents\Loja_PMP\Site-Loja\siteplenus\images\macicos\_vti_cnf\rusticos (23).jpg --> plenusplanejados.com.br /images/macicos/_vti_cnf rusticos (23).jpg
118.04.16 14:31 B C:\Users\Administrador\Documents\Loja_PMP\Site-Loja\siteplenus\images\macicos\_vti_cnf\rusticos (24).jpg --> plenusplanejados.com.br /images/macicos/_vti_cnf rusticos (24).jpg
118.04.16 14:31 B C:\Users\Administrador\Documents\Loja_PMP\Site-Loja\siteplenus\images\macicos\_vti_cnf\rusticos (25).jpg --> plenusplanejados.com.br /images/macicos/_vti_cnf rusticos (25).jpg
118.04.16 14:31 B C:\Users\Administrador\Documents\Loja_PMP\Site-Loja\siteplenus\images\macicos\_vti_cnf\rusticos (26).jpg --> plenusplanejados.com.br /images/macicos/_vti_cnf rusticos (26).jpg
118.04.16 14:31 B C:\Users\Administrador\Documents\Loja_PMP\Site-Loja\siteplenus\images\macicos\_vti_cnf\rusticos (27).jpg --> plenusplanejados.com.br /images/macicos/_vti_cnf rusticos (27).jpg
118.04.16 14:31 B C:\Users\Administrador\Documents\Loja_PMP\Site-Loja\siteplenus\images\macicos\_vti_cnf\rusticos (28).jpg --> plenusplanejados.com.br /images/macicos/_vti_cnf rusticos (28).jpg
118.04.16 14:31 B C:\Users\Administrador\Documents\Loja_PMP\Site-Loja\siteplenus\images\macicos\_vti_cnf\rusticos (29).jpg --> plenusplanejados.com.br /images/macicos/_vti_cnf rusticos (29).jpg
118.04.16 14:31 B C:\Users\Administrador\Documents\Loja_PMP\Site-Loja\siteplenus\images\macicos\_vti_cnf\rusticos (3).jpg --> plenusplanejados.com.br /images/macicos/_vti_cnf rusticos (3).jpg
118.04.16 14:31 B C:\Users\Administrador\Documents\Loja_PMP\Site-Loja\siteplenus\images\macicos\_vti_cnf\rusticos (30).jpg --> plenusplanejados.com.br /images/macicos/_vti_cnf rusticos (30).jpg
118.04.16 14:31 B C:\Users\Administrador\Documents\Loja_PMP\Site-Loja\siteplenus\images\macicos\_vti_cnf\rusticos (31).jpg --> plenusplanejados.com.br /images/macicos/_vti_cnf rusticos (31).jpg
118.04.16 14:31 B C:\Users\Administrador\Documents\Loja_PMP\Site-Loja\siteplenus\images\macicos\_vti_cnf\rusticos (32).jpg --> plenusplanejados.com.br /images/macicos/_vti_cnf rusticos (32).jpg
118.04.16 14:31 B C:\Users\Administrador\Documents\Loja_PMP\Site-Loja\siteplenus\images\macicos\_vti_cnf\rusticos (33).jpg --> plenusplanejados.com.br /images/macicos/_vti_cnf rusticos (33).jpg
118.04.16 14:31 B C:\Users\Administrador\Documents\Loja_PMP\Site-Loja\siteplenus\images\macicos\_vti_cnf\rusticos (34).jpg --> plenusplanejados.com.br /images/macicos/_vti_cnf rusticos (34).jpg
118.04.16 14:31 B C:\Users\Administrador\Documents\Loja_PMP\Site-Loja\siteplenus\images\macicos\_vti_cnf\rusticos (35).jpg --> plenusplanejados.com.br /images/macicos/_vti_cnf rusticos (35).jpg
118.04.16 14:31 B C:\Users\Administrador\Documents\Loja_PMP\Site-Loja\siteplenus\images\macicos\_vti_cnf\rusticos (36).jpg --> plenusplanejados.com.br /images/macicos/_vti_cnf rusticos (36).jpg
118.04.16 14:31 B C:\Users\Administrador\Documents\Loja_PMP\Site-Loja\siteplenus\images\macicos\_vti_cnf\rusticos (37).jpg --> plenusplanejados.com.br /images/macicos/_vti_cnf rusticos (37).jpg
118.04.16 14:31 B C:\Users\Administrador\Documents\Loja_PMP\Site-Loja\siteplenus\images\macicos\_vti_cnf\rusticos (38).jpg --> plenusplanejados.com.br /images/macicos/_vti_cnf rusticos (38).jpg
118.04.16 14:31 B C:\Users\Administrador\Documents\Loja_PMP\Site-Loja\siteplenus\images\macicos\_vti_cnf\rusticos (39).jpg --> plenusplanejados.com.br /images/macicos/_vti_cnf rusticos (39).jpg
118.04.16 14:31 B C:\Users\Administrador\Documents\Loja_PMP\Site-Loja\siteplenus\images\macicos\_vti_cnf\rusticos (4).jpg --> plenusplanejados.com.br /images/macicos/_vti_cnf rusticos (4).jpg
118.04.16 14:31 B C:\Users\Administrador\Documents\Loja_PMP\Site-Loja\siteplenus\images\macicos\_vti_cnf\rusticos (40).jpg --> plenusplanejados.com.br /images/macicos/_vti_cnf rusticos (40).jpg
118.04.16 14:31 B C:\Users\Administrador\Documents\Loja_PMP\Site-Loja\siteplenus\images\macicos\_vti_cnf\rusticos (41).jpg --> plenusplanejados.com.br /images/macicos/_vti_cnf rusticos (41).jpg
118.04.16 14:31 B C:\Users\Administrador\Documents\Loja_PMP\Site-Loja\siteplenus\images\macicos\_vti_cnf\rusticos (42).jpg --> plenusplanejados.com.br /images/macicos/_vti_cnf rusticos (42).jpg
118.04.16 14:31 B C:\Users\Administrador\Documents\Loja_PMP\Site-Loja\siteplenus\images\macicos\_vti_cnf\rusticos (43).jpg --> plenusplanejados.com.br /images/macicos/_vti_cnf rusticos (43).jpg
118.04.16 14:31 B C:\Users\Administrador\Documents\Loja_PMP\Site-Loja\siteplenus\images\macicos\_vti_cnf\rusticos (44).jpg --> plenusplanejados.com.br /images/macicos/_vti_cnf rusticos (44).jpg
118.04.16 14:31 B C:\Users\Administrador\Documents\Loja_PMP\Site-Loja\siteplenus\images\macicos\_vti_cnf\rusticos (45).jpg --> plenusplanejados.com.br /images/macicos/_vti_cnf rusticos (45).jpg
118.04.16 14:31 B C:\Users\Administrador\Documents\Loja_PMP\Site-Loja\siteplenus\images\macicos\_vti_cnf\rusticos (46).jpg --> plenusplanejados.com.br /images/macicos/_vti_cnf rusticos (46).jpg
118.04.16 14:31 B C:\Users\Administrador\Documents\Loja_PMP\Site-Loja\siteplenus\images\macicos\_vti_cnf\rusticos (47).jpg --> plenusplanejados.com.br /images/macicos/_vti_cnf rusticos (47).jpg
118.04.16 14:31 B C:\Users\Administrador\Documents\Loja_PMP\Site-Loja\siteplenus\images\macicos\_vti_cnf\rusticos (48).jpg --> plenusplanejados.com.br /images/macicos/_vti_cnf rusticos (48).jpg
118.04.16 14:31 B C:\Users\Administrador\Documents\Loja_PMP\Site-Loja\siteplenus\images\macicos\_vti_cnf\rusticos (49).jpg --> plenusplanejados.com.br /images/macicos/_vti_cnf rusticos (49).jpg
118.04.16 14:31 B C:\Users\Administrador\Documents\Loja_PMP\Site-Loja\siteplenus\images\macicos\_vti_cnf\rusticos (5).jpg --> plenusplanejados.com.br /images/macicos/_vti_cnf rusticos (5).jpg
118.04.16 14:31 B C:\Users\Administrador\Documents\Loja_PMP\Site-Loja\siteplenus\images\macicos\_vti_cnf\rusticos (50).jpg --> plenusplanejados.com.br /images/macicos/_vti_cnf rusticos (50).jpg
118.04.16 14:31 B C:\Users\Administrador\Documents\Loja_PMP\Site-Loja\siteplenus\images\macicos\_vti_cnf\rusticos (6).jpg --> plenusplanejados.com.br /images/macicos/_vti_cnf rusticos (6).jpg
118.04.16 14:31 B C:\Users\Administrador\Documents\Loja_PMP\Site-Loja\siteplenus\images\macicos\_vti_cnf\rusticos (7).jpg --> plenusplanejados.com.br /images/macicos/_vti_cnf rusticos (7).jpg
118.04.16 14:31 B C:\Users\Administrador\Documents\Loja_PMP\Site-Loja\siteplenus\images\macicos\_vti_cnf\rusticos (8).jpg --> plenusplanejados.com.br /images/macicos/_vti_cnf rusticos (8).jpg
118.04.16 14:31 B C:\Users\Administrador\Documents\Loja_PMP\Site-Loja\siteplenus\images\macicos\_vti_cnf\rusticos (9).jpg --> plenusplanejados.com.br /images/macicos/_vti_cnf rusticos (9).jpg
118.04.16 14:31 B C:\Users\Administrador\Documents\Loja_PMP\Site-Loja\siteplenus\images\macicos\_vti_cnf\rusticos.jpg --> plenusplanejados.com.br /images/macicos/_vti_cnf rusticos.jpg
118.04.16 14:31 B C:\Users\Administrador\Documents\Loja_PMP\Site-Loja\siteplenus\images\macicos\_vti_cnf\Thumbs.db --> plenusplanejados.com.br /images/macicos/_vti_cnf Thumbs.db
118.04.16 14:31 B C:\Users\Administrador\Documents\Loja_PMP\Site-Loja\siteplenus\images\macicos\_vti_cnf\ws_ftp.log --> plenusplanejados.com.br /images/macicos/_vti_cnf ws_ftp.log
118.04.16 21:31 B C:\Users\Administrador\Documents\Loja_PMP\Site-Loja\siteplenus\images\macicos\_vti_cnf\aparador (1).jpg --> plenusplanejados.com.br /public_html/images/macicos/_vti_cnf aparador (1).jpg
118.04.16 21:31 B C:\Users\Administrador\Documents\Loja_PMP\Site-Loja\siteplenus\images\macicos\_vti_cnf\aparador (2).jpg --> plenusplanejados.com.br /public_html/images/macicos/_vti_cnf aparador (2).jpg
118.04.16 21:31 B C:\Users\Administrador\Documents\Loja_PMP\Site-Loja\siteplenus\images\macicos\_vti_cnf\aparador (3).jpg --> plenusplanejados.com.br /public_html/images/macicos/_vti_cnf aparador (3).jpg
118.04.16 21:31 B C:\Users\Administrador\Documents\Loja_PMP\Site-Loja\siteplenus\images\macicos\_vti_cnf\aparador (4).jpg --> plenusplanejados.com.br /public_html/images/macicos/_vti_cnf aparador (4).jpg
118.04.16 21:31 B C:\Users\Administrador\Documents\Loja_PMP\Site-Loja\siteplenus\images\macicos\_vti_cnf\aparador (5).jpg --> plenusplanejados.com.br /public_html/images/macicos/_vti_cnf aparador (5).jpg
118.04.16 21:31 B C:\Users\Administrador\Documents\Loja_PMP\Site-Loja\siteplenus\images\macicos\_vti_cnf\aparador (6).jpg --> plenusplanejados.com.br /public_html/images/macicos/_vti_cnf aparador (6).jpg
118.04.16 21:31 B C:\Users\Administrador\Documents\Loja_PMP\Site-Loja\siteplenus\images\macicos\_vti_cnf\aparador (7).jpg --> plenusplanejados.com.br /public_html/images/macicos/_vti_cnf aparador (7).jpg
118.04.16 21:31 B C:\Users\Administrador\Documents\Loja_PMP\Site-Loja\siteplenus\images\macicos\_vti_cnf\aparador.jpg --> plenusplanejados.com.br /public_html/images/macicos/_vti_cnf aparador.jpg
118.04.16 21:31 B C:\Users\Administrador\Documents\Loja_PMP\Site-Loja\siteplenus\images\macicos\_vti_cnf\armario (1).jpg --> plenusplanejados.com.br /public_html/images/macicos/_vti_cnf armario (1).jpg
118.04.16 21:31 B C:\Users\Administrador\Documents\Loja_PMP\Site-Loja\siteplenus\images\macicos\_vti_cnf\armario (10).jpg --> plenusplanejados.com.br /public_html/images/macicos/_vti_cnf armario (10).jpg
118.04.16 21:31 B C:\Users\Administrador\Documents\Loja_PMP\Site-Loja\siteplenus\images\macicos\_vti_cnf\armario (11).jpg --> plenusplanejados.com.br /public_html/images/macicos/_vti_cnf armario (11).jpg
118.04.16 21:31 B C:\Users\Administrador\Documents\Loja_PMP\Site-Loja\siteplenus\images\macicos\_vti_cnf\armario (12).jpg --> plenusplanejados.com.br /public_html/images/macicos/_vti_cnf armario (12).jpg
118.04.16 21:31 B C:\Users\Administrador\Documents\Loja_PMP\Site-Loja\siteplenus\images\macicos\_vti_cnf\armario (13).jpg --> plenusplanejados.com.br /public_html/images/macicos/_vti_cnf armario (13).jpg
118.04.16 21:31 B C:\Users\Administrador\Documents\Loja_PMP\Site-Loja\siteplenus\images\macicos\_vti_cnf\armario (14).jpg --> plenusplanejados.com.br /public_html/images/macicos/_vti_cnf armario (14).jpg
118.04.16 21:31 B C:\Users\Administrador\Documents\Loja_PMP\Site-Loja\siteplenus\images\macicos\_vti_cnf\armario (2).jpg --> plenusplanejados.com.br /public_html/images/macicos/_vti_cnf armario (2).jpg
118.04.16 21:31 B C:\Users\Administrador\Documents\Loja_PMP\Site-Loja\siteplenus\images\macicos\_vti_cnf\armario (3).jpg --> plenusplanejados.com.br /public_html/images/macicos/_vti_cnf armario (3).jpg
118.04.16 21:31 B C:\Users\Administrador\Documents\Loja_PMP\Site-Loja\siteplenus\images\macicos\_vti_cnf\armario (4).jpg --> plenusplanejados.com.br /public_html/images/macicos/_vti_cnf armario (4).jpg
118.04.16 21:31 B C:\Users\Administrador\Documents\Loja_PMP\Site-Loja\siteplenus\images\macicos\_vti_cnf\armario (5).jpg --> plenusplanejados.com.br /public_html/images/macicos/_vti_cnf armario (5).jpg
118.04.16 21:31 B C:\Users\Administrador\Documents\Loja_PMP\Site-Loja\siteplenus\images\macicos\_vti_cnf\armario (6).jpg --> plenusplanejados.com.br /public_html/images/macicos/_vti_cnf armario (6).jpg
118.04.16 21:31 B C:\Users\Administrador\Documents\Loja_PMP\Site-Loja\siteplenus\images\macicos\_vti_cnf\armario (7).jpg --> plenusplanejados.com.br /public_html/images/macicos/_vti_cnf armario (7).jpg
118.04.16 21:31 B C:\Users\Administrador\Documents\Loja_PMP\Site-Loja\siteplenus\images\macicos\_vti_cnf\armario (8).jpg --> plenusplanejados.com.br /public_html/images/macicos/_vti_cnf armario (8).jpg
118.04.16 21:31 B C:\Users\Administrador\Documents\Loja_PMP\Site-Loja\siteplenus\images\macicos\_vti_cnf\armario (9).jpg --> plenusplanejados.com.br /public_html/images/macicos/_vti_cnf armario (9).jpg
118.04.16 21:32 B C:\Users\Administrador\Documents\Loja_PMP\Site-Loja\siteplenus\images\macicos\_vti_cnf\armario.jpg --> plenusplanejados.com.br /public_html/images/macicos/_vti_cnf armario.jpg
118.04.16 21:32 B C:\Users\Administrador\Documents\Loja_PMP\Site-Loja\siteplenus\images\macicos\_vti_cnf\bambu (1).jpg --> plenusplanejados.com.br /public_html/images/macicos/_vti_cnf bambu (1).jpg
118.04.16 21:32 B C:\Users\Administrador\Documents\Loja_PMP\Site-Loja\siteplenus\images\macicos\_vti_cnf\bambu.jpg --> plenusplanejados.com.br /public_html/images/macicos/_vti_cnf bambu.jpg
118.04.16 21:32 B C:\Users\Administrador\Documents\Loja_PMP\Site-Loja\siteplenus\images\macicos\_vti_cnf\banc (1).jpg --> plenusplanejados.com.br /public_html/images/macicos/_vti_cnf banc (1).jpg
118.04.16 21:32 B C:\Users\Administrador\Documents\Loja_PMP\Site-Loja\siteplenus\images\macicos\_vti_cnf\banc (2).jpg --> plenusplanejados.com.br /public_html/images/macicos/_vti_cnf banc (2).jpg
118.04.16 21:32 B C:\Users\Administrador\Documents\Loja_PMP\Site-Loja\siteplenus\images\macicos\_vti_cnf\banc (3).jpg --> plenusplanejados.com.br /public_html/images/macicos/_vti_cnf banc (3).jpg
118.04.16 21:32 B C:\Users\Administrador\Documents\Loja_PMP\Site-Loja\siteplenus\images\macicos\_vti_cnf\banc (4).jpg --> plenusplanejados.com.br /public_html/images/macicos/_vti_cnf banc (4).jpg
118.04.16 21:32 B C:\Users\Administrador\Documents\Loja_PMP\Site-Loja\siteplenus\images\macicos\_vti_cnf\banc (5).jpg --> plenusplanejados.com.br /public_html/images/macicos/_vti_cnf banc (5).jpg
118.04.16 21:32 B C:\Users\Administrador\Documents\Loja_PMP\Site-Loja\siteplenus\images\macicos\_vti_cnf\banc (6).jpg --> plenusplanejados.com.br /public_html/images/macicos/_vti_cnf banc (6).jpg
118.04.16 21:32 B C:\Users\Administrador\Documents\Loja_PMP\Site-Loja\siteplenus\images\macicos\_vti_cnf\banc (7).jpg --> plenusplanejados.com.br /public_html/images/macicos/_vti_cnf banc (7).jpg
118.04.16 21:32 B C:\Users\Administrador\Documents\Loja_PMP\Site-Loja\siteplenus\images\macicos\_vti_cnf\banc.jpg --> plenusplanejados.com.br /public_html/images/macicos/_vti_cnf banc.jpg
118.04.16 21:32 B C:\Users\Administrador\Documents\Loja_PMP\Site-Loja\siteplenus\images\macicos\_vti_cnf\banqueta (1).jpg --> plenusplanejados.com.br /public_html/images/macicos/_vti_cnf banqueta (1).jpg
118.04.16 21:32 B C:\Users\Administrador\Documents\Loja_PMP\Site-Loja\siteplenus\images\macicos\_vti_cnf\banqueta.jpg --> plenusplanejados.com.br /public_html/images/macicos/_vti_cnf banqueta.jpg
118.04.16 21:32 B C:\Users\Administrador\Documents\Loja_PMP\Site-Loja\siteplenus\images\macicos\_vti_cnf\barz (1).jpg --> plenusplanejados.com.br /public_html/images/macicos/_vti_cnf barz (1).jpg
118.04.16 21:32 B C:\Users\Administrador\Documents\Loja_PMP\Site-Loja\siteplenus\images\macicos\_vti_cnf\barz (2).jpg --> plenusplanejados.com.br /public_html/images/macicos/_vti_cnf barz (2).jpg
118.04.16 21:32 B C:\Users\Administrador\Documents\Loja_PMP\Site-Loja\siteplenus\images\macicos\_vti_cnf\barz (3).jpg --> plenusplanejados.com.br /public_html/images/macicos/_vti_cnf barz (3).jpg
118.04.16 21:32 B C:\Users\Administrador\Documents\Loja_PMP\Site-Loja\siteplenus\images\macicos\_vti_cnf\barz.jpg --> plenusplanejados.com.br /public_html/images/macicos/_vti_cnf barz.jpg
118.04.16 21:32 B C:\Users\Administrador\Documents\Loja_PMP\Site-Loja\siteplenus\images\macicos\_vti_cnf\bau.jpg --> plenusplanejados.com.br /public_html/images/macicos/_vti_cnf bau.jpg
118.04.16 21:32 B C:\Users\Administrador\Documents\Loja_PMP\Site-Loja\siteplenus\images\macicos\_vti_cnf\baus (1).jpg --> plenusplanejados.com.br /public_html/images/macicos/_vti_cnf baus (1).jpg
118.04.16 21:32 B C:\Users\Administrador\Documents\Loja_PMP\Site-Loja\siteplenus\images\macicos\_vti_cnf\baus (2).jpg --> plenusplanejados.com.br /public_html/images/macicos/_vti_cnf baus (2).jpg
118.04.16 21:32 B C:\Users\Administrador\Documents\Loja_PMP\Site-Loja\siteplenus\images\macicos\_vti_cnf\baus (3).jpg --> plenusplanejados.com.br /public_html/images/macicos/_vti_cnf baus (3).jpg
118.04.16 21:32 B C:\Users\Administrador\Documents\Loja_PMP\Site-Loja\siteplenus\images\macicos\_vti_cnf\baus (4).jpg --> plenusplanejados.com.br /public_html/images/macicos/_vti_cnf baus (4).jpg
118.04.16 21:32 B C:\Users\Administrador\Documents\Loja_PMP\Site-Loja\siteplenus\images\macicos\_vti_cnf\baus.jpg --> plenusplanejados.com.br /public_html/images/macicos/_vti_cnf baus.jpg
118.04.16 21:32 B C:\Users\Administrador\Documents\Loja_PMP\Site-Loja\siteplenus\images\macicos\_vti_cnf\buffer (1).jpg --> plenusplanejados.com.br /public_html/images/macicos/_vti_cnf buffer (1).jpg
118.04.16 21:32 B C:\Users\Administrador\Documents\Loja_PMP\Site-Loja\siteplenus\images\macicos\_vti_cnf\buffer (2).jpg --> plenusplanejados.com.br /public_html/images/macicos/_vti_cnf buffer (2).jpg
118.04.16 21:32 B C:\Users\Administrador\Documents\Loja_PMP\Site-Loja\siteplenus\images\macicos\_vti_cnf\buffer.jpg --> plenusplanejados.com.br /public_html/images/macicos/_vti_cnf buffer.jpg
118.04.16 21:32 B C:\Users\Administrador\Documents\Loja_PMP\Site-Loja\siteplenus\images\macicos\_vti_cnf\cabideiro.jpg --> plenusplanejados.com.br /public_html/images/macicos/_vti_cnf cabideiro.jpg
118.04.16 21:32 B C:\Users\Administrador\Documents\Loja_PMP\Site-Loja\siteplenus\images\macicos\_vti_cnf\cadeira (1).jpg --> plenusplanejados.com.br /public_html/images/macicos/_vti_cnf cadeira (1).jpg
118.04.16 21:32 B C:\Users\Administrador\Documents\Loja_PMP\Site-Loja\siteplenus\images\macicos\_vti_cnf\cadeira (10).jpg --> plenusplanejados.com.br /public_html/images/macicos/_vti_cnf cadeira (10).jpg
118.04.16 21:32 B C:\Users\Administrador\Documents\Loja_PMP\Site-Loja\siteplenus\images\macicos\_vti_cnf\cadeira (11).jpg --> plenusplanejados.com.br /public_html/images/macicos/_vti_cnf cadeira (11).jpg
118.04.16 21:32 B C:\Users\Administrador\Documents\Loja_PMP\Site-Loja\siteplenus\images\macicos\_vti_cnf\cadeira (12).jpg --> plenusplanejados.com.br /public_html/images/macicos/_vti_cnf cadeira (12).jpg
118.04.16 21:32 B C:\Users\Administrador\Documents\Loja_PMP\Site-Loja\siteplenus\images\macicos\_vti_cnf\cadeira (13).jpg --> plenusplanejados.com.br /public_html/images/macicos/_vti_cnf cadeira (13).jpg
118.04.16 21:32 B C:\Users\Administrador\Documents\Loja_PMP\Site-Loja\siteplenus\images\macicos\_vti_cnf\cadeira (14).jpg --> plenusplanejados.com.br /public_html/images/macicos/_vti_cnf cadeira (14).jpg
118.04.16 21:32 B C:\Users\Administrador\Documents\Loja_PMP\Site-Loja\siteplenus\images\macicos\_vti_cnf\cadeira (15).jpg --> plenusplanejados.com.br /public_html/images/macicos/_vti_cnf cadeira (15).jpg
118.04.16 21:32 B C:\Users\Administrador\Documents\Loja_PMP\Site-Loja\siteplenus\images\macicos\_vti_cnf\cadeira (2).jpg --> plenusplanejados.com.br /public_html/images/macicos/_vti_cnf cadeira (2).jpg
118.04.16 21:32 B C:\Users\Administrador\Documents\Loja_PMP\Site-Loja\siteplenus\images\macicos\_vti_cnf\cadeira (3).jpg --> plenusplanejados.com.br /public_html/images/macicos/_vti_cnf cadeira (3).jpg
118.04.16 21:32 B C:\Users\Administrador\Documents\Loja_PMP\Site-Loja\siteplenus\images\macicos\_vti_cnf\cadeira (4).jpg --> plenusplanejados.com.br /public_html/images/macicos/_vti_cnf cadeira (4).jpg
118.04.16 21:32 B C:\Users\Administrador\Documents\Loja_PMP\Site-Loja\siteplenus\images\macicos\_vti_cnf\cadeira (5).jpg --> plenusplanejados.com.br /public_html/images/macicos/_vti_cnf cadeira (5).jpg
118.04.16 21:32 B C:\Users\Administrador\Documents\Loja_PMP\Site-Loja\siteplenus\images\macicos\_vti_cnf\cadeira (6).jpg --> plenusplanejados.com.br /public_html/images/macicos/_vti_cnf cadeira (6).jpg
118.04.16 21:32 B C:\Users\Administrador\Documents\Loja_PMP\Site-Loja\siteplenus\images\macicos\_vti_cnf\cadeira (7).jpg --> plenusplanejados.com.br /public_html/images/macicos/_vti_cnf cadeira (7).jpg
118.04.16 21:32 B C:\Users\Administrador\Documents\Loja_PMP\Site-Loja\siteplenus\images\macicos\_vti_cnf\cadeira (8).JPG --> plenusplanejados.com.br /public_html/images/macicos/_vti_cnf cadeira (8).JPG
118.04.16 21:32 B C:\Users\Administrador\Documents\Loja_PMP\Site-Loja\siteplenus\images\macicos\_vti_cnf\cadeira (9).jpg --> plenusplanejados.com.br /public_html/images/macicos/_vti_cnf cadeira (9).jpg
118.04.16 21:32 B C:\Users\Administrador\Documents\Loja_PMP\Site-Loja\siteplenus\images\macicos\_vti_cnf\cadeira.jpg --> plenusplanejados.com.br /public_html/images/macicos/_vti_cnf cadeira.jpg
118.04.16 21:32 B C:\Users\Administrador\Documents\Loja_PMP\Site-Loja\siteplenus\images\macicos\_vti_cnf\camas.jpg --> plenusplanejados.com.br /public_html/images/macicos/_vti_cnf camas.jpg
118.04.16 21:32 B C:\Users\Administrador\Documents\Loja_PMP\Site-Loja\siteplenus\images\macicos\_vti_cnf\camas1.jpg --> plenusplanejados.com.br /public_html/images/macicos/_vti_cnf camas1.jpg
118.04.16 21:32 B C:\Users\Administrador\Documents\Loja_PMP\Site-Loja\siteplenus\images\macicos\_vti_cnf\comoda (1).jpg --> plenusplanejados.com.br /public_html/images/macicos/_vti_cnf comoda (1).jpg
118.04.16 21:32 B C:\Users\Administrador\Documents\Loja_PMP\Site-Loja\siteplenus\images\macicos\_vti_cnf\comoda.jpg --> plenusplanejados.com.br /public_html/images/macicos/_vti_cnf comoda.jpg
118.04.16 21:32 B C:\Users\Administrador\Documents\Loja_PMP\Site-Loja\siteplenus\images\macicos\_vti_cnf\cristaleira (1).jpg --> plenusplanejados.com.br /public_html/images/macicos/_vti_cnf cristaleira (1).jpg
118.04.16 21:32 B C:\Users\Administrador\Documents\Loja_PMP\Site-Loja\siteplenus\images\macicos\_vti_cnf\cristaleira (2).jpg --> plenusplanejados.com.br /public_html/images/macicos/_vti_cnf cristaleira (2).jpg
118.04.16 21:32 B C:\Users\Administrador\Documents\Loja_PMP\Site-Loja\siteplenus\images\macicos\_vti_cnf\cristaleira (3).jpg --> plenusplanejados.com.br /public_html/images/macicos/_vti_cnf cristaleira (3).jpg
118.04.16 21:32 B C:\Users\Administrador\Documents\Loja_PMP\Site-Loja\siteplenus\images\macicos\_vti_cnf\cristaleira (4).jpg --> plenusplanejados.com.br /public_html/images/macicos/_vti_cnf cristaleira (4).jpg
118.04.16 21:32 B C:\Users\Administrador\Documents\Loja_PMP\Site-Loja\siteplenus\images\macicos\_vti_cnf\cristaleira (5).jpg --> plenusplanejados.com.br /public_html/images/macicos/_vti_cnf cristaleira (5).jpg
118.04.16 21:32 B C:\Users\Administrador\Documents\Loja_PMP\Site-Loja\siteplenus\images\macicos\_vti_cnf\cristaleira (6).jpg --> plenusplanejados.com.br /public_html/images/macicos/_vti_cnf cristaleira (6).jpg
118.04.16 21:32 B C:\Users\Administrador\Documents\Loja_PMP\Site-Loja\siteplenus\images\macicos\_vti_cnf\cristaleira.jpg --> plenusplanejados.com.br /public_html/images/macicos/_vti_cnf cristaleira.jpg
118.04.16 21:32 B C:\Users\Administrador\Documents\Loja_PMP\Site-Loja\siteplenus\images\macicos\_vti_cnf\mesas (1).jpg --> plenusplanejados.com.br /public_html/images/macicos/_vti_cnf mesas (1).jpg
118.04.16 21:32 B C:\Users\Administrador\Documents\Loja_PMP\Site-Loja\siteplenus\images\macicos\_vti_cnf\mesas (10).jpg --> plenusplanejados.com.br /public_html/images/macicos/_vti_cnf mesas (10).jpg
118.04.16 21:32 B C:\Users\Administrador\Documents\Loja_PMP\Site-Loja\siteplenus\images\macicos\_vti_cnf\mesas (11).jpg --> plenusplanejados.com.br /public_html/images/macicos/_vti_cnf mesas (11).jpg
118.04.16 21:32 B C:\Users\Administrador\Documents\Loja_PMP\Site-Loja\siteplenus\images\macicos\_vti_cnf\mesas (12).jpg --> plenusplanejados.com.br /public_html/images/macicos/_vti_cnf mesas (12).jpg
118.04.16 21:32 B C:\Users\Administrador\Documents\Loja_PMP\Site-Loja\siteplenus\images\macicos\_vti_cnf\mesas (13).jpg --> plenusplanejados.com.br /public_html/images/macicos/_vti_cnf mesas (13).jpg
118.04.16 21:32 B C:\Users\Administrador\Documents\Loja_PMP\Site-Loja\siteplenus\images\macicos\_vti_cnf\mesas (14).jpg --> plenusplanejados.com.br /public_html/images/macicos/_vti_cnf mesas (14).jpg
118.04.16 21:32 B C:\Users\Administrador\Documents\Loja_PMP\Site-Loja\siteplenus\images\macicos\_vti_cnf\mesas (15).jpg --> plenusplanejados.com.br /public_html/images/macicos/_vti_cnf mesas (15).jpg
118.04.16 21:32 B C:\Users\Administrador\Documents\Loja_PMP\Site-Loja\siteplenus\images\macicos\_vti_cnf\mesas (16).jpg --> plenusplanejados.com.br /public_html/images/macicos/_vti_cnf mesas (16).jpg
118.04.16 21:32 B C:\Users\Administrador\Documents\Loja_PMP\Site-Loja\siteplenus\images\macicos\_vti_cnf\mesas (17).jpg --> plenusplanejados.com.br /public_html/images/macicos/_vti_cnf mesas (17).jpg
118.04.16 21:32 B C:\Users\Administrador\Documents\Loja_PMP\Site-Loja\siteplenus\images\macicos\_vti_cnf\mesas (18).jpg --> plenusplanejados.com.br /public_html/images/macicos/_vti_cnf mesas (18).jpg
118.04.16 21:32 B C:\Users\Administrador\Documents\Loja_PMP\Site-Loja\siteplenus\images\macicos\_vti_cnf\mesas (19).jpg --> plenusplanejados.com.br /public_html/images/macicos/_vti_cnf mesas (19).jpg
118.04.16 21:32 B C:\Users\Administrador\Documents\Loja_PMP\Site-Loja\siteplenus\images\macicos\_vti_cnf\mesas (2).JPG --> plenusplanejados.com.br /public_html/images/macicos/_vti_cnf mesas (2).JPG
118.04.16 21:32 B C:\Users\Administrador\Documents\Loja_PMP\Site-Loja\siteplenus\images\macicos\_vti_cnf\mesas (20).jpg --> plenusplanejados.com.br /public_html/images/macicos/_vti_cnf mesas (20).jpg
118.04.16 21:32 B C:\Users\Administrador\Documents\Loja_PMP\Site-Loja\siteplenus\images\macicos\_vti_cnf\mesas (21).jpg --> plenusplanejados.com.br /public_html/images/macicos/_vti_cnf mesas (21).jpg
118.04.16 21:32 B C:\Users\Administrador\Documents\Loja_PMP\Site-Loja\siteplenus\images\macicos\_vti_cnf\mesas (22).jpg --> plenusplanejados.com.br /public_html/images/macicos/_vti_cnf mesas (22).jpg
118.04.16 21:32 B C:\Users\Administrador\Documents\Loja_PMP\Site-Loja\siteplenus\images\macicos\_vti_cnf\mesas (23).jpg --> plenusplanejados.com.br /public_html/images/macicos/_vti_cnf mesas (23).jpg
118.04.16 21:32 B C:\Users\Administrador\Documents\Loja_PMP\Site-Loja\siteplenus\images\macicos\_vti_cnf\mesas (3).jpg --> plenusplanejados.com.br /public_html/images/macicos/_vti_cnf mesas (3).jpg
118.04.16 21:32 B C:\Users\Administrador\Documents\Loja_PMP\Site-Loja\siteplenus\images\macicos\_vti_cnf\mesas (4).jpg --> plenusplanejados.com.br /public_html/images/macicos/_vti_cnf mesas (4).jpg
118.04.16 21:32 B C:\Users\Administrador\Documents\Loja_PMP\Site-Loja\siteplenus\images\macicos\_vti_cnf\mesas (5).jpg --> plenusplanejados.com.br /public_html/images/macicos/_vti_cnf mesas (5).jpg
118.04.16 21:32 B C:\Users\Administrador\Documents\Loja_PMP\Site-Loja\siteplenus\images\macicos\_vti_cnf\mesas (6).jpg --> plenusplanejados.com.br /public_html/images/macicos/_vti_cnf mesas (6).jpg
118.04.16 21:32 B C:\Users\Administrador\Documents\Loja_PMP\Site-Loja\siteplenus\images\macicos\_vti_cnf\mesas (7).jpg --> plenusplanejados.com.br /public_html/images/macicos/_vti_cnf mesas (7).jpg
118.04.16 21:32 B C:\Users\Administrador\Documents\Loja_PMP\Site-Loja\siteplenus\images\macicos\_vti_cnf\mesas (8).jpg --> plenusplanejados.com.br /public_html/images/macicos/_vti_cnf mesas (8).jpg
118.04.16 21:32 B C:\Users\Administrador\Documents\Loja_PMP\Site-Loja\siteplenus\images\macicos\_vti_cnf\mesas (9).JPG --> plenusplanejados.com.br /public_html/images/macicos/_vti_cnf mesas (9).JPG
118.04.16 21:32 B C:\Users\Administrador\Documents\Loja_PMP\Site-Loja\siteplenus\images\macicos\_vti_cnf\mesas.jpg --> plenusplanejados.com.br /public_html/images/macicos/_vti_cnf mesas.jpg
118.04.16 21:32 B C:\Users\Administrador\Documents\Loja_PMP\Site-Loja\siteplenus\images\macicos\_vti_cnf\penteadeira (1).jpg --> plenusplanejados.com.br /public_html/images/macicos/_vti_cnf penteadeira (1).jpg
118.04.16 21:32 B C:\Users\Administrador\Documents\Loja_PMP\Site-Loja\siteplenus\images\macicos\_vti_cnf\penteadeira (2).jpg --> plenusplanejados.com.br /public_html/images/macicos/_vti_cnf penteadeira (2).jpg
118.04.16 21:32 B C:\Users\Administrador\Documents\Loja_PMP\Site-Loja\siteplenus\images\macicos\_vti_cnf\penteadeira (3).jpg --> plenusplanejados.com.br /public_html/images/macicos/_vti_cnf penteadeira (3).jpg
118.04.16 21:33 B C:\Users\Administrador\Documents\Loja_PMP\Site-Loja\siteplenus\images\macicos\_vti_cnf\penteadeira.jpg --> plenusplanejados.com.br /public_html/images/macicos/_vti_cnf penteadeira.jpg
118.04.16 21:33 B C:\Users\Administrador\Documents\Loja_PMP\Site-Loja\siteplenus\images\macicos\_vti_cnf\pochola (1).jpg --> plenusplanejados.com.br /public_html/images/macicos/_vti_cnf pochola (1).jpg
118.04.16 21:33 B C:\Users\Administrador\Documents\Loja_PMP\Site-Loja\siteplenus\images\macicos\_vti_cnf\pochola (2).jpg --> plenusplanejados.com.br /public_html/images/macicos/_vti_cnf pochola (2).jpg
118.04.16 21:33 B C:\Users\Administrador\Documents\Loja_PMP\Site-Loja\siteplenus\images\macicos\_vti_cnf\pochola.jpg --> plenusplanejados.com.br /public_html/images/macicos/_vti_cnf pochola.jpg
118.04.16 21:33 B C:\Users\Administrador\Documents\Loja_PMP\Site-Loja\siteplenus\images\macicos\_vti_cnf\portal (1).jpg --> plenusplanejados.com.br /public_html/images/macicos/_vti_cnf portal (1).jpg
118.04.16 21:33 B C:\Users\Administrador\Documents\Loja_PMP\Site-Loja\siteplenus\images\macicos\_vti_cnf\portal.jpg --> plenusplanejados.com.br /public_html/images/macicos/_vti_cnf portal.jpg
118.04.16 21:33 B C:\Users\Administrador\Documents\Loja_PMP\Site-Loja\siteplenus\images\macicos\_vti_cnf\rusticos (1).jpg --> plenusplanejados.com.br /public_html/images/macicos/_vti_cnf rusticos (1).jpg
118.04.16 21:33 B C:\Users\Administrador\Documents\Loja_PMP\Site-Loja\siteplenus\images\macicos\_vti_cnf\rusticos (10).jpg --> plenusplanejados.com.br /public_html/images/macicos/_vti_cnf rusticos (10).jpg
118.04.16 21:33 B C:\Users\Administrador\Documents\Loja_PMP\Site-Loja\siteplenus\images\macicos\_vti_cnf\rusticos (11).jpg --> plenusplanejados.com.br /public_html/images/macicos/_vti_cnf rusticos (11).jpg
118.04.16 21:33 B C:\Users\Administrador\Documents\Loja_PMP\Site-Loja\siteplenus\images\macicos\_vti_cnf\rusticos (12).jpg --> plenusplanejados.com.br /public_html/images/macicos/_vti_cnf rusticos (12).jpg
118.04.16 21:33 B C:\Users\Administrador\Documents\Loja_PMP\Site-Loja\siteplenus\images\macicos\_vti_cnf\rusticos (13).jpg --> plenusplanejados.com.br /public_html/images/macicos/_vti_cnf rusticos (13).jpg
118.04.16 21:33 B C:\Users\Administrador\Documents\Loja_PMP\Site-Loja\siteplenus\images\macicos\_vti_cnf\rusticos (14).jpg --> plenusplanejados.com.br /public_html/images/macicos/_vti_cnf rusticos (14).jpg
118.04.16 21:33 B C:\Users\Administrador\Documents\Loja_PMP\Site-Loja\siteplenus\images\macicos\_vti_cnf\rusticos (15).jpg --> plenusplanejados.com.br /public_html/images/macicos/_vti_cnf rusticos (15).jpg
118.04.16 21:33 B C:\Users\Administrador\Documents\Loja_PMP\Site-Loja\siteplenus\images\macicos\_vti_cnf\rusticos (16).jpg --> plenusplanejados.com.br /public_html/images/macicos/_vti_cnf rusticos (16).jpg
118.04.16 21:33 B C:\Users\Administrador\Documents\Loja_PMP\Site-Loja\siteplenus\images\macicos\_vti_cnf\rusticos (17).jpg --> plenusplanejados.com.br /public_html/images/macicos/_vti_cnf rusticos (17).jpg
118.04.16 21:33 B C:\Users\Administrador\Documents\Loja_PMP\Site-Loja\siteplenus\images\macicos\_vti_cnf\rusticos (18).jpg --> plenusplanejados.com.br /public_html/images/macicos/_vti_cnf rusticos (18).jpg
118.04.16 21:33 B C:\Users\Administrador\Documents\Loja_PMP\Site-Loja\siteplenus\images\macicos\_vti_cnf\rusticos (19).jpg --> plenusplanejados.com.br /public_html/images/macicos/_vti_cnf rusticos (19).jpg
118.04.16 21:33 B C:\Users\Administrador\Documents\Loja_PMP\Site-Loja\siteplenus\images\macicos\_vti_cnf\rusticos (2).jpg --> plenusplanejados.com.br /public_html/images/macicos/_vti_cnf rusticos (2).jpg
118.04.16 21:33 B C:\Users\Administrador\Documents\Loja_PMP\Site-Loja\siteplenus\images\macicos\_vti_cnf\rusticos (20).jpg --> plenusplanejados.com.br /public_html/images/macicos/_vti_cnf rusticos (20).jpg
118.04.16 21:33 B C:\Users\Administrador\Documents\Loja_PMP\Site-Loja\siteplenus\images\macicos\_vti_cnf\rusticos (21).jpg --> plenusplanejados.com.br /public_html/images/macicos/_vti_cnf rusticos (21).jpg
118.04.16 21:33 B C:\Users\Administrador\Documents\Loja_PMP\Site-Loja\siteplenus\images\macicos\_vti_cnf\rusticos (22).jpg --> plenusplanejados.com.br /public_html/images/macicos/_vti_cnf rusticos (22).jpg
118.04.16 21:33 B C:\Users\Administrador\Documents\Loja_PMP\Site-Loja\siteplenus\images\macicos\_vti_cnf\rusticos (23).jpg --> plenusplanejados.com.br /public_html/images/macicos/_vti_cnf rusticos (23).jpg
118.04.16 21:33 B C:\Users\Administrador\Documents\Loja_PMP\Site-Loja\siteplenus\images\macicos\_vti_cnf\rusticos (24).jpg --> plenusplanejados.com.br /public_html/images/macicos/_vti_cnf rusticos (24).jpg
118.04.16 21:33 B C:\Users\Administrador\Documents\Loja_PMP\Site-Loja\siteplenus\images\macicos\_vti_cnf\rusticos (25).jpg --> plenusplanejados.com.br /public_html/images/macicos/_vti_cnf rusticos (25).jpg
118.04.16 21:33 B C:\Users\Administrador\Documents\Loja_PMP\Site-Loja\siteplenus\images\macicos\_vti_cnf\rusticos (26).jpg --> plenusplanejados.com.br /public_html/images/macicos/_vti_cnf rusticos (26).jpg
118.04.16 21:33 B C:\Users\Administrador\Documents\Loja_PMP\Site-Loja\siteplenus\images\macicos\_vti_cnf\rusticos (27).jpg --> plenusplanejados.com.br /public_html/images/macicos/_vti_cnf rusticos (27).jpg
118.04.16 21:33 B C:\Users\Administrador\Documents\Loja_PMP\Site-Loja\siteplenus\images\macicos\_vti_cnf\rusticos (28).jpg --> plenusplanejados.com.br /public_html/images/macicos/_vti_cnf rusticos (28).jpg
118.04.16 21:33 B C:\Users\Administrador\Documents\Loja_PMP\Site-Loja\siteplenus\images\macicos\_vti_cnf\rusticos (29).jpg --> plenusplanejados.com.br /public_html/images/macicos/_vti_cnf rusticos (29).jpg
118.04.16 21:33 B C:\Users\Administrador\Documents\Loja_PMP\Site-Loja\siteplenus\images\macicos\_vti_cnf\rusticos (3).jpg --> plenusplanejados.com.br /public_html/images/macicos/_vti_cnf rusticos (3).jpg
118.04.16 21:33 B C:\Users\Administrador\Documents\Loja_PMP\Site-Loja\siteplenus\images\macicos\_vti_cnf\rusticos (30).jpg --> plenusplanejados.com.br /public_html/images/macicos/_vti_cnf rusticos (30).jpg
118.04.16 21:33 B C:\Users\Administrador\Documents\Loja_PMP\Site-Loja\siteplenus\images\macicos\_vti_cnf\rusticos (31).jpg --> plenusplanejados.com.br /public_html/images/macicos/_vti_cnf rusticos (31).jpg
118.04.16 21:33 B C:\Users\Administrador\Documents\Loja_PMP\Site-Loja\siteplenus\images\macicos\_vti_cnf\rusticos (32).jpg --> plenusplanejados.com.br /public_html/images/macicos/_vti_cnf rusticos (32).jpg
118.04.16 21:33 B C:\Users\Administrador\Documents\Loja_PMP\Site-Loja\siteplenus\images\macicos\_vti_cnf\rusticos (33).jpg --> plenusplanejados.com.br /public_html/images/macicos/_vti_cnf rusticos (33).jpg
118.04.16 21:33 B C:\Users\Administrador\Documents\Loja_PMP\Site-Loja\siteplenus\images\macicos\_vti_cnf\rusticos (34).jpg --> plenusplanejados.com.br /public_html/images/macicos/_vti_cnf rusticos (34).jpg
118.04.16 21:33 B C:\Users\Administrador\Documents\Loja_PMP\Site-Loja\siteplenus\images\macicos\_vti_cnf\rusticos (35).jpg --> plenusplanejados.com.br /public_html/images/macicos/_vti_cnf rusticos (35).jpg
118.04.16 21:33 B C:\Users\Administrador\Documents\Loja_PMP\Site-Loja\siteplenus\images\macicos\_vti_cnf\rusticos (36).jpg --> plenusplanejados.com.br /public_html/images/macicos/_vti_cnf rusticos (36).jpg
118.04.16 21:33 B C:\Users\Administrador\Documents\Loja_PMP\Site-Loja\siteplenus\images\macicos\_vti_cnf\rusticos (37).jpg --> plenusplanejados.com.br /public_html/images/macicos/_vti_cnf rusticos (37).jpg
118.04.16 21:33 B C:\Users\Administrador\Documents\Loja_PMP\Site-Loja\siteplenus\images\macicos\_vti_cnf\rusticos (38).jpg --> plenusplanejados.com.br /public_html/images/macicos/_vti_cnf rusticos (38).jpg
118.04.16 21:33 B C:\Users\Administrador\Documents\Loja_PMP\Site-Loja\siteplenus\images\macicos\_vti_cnf\rusticos (39).jpg --> plenusplanejados.com.br /public_html/images/macicos/_vti_cnf rusticos (39).jpg
118.04.16 21:33 B C:\Users\Administrador\Documents\Loja_PMP\Site-Loja\siteplenus\images\macicos\_vti_cnf\rusticos (4).jpg --> plenusplanejados.com.br /public_html/images/macicos/_vti_cnf rusticos (4).jpg
118.04.16 21:33 B C:\Users\Administrador\Documents\Loja_PMP\Site-Loja\siteplenus\images\macicos\_vti_cnf\rusticos (40).jpg --> plenusplanejados.com.br /public_html/images/macicos/_vti_cnf rusticos (40).jpg
118.04.16 21:33 B C:\Users\Administrador\Documents\Loja_PMP\Site-Loja\siteplenus\images\macicos\_vti_cnf\rusticos (41).jpg --> plenusplanejados.com.br /public_html/images/macicos/_vti_cnf rusticos (41).jpg
118.04.16 21:33 B C:\Users\Administrador\Documents\Loja_PMP\Site-Loja\siteplenus\images\macicos\_vti_cnf\rusticos (42).jpg --> plenusplanejados.com.br /public_html/images/macicos/_vti_cnf rusticos (42).jpg
118.04.16 21:33 B C:\Users\Administrador\Documents\Loja_PMP\Site-Loja\siteplenus\images\macicos\_vti_cnf\rusticos (43).jpg --> plenusplanejados.com.br /public_html/images/macicos/_vti_cnf rusticos (43).jpg
118.04.16 21:33 B C:\Users\Administrador\Documents\Loja_PMP\Site-Loja\siteplenus\images\macicos\_vti_cnf\rusticos (44).jpg --> plenusplanejados.com.br /public_html/images/macicos/_vti_cnf rusticos (44).jpg
118.04.16 21:33 B C:\Users\Administrador\Documents\Loja_PMP\Site-Loja\siteplenus\images\macicos\_vti_cnf\rusticos (45).jpg --> plenusplanejados.com.br /public_html/images/macicos/_vti_cnf rusticos (45).jpg
118.04.16 21:33 B C:\Users\Administrador\Documents\Loja_PMP\Site-Loja\siteplenus\images\macicos\_vti_cnf\rusticos (46).jpg --> plenusplanejados.com.br /public_html/images/macicos/_vti_cnf rusticos (46).jpg
118.04.16 21:33 B C:\Users\Administrador\Documents\Loja_PMP\Site-Loja\siteplenus\images\macicos\_vti_cnf\rusticos (47).jpg --> plenusplanejados.com.br /public_html/images/macicos/_vti_cnf rusticos (47).jpg
118.04.16 21:33 B C:\Users\Administrador\Documents\Loja_PMP\Site-Loja\siteplenus\images\macicos\_vti_cnf\rusticos (48).jpg --> plenusplanejados.com.br /public_html/images/macicos/_vti_cnf rusticos (48).jpg
118.04.16 21:33 B C:\Users\Administrador\Documents\Loja_PMP\Site-Loja\siteplenus\images\macicos\_vti_cnf\rusticos (49).jpg --> plenusplanejados.com.br /public_html/images/macicos/_vti_cnf rusticos (49).jpg
118.04.16 21:33 B C:\Users\Administrador\Documents\Loja_PMP\Site-Loja\siteplenus\images\macicos\_vti_cnf\rusticos (5).jpg --> plenusplanejados.com.br /public_html/images/macicos/_vti_cnf rusticos (5).jpg
118.04.16 21:33 B C:\Users\Administrador\Documents\Loja_PMP\Site-Loja\siteplenus\images\macicos\_vti_cnf\rusticos (50).jpg --> plenusplanejados.com.br /public_html/images/macicos/_vti_cnf rusticos (50).jpg
118.04.16 21:33 B C:\Users\Administrador\Documents\Loja_PMP\Site-Loja\siteplenus\images\macicos\_vti_cnf\rusticos (6).jpg --> plenusplanejados.com.br /public_html/images/macicos/_vti_cnf rusticos (6).jpg
118.04.16 21:33 B C:\Users\Administrador\Documents\Loja_PMP\Site-Loja\siteplenus\images\macicos\_vti_cnf\rusticos (7).jpg --> plenusplanejados.com.br /public_html/images/macicos/_vti_cnf rusticos (7).jpg
118.04.16 21:33 B C:\Users\Administrador\Documents\Loja_PMP\Site-Loja\siteplenus\images\macicos\_vti_cnf\rusticos (8).jpg --> plenusplanejados.com.br /public_html/images/macicos/_vti_cnf rusticos (8).jpg
118.04.16 21:33 B C:\Users\Administrador\Documents\Loja_PMP\Site-Loja\siteplenus\images\macicos\_vti_cnf\rusticos (9).jpg --> plenusplanejados.com.br /public_html/images/macicos/_vti_cnf rusticos (9).jpg
118.04.16 21:33 B C:\Users\Administrador\Documents\Loja_PMP\Site-Loja\siteplenus\images\macicos\_vti_cnf\rusticos.jpg --> plenusplanejados.com.br /public_html/images/macicos/_vti_cnf rusticos.jpg
118.04.16 21:33 B C:\Users\Administrador\Documents\Loja_PMP\Site-Loja\siteplenus\images\macicos\_vti_cnf\Thumbs.db --> plenusplanejados.com.br /public_html/images/macicos/_vti_cnf Thumbs.db
118.04.16 21:33 B C:\Users\Administrador\Documents\Loja_PMP\Site-Loja\siteplenus\images\macicos\_vti_cnf\ws_ftp.log --> plenusplanejados.com.br /public_html/images/macicos/_vti_cnf ws_ftp.log
