2011.07.14 10:12 B C:\Documents and Settings\Plenus\Meus Documentos\Loja_PMP\Site-Loja\siteplenus\images\junco-celio\moveis-junco (1).jpg --> plenusplanejados.com.br /public_html/images/junco moveis-junco (1).jpg
2011.07.14 10:12 B C:\Documents and Settings\Plenus\Meus Documentos\Loja_PMP\Site-Loja\siteplenus\images\junco-celio\moveis-junco (10).JPG --> plenusplanejados.com.br /public_html/images/junco moveis-junco (10).JPG
2011.07.14 10:12 B C:\Documents and Settings\Plenus\Meus Documentos\Loja_PMP\Site-Loja\siteplenus\images\junco-celio\moveis-junco (100).jpg --> plenusplanejados.com.br /public_html/images/junco moveis-junco (100).jpg
2011.07.14 10:12 B C:\Documents and Settings\Plenus\Meus Documentos\Loja_PMP\Site-Loja\siteplenus\images\junco-celio\moveis-junco (101).jpg --> plenusplanejados.com.br /public_html/images/junco moveis-junco (101).jpg
2011.07.14 10:12 B C:\Documents and Settings\Plenus\Meus Documentos\Loja_PMP\Site-Loja\siteplenus\images\junco-celio\moveis-junco (102).jpg --> plenusplanejados.com.br /public_html/images/junco moveis-junco (102).jpg
2011.07.14 10:12 B C:\Documents and Settings\Plenus\Meus Documentos\Loja_PMP\Site-Loja\siteplenus\images\junco-celio\moveis-junco (103).JPG --> plenusplanejados.com.br /public_html/images/junco moveis-junco (103).JPG
2011.07.14 10:12 B C:\Documents and Settings\Plenus\Meus Documentos\Loja_PMP\Site-Loja\siteplenus\images\junco-celio\moveis-junco (104).jpg --> plenusplanejados.com.br /public_html/images/junco moveis-junco (104).jpg
2011.07.14 10:12 B C:\Documents and Settings\Plenus\Meus Documentos\Loja_PMP\Site-Loja\siteplenus\images\junco-celio\moveis-junco (105).JPG --> plenusplanejados.com.br /public_html/images/junco moveis-junco (105).JPG
2011.07.14 10:12 B C:\Documents and Settings\Plenus\Meus Documentos\Loja_PMP\Site-Loja\siteplenus\images\junco-celio\moveis-junco (106).jpg --> plenusplanejados.com.br /public_html/images/junco moveis-junco (106).jpg
2011.07.14 10:12 B C:\Documents and Settings\Plenus\Meus Documentos\Loja_PMP\Site-Loja\siteplenus\images\junco-celio\moveis-junco (107).JPG --> plenusplanejados.com.br /public_html/images/junco moveis-junco (107).JPG
2011.07.14 10:12 B C:\Documents and Settings\Plenus\Meus Documentos\Loja_PMP\Site-Loja\siteplenus\images\junco-celio\moveis-junco (108).JPG --> plenusplanejados.com.br /public_html/images/junco moveis-junco (108).JPG
2011.07.14 10:12 B C:\Documents and Settings\Plenus\Meus Documentos\Loja_PMP\Site-Loja\siteplenus\images\junco-celio\moveis-junco (109).jpg --> plenusplanejados.com.br /public_html/images/junco moveis-junco (109).jpg
2011.07.14 10:12 B C:\Documents and Settings\Plenus\Meus Documentos\Loja_PMP\Site-Loja\siteplenus\images\junco-celio\moveis-junco (11).JPG --> plenusplanejados.com.br /public_html/images/junco moveis-junco (11).JPG
2011.07.14 10:12 B C:\Documents and Settings\Plenus\Meus Documentos\Loja_PMP\Site-Loja\siteplenus\images\junco-celio\moveis-junco (110).jpg --> plenusplanejados.com.br /public_html/images/junco moveis-junco (110).jpg
2011.07.14 10:12 B C:\Documents and Settings\Plenus\Meus Documentos\Loja_PMP\Site-Loja\siteplenus\images\junco-celio\moveis-junco (111).jpg --> plenusplanejados.com.br /public_html/images/junco moveis-junco (111).jpg
2011.07.14 10:12 B C:\Documents and Settings\Plenus\Meus Documentos\Loja_PMP\Site-Loja\siteplenus\images\junco-celio\moveis-junco (112).jpg --> plenusplanejados.com.br /public_html/images/junco moveis-junco (112).jpg
2011.07.14 10:12 B C:\Documents and Settings\Plenus\Meus Documentos\Loja_PMP\Site-Loja\siteplenus\images\junco-celio\moveis-junco (113).jpg --> plenusplanejados.com.br /public_html/images/junco moveis-junco (113).jpg
2011.07.14 10:12 B C:\Documents and Settings\Plenus\Meus Documentos\Loja_PMP\Site-Loja\siteplenus\images\junco-celio\moveis-junco (114).jpg --> plenusplanejados.com.br /public_html/images/junco moveis-junco (114).jpg
2011.07.14 10:12 B C:\Documents and Settings\Plenus\Meus Documentos\Loja_PMP\Site-Loja\siteplenus\images\junco-celio\moveis-junco (115).jpg --> plenusplanejados.com.br /public_html/images/junco moveis-junco (115).jpg
2011.07.14 10:12 B C:\Documents and Settings\Plenus\Meus Documentos\Loja_PMP\Site-Loja\siteplenus\images\junco-celio\moveis-junco (116).jpg --> plenusplanejados.com.br /public_html/images/junco moveis-junco (116).jpg
2011.07.14 10:13 B C:\Documents and Settings\Plenus\Meus Documentos\Loja_PMP\Site-Loja\siteplenus\images\junco-celio\moveis-junco (117).jpg --> plenusplanejados.com.br /public_html/images/junco moveis-junco (117).jpg
2011.07.14 10:13 B C:\Documents and Settings\Plenus\Meus Documentos\Loja_PMP\Site-Loja\siteplenus\images\junco-celio\moveis-junco (118).jpg --> plenusplanejados.com.br /public_html/images/junco moveis-junco (118).jpg
2011.07.14 10:13 B C:\Documents and Settings\Plenus\Meus Documentos\Loja_PMP\Site-Loja\siteplenus\images\junco-celio\moveis-junco (119).jpg --> plenusplanejados.com.br /public_html/images/junco moveis-junco (119).jpg
2011.07.14 10:13 B C:\Documents and Settings\Plenus\Meus Documentos\Loja_PMP\Site-Loja\siteplenus\images\junco-celio\moveis-junco (12).JPG --> plenusplanejados.com.br /public_html/images/junco moveis-junco (12).JPG
2011.07.14 10:13 B C:\Documents and Settings\Plenus\Meus Documentos\Loja_PMP\Site-Loja\siteplenus\images\junco-celio\moveis-junco (120).jpg --> plenusplanejados.com.br /public_html/images/junco moveis-junco (120).jpg
2011.07.14 10:13 B C:\Documents and Settings\Plenus\Meus Documentos\Loja_PMP\Site-Loja\siteplenus\images\junco-celio\moveis-junco (121).jpg --> plenusplanejados.com.br /public_html/images/junco moveis-junco (121).jpg
2011.07.14 10:13 B C:\Documents and Settings\Plenus\Meus Documentos\Loja_PMP\Site-Loja\siteplenus\images\junco-celio\moveis-junco (122).jpg --> plenusplanejados.com.br /public_html/images/junco moveis-junco (122).jpg
2011.07.14 10:13 B C:\Documents and Settings\Plenus\Meus Documentos\Loja_PMP\Site-Loja\siteplenus\images\junco-celio\moveis-junco (123).JPG --> plenusplanejados.com.br /public_html/images/junco moveis-junco (123).JPG
2011.07.14 10:13 B C:\Documents and Settings\Plenus\Meus Documentos\Loja_PMP\Site-Loja\siteplenus\images\junco-celio\moveis-junco (124).jpg --> plenusplanejados.com.br /public_html/images/junco moveis-junco (124).jpg
2011.07.14 10:13 B C:\Documents and Settings\Plenus\Meus Documentos\Loja_PMP\Site-Loja\siteplenus\images\junco-celio\moveis-junco (125).JPG --> plenusplanejados.com.br /public_html/images/junco moveis-junco (125).JPG
2011.07.14 10:13 B C:\Documents and Settings\Plenus\Meus Documentos\Loja_PMP\Site-Loja\siteplenus\images\junco-celio\moveis-junco (126).JPG --> plenusplanejados.com.br /public_html/images/junco moveis-junco (126).JPG
2011.07.14 10:13 B C:\Documents and Settings\Plenus\Meus Documentos\Loja_PMP\Site-Loja\siteplenus\images\junco-celio\moveis-junco (127).JPG --> plenusplanejados.com.br /public_html/images/junco moveis-junco (127).JPG
2011.07.14 10:13 B C:\Documents and Settings\Plenus\Meus Documentos\Loja_PMP\Site-Loja\siteplenus\images\junco-celio\moveis-junco (128).jpg --> plenusplanejados.com.br /public_html/images/junco moveis-junco (128).jpg
2011.07.14 10:13 B C:\Documents and Settings\Plenus\Meus Documentos\Loja_PMP\Site-Loja\siteplenus\images\junco-celio\moveis-junco (129).jpg --> plenusplanejados.com.br /public_html/images/junco moveis-junco (129).jpg
2011.07.14 10:13 B C:\Documents and Settings\Plenus\Meus Documentos\Loja_PMP\Site-Loja\siteplenus\images\junco-celio\moveis-junco (13).JPG --> plenusplanejados.com.br /public_html/images/junco moveis-junco (13).JPG
2011.07.14 10:13 B C:\Documents and Settings\Plenus\Meus Documentos\Loja_PMP\Site-Loja\siteplenus\images\junco-celio\moveis-junco (130).JPG --> plenusplanejados.com.br /public_html/images/junco moveis-junco (130).JPG
2011.07.14 10:13 B C:\Documents and Settings\Plenus\Meus Documentos\Loja_PMP\Site-Loja\siteplenus\images\junco-celio\moveis-junco (131).jpg --> plenusplanejados.com.br /public_html/images/junco moveis-junco (131).jpg
2011.07.14 10:13 B C:\Documents and Settings\Plenus\Meus Documentos\Loja_PMP\Site-Loja\siteplenus\images\junco-celio\moveis-junco (132).jpg --> plenusplanejados.com.br /public_html/images/junco moveis-junco (132).jpg
2011.07.14 10:13 B C:\Documents and Settings\Plenus\Meus Documentos\Loja_PMP\Site-Loja\siteplenus\images\junco-celio\moveis-junco (133).jpg --> plenusplanejados.com.br /public_html/images/junco moveis-junco (133).jpg
2011.07.14 10:13 B C:\Documents and Settings\Plenus\Meus Documentos\Loja_PMP\Site-Loja\siteplenus\images\junco-celio\moveis-junco (134).jpg --> plenusplanejados.com.br /public_html/images/junco moveis-junco (134).jpg
2011.07.14 10:13 B C:\Documents and Settings\Plenus\Meus Documentos\Loja_PMP\Site-Loja\siteplenus\images\junco-celio\moveis-junco (14).JPG --> plenusplanejados.com.br /public_html/images/junco moveis-junco (14).JPG
2011.07.14 10:13 B C:\Documents and Settings\Plenus\Meus Documentos\Loja_PMP\Site-Loja\siteplenus\images\junco-celio\moveis-junco (15).JPG --> plenusplanejados.com.br /public_html/images/junco moveis-junco (15).JPG
2011.07.14 10:13 B C:\Documents and Settings\Plenus\Meus Documentos\Loja_PMP\Site-Loja\siteplenus\images\junco-celio\moveis-junco (16).JPG --> plenusplanejados.com.br /public_html/images/junco moveis-junco (16).JPG
2011.07.14 10:13 B C:\Documents and Settings\Plenus\Meus Documentos\Loja_PMP\Site-Loja\siteplenus\images\junco-celio\moveis-junco (17).JPG --> plenusplanejados.com.br /public_html/images/junco moveis-junco (17).JPG
2011.07.14 10:13 B C:\Documents and Settings\Plenus\Meus Documentos\Loja_PMP\Site-Loja\siteplenus\images\junco-celio\moveis-junco (18).JPG --> plenusplanejados.com.br /public_html/images/junco moveis-junco (18).JPG
2011.07.14 10:13 B C:\Documents and Settings\Plenus\Meus Documentos\Loja_PMP\Site-Loja\siteplenus\images\junco-celio\moveis-junco (19).JPG --> plenusplanejados.com.br /public_html/images/junco moveis-junco (19).JPG
2011.07.14 10:14 B C:\Documents and Settings\Plenus\Meus Documentos\Loja_PMP\Site-Loja\siteplenus\images\junco-celio\moveis-junco (2).JPG --> plenusplanejados.com.br /public_html/images/junco moveis-junco (2).JPG
2011.07.14 10:14 B C:\Documents and Settings\Plenus\Meus Documentos\Loja_PMP\Site-Loja\siteplenus\images\junco-celio\moveis-junco (20).JPG --> plenusplanejados.com.br /public_html/images/junco moveis-junco (20).JPG
2011.07.14 10:14 B C:\Documents and Settings\Plenus\Meus Documentos\Loja_PMP\Site-Loja\siteplenus\images\junco-celio\moveis-junco (21).JPG --> plenusplanejados.com.br /public_html/images/junco moveis-junco (21).JPG
2011.07.14 10:14 B C:\Documents and Settings\Plenus\Meus Documentos\Loja_PMP\Site-Loja\siteplenus\images\junco-celio\moveis-junco (22).jpg --> plenusplanejados.com.br /public_html/images/junco moveis-junco (22).jpg
2011.07.14 10:14 B C:\Documents and Settings\Plenus\Meus Documentos\Loja_PMP\Site-Loja\siteplenus\images\junco-celio\moveis-junco (23).JPG --> plenusplanejados.com.br /public_html/images/junco moveis-junco (23).JPG
2011.07.14 10:14 B C:\Documents and Settings\Plenus\Meus Documentos\Loja_PMP\Site-Loja\siteplenus\images\junco-celio\moveis-junco (24).JPG --> plenusplanejados.com.br /public_html/images/junco moveis-junco (24).JPG
2011.07.14 10:14 B C:\Documents and Settings\Plenus\Meus Documentos\Loja_PMP\Site-Loja\siteplenus\images\junco-celio\moveis-junco (25).JPG --> plenusplanejados.com.br /public_html/images/junco moveis-junco (25).JPG
2011.07.14 10:14 B C:\Documents and Settings\Plenus\Meus Documentos\Loja_PMP\Site-Loja\siteplenus\images\junco-celio\moveis-junco (26).JPG --> plenusplanejados.com.br /public_html/images/junco moveis-junco (26).JPG
2011.07.14 10:14 B C:\Documents and Settings\Plenus\Meus Documentos\Loja_PMP\Site-Loja\siteplenus\images\junco-celio\moveis-junco (27).JPG --> plenusplanejados.com.br /public_html/images/junco moveis-junco (27).JPG
2011.07.14 10:14 B C:\Documents and Settings\Plenus\Meus Documentos\Loja_PMP\Site-Loja\siteplenus\images\junco-celio\moveis-junco (28).JPG --> plenusplanejados.com.br /public_html/images/junco moveis-junco (28).JPG
2011.07.14 10:14 B C:\Documents and Settings\Plenus\Meus Documentos\Loja_PMP\Site-Loja\siteplenus\images\junco-celio\moveis-junco (29).JPG --> plenusplanejados.com.br /public_html/images/junco moveis-junco (29).JPG
2011.07.14 10:14 B C:\Documents and Settings\Plenus\Meus Documentos\Loja_PMP\Site-Loja\siteplenus\images\junco-celio\moveis-junco (3).JPG --> plenusplanejados.com.br /public_html/images/junco moveis-junco (3).JPG
2011.07.14 10:14 B C:\Documents and Settings\Plenus\Meus Documentos\Loja_PMP\Site-Loja\siteplenus\images\junco-celio\moveis-junco (30).JPG --> plenusplanejados.com.br /public_html/images/junco moveis-junco (30).JPG
2011.07.14 10:14 B C:\Documents and Settings\Plenus\Meus Documentos\Loja_PMP\Site-Loja\siteplenus\images\junco-celio\moveis-junco (31).JPG --> plenusplanejados.com.br /public_html/images/junco moveis-junco (31).JPG
2011.07.14 10:14 B C:\Documents and Settings\Plenus\Meus Documentos\Loja_PMP\Site-Loja\siteplenus\images\junco-celio\moveis-junco (32).JPG --> plenusplanejados.com.br /public_html/images/junco moveis-junco (32).JPG
2011.07.14 10:14 B C:\Documents and Settings\Plenus\Meus Documentos\Loja_PMP\Site-Loja\siteplenus\images\junco-celio\moveis-junco (33).JPG --> plenusplanejados.com.br /public_html/images/junco moveis-junco (33).JPG
2011.07.14 10:14 B C:\Documents and Settings\Plenus\Meus Documentos\Loja_PMP\Site-Loja\siteplenus\images\junco-celio\moveis-junco (34).JPG --> plenusplanejados.com.br /public_html/images/junco moveis-junco (34).JPG
2011.07.14 10:14 B C:\Documents and Settings\Plenus\Meus Documentos\Loja_PMP\Site-Loja\siteplenus\images\junco-celio\moveis-junco (35).JPG --> plenusplanejados.com.br /public_html/images/junco moveis-junco (35).JPG
2011.07.14 10:14 B C:\Documents and Settings\Plenus\Meus Documentos\Loja_PMP\Site-Loja\siteplenus\images\junco-celio\moveis-junco (36).JPG --> plenusplanejados.com.br /public_html/images/junco moveis-junco (36).JPG
2011.07.14 10:14 B C:\Documents and Settings\Plenus\Meus Documentos\Loja_PMP\Site-Loja\siteplenus\images\junco-celio\moveis-junco (37).JPG --> plenusplanejados.com.br /public_html/images/junco moveis-junco (37).JPG
2011.07.14 10:14 B C:\Documents and Settings\Plenus\Meus Documentos\Loja_PMP\Site-Loja\siteplenus\images\junco-celio\moveis-junco (38).JPG --> plenusplanejados.com.br /public_html/images/junco moveis-junco (38).JPG
2011.07.14 10:14 B C:\Documents and Settings\Plenus\Meus Documentos\Loja_PMP\Site-Loja\siteplenus\images\junco-celio\moveis-junco (39).JPG --> plenusplanejados.com.br /public_html/images/junco moveis-junco (39).JPG
2011.07.14 10:14 B C:\Documents and Settings\Plenus\Meus Documentos\Loja_PMP\Site-Loja\siteplenus\images\junco-celio\moveis-junco (4).JPG --> plenusplanejados.com.br /public_html/images/junco moveis-junco (4).JPG
2011.07.14 10:14 B C:\Documents and Settings\Plenus\Meus Documentos\Loja_PMP\Site-Loja\siteplenus\images\junco-celio\moveis-junco (40).JPG --> plenusplanejados.com.br /public_html/images/junco moveis-junco (40).JPG
2011.07.14 10:14 B C:\Documents and Settings\Plenus\Meus Documentos\Loja_PMP\Site-Loja\siteplenus\images\junco-celio\moveis-junco (41).JPG --> plenusplanejados.com.br /public_html/images/junco moveis-junco (41).JPG
2011.07.14 10:14 B C:\Documents and Settings\Plenus\Meus Documentos\Loja_PMP\Site-Loja\siteplenus\images\junco-celio\moveis-junco (42).JPG --> plenusplanejados.com.br /public_html/images/junco moveis-junco (42).JPG
2011.07.14 10:14 B C:\Documents and Settings\Plenus\Meus Documentos\Loja_PMP\Site-Loja\siteplenus\images\junco-celio\moveis-junco (43).JPG --> plenusplanejados.com.br /public_html/images/junco moveis-junco (43).JPG
2011.07.14 10:14 B C:\Documents and Settings\Plenus\Meus Documentos\Loja_PMP\Site-Loja\siteplenus\images\junco-celio\moveis-junco (44).JPG --> plenusplanejados.com.br /public_html/images/junco moveis-junco (44).JPG
2011.07.14 10:14 B C:\Documents and Settings\Plenus\Meus Documentos\Loja_PMP\Site-Loja\siteplenus\images\junco-celio\moveis-junco (45).JPG --> plenusplanejados.com.br /public_html/images/junco moveis-junco (45).JPG
2011.07.14 10:14 B C:\Documents and Settings\Plenus\Meus Documentos\Loja_PMP\Site-Loja\siteplenus\images\junco-celio\moveis-junco (46).JPG --> plenusplanejados.com.br /public_html/images/junco moveis-junco (46).JPG
2011.07.14 10:15 B C:\Documents and Settings\Plenus\Meus Documentos\Loja_PMP\Site-Loja\siteplenus\images\junco-celio\moveis-junco (47).JPG --> plenusplanejados.com.br /public_html/images/junco moveis-junco (47).JPG
2011.07.14 10:15 B C:\Documents and Settings\Plenus\Meus Documentos\Loja_PMP\Site-Loja\siteplenus\images\junco-celio\moveis-junco (48).JPG --> plenusplanejados.com.br /public_html/images/junco moveis-junco (48).JPG
2011.07.14 10:15 B C:\Documents and Settings\Plenus\Meus Documentos\Loja_PMP\Site-Loja\siteplenus\images\junco-celio\moveis-junco (49).JPG --> plenusplanejados.com.br /public_html/images/junco moveis-junco (49).JPG
2011.07.14 10:15 B C:\Documents and Settings\Plenus\Meus Documentos\Loja_PMP\Site-Loja\siteplenus\images\junco-celio\moveis-junco (5).jpg --> plenusplanejados.com.br /public_html/images/junco moveis-junco (5).jpg
2011.07.14 10:15 B C:\Documents and Settings\Plenus\Meus Documentos\Loja_PMP\Site-Loja\siteplenus\images\junco-celio\moveis-junco (50).JPG --> plenusplanejados.com.br /public_html/images/junco moveis-junco (50).JPG
2011.07.14 10:15 B C:\Documents and Settings\Plenus\Meus Documentos\Loja_PMP\Site-Loja\siteplenus\images\junco-celio\moveis-junco (51).JPG --> plenusplanejados.com.br /public_html/images/junco moveis-junco (51).JPG
2011.07.14 10:15 B C:\Documents and Settings\Plenus\Meus Documentos\Loja_PMP\Site-Loja\siteplenus\images\junco-celio\moveis-junco (52).JPG --> plenusplanejados.com.br /public_html/images/junco moveis-junco (52).JPG
2011.07.14 10:15 B C:\Documents and Settings\Plenus\Meus Documentos\Loja_PMP\Site-Loja\siteplenus\images\junco-celio\moveis-junco (53).JPG --> plenusplanejados.com.br /public_html/images/junco moveis-junco (53).JPG
2011.07.14 10:15 B C:\Documents and Settings\Plenus\Meus Documentos\Loja_PMP\Site-Loja\siteplenus\images\junco-celio\moveis-junco (54).JPG --> plenusplanejados.com.br /public_html/images/junco moveis-junco (54).JPG
2011.07.14 10:15 B C:\Documents and Settings\Plenus\Meus Documentos\Loja_PMP\Site-Loja\siteplenus\images\junco-celio\moveis-junco (55).JPG --> plenusplanejados.com.br /public_html/images/junco moveis-junco (55).JPG
2011.07.14 10:15 B C:\Documents and Settings\Plenus\Meus Documentos\Loja_PMP\Site-Loja\siteplenus\images\junco-celio\moveis-junco (56).JPG --> plenusplanejados.com.br /public_html/images/junco moveis-junco (56).JPG
2011.07.14 10:15 B C:\Documents and Settings\Plenus\Meus Documentos\Loja_PMP\Site-Loja\siteplenus\images\junco-celio\moveis-junco (57).JPG --> plenusplanejados.com.br /public_html/images/junco moveis-junco (57).JPG
2011.07.14 10:15 B C:\Documents and Settings\Plenus\Meus Documentos\Loja_PMP\Site-Loja\siteplenus\images\junco-celio\moveis-junco (58).JPG --> plenusplanejados.com.br /public_html/images/junco moveis-junco (58).JPG
2011.07.14 10:15 B C:\Documents and Settings\Plenus\Meus Documentos\Loja_PMP\Site-Loja\siteplenus\images\junco-celio\moveis-junco (59).JPG --> plenusplanejados.com.br /public_html/images/junco moveis-junco (59).JPG
2011.07.14 10:15 B C:\Documents and Settings\Plenus\Meus Documentos\Loja_PMP\Site-Loja\siteplenus\images\junco-celio\moveis-junco (6).JPG --> plenusplanejados.com.br /public_html/images/junco moveis-junco (6).JPG
2011.07.14 10:15 B C:\Documents and Settings\Plenus\Meus Documentos\Loja_PMP\Site-Loja\siteplenus\images\junco-celio\moveis-junco (60).JPG --> plenusplanejados.com.br /public_html/images/junco moveis-junco (60).JPG
2011.07.14 10:15 B C:\Documents and Settings\Plenus\Meus Documentos\Loja_PMP\Site-Loja\siteplenus\images\junco-celio\moveis-junco (61).JPG --> plenusplanejados.com.br /public_html/images/junco moveis-junco (61).JPG
2011.07.14 10:15 B C:\Documents and Settings\Plenus\Meus Documentos\Loja_PMP\Site-Loja\siteplenus\images\junco-celio\moveis-junco (62).JPG --> plenusplanejados.com.br /public_html/images/junco moveis-junco (62).JPG
2011.07.14 10:15 B C:\Documents and Settings\Plenus\Meus Documentos\Loja_PMP\Site-Loja\siteplenus\images\junco-celio\moveis-junco (63).JPG --> plenusplanejados.com.br /public_html/images/junco moveis-junco (63).JPG
2011.07.14 10:15 B C:\Documents and Settings\Plenus\Meus Documentos\Loja_PMP\Site-Loja\siteplenus\images\junco-celio\moveis-junco (64).JPG --> plenusplanejados.com.br /public_html/images/junco moveis-junco (64).JPG
2011.07.14 10:15 B C:\Documents and Settings\Plenus\Meus Documentos\Loja_PMP\Site-Loja\siteplenus\images\junco-celio\moveis-junco (65).JPG --> plenusplanejados.com.br /public_html/images/junco moveis-junco (65).JPG
2011.07.14 10:15 B C:\Documents and Settings\Plenus\Meus Documentos\Loja_PMP\Site-Loja\siteplenus\images\junco-celio\moveis-junco (66).JPG --> plenusplanejados.com.br /public_html/images/junco moveis-junco (66).JPG
2011.07.14 10:15 B C:\Documents and Settings\Plenus\Meus Documentos\Loja_PMP\Site-Loja\siteplenus\images\junco-celio\moveis-junco (67).JPG --> plenusplanejados.com.br /public_html/images/junco moveis-junco (67).JPG
2011.07.14 10:15 B C:\Documents and Settings\Plenus\Meus Documentos\Loja_PMP\Site-Loja\siteplenus\images\junco-celio\moveis-junco (68).JPG --> plenusplanejados.com.br /public_html/images/junco moveis-junco (68).JPG
2011.07.14 10:15 B C:\Documents and Settings\Plenus\Meus Documentos\Loja_PMP\Site-Loja\siteplenus\images\junco-celio\moveis-junco (69).JPG --> plenusplanejados.com.br /public_html/images/junco moveis-junco (69).JPG
2011.07.14 10:15 B C:\Documents and Settings\Plenus\Meus Documentos\Loja_PMP\Site-Loja\siteplenus\images\junco-celio\moveis-junco (7).JPG --> plenusplanejados.com.br /public_html/images/junco moveis-junco (7).JPG
2011.07.14 10:15 B C:\Documents and Settings\Plenus\Meus Documentos\Loja_PMP\Site-Loja\siteplenus\images\junco-celio\moveis-junco (70).JPG --> plenusplanejados.com.br /public_html/images/junco moveis-junco (70).JPG
2011.07.14 10:15 B C:\Documents and Settings\Plenus\Meus Documentos\Loja_PMP\Site-Loja\siteplenus\images\junco-celio\moveis-junco (71).JPG --> plenusplanejados.com.br /public_html/images/junco moveis-junco (71).JPG
2011.07.14 10:15 B C:\Documents and Settings\Plenus\Meus Documentos\Loja_PMP\Site-Loja\siteplenus\images\junco-celio\moveis-junco (72).JPG --> plenusplanejados.com.br /public_html/images/junco moveis-junco (72).JPG
2011.07.14 10:15 B C:\Documents and Settings\Plenus\Meus Documentos\Loja_PMP\Site-Loja\siteplenus\images\junco-celio\moveis-junco (73).JPG --> plenusplanejados.com.br /public_html/images/junco moveis-junco (73).JPG
2011.07.14 10:16 B C:\Documents and Settings\Plenus\Meus Documentos\Loja_PMP\Site-Loja\siteplenus\images\junco-celio\moveis-junco (74).JPG --> plenusplanejados.com.br /public_html/images/junco moveis-junco (74).JPG
2011.07.14 10:16 B C:\Documents and Settings\Plenus\Meus Documentos\Loja_PMP\Site-Loja\siteplenus\images\junco-celio\moveis-junco (75).JPG --> plenusplanejados.com.br /public_html/images/junco moveis-junco (75).JPG
2011.07.14 10:16 B C:\Documents and Settings\Plenus\Meus Documentos\Loja_PMP\Site-Loja\siteplenus\images\junco-celio\moveis-junco (76).JPG --> plenusplanejados.com.br /public_html/images/junco moveis-junco (76).JPG
2011.07.14 10:16 B C:\Documents and Settings\Plenus\Meus Documentos\Loja_PMP\Site-Loja\siteplenus\images\junco-celio\moveis-junco (77).JPG --> plenusplanejados.com.br /public_html/images/junco moveis-junco (77).JPG
2011.07.14 10:16 B C:\Documents and Settings\Plenus\Meus Documentos\Loja_PMP\Site-Loja\siteplenus\images\junco-celio\moveis-junco (78).JPG --> plenusplanejados.com.br /public_html/images/junco moveis-junco (78).JPG
2011.07.14 10:16 B C:\Documents and Settings\Plenus\Meus Documentos\Loja_PMP\Site-Loja\siteplenus\images\junco-celio\moveis-junco (79).JPG --> plenusplanejados.com.br /public_html/images/junco moveis-junco (79).JPG
2011.07.14 10:16 B C:\Documents and Settings\Plenus\Meus Documentos\Loja_PMP\Site-Loja\siteplenus\images\junco-celio\moveis-junco (8).JPG --> plenusplanejados.com.br /public_html/images/junco moveis-junco (8).JPG
2011.07.14 10:16 B C:\Documents and Settings\Plenus\Meus Documentos\Loja_PMP\Site-Loja\siteplenus\images\junco-celio\moveis-junco (80).JPG --> plenusplanejados.com.br /public_html/images/junco moveis-junco (80).JPG
2011.07.14 10:16 B C:\Documents and Settings\Plenus\Meus Documentos\Loja_PMP\Site-Loja\siteplenus\images\junco-celio\moveis-junco (81).JPG --> plenusplanejados.com.br /public_html/images/junco moveis-junco (81).JPG
2011.07.14 10:16 B C:\Documents and Settings\Plenus\Meus Documentos\Loja_PMP\Site-Loja\siteplenus\images\junco-celio\moveis-junco (82).JPG --> plenusplanejados.com.br /public_html/images/junco moveis-junco (82).JPG
2011.07.14 10:16 B C:\Documents and Settings\Plenus\Meus Documentos\Loja_PMP\Site-Loja\siteplenus\images\junco-celio\moveis-junco (83).JPG --> plenusplanejados.com.br /public_html/images/junco moveis-junco (83).JPG
2011.07.14 10:16 B C:\Documents and Settings\Plenus\Meus Documentos\Loja_PMP\Site-Loja\siteplenus\images\junco-celio\moveis-junco (84).JPG --> plenusplanejados.com.br /public_html/images/junco moveis-junco (84).JPG
2011.07.14 10:16 B C:\Documents and Settings\Plenus\Meus Documentos\Loja_PMP\Site-Loja\siteplenus\images\junco-celio\moveis-junco (85).JPG --> plenusplanejados.com.br /public_html/images/junco moveis-junco (85).JPG
2011.07.14 10:16 B C:\Documents and Settings\Plenus\Meus Documentos\Loja_PMP\Site-Loja\siteplenus\images\junco-celio\moveis-junco (86).JPG --> plenusplanejados.com.br /public_html/images/junco moveis-junco (86).JPG
2011.07.14 10:16 B C:\Documents and Settings\Plenus\Meus Documentos\Loja_PMP\Site-Loja\siteplenus\images\junco-celio\moveis-junco (87).JPG --> plenusplanejados.com.br /public_html/images/junco moveis-junco (87).JPG
2011.07.14 10:16 B C:\Documents and Settings\Plenus\Meus Documentos\Loja_PMP\Site-Loja\siteplenus\images\junco-celio\moveis-junco (88).JPG --> plenusplanejados.com.br /public_html/images/junco moveis-junco (88).JPG
2011.07.14 10:16 B C:\Documents and Settings\Plenus\Meus Documentos\Loja_PMP\Site-Loja\siteplenus\images\junco-celio\moveis-junco (89).JPG --> plenusplanejados.com.br /public_html/images/junco moveis-junco (89).JPG
2011.07.14 10:16 B C:\Documents and Settings\Plenus\Meus Documentos\Loja_PMP\Site-Loja\siteplenus\images\junco-celio\moveis-junco (9).JPG --> plenusplanejados.com.br /public_html/images/junco moveis-junco (9).JPG
2011.07.14 10:16 B C:\Documents and Settings\Plenus\Meus Documentos\Loja_PMP\Site-Loja\siteplenus\images\junco-celio\moveis-junco (90).JPG --> plenusplanejados.com.br /public_html/images/junco moveis-junco (90).JPG
2011.07.14 10:16 B C:\Documents and Settings\Plenus\Meus Documentos\Loja_PMP\Site-Loja\siteplenus\images\junco-celio\moveis-junco (91).JPG --> plenusplanejados.com.br /public_html/images/junco moveis-junco (91).JPG
2011.07.14 10:16 B C:\Documents and Settings\Plenus\Meus Documentos\Loja_PMP\Site-Loja\siteplenus\images\junco-celio\moveis-junco (92).JPG --> plenusplanejados.com.br /public_html/images/junco moveis-junco (92).JPG
2011.07.14 10:16 B C:\Documents and Settings\Plenus\Meus Documentos\Loja_PMP\Site-Loja\siteplenus\images\junco-celio\moveis-junco (93).JPG --> plenusplanejados.com.br /public_html/images/junco moveis-junco (93).JPG
2011.07.14 10:16 B C:\Documents and Settings\Plenus\Meus Documentos\Loja_PMP\Site-Loja\siteplenus\images\junco-celio\moveis-junco (94).JPG --> plenusplanejados.com.br /public_html/images/junco moveis-junco (94).JPG
2011.07.14 10:16 B C:\Documents and Settings\Plenus\Meus Documentos\Loja_PMP\Site-Loja\siteplenus\images\junco-celio\moveis-junco (95).JPG --> plenusplanejados.com.br /public_html/images/junco moveis-junco (95).JPG
2011.07.14 10:16 B C:\Documents and Settings\Plenus\Meus Documentos\Loja_PMP\Site-Loja\siteplenus\images\junco-celio\moveis-junco (96).JPG --> plenusplanejados.com.br /public_html/images/junco moveis-junco (96).JPG
2011.07.14 10:16 B C:\Documents and Settings\Plenus\Meus Documentos\Loja_PMP\Site-Loja\siteplenus\images\junco-celio\moveis-junco (97).JPG --> plenusplanejados.com.br /public_html/images/junco moveis-junco (97).JPG
2011.07.14 10:16 B C:\Documents and Settings\Plenus\Meus Documentos\Loja_PMP\Site-Loja\siteplenus\images\junco-celio\moveis-junco (98).jpg --> plenusplanejados.com.br /public_html/images/junco moveis-junco (98).jpg
2011.07.14 10:16 B C:\Documents and Settings\Plenus\Meus Documentos\Loja_PMP\Site-Loja\siteplenus\images\junco-celio\moveis-junco (99).jpg --> plenusplanejados.com.br /public_html/images/junco moveis-junco (99).jpg
118.04.16 14:18 B C:\Users\Administrador\Documents\Loja_PMP\Site-Loja\siteplenus\images\junco-celio\moveis-junco (1).jpg --> plenusplanejados.com.br /images/junco-celio moveis-junco (1).jpg
118.04.16 14:18 B C:\Users\Administrador\Documents\Loja_PMP\Site-Loja\siteplenus\images\junco-celio\moveis-junco (10).JPG --> plenusplanejados.com.br /images/junco-celio moveis-junco (10).JPG
118.04.16 14:19 B C:\Users\Administrador\Documents\Loja_PMP\Site-Loja\siteplenus\images\junco-celio\moveis-junco (100).jpg --> plenusplanejados.com.br /images/junco-celio moveis-junco (100).jpg
118.04.16 14:19 B C:\Users\Administrador\Documents\Loja_PMP\Site-Loja\siteplenus\images\junco-celio\moveis-junco (101).jpg --> plenusplanejados.com.br /images/junco-celio moveis-junco (101).jpg
118.04.16 14:19 B C:\Users\Administrador\Documents\Loja_PMP\Site-Loja\siteplenus\images\junco-celio\moveis-junco (102).jpg --> plenusplanejados.com.br /images/junco-celio moveis-junco (102).jpg
118.04.16 14:19 B C:\Users\Administrador\Documents\Loja_PMP\Site-Loja\siteplenus\images\junco-celio\moveis-junco (103).JPG --> plenusplanejados.com.br /images/junco-celio moveis-junco (103).JPG
118.04.16 14:19 B C:\Users\Administrador\Documents\Loja_PMP\Site-Loja\siteplenus\images\junco-celio\moveis-junco (104).jpg --> plenusplanejados.com.br /images/junco-celio moveis-junco (104).jpg
118.04.16 14:19 B C:\Users\Administrador\Documents\Loja_PMP\Site-Loja\siteplenus\images\junco-celio\moveis-junco (105).JPG --> plenusplanejados.com.br /images/junco-celio moveis-junco (105).JPG
118.04.16 14:19 B C:\Users\Administrador\Documents\Loja_PMP\Site-Loja\siteplenus\images\junco-celio\moveis-junco (106).jpg --> plenusplanejados.com.br /images/junco-celio moveis-junco (106).jpg
118.04.16 14:19 B C:\Users\Administrador\Documents\Loja_PMP\Site-Loja\siteplenus\images\junco-celio\moveis-junco (107).JPG --> plenusplanejados.com.br /images/junco-celio moveis-junco (107).JPG
118.04.16 14:19 B C:\Users\Administrador\Documents\Loja_PMP\Site-Loja\siteplenus\images\junco-celio\moveis-junco (108).JPG --> plenusplanejados.com.br /images/junco-celio moveis-junco (108).JPG
118.04.16 14:19 B C:\Users\Administrador\Documents\Loja_PMP\Site-Loja\siteplenus\images\junco-celio\moveis-junco (109).jpg --> plenusplanejados.com.br /images/junco-celio moveis-junco (109).jpg
118.04.16 14:19 B C:\Users\Administrador\Documents\Loja_PMP\Site-Loja\siteplenus\images\junco-celio\moveis-junco (11).JPG --> plenusplanejados.com.br /images/junco-celio moveis-junco (11).JPG
118.04.16 14:19 B C:\Users\Administrador\Documents\Loja_PMP\Site-Loja\siteplenus\images\junco-celio\moveis-junco (110).jpg --> plenusplanejados.com.br /images/junco-celio moveis-junco (110).jpg
118.04.16 14:19 B C:\Users\Administrador\Documents\Loja_PMP\Site-Loja\siteplenus\images\junco-celio\moveis-junco (111).jpg --> plenusplanejados.com.br /images/junco-celio moveis-junco (111).jpg
118.04.16 14:19 B C:\Users\Administrador\Documents\Loja_PMP\Site-Loja\siteplenus\images\junco-celio\moveis-junco (112).jpg --> plenusplanejados.com.br /images/junco-celio moveis-junco (112).jpg
118.04.16 14:19 B C:\Users\Administrador\Documents\Loja_PMP\Site-Loja\siteplenus\images\junco-celio\moveis-junco (113).jpg --> plenusplanejados.com.br /images/junco-celio moveis-junco (113).jpg
118.04.16 14:19 B C:\Users\Administrador\Documents\Loja_PMP\Site-Loja\siteplenus\images\junco-celio\moveis-junco (114).jpg --> plenusplanejados.com.br /images/junco-celio moveis-junco (114).jpg
118.04.16 14:19 B C:\Users\Administrador\Documents\Loja_PMP\Site-Loja\siteplenus\images\junco-celio\moveis-junco (115).jpg --> plenusplanejados.com.br /images/junco-celio moveis-junco (115).jpg
118.04.16 14:19 B C:\Users\Administrador\Documents\Loja_PMP\Site-Loja\siteplenus\images\junco-celio\moveis-junco (116).jpg --> plenusplanejados.com.br /images/junco-celio moveis-junco (116).jpg
118.04.16 14:19 B C:\Users\Administrador\Documents\Loja_PMP\Site-Loja\siteplenus\images\junco-celio\moveis-junco (117).jpg --> plenusplanejados.com.br /images/junco-celio moveis-junco (117).jpg
118.04.16 14:19 B C:\Users\Administrador\Documents\Loja_PMP\Site-Loja\siteplenus\images\junco-celio\moveis-junco (118).jpg --> plenusplanejados.com.br /images/junco-celio moveis-junco (118).jpg
118.04.16 14:19 B C:\Users\Administrador\Documents\Loja_PMP\Site-Loja\siteplenus\images\junco-celio\moveis-junco (119).jpg --> plenusplanejados.com.br /images/junco-celio moveis-junco (119).jpg
118.04.16 14:19 B C:\Users\Administrador\Documents\Loja_PMP\Site-Loja\siteplenus\images\junco-celio\moveis-junco (12).JPG --> plenusplanejados.com.br /images/junco-celio moveis-junco (12).JPG
118.04.16 14:19 B C:\Users\Administrador\Documents\Loja_PMP\Site-Loja\siteplenus\images\junco-celio\moveis-junco (120).jpg --> plenusplanejados.com.br /images/junco-celio moveis-junco (120).jpg
118.04.16 14:19 B C:\Users\Administrador\Documents\Loja_PMP\Site-Loja\siteplenus\images\junco-celio\moveis-junco (121).jpg --> plenusplanejados.com.br /images/junco-celio moveis-junco (121).jpg
118.04.16 14:19 B C:\Users\Administrador\Documents\Loja_PMP\Site-Loja\siteplenus\images\junco-celio\moveis-junco (122).jpg --> plenusplanejados.com.br /images/junco-celio moveis-junco (122).jpg
118.04.16 14:19 B C:\Users\Administrador\Documents\Loja_PMP\Site-Loja\siteplenus\images\junco-celio\moveis-junco (123).JPG --> plenusplanejados.com.br /images/junco-celio moveis-junco (123).JPG
118.04.16 14:19 B C:\Users\Administrador\Documents\Loja_PMP\Site-Loja\siteplenus\images\junco-celio\moveis-junco (124).jpg --> plenusplanejados.com.br /images/junco-celio moveis-junco (124).jpg
118.04.16 14:19 B C:\Users\Administrador\Documents\Loja_PMP\Site-Loja\siteplenus\images\junco-celio\moveis-junco (125).JPG --> plenusplanejados.com.br /images/junco-celio moveis-junco (125).JPG
118.04.16 14:19 B C:\Users\Administrador\Documents\Loja_PMP\Site-Loja\siteplenus\images\junco-celio\moveis-junco (126).JPG --> plenusplanejados.com.br /images/junco-celio moveis-junco (126).JPG
118.04.16 14:19 B C:\Users\Administrador\Documents\Loja_PMP\Site-Loja\siteplenus\images\junco-celio\moveis-junco (127).JPG --> plenusplanejados.com.br /images/junco-celio moveis-junco (127).JPG
118.04.16 14:19 B C:\Users\Administrador\Documents\Loja_PMP\Site-Loja\siteplenus\images\junco-celio\moveis-junco (128).jpg --> plenusplanejados.com.br /images/junco-celio moveis-junco (128).jpg
118.04.16 14:19 B C:\Users\Administrador\Documents\Loja_PMP\Site-Loja\siteplenus\images\junco-celio\moveis-junco (129).jpg --> plenusplanejados.com.br /images/junco-celio moveis-junco (129).jpg
118.04.16 14:19 B C:\Users\Administrador\Documents\Loja_PMP\Site-Loja\siteplenus\images\junco-celio\moveis-junco (13).JPG --> plenusplanejados.com.br /images/junco-celio moveis-junco (13).JPG
118.04.16 14:19 B C:\Users\Administrador\Documents\Loja_PMP\Site-Loja\siteplenus\images\junco-celio\moveis-junco (130).JPG --> plenusplanejados.com.br /images/junco-celio moveis-junco (130).JPG
118.04.16 14:19 B C:\Users\Administrador\Documents\Loja_PMP\Site-Loja\siteplenus\images\junco-celio\moveis-junco (131).jpg --> plenusplanejados.com.br /images/junco-celio moveis-junco (131).jpg
118.04.16 14:19 B C:\Users\Administrador\Documents\Loja_PMP\Site-Loja\siteplenus\images\junco-celio\moveis-junco (132).jpg --> plenusplanejados.com.br /images/junco-celio moveis-junco (132).jpg
118.04.16 14:19 B C:\Users\Administrador\Documents\Loja_PMP\Site-Loja\siteplenus\images\junco-celio\moveis-junco (133).jpg --> plenusplanejados.com.br /images/junco-celio moveis-junco (133).jpg
118.04.16 14:19 B C:\Users\Administrador\Documents\Loja_PMP\Site-Loja\siteplenus\images\junco-celio\moveis-junco (134).jpg --> plenusplanejados.com.br /images/junco-celio moveis-junco (134).jpg
118.04.16 14:19 B C:\Users\Administrador\Documents\Loja_PMP\Site-Loja\siteplenus\images\junco-celio\moveis-junco (14).JPG --> plenusplanejados.com.br /images/junco-celio moveis-junco (14).JPG
118.04.16 14:19 B C:\Users\Administrador\Documents\Loja_PMP\Site-Loja\siteplenus\images\junco-celio\moveis-junco (15).JPG --> plenusplanejados.com.br /images/junco-celio moveis-junco (15).JPG
118.04.16 14:19 B C:\Users\Administrador\Documents\Loja_PMP\Site-Loja\siteplenus\images\junco-celio\moveis-junco (16).JPG --> plenusplanejados.com.br /images/junco-celio moveis-junco (16).JPG
118.04.16 14:19 B C:\Users\Administrador\Documents\Loja_PMP\Site-Loja\siteplenus\images\junco-celio\moveis-junco (17).JPG --> plenusplanejados.com.br /images/junco-celio moveis-junco (17).JPG
118.04.16 14:19 B C:\Users\Administrador\Documents\Loja_PMP\Site-Loja\siteplenus\images\junco-celio\moveis-junco (18).JPG --> plenusplanejados.com.br /images/junco-celio moveis-junco (18).JPG
118.04.16 14:20 B C:\Users\Administrador\Documents\Loja_PMP\Site-Loja\siteplenus\images\junco-celio\moveis-junco (19).JPG --> plenusplanejados.com.br /images/junco-celio moveis-junco (19).JPG
118.04.16 14:20 B C:\Users\Administrador\Documents\Loja_PMP\Site-Loja\siteplenus\images\junco-celio\moveis-junco (2).JPG --> plenusplanejados.com.br /images/junco-celio moveis-junco (2).JPG
118.04.16 14:20 B C:\Users\Administrador\Documents\Loja_PMP\Site-Loja\siteplenus\images\junco-celio\moveis-junco (20).JPG --> plenusplanejados.com.br /images/junco-celio moveis-junco (20).JPG
118.04.16 14:20 B C:\Users\Administrador\Documents\Loja_PMP\Site-Loja\siteplenus\images\junco-celio\moveis-junco (21).JPG --> plenusplanejados.com.br /images/junco-celio moveis-junco (21).JPG
118.04.16 14:20 B C:\Users\Administrador\Documents\Loja_PMP\Site-Loja\siteplenus\images\junco-celio\moveis-junco (22).jpg --> plenusplanejados.com.br /images/junco-celio moveis-junco (22).jpg
118.04.16 14:20 B C:\Users\Administrador\Documents\Loja_PMP\Site-Loja\siteplenus\images\junco-celio\moveis-junco (23).JPG --> plenusplanejados.com.br /images/junco-celio moveis-junco (23).JPG
118.04.16 14:20 B C:\Users\Administrador\Documents\Loja_PMP\Site-Loja\siteplenus\images\junco-celio\moveis-junco (24).JPG --> plenusplanejados.com.br /images/junco-celio moveis-junco (24).JPG
118.04.16 14:20 B C:\Users\Administrador\Documents\Loja_PMP\Site-Loja\siteplenus\images\junco-celio\moveis-junco (25).JPG --> plenusplanejados.com.br /images/junco-celio moveis-junco (25).JPG
118.04.16 14:20 B C:\Users\Administrador\Documents\Loja_PMP\Site-Loja\siteplenus\images\junco-celio\moveis-junco (26).JPG --> plenusplanejados.com.br /images/junco-celio moveis-junco (26).JPG
118.04.16 14:20 B C:\Users\Administrador\Documents\Loja_PMP\Site-Loja\siteplenus\images\junco-celio\moveis-junco (27).JPG --> plenusplanejados.com.br /images/junco-celio moveis-junco (27).JPG
118.04.16 14:20 B C:\Users\Administrador\Documents\Loja_PMP\Site-Loja\siteplenus\images\junco-celio\moveis-junco (28).JPG --> plenusplanejados.com.br /images/junco-celio moveis-junco (28).JPG
118.04.16 14:20 B C:\Users\Administrador\Documents\Loja_PMP\Site-Loja\siteplenus\images\junco-celio\moveis-junco (29).JPG --> plenusplanejados.com.br /images/junco-celio moveis-junco (29).JPG
118.04.16 14:20 B C:\Users\Administrador\Documents\Loja_PMP\Site-Loja\siteplenus\images\junco-celio\moveis-junco (3).JPG --> plenusplanejados.com.br /images/junco-celio moveis-junco (3).JPG
118.04.16 14:20 B C:\Users\Administrador\Documents\Loja_PMP\Site-Loja\siteplenus\images\junco-celio\moveis-junco (30).JPG --> plenusplanejados.com.br /images/junco-celio moveis-junco (30).JPG
118.04.16 14:20 B C:\Users\Administrador\Documents\Loja_PMP\Site-Loja\siteplenus\images\junco-celio\moveis-junco (31).JPG --> plenusplanejados.com.br /images/junco-celio moveis-junco (31).JPG
118.04.16 14:20 B C:\Users\Administrador\Documents\Loja_PMP\Site-Loja\siteplenus\images\junco-celio\moveis-junco (32).JPG --> plenusplanejados.com.br /images/junco-celio moveis-junco (32).JPG
118.04.16 14:20 B C:\Users\Administrador\Documents\Loja_PMP\Site-Loja\siteplenus\images\junco-celio\moveis-junco (33).JPG --> plenusplanejados.com.br /images/junco-celio moveis-junco (33).JPG
118.04.16 14:20 B C:\Users\Administrador\Documents\Loja_PMP\Site-Loja\siteplenus\images\junco-celio\moveis-junco (34).JPG --> plenusplanejados.com.br /images/junco-celio moveis-junco (34).JPG
118.04.16 14:20 B C:\Users\Administrador\Documents\Loja_PMP\Site-Loja\siteplenus\images\junco-celio\moveis-junco (35).JPG --> plenusplanejados.com.br /images/junco-celio moveis-junco (35).JPG
118.04.16 14:20 B C:\Users\Administrador\Documents\Loja_PMP\Site-Loja\siteplenus\images\junco-celio\moveis-junco (36).JPG --> plenusplanejados.com.br /images/junco-celio moveis-junco (36).JPG
118.04.16 14:20 B C:\Users\Administrador\Documents\Loja_PMP\Site-Loja\siteplenus\images\junco-celio\moveis-junco (37).JPG --> plenusplanejados.com.br /images/junco-celio moveis-junco (37).JPG
118.04.16 14:20 B C:\Users\Administrador\Documents\Loja_PMP\Site-Loja\siteplenus\images\junco-celio\moveis-junco (38).JPG --> plenusplanejados.com.br /images/junco-celio moveis-junco (38).JPG
118.04.16 14:20 B C:\Users\Administrador\Documents\Loja_PMP\Site-Loja\siteplenus\images\junco-celio\moveis-junco (39).JPG --> plenusplanejados.com.br /images/junco-celio moveis-junco (39).JPG
118.04.16 14:20 B C:\Users\Administrador\Documents\Loja_PMP\Site-Loja\siteplenus\images\junco-celio\moveis-junco (4).JPG --> plenusplanejados.com.br /images/junco-celio moveis-junco (4).JPG
118.04.16 14:20 B C:\Users\Administrador\Documents\Loja_PMP\Site-Loja\siteplenus\images\junco-celio\moveis-junco (40).JPG --> plenusplanejados.com.br /images/junco-celio moveis-junco (40).JPG
118.04.16 14:20 B C:\Users\Administrador\Documents\Loja_PMP\Site-Loja\siteplenus\images\junco-celio\moveis-junco (41).JPG --> plenusplanejados.com.br /images/junco-celio moveis-junco (41).JPG
118.04.16 14:20 B C:\Users\Administrador\Documents\Loja_PMP\Site-Loja\siteplenus\images\junco-celio\moveis-junco (42).JPG --> plenusplanejados.com.br /images/junco-celio moveis-junco (42).JPG
118.04.16 14:20 B C:\Users\Administrador\Documents\Loja_PMP\Site-Loja\siteplenus\images\junco-celio\moveis-junco (43).JPG --> plenusplanejados.com.br /images/junco-celio moveis-junco (43).JPG
118.04.16 14:20 B C:\Users\Administrador\Documents\Loja_PMP\Site-Loja\siteplenus\images\junco-celio\moveis-junco (44).JPG --> plenusplanejados.com.br /images/junco-celio moveis-junco (44).JPG
118.04.16 14:20 B C:\Users\Administrador\Documents\Loja_PMP\Site-Loja\siteplenus\images\junco-celio\moveis-junco (45).JPG --> plenusplanejados.com.br /images/junco-celio moveis-junco (45).JPG
118.04.16 14:20 B C:\Users\Administrador\Documents\Loja_PMP\Site-Loja\siteplenus\images\junco-celio\moveis-junco (46).JPG --> plenusplanejados.com.br /images/junco-celio moveis-junco (46).JPG
118.04.16 14:20 B C:\Users\Administrador\Documents\Loja_PMP\Site-Loja\siteplenus\images\junco-celio\moveis-junco (47).JPG --> plenusplanejados.com.br /images/junco-celio moveis-junco (47).JPG
118.04.16 14:20 B C:\Users\Administrador\Documents\Loja_PMP\Site-Loja\siteplenus\images\junco-celio\moveis-junco (48).JPG --> plenusplanejados.com.br /images/junco-celio moveis-junco (48).JPG
118.04.16 14:20 B C:\Users\Administrador\Documents\Loja_PMP\Site-Loja\siteplenus\images\junco-celio\moveis-junco (49).JPG --> plenusplanejados.com.br /images/junco-celio moveis-junco (49).JPG
118.04.16 14:21 B C:\Users\Administrador\Documents\Loja_PMP\Site-Loja\siteplenus\images\junco-celio\moveis-junco (5).jpg --> plenusplanejados.com.br /images/junco-celio moveis-junco (5).jpg
118.04.16 14:21 B C:\Users\Administrador\Documents\Loja_PMP\Site-Loja\siteplenus\images\junco-celio\moveis-junco (50).JPG --> plenusplanejados.com.br /images/junco-celio moveis-junco (50).JPG
118.04.16 14:21 B C:\Users\Administrador\Documents\Loja_PMP\Site-Loja\siteplenus\images\junco-celio\moveis-junco (51).JPG --> plenusplanejados.com.br /images/junco-celio moveis-junco (51).JPG
118.04.16 14:21 B C:\Users\Administrador\Documents\Loja_PMP\Site-Loja\siteplenus\images\junco-celio\moveis-junco (52).JPG --> plenusplanejados.com.br /images/junco-celio moveis-junco (52).JPG
118.04.16 14:21 B C:\Users\Administrador\Documents\Loja_PMP\Site-Loja\siteplenus\images\junco-celio\moveis-junco (53).JPG --> plenusplanejados.com.br /images/junco-celio moveis-junco (53).JPG
118.04.16 14:21 B C:\Users\Administrador\Documents\Loja_PMP\Site-Loja\siteplenus\images\junco-celio\moveis-junco (54).JPG --> plenusplanejados.com.br /images/junco-celio moveis-junco (54).JPG
118.04.16 14:21 B C:\Users\Administrador\Documents\Loja_PMP\Site-Loja\siteplenus\images\junco-celio\moveis-junco (55).JPG --> plenusplanejados.com.br /images/junco-celio moveis-junco (55).JPG
118.04.16 14:21 B C:\Users\Administrador\Documents\Loja_PMP\Site-Loja\siteplenus\images\junco-celio\moveis-junco (56).JPG --> plenusplanejados.com.br /images/junco-celio moveis-junco (56).JPG
118.04.16 14:21 B C:\Users\Administrador\Documents\Loja_PMP\Site-Loja\siteplenus\images\junco-celio\moveis-junco (57).JPG --> plenusplanejados.com.br /images/junco-celio moveis-junco (57).JPG
118.04.16 14:21 B C:\Users\Administrador\Documents\Loja_PMP\Site-Loja\siteplenus\images\junco-celio\moveis-junco (58).JPG --> plenusplanejados.com.br /images/junco-celio moveis-junco (58).JPG
118.04.16 14:21 B C:\Users\Administrador\Documents\Loja_PMP\Site-Loja\siteplenus\images\junco-celio\moveis-junco (59).JPG --> plenusplanejados.com.br /images/junco-celio moveis-junco (59).JPG
118.04.16 14:21 B C:\Users\Administrador\Documents\Loja_PMP\Site-Loja\siteplenus\images\junco-celio\moveis-junco (6).JPG --> plenusplanejados.com.br /images/junco-celio moveis-junco (6).JPG
118.04.16 14:21 B C:\Users\Administrador\Documents\Loja_PMP\Site-Loja\siteplenus\images\junco-celio\moveis-junco (60).JPG --> plenusplanejados.com.br /images/junco-celio moveis-junco (60).JPG
118.04.16 14:21 B C:\Users\Administrador\Documents\Loja_PMP\Site-Loja\siteplenus\images\junco-celio\moveis-junco (61).JPG --> plenusplanejados.com.br /images/junco-celio moveis-junco (61).JPG
118.04.16 14:21 B C:\Users\Administrador\Documents\Loja_PMP\Site-Loja\siteplenus\images\junco-celio\moveis-junco (62).JPG --> plenusplanejados.com.br /images/junco-celio moveis-junco (62).JPG
118.04.16 14:21 B C:\Users\Administrador\Documents\Loja_PMP\Site-Loja\siteplenus\images\junco-celio\moveis-junco (63).JPG --> plenusplanejados.com.br /images/junco-celio moveis-junco (63).JPG
118.04.16 14:21 B C:\Users\Administrador\Documents\Loja_PMP\Site-Loja\siteplenus\images\junco-celio\moveis-junco (64).JPG --> plenusplanejados.com.br /images/junco-celio moveis-junco (64).JPG
118.04.16 14:21 B C:\Users\Administrador\Documents\Loja_PMP\Site-Loja\siteplenus\images\junco-celio\moveis-junco (65).JPG --> plenusplanejados.com.br /images/junco-celio moveis-junco (65).JPG
118.04.16 14:21 B C:\Users\Administrador\Documents\Loja_PMP\Site-Loja\siteplenus\images\junco-celio\moveis-junco (66).JPG --> plenusplanejados.com.br /images/junco-celio moveis-junco (66).JPG
118.04.16 14:21 B C:\Users\Administrador\Documents\Loja_PMP\Site-Loja\siteplenus\images\junco-celio\moveis-junco (67).JPG --> plenusplanejados.com.br /images/junco-celio moveis-junco (67).JPG
118.04.16 14:21 B C:\Users\Administrador\Documents\Loja_PMP\Site-Loja\siteplenus\images\junco-celio\moveis-junco (68).JPG --> plenusplanejados.com.br /images/junco-celio moveis-junco (68).JPG
118.04.16 14:21 B C:\Users\Administrador\Documents\Loja_PMP\Site-Loja\siteplenus\images\junco-celio\moveis-junco (69).JPG --> plenusplanejados.com.br /images/junco-celio moveis-junco (69).JPG
118.04.16 14:21 B C:\Users\Administrador\Documents\Loja_PMP\Site-Loja\siteplenus\images\junco-celio\moveis-junco (7).JPG --> plenusplanejados.com.br /images/junco-celio moveis-junco (7).JPG
118.04.16 14:21 B C:\Users\Administrador\Documents\Loja_PMP\Site-Loja\siteplenus\images\junco-celio\moveis-junco (70).JPG --> plenusplanejados.com.br /images/junco-celio moveis-junco (70).JPG
118.04.16 14:21 B C:\Users\Administrador\Documents\Loja_PMP\Site-Loja\siteplenus\images\junco-celio\moveis-junco (71).JPG --> plenusplanejados.com.br /images/junco-celio moveis-junco (71).JPG
118.04.16 14:21 B C:\Users\Administrador\Documents\Loja_PMP\Site-Loja\siteplenus\images\junco-celio\moveis-junco (72).JPG --> plenusplanejados.com.br /images/junco-celio moveis-junco (72).JPG
118.04.16 14:21 B C:\Users\Administrador\Documents\Loja_PMP\Site-Loja\siteplenus\images\junco-celio\moveis-junco (73).JPG --> plenusplanejados.com.br /images/junco-celio moveis-junco (73).JPG
118.04.16 14:21 B C:\Users\Administrador\Documents\Loja_PMP\Site-Loja\siteplenus\images\junco-celio\moveis-junco (74).JPG --> plenusplanejados.com.br /images/junco-celio moveis-junco (74).JPG
118.04.16 14:21 B C:\Users\Administrador\Documents\Loja_PMP\Site-Loja\siteplenus\images\junco-celio\moveis-junco (75).JPG --> plenusplanejados.com.br /images/junco-celio moveis-junco (75).JPG
118.04.16 14:21 B C:\Users\Administrador\Documents\Loja_PMP\Site-Loja\siteplenus\images\junco-celio\moveis-junco (76).JPG --> plenusplanejados.com.br /images/junco-celio moveis-junco (76).JPG
118.04.16 14:21 B C:\Users\Administrador\Documents\Loja_PMP\Site-Loja\siteplenus\images\junco-celio\moveis-junco (77).JPG --> plenusplanejados.com.br /images/junco-celio moveis-junco (77).JPG
118.04.16 14:21 B C:\Users\Administrador\Documents\Loja_PMP\Site-Loja\siteplenus\images\junco-celio\moveis-junco (78).JPG --> plenusplanejados.com.br /images/junco-celio moveis-junco (78).JPG
118.04.16 14:21 B C:\Users\Administrador\Documents\Loja_PMP\Site-Loja\siteplenus\images\junco-celio\moveis-junco (79).JPG --> plenusplanejados.com.br /images/junco-celio moveis-junco (79).JPG
118.04.16 14:21 B C:\Users\Administrador\Documents\Loja_PMP\Site-Loja\siteplenus\images\junco-celio\moveis-junco (8).JPG --> plenusplanejados.com.br /images/junco-celio moveis-junco (8).JPG
118.04.16 14:21 B C:\Users\Administrador\Documents\Loja_PMP\Site-Loja\siteplenus\images\junco-celio\moveis-junco (80).JPG --> plenusplanejados.com.br /images/junco-celio moveis-junco (80).JPG
118.04.16 14:21 B C:\Users\Administrador\Documents\Loja_PMP\Site-Loja\siteplenus\images\junco-celio\moveis-junco (81).JPG --> plenusplanejados.com.br /images/junco-celio moveis-junco (81).JPG
118.04.16 14:21 B C:\Users\Administrador\Documents\Loja_PMP\Site-Loja\siteplenus\images\junco-celio\moveis-junco (82).JPG --> plenusplanejados.com.br /images/junco-celio moveis-junco (82).JPG
118.04.16 14:22 B C:\Users\Administrador\Documents\Loja_PMP\Site-Loja\siteplenus\images\junco-celio\moveis-junco (83).JPG --> plenusplanejados.com.br /images/junco-celio moveis-junco (83).JPG
118.04.16 14:22 B C:\Users\Administrador\Documents\Loja_PMP\Site-Loja\siteplenus\images\junco-celio\moveis-junco (84).JPG --> plenusplanejados.com.br /images/junco-celio moveis-junco (84).JPG
118.04.16 14:22 B C:\Users\Administrador\Documents\Loja_PMP\Site-Loja\siteplenus\images\junco-celio\moveis-junco (85).JPG --> plenusplanejados.com.br /images/junco-celio moveis-junco (85).JPG
118.04.16 14:22 B C:\Users\Administrador\Documents\Loja_PMP\Site-Loja\siteplenus\images\junco-celio\moveis-junco (86).JPG --> plenusplanejados.com.br /images/junco-celio moveis-junco (86).JPG
118.04.16 14:22 B C:\Users\Administrador\Documents\Loja_PMP\Site-Loja\siteplenus\images\junco-celio\moveis-junco (87).JPG --> plenusplanejados.com.br /images/junco-celio moveis-junco (87).JPG
118.04.16 14:22 B C:\Users\Administrador\Documents\Loja_PMP\Site-Loja\siteplenus\images\junco-celio\moveis-junco (88).JPG --> plenusplanejados.com.br /images/junco-celio moveis-junco (88).JPG
118.04.16 14:22 B C:\Users\Administrador\Documents\Loja_PMP\Site-Loja\siteplenus\images\junco-celio\moveis-junco (89).JPG --> plenusplanejados.com.br /images/junco-celio moveis-junco (89).JPG
118.04.16 14:22 B C:\Users\Administrador\Documents\Loja_PMP\Site-Loja\siteplenus\images\junco-celio\moveis-junco (9).JPG --> plenusplanejados.com.br /images/junco-celio moveis-junco (9).JPG
118.04.16 14:22 B C:\Users\Administrador\Documents\Loja_PMP\Site-Loja\siteplenus\images\junco-celio\moveis-junco (90).JPG --> plenusplanejados.com.br /images/junco-celio moveis-junco (90).JPG
118.04.16 14:22 B C:\Users\Administrador\Documents\Loja_PMP\Site-Loja\siteplenus\images\junco-celio\moveis-junco (91).JPG --> plenusplanejados.com.br /images/junco-celio moveis-junco (91).JPG
118.04.16 14:22 B C:\Users\Administrador\Documents\Loja_PMP\Site-Loja\siteplenus\images\junco-celio\moveis-junco (92).JPG --> plenusplanejados.com.br /images/junco-celio moveis-junco (92).JPG
118.04.16 14:22 B C:\Users\Administrador\Documents\Loja_PMP\Site-Loja\siteplenus\images\junco-celio\moveis-junco (93).JPG --> plenusplanejados.com.br /images/junco-celio moveis-junco (93).JPG
118.04.16 14:22 B C:\Users\Administrador\Documents\Loja_PMP\Site-Loja\siteplenus\images\junco-celio\moveis-junco (94).JPG --> plenusplanejados.com.br /images/junco-celio moveis-junco (94).JPG
118.04.16 14:22 B C:\Users\Administrador\Documents\Loja_PMP\Site-Loja\siteplenus\images\junco-celio\moveis-junco (95).JPG --> plenusplanejados.com.br /images/junco-celio moveis-junco (95).JPG
118.04.16 14:22 B C:\Users\Administrador\Documents\Loja_PMP\Site-Loja\siteplenus\images\junco-celio\moveis-junco (96).JPG --> plenusplanejados.com.br /images/junco-celio moveis-junco (96).JPG
118.04.16 14:22 B C:\Users\Administrador\Documents\Loja_PMP\Site-Loja\siteplenus\images\junco-celio\moveis-junco (97).JPG --> plenusplanejados.com.br /images/junco-celio moveis-junco (97).JPG
118.04.16 14:22 B C:\Users\Administrador\Documents\Loja_PMP\Site-Loja\siteplenus\images\junco-celio\moveis-junco (98).jpg --> plenusplanejados.com.br /images/junco-celio moveis-junco (98).jpg
118.04.16 14:22 B C:\Users\Administrador\Documents\Loja_PMP\Site-Loja\siteplenus\images\junco-celio\moveis-junco (99).jpg --> plenusplanejados.com.br /images/junco-celio moveis-junco (99).jpg
118.04.16 14:22 B C:\Users\Administrador\Documents\Loja_PMP\Site-Loja\siteplenus\images\junco-celio\ws_ftp.log --> plenusplanejados.com.br /images/junco-celio ws_ftp.log
118.04.16 21:20 B C:\Users\Administrador\Documents\Loja_PMP\Site-Loja\siteplenus\images\junco-celio\moveis-junco (1).jpg --> plenusplanejados.com.br /public_html/images/junco-celio moveis-junco (1).jpg
118.04.16 21:20 B C:\Users\Administrador\Documents\Loja_PMP\Site-Loja\siteplenus\images\junco-celio\moveis-junco (10).JPG --> plenusplanejados.com.br /public_html/images/junco-celio moveis-junco (10).JPG
118.04.16 21:20 B C:\Users\Administrador\Documents\Loja_PMP\Site-Loja\siteplenus\images\junco-celio\moveis-junco (100).jpg --> plenusplanejados.com.br /public_html/images/junco-celio moveis-junco (100).jpg
118.04.16 21:20 B C:\Users\Administrador\Documents\Loja_PMP\Site-Loja\siteplenus\images\junco-celio\moveis-junco (101).jpg --> plenusplanejados.com.br /public_html/images/junco-celio moveis-junco (101).jpg
118.04.16 21:20 B C:\Users\Administrador\Documents\Loja_PMP\Site-Loja\siteplenus\images\junco-celio\moveis-junco (102).jpg --> plenusplanejados.com.br /public_html/images/junco-celio moveis-junco (102).jpg
118.04.16 21:20 B C:\Users\Administrador\Documents\Loja_PMP\Site-Loja\siteplenus\images\junco-celio\moveis-junco (103).JPG --> plenusplanejados.com.br /public_html/images/junco-celio moveis-junco (103).JPG
118.04.16 21:20 B C:\Users\Administrador\Documents\Loja_PMP\Site-Loja\siteplenus\images\junco-celio\moveis-junco (104).jpg --> plenusplanejados.com.br /public_html/images/junco-celio moveis-junco (104).jpg
118.04.16 21:20 B C:\Users\Administrador\Documents\Loja_PMP\Site-Loja\siteplenus\images\junco-celio\moveis-junco (105).JPG --> plenusplanejados.com.br /public_html/images/junco-celio moveis-junco (105).JPG
118.04.16 21:20 B C:\Users\Administrador\Documents\Loja_PMP\Site-Loja\siteplenus\images\junco-celio\moveis-junco (106).jpg --> plenusplanejados.com.br /public_html/images/junco-celio moveis-junco (106).jpg
118.04.16 21:20 B C:\Users\Administrador\Documents\Loja_PMP\Site-Loja\siteplenus\images\junco-celio\moveis-junco (107).JPG --> plenusplanejados.com.br /public_html/images/junco-celio moveis-junco (107).JPG
118.04.16 21:20 B C:\Users\Administrador\Documents\Loja_PMP\Site-Loja\siteplenus\images\junco-celio\moveis-junco (108).JPG --> plenusplanejados.com.br /public_html/images/junco-celio moveis-junco (108).JPG
118.04.16 21:20 B C:\Users\Administrador\Documents\Loja_PMP\Site-Loja\siteplenus\images\junco-celio\moveis-junco (109).jpg --> plenusplanejados.com.br /public_html/images/junco-celio moveis-junco (109).jpg
118.04.16 21:20 B C:\Users\Administrador\Documents\Loja_PMP\Site-Loja\siteplenus\images\junco-celio\moveis-junco (11).JPG --> plenusplanejados.com.br /public_html/images/junco-celio moveis-junco (11).JPG
118.04.16 21:20 B C:\Users\Administrador\Documents\Loja_PMP\Site-Loja\siteplenus\images\junco-celio\moveis-junco (110).jpg --> plenusplanejados.com.br /public_html/images/junco-celio moveis-junco (110).jpg
118.04.16 21:20 B C:\Users\Administrador\Documents\Loja_PMP\Site-Loja\siteplenus\images\junco-celio\moveis-junco (111).jpg --> plenusplanejados.com.br /public_html/images/junco-celio moveis-junco (111).jpg
118.04.16 21:21 B C:\Users\Administrador\Documents\Loja_PMP\Site-Loja\siteplenus\images\junco-celio\moveis-junco (112).jpg --> plenusplanejados.com.br /public_html/images/junco-celio moveis-junco (112).jpg
118.04.16 21:21 B C:\Users\Administrador\Documents\Loja_PMP\Site-Loja\siteplenus\images\junco-celio\moveis-junco (113).jpg --> plenusplanejados.com.br /public_html/images/junco-celio moveis-junco (113).jpg
118.04.16 21:21 B C:\Users\Administrador\Documents\Loja_PMP\Site-Loja\siteplenus\images\junco-celio\moveis-junco (114).jpg --> plenusplanejados.com.br /public_html/images/junco-celio moveis-junco (114).jpg
118.04.16 21:21 B C:\Users\Administrador\Documents\Loja_PMP\Site-Loja\siteplenus\images\junco-celio\moveis-junco (115).jpg --> plenusplanejados.com.br /public_html/images/junco-celio moveis-junco (115).jpg
118.04.16 21:21 B C:\Users\Administrador\Documents\Loja_PMP\Site-Loja\siteplenus\images\junco-celio\moveis-junco (116).jpg --> plenusplanejados.com.br /public_html/images/junco-celio moveis-junco (116).jpg
118.04.16 21:21 B C:\Users\Administrador\Documents\Loja_PMP\Site-Loja\siteplenus\images\junco-celio\moveis-junco (117).jpg --> plenusplanejados.com.br /public_html/images/junco-celio moveis-junco (117).jpg
118.04.16 21:21 B C:\Users\Administrador\Documents\Loja_PMP\Site-Loja\siteplenus\images\junco-celio\moveis-junco (118).jpg --> plenusplanejados.com.br /public_html/images/junco-celio moveis-junco (118).jpg
118.04.16 21:21 B C:\Users\Administrador\Documents\Loja_PMP\Site-Loja\siteplenus\images\junco-celio\moveis-junco (119).jpg --> plenusplanejados.com.br /public_html/images/junco-celio moveis-junco (119).jpg
118.04.16 21:21 B C:\Users\Administrador\Documents\Loja_PMP\Site-Loja\siteplenus\images\junco-celio\moveis-junco (12).JPG --> plenusplanejados.com.br /public_html/images/junco-celio moveis-junco (12).JPG
118.04.16 21:21 B C:\Users\Administrador\Documents\Loja_PMP\Site-Loja\siteplenus\images\junco-celio\moveis-junco (120).jpg --> plenusplanejados.com.br /public_html/images/junco-celio moveis-junco (120).jpg
118.04.16 21:21 B C:\Users\Administrador\Documents\Loja_PMP\Site-Loja\siteplenus\images\junco-celio\moveis-junco (121).jpg --> plenusplanejados.com.br /public_html/images/junco-celio moveis-junco (121).jpg
118.04.16 21:21 B C:\Users\Administrador\Documents\Loja_PMP\Site-Loja\siteplenus\images\junco-celio\moveis-junco (122).jpg --> plenusplanejados.com.br /public_html/images/junco-celio moveis-junco (122).jpg
118.04.16 21:21 B C:\Users\Administrador\Documents\Loja_PMP\Site-Loja\siteplenus\images\junco-celio\moveis-junco (123).JPG --> plenusplanejados.com.br /public_html/images/junco-celio moveis-junco (123).JPG
118.04.16 21:21 B C:\Users\Administrador\Documents\Loja_PMP\Site-Loja\siteplenus\images\junco-celio\moveis-junco (124).jpg --> plenusplanejados.com.br /public_html/images/junco-celio moveis-junco (124).jpg
118.04.16 21:21 B C:\Users\Administrador\Documents\Loja_PMP\Site-Loja\siteplenus\images\junco-celio\moveis-junco (125).JPG --> plenusplanejados.com.br /public_html/images/junco-celio moveis-junco (125).JPG
118.04.16 21:21 B C:\Users\Administrador\Documents\Loja_PMP\Site-Loja\siteplenus\images\junco-celio\moveis-junco (126).JPG --> plenusplanejados.com.br /public_html/images/junco-celio moveis-junco (126).JPG
118.04.16 21:21 B C:\Users\Administrador\Documents\Loja_PMP\Site-Loja\siteplenus\images\junco-celio\moveis-junco (127).JPG --> plenusplanejados.com.br /public_html/images/junco-celio moveis-junco (127).JPG
118.04.16 21:21 B C:\Users\Administrador\Documents\Loja_PMP\Site-Loja\siteplenus\images\junco-celio\moveis-junco (128).jpg --> plenusplanejados.com.br /public_html/images/junco-celio moveis-junco (128).jpg
118.04.16 21:21 B C:\Users\Administrador\Documents\Loja_PMP\Site-Loja\siteplenus\images\junco-celio\moveis-junco (129).jpg --> plenusplanejados.com.br /public_html/images/junco-celio moveis-junco (129).jpg
118.04.16 21:21 B C:\Users\Administrador\Documents\Loja_PMP\Site-Loja\siteplenus\images\junco-celio\moveis-junco (13).JPG --> plenusplanejados.com.br /public_html/images/junco-celio moveis-junco (13).JPG
118.04.16 21:21 B C:\Users\Administrador\Documents\Loja_PMP\Site-Loja\siteplenus\images\junco-celio\moveis-junco (130).JPG --> plenusplanejados.com.br /public_html/images/junco-celio moveis-junco (130).JPG
118.04.16 21:21 B C:\Users\Administrador\Documents\Loja_PMP\Site-Loja\siteplenus\images\junco-celio\moveis-junco (131).jpg --> plenusplanejados.com.br /public_html/images/junco-celio moveis-junco (131).jpg
118.04.16 21:21 B C:\Users\Administrador\Documents\Loja_PMP\Site-Loja\siteplenus\images\junco-celio\moveis-junco (132).jpg --> plenusplanejados.com.br /public_html/images/junco-celio moveis-junco (132).jpg
118.04.16 21:21 B C:\Users\Administrador\Documents\Loja_PMP\Site-Loja\siteplenus\images\junco-celio\moveis-junco (133).jpg --> plenusplanejados.com.br /public_html/images/junco-celio moveis-junco (133).jpg
118.04.16 21:21 B C:\Users\Administrador\Documents\Loja_PMP\Site-Loja\siteplenus\images\junco-celio\moveis-junco (134).jpg --> plenusplanejados.com.br /public_html/images/junco-celio moveis-junco (134).jpg
118.04.16 21:21 B C:\Users\Administrador\Documents\Loja_PMP\Site-Loja\siteplenus\images\junco-celio\moveis-junco (14).JPG --> plenusplanejados.com.br /public_html/images/junco-celio moveis-junco (14).JPG
118.04.16 21:21 B C:\Users\Administrador\Documents\Loja_PMP\Site-Loja\siteplenus\images\junco-celio\moveis-junco (15).JPG --> plenusplanejados.com.br /public_html/images/junco-celio moveis-junco (15).JPG
118.04.16 21:21 B C:\Users\Administrador\Documents\Loja_PMP\Site-Loja\siteplenus\images\junco-celio\moveis-junco (16).JPG --> plenusplanejados.com.br /public_html/images/junco-celio moveis-junco (16).JPG
118.04.16 21:21 B C:\Users\Administrador\Documents\Loja_PMP\Site-Loja\siteplenus\images\junco-celio\moveis-junco (17).JPG --> plenusplanejados.com.br /public_html/images/junco-celio moveis-junco (17).JPG
118.04.16 21:21 B C:\Users\Administrador\Documents\Loja_PMP\Site-Loja\siteplenus\images\junco-celio\moveis-junco (18).JPG --> plenusplanejados.com.br /public_html/images/junco-celio moveis-junco (18).JPG
118.04.16 21:21 B C:\Users\Administrador\Documents\Loja_PMP\Site-Loja\siteplenus\images\junco-celio\moveis-junco (19).JPG --> plenusplanejados.com.br /public_html/images/junco-celio moveis-junco (19).JPG
118.04.16 21:21 B C:\Users\Administrador\Documents\Loja_PMP\Site-Loja\siteplenus\images\junco-celio\moveis-junco (2).JPG --> plenusplanejados.com.br /public_html/images/junco-celio moveis-junco (2).JPG
118.04.16 21:21 B C:\Users\Administrador\Documents\Loja_PMP\Site-Loja\siteplenus\images\junco-celio\moveis-junco (20).JPG --> plenusplanejados.com.br /public_html/images/junco-celio moveis-junco (20).JPG
118.04.16 21:21 B C:\Users\Administrador\Documents\Loja_PMP\Site-Loja\siteplenus\images\junco-celio\moveis-junco (21).JPG --> plenusplanejados.com.br /public_html/images/junco-celio moveis-junco (21).JPG
118.04.16 21:21 B C:\Users\Administrador\Documents\Loja_PMP\Site-Loja\siteplenus\images\junco-celio\moveis-junco (22).jpg --> plenusplanejados.com.br /public_html/images/junco-celio moveis-junco (22).jpg
118.04.16 21:21 B C:\Users\Administrador\Documents\Loja_PMP\Site-Loja\siteplenus\images\junco-celio\moveis-junco (23).JPG --> plenusplanejados.com.br /public_html/images/junco-celio moveis-junco (23).JPG
118.04.16 21:21 B C:\Users\Administrador\Documents\Loja_PMP\Site-Loja\siteplenus\images\junco-celio\moveis-junco (24).JPG --> plenusplanejados.com.br /public_html/images/junco-celio moveis-junco (24).JPG
118.04.16 21:21 B C:\Users\Administrador\Documents\Loja_PMP\Site-Loja\siteplenus\images\junco-celio\moveis-junco (25).JPG --> plenusplanejados.com.br /public_html/images/junco-celio moveis-junco (25).JPG
118.04.16 21:21 B C:\Users\Administrador\Documents\Loja_PMP\Site-Loja\siteplenus\images\junco-celio\moveis-junco (26).JPG --> plenusplanejados.com.br /public_html/images/junco-celio moveis-junco (26).JPG
118.04.16 21:21 B C:\Users\Administrador\Documents\Loja_PMP\Site-Loja\siteplenus\images\junco-celio\moveis-junco (27).JPG --> plenusplanejados.com.br /public_html/images/junco-celio moveis-junco (27).JPG
118.04.16 21:22 B C:\Users\Administrador\Documents\Loja_PMP\Site-Loja\siteplenus\images\junco-celio\moveis-junco (28).JPG --> plenusplanejados.com.br /public_html/images/junco-celio moveis-junco (28).JPG
118.04.16 21:22 B C:\Users\Administrador\Documents\Loja_PMP\Site-Loja\siteplenus\images\junco-celio\moveis-junco (29).JPG --> plenusplanejados.com.br /public_html/images/junco-celio moveis-junco (29).JPG
118.04.16 21:22 B C:\Users\Administrador\Documents\Loja_PMP\Site-Loja\siteplenus\images\junco-celio\moveis-junco (3).JPG --> plenusplanejados.com.br /public_html/images/junco-celio moveis-junco (3).JPG
118.04.16 21:22 B C:\Users\Administrador\Documents\Loja_PMP\Site-Loja\siteplenus\images\junco-celio\moveis-junco (30).JPG --> plenusplanejados.com.br /public_html/images/junco-celio moveis-junco (30).JPG
118.04.16 21:22 B C:\Users\Administrador\Documents\Loja_PMP\Site-Loja\siteplenus\images\junco-celio\moveis-junco (31).JPG --> plenusplanejados.com.br /public_html/images/junco-celio moveis-junco (31).JPG
118.04.16 21:22 B C:\Users\Administrador\Documents\Loja_PMP\Site-Loja\siteplenus\images\junco-celio\moveis-junco (32).JPG --> plenusplanejados.com.br /public_html/images/junco-celio moveis-junco (32).JPG
118.04.16 21:22 B C:\Users\Administrador\Documents\Loja_PMP\Site-Loja\siteplenus\images\junco-celio\moveis-junco (33).JPG --> plenusplanejados.com.br /public_html/images/junco-celio moveis-junco (33).JPG
118.04.16 21:22 B C:\Users\Administrador\Documents\Loja_PMP\Site-Loja\siteplenus\images\junco-celio\moveis-junco (34).JPG --> plenusplanejados.com.br /public_html/images/junco-celio moveis-junco (34).JPG
118.04.16 21:22 B C:\Users\Administrador\Documents\Loja_PMP\Site-Loja\siteplenus\images\junco-celio\moveis-junco (35).JPG --> plenusplanejados.com.br /public_html/images/junco-celio moveis-junco (35).JPG
118.04.16 21:22 B C:\Users\Administrador\Documents\Loja_PMP\Site-Loja\siteplenus\images\junco-celio\moveis-junco (36).JPG --> plenusplanejados.com.br /public_html/images/junco-celio moveis-junco (36).JPG
118.04.16 21:22 B C:\Users\Administrador\Documents\Loja_PMP\Site-Loja\siteplenus\images\junco-celio\moveis-junco (37).JPG --> plenusplanejados.com.br /public_html/images/junco-celio moveis-junco (37).JPG
118.04.16 21:22 B C:\Users\Administrador\Documents\Loja_PMP\Site-Loja\siteplenus\images\junco-celio\moveis-junco (38).JPG --> plenusplanejados.com.br /public_html/images/junco-celio moveis-junco (38).JPG
118.04.16 21:22 B C:\Users\Administrador\Documents\Loja_PMP\Site-Loja\siteplenus\images\junco-celio\moveis-junco (39).JPG --> plenusplanejados.com.br /public_html/images/junco-celio moveis-junco (39).JPG
118.04.16 21:22 B C:\Users\Administrador\Documents\Loja_PMP\Site-Loja\siteplenus\images\junco-celio\moveis-junco (4).JPG --> plenusplanejados.com.br /public_html/images/junco-celio moveis-junco (4).JPG
118.04.16 21:22 B C:\Users\Administrador\Documents\Loja_PMP\Site-Loja\siteplenus\images\junco-celio\moveis-junco (40).JPG --> plenusplanejados.com.br /public_html/images/junco-celio moveis-junco (40).JPG
118.04.16 21:22 B C:\Users\Administrador\Documents\Loja_PMP\Site-Loja\siteplenus\images\junco-celio\moveis-junco (41).JPG --> plenusplanejados.com.br /public_html/images/junco-celio moveis-junco (41).JPG
118.04.16 21:22 B C:\Users\Administrador\Documents\Loja_PMP\Site-Loja\siteplenus\images\junco-celio\moveis-junco (42).JPG --> plenusplanejados.com.br /public_html/images/junco-celio moveis-junco (42).JPG
118.04.16 21:22 B C:\Users\Administrador\Documents\Loja_PMP\Site-Loja\siteplenus\images\junco-celio\moveis-junco (43).JPG --> plenusplanejados.com.br /public_html/images/junco-celio moveis-junco (43).JPG
118.04.16 21:22 B C:\Users\Administrador\Documents\Loja_PMP\Site-Loja\siteplenus\images\junco-celio\moveis-junco (44).JPG --> plenusplanejados.com.br /public_html/images/junco-celio moveis-junco (44).JPG
118.04.16 21:22 B C:\Users\Administrador\Documents\Loja_PMP\Site-Loja\siteplenus\images\junco-celio\moveis-junco (45).JPG --> plenusplanejados.com.br /public_html/images/junco-celio moveis-junco (45).JPG
118.04.16 21:22 B C:\Users\Administrador\Documents\Loja_PMP\Site-Loja\siteplenus\images\junco-celio\moveis-junco (46).JPG --> plenusplanejados.com.br /public_html/images/junco-celio moveis-junco (46).JPG
118.04.16 21:22 B C:\Users\Administrador\Documents\Loja_PMP\Site-Loja\siteplenus\images\junco-celio\moveis-junco (47).JPG --> plenusplanejados.com.br /public_html/images/junco-celio moveis-junco (47).JPG
118.04.16 21:22 B C:\Users\Administrador\Documents\Loja_PMP\Site-Loja\siteplenus\images\junco-celio\moveis-junco (48).JPG --> plenusplanejados.com.br /public_html/images/junco-celio moveis-junco (48).JPG
118.04.16 21:22 B C:\Users\Administrador\Documents\Loja_PMP\Site-Loja\siteplenus\images\junco-celio\moveis-junco (49).JPG --> plenusplanejados.com.br /public_html/images/junco-celio moveis-junco (49).JPG
118.04.16 21:22 B C:\Users\Administrador\Documents\Loja_PMP\Site-Loja\siteplenus\images\junco-celio\moveis-junco (5).jpg --> plenusplanejados.com.br /public_html/images/junco-celio moveis-junco (5).jpg
118.04.16 21:22 B C:\Users\Administrador\Documents\Loja_PMP\Site-Loja\siteplenus\images\junco-celio\moveis-junco (50).JPG --> plenusplanejados.com.br /public_html/images/junco-celio moveis-junco (50).JPG
118.04.16 21:22 B C:\Users\Administrador\Documents\Loja_PMP\Site-Loja\siteplenus\images\junco-celio\moveis-junco (51).JPG --> plenusplanejados.com.br /public_html/images/junco-celio moveis-junco (51).JPG
118.04.16 21:22 B C:\Users\Administrador\Documents\Loja_PMP\Site-Loja\siteplenus\images\junco-celio\moveis-junco (52).JPG --> plenusplanejados.com.br /public_html/images/junco-celio moveis-junco (52).JPG
118.04.16 21:22 B C:\Users\Administrador\Documents\Loja_PMP\Site-Loja\siteplenus\images\junco-celio\moveis-junco (53).JPG --> plenusplanejados.com.br /public_html/images/junco-celio moveis-junco (53).JPG
118.04.16 21:22 B C:\Users\Administrador\Documents\Loja_PMP\Site-Loja\siteplenus\images\junco-celio\moveis-junco (54).JPG --> plenusplanejados.com.br /public_html/images/junco-celio moveis-junco (54).JPG
118.04.16 21:22 B C:\Users\Administrador\Documents\Loja_PMP\Site-Loja\siteplenus\images\junco-celio\moveis-junco (55).JPG --> plenusplanejados.com.br /public_html/images/junco-celio moveis-junco (55).JPG
118.04.16 21:22 B C:\Users\Administrador\Documents\Loja_PMP\Site-Loja\siteplenus\images\junco-celio\moveis-junco (56).JPG --> plenusplanejados.com.br /public_html/images/junco-celio moveis-junco (56).JPG
118.04.16 21:22 B C:\Users\Administrador\Documents\Loja_PMP\Site-Loja\siteplenus\images\junco-celio\moveis-junco (57).JPG --> plenusplanejados.com.br /public_html/images/junco-celio moveis-junco (57).JPG
118.04.16 21:22 B C:\Users\Administrador\Documents\Loja_PMP\Site-Loja\siteplenus\images\junco-celio\moveis-junco (58).JPG --> plenusplanejados.com.br /public_html/images/junco-celio moveis-junco (58).JPG
118.04.16 21:23 B C:\Users\Administrador\Documents\Loja_PMP\Site-Loja\siteplenus\images\junco-celio\moveis-junco (59).JPG --> plenusplanejados.com.br /public_html/images/junco-celio moveis-junco (59).JPG
118.04.16 21:23 B C:\Users\Administrador\Documents\Loja_PMP\Site-Loja\siteplenus\images\junco-celio\moveis-junco (6).JPG --> plenusplanejados.com.br /public_html/images/junco-celio moveis-junco (6).JPG
118.04.16 21:23 B C:\Users\Administrador\Documents\Loja_PMP\Site-Loja\siteplenus\images\junco-celio\moveis-junco (60).JPG --> plenusplanejados.com.br /public_html/images/junco-celio moveis-junco (60).JPG
118.04.16 21:23 B C:\Users\Administrador\Documents\Loja_PMP\Site-Loja\siteplenus\images\junco-celio\moveis-junco (61).JPG --> plenusplanejados.com.br /public_html/images/junco-celio moveis-junco (61).JPG
118.04.16 21:23 B C:\Users\Administrador\Documents\Loja_PMP\Site-Loja\siteplenus\images\junco-celio\moveis-junco (62).JPG --> plenusplanejados.com.br /public_html/images/junco-celio moveis-junco (62).JPG
118.04.16 21:23 B C:\Users\Administrador\Documents\Loja_PMP\Site-Loja\siteplenus\images\junco-celio\moveis-junco (63).JPG --> plenusplanejados.com.br /public_html/images/junco-celio moveis-junco (63).JPG
118.04.16 21:23 B C:\Users\Administrador\Documents\Loja_PMP\Site-Loja\siteplenus\images\junco-celio\moveis-junco (64).JPG --> plenusplanejados.com.br /public_html/images/junco-celio moveis-junco (64).JPG
118.04.16 21:23 B C:\Users\Administrador\Documents\Loja_PMP\Site-Loja\siteplenus\images\junco-celio\moveis-junco (65).JPG --> plenusplanejados.com.br /public_html/images/junco-celio moveis-junco (65).JPG
118.04.16 21:23 B C:\Users\Administrador\Documents\Loja_PMP\Site-Loja\siteplenus\images\junco-celio\moveis-junco (66).JPG --> plenusplanejados.com.br /public_html/images/junco-celio moveis-junco (66).JPG
118.04.16 21:23 B C:\Users\Administrador\Documents\Loja_PMP\Site-Loja\siteplenus\images\junco-celio\moveis-junco (67).JPG --> plenusplanejados.com.br /public_html/images/junco-celio moveis-junco (67).JPG
118.04.16 21:23 B C:\Users\Administrador\Documents\Loja_PMP\Site-Loja\siteplenus\images\junco-celio\moveis-junco (68).JPG --> plenusplanejados.com.br /public_html/images/junco-celio moveis-junco (68).JPG
118.04.16 21:23 B C:\Users\Administrador\Documents\Loja_PMP\Site-Loja\siteplenus\images\junco-celio\moveis-junco (69).JPG --> plenusplanejados.com.br /public_html/images/junco-celio moveis-junco (69).JPG
118.04.16 21:23 B C:\Users\Administrador\Documents\Loja_PMP\Site-Loja\siteplenus\images\junco-celio\moveis-junco (7).JPG --> plenusplanejados.com.br /public_html/images/junco-celio moveis-junco (7).JPG
118.04.16 21:23 B C:\Users\Administrador\Documents\Loja_PMP\Site-Loja\siteplenus\images\junco-celio\moveis-junco (70).JPG --> plenusplanejados.com.br /public_html/images/junco-celio moveis-junco (70).JPG
118.04.16 21:23 B C:\Users\Administrador\Documents\Loja_PMP\Site-Loja\siteplenus\images\junco-celio\moveis-junco (71).JPG --> plenusplanejados.com.br /public_html/images/junco-celio moveis-junco (71).JPG
118.04.16 21:23 B C:\Users\Administrador\Documents\Loja_PMP\Site-Loja\siteplenus\images\junco-celio\moveis-junco (72).JPG --> plenusplanejados.com.br /public_html/images/junco-celio moveis-junco (72).JPG
118.04.16 21:23 B C:\Users\Administrador\Documents\Loja_PMP\Site-Loja\siteplenus\images\junco-celio\moveis-junco (73).JPG --> plenusplanejados.com.br /public_html/images/junco-celio moveis-junco (73).JPG
118.04.16 21:23 B C:\Users\Administrador\Documents\Loja_PMP\Site-Loja\siteplenus\images\junco-celio\moveis-junco (74).JPG --> plenusplanejados.com.br /public_html/images/junco-celio moveis-junco (74).JPG
118.04.16 21:23 B C:\Users\Administrador\Documents\Loja_PMP\Site-Loja\siteplenus\images\junco-celio\moveis-junco (75).JPG --> plenusplanejados.com.br /public_html/images/junco-celio moveis-junco (75).JPG
118.04.16 21:23 B C:\Users\Administrador\Documents\Loja_PMP\Site-Loja\siteplenus\images\junco-celio\moveis-junco (76).JPG --> plenusplanejados.com.br /public_html/images/junco-celio moveis-junco (76).JPG
118.04.16 21:23 B C:\Users\Administrador\Documents\Loja_PMP\Site-Loja\siteplenus\images\junco-celio\moveis-junco (77).JPG --> plenusplanejados.com.br /public_html/images/junco-celio moveis-junco (77).JPG
118.04.16 21:23 B C:\Users\Administrador\Documents\Loja_PMP\Site-Loja\siteplenus\images\junco-celio\moveis-junco (78).JPG --> plenusplanejados.com.br /public_html/images/junco-celio moveis-junco (78).JPG
118.04.16 21:23 B C:\Users\Administrador\Documents\Loja_PMP\Site-Loja\siteplenus\images\junco-celio\moveis-junco (79).JPG --> plenusplanejados.com.br /public_html/images/junco-celio moveis-junco (79).JPG
118.04.16 21:23 B C:\Users\Administrador\Documents\Loja_PMP\Site-Loja\siteplenus\images\junco-celio\moveis-junco (8).JPG --> plenusplanejados.com.br /public_html/images/junco-celio moveis-junco (8).JPG
118.04.16 21:23 B C:\Users\Administrador\Documents\Loja_PMP\Site-Loja\siteplenus\images\junco-celio\moveis-junco (80).JPG --> plenusplanejados.com.br /public_html/images/junco-celio moveis-junco (80).JPG
118.04.16 21:23 B C:\Users\Administrador\Documents\Loja_PMP\Site-Loja\siteplenus\images\junco-celio\moveis-junco (81).JPG --> plenusplanejados.com.br /public_html/images/junco-celio moveis-junco (81).JPG
118.04.16 21:23 B C:\Users\Administrador\Documents\Loja_PMP\Site-Loja\siteplenus\images\junco-celio\moveis-junco (82).JPG --> plenusplanejados.com.br /public_html/images/junco-celio moveis-junco (82).JPG
118.04.16 21:23 B C:\Users\Administrador\Documents\Loja_PMP\Site-Loja\siteplenus\images\junco-celio\moveis-junco (83).JPG --> plenusplanejados.com.br /public_html/images/junco-celio moveis-junco (83).JPG
118.04.16 21:23 B C:\Users\Administrador\Documents\Loja_PMP\Site-Loja\siteplenus\images\junco-celio\moveis-junco (84).JPG --> plenusplanejados.com.br /public_html/images/junco-celio moveis-junco (84).JPG
118.04.16 21:23 B C:\Users\Administrador\Documents\Loja_PMP\Site-Loja\siteplenus\images\junco-celio\moveis-junco (85).JPG --> plenusplanejados.com.br /public_html/images/junco-celio moveis-junco (85).JPG
118.04.16 21:23 B C:\Users\Administrador\Documents\Loja_PMP\Site-Loja\siteplenus\images\junco-celio\moveis-junco (86).JPG --> plenusplanejados.com.br /public_html/images/junco-celio moveis-junco (86).JPG
118.04.16 21:23 B C:\Users\Administrador\Documents\Loja_PMP\Site-Loja\siteplenus\images\junco-celio\moveis-junco (87).JPG --> plenusplanejados.com.br /public_html/images/junco-celio moveis-junco (87).JPG
118.04.16 21:23 B C:\Users\Administrador\Documents\Loja_PMP\Site-Loja\siteplenus\images\junco-celio\moveis-junco (88).JPG --> plenusplanejados.com.br /public_html/images/junco-celio moveis-junco (88).JPG
118.04.16 21:23 B C:\Users\Administrador\Documents\Loja_PMP\Site-Loja\siteplenus\images\junco-celio\moveis-junco (89).JPG --> plenusplanejados.com.br /public_html/images/junco-celio moveis-junco (89).JPG
118.04.16 21:23 B C:\Users\Administrador\Documents\Loja_PMP\Site-Loja\siteplenus\images\junco-celio\moveis-junco (9).JPG --> plenusplanejados.com.br /public_html/images/junco-celio moveis-junco (9).JPG
118.04.16 21:23 B C:\Users\Administrador\Documents\Loja_PMP\Site-Loja\siteplenus\images\junco-celio\moveis-junco (90).JPG --> plenusplanejados.com.br /public_html/images/junco-celio moveis-junco (90).JPG
118.04.16 21:23 B C:\Users\Administrador\Documents\Loja_PMP\Site-Loja\siteplenus\images\junco-celio\moveis-junco (91).JPG --> plenusplanejados.com.br /public_html/images/junco-celio moveis-junco (91).JPG
118.04.16 21:24 B C:\Users\Administrador\Documents\Loja_PMP\Site-Loja\siteplenus\images\junco-celio\moveis-junco (92).JPG --> plenusplanejados.com.br /public_html/images/junco-celio moveis-junco (92).JPG
118.04.16 21:24 B C:\Users\Administrador\Documents\Loja_PMP\Site-Loja\siteplenus\images\junco-celio\moveis-junco (93).JPG --> plenusplanejados.com.br /public_html/images/junco-celio moveis-junco (93).JPG
118.04.16 21:24 B C:\Users\Administrador\Documents\Loja_PMP\Site-Loja\siteplenus\images\junco-celio\moveis-junco (94).JPG --> plenusplanejados.com.br /public_html/images/junco-celio moveis-junco (94).JPG
118.04.16 21:24 B C:\Users\Administrador\Documents\Loja_PMP\Site-Loja\siteplenus\images\junco-celio\moveis-junco (95).JPG --> plenusplanejados.com.br /public_html/images/junco-celio moveis-junco (95).JPG
118.04.16 21:24 B C:\Users\Administrador\Documents\Loja_PMP\Site-Loja\siteplenus\images\junco-celio\moveis-junco (96).JPG --> plenusplanejados.com.br /public_html/images/junco-celio moveis-junco (96).JPG
118.04.16 21:24 B C:\Users\Administrador\Documents\Loja_PMP\Site-Loja\siteplenus\images\junco-celio\moveis-junco (97).JPG --> plenusplanejados.com.br /public_html/images/junco-celio moveis-junco (97).JPG
118.04.16 21:24 B C:\Users\Administrador\Documents\Loja_PMP\Site-Loja\siteplenus\images\junco-celio\moveis-junco (98).jpg --> plenusplanejados.com.br /public_html/images/junco-celio moveis-junco (98).jpg
118.04.16 21:24 B C:\Users\Administrador\Documents\Loja_PMP\Site-Loja\siteplenus\images\junco-celio\moveis-junco (99).jpg --> plenusplanejados.com.br /public_html/images/junco-celio moveis-junco (99).jpg
118.04.16 21:24 B C:\Users\Administrador\Documents\Loja_PMP\Site-Loja\siteplenus\images\junco-celio\ws_ftp.log --> plenusplanejados.com.br /public_html/images/junco-celio ws_ftp.log
