118.04.16 14:32 B C:\Users\Administrador\Documents\Loja_PMP\Site-Loja\siteplenus\images\Sofas\Sofa10-450.jpg --> plenusplanejados.com.br /images/Sofas Sofa10-450.jpg
118.04.16 14:32 B C:\Users\Administrador\Documents\Loja_PMP\Site-Loja\siteplenus\images\Sofas\Sofa11-450.jpg --> plenusplanejados.com.br /images/Sofas Sofa11-450.jpg
118.04.16 14:33 B C:\Users\Administrador\Documents\Loja_PMP\Site-Loja\siteplenus\images\Sofas\Sofa12-450.jpg --> plenusplanejados.com.br /images/Sofas Sofa12-450.jpg
118.04.16 14:33 B C:\Users\Administrador\Documents\Loja_PMP\Site-Loja\siteplenus\images\Sofas\Sofa21-450.png --> plenusplanejados.com.br /images/Sofas Sofa21-450.png
118.04.16 14:33 B C:\Users\Administrador\Documents\Loja_PMP\Site-Loja\siteplenus\images\Sofas\Sofa22-450.jpg --> plenusplanejados.com.br /images/Sofas Sofa22-450.jpg
118.04.16 14:33 B C:\Users\Administrador\Documents\Loja_PMP\Site-Loja\siteplenus\images\Sofas\Sofa23-450.png --> plenusplanejados.com.br /images/Sofas Sofa23-450.png
118.04.16 14:33 B C:\Users\Administrador\Documents\Loja_PMP\Site-Loja\siteplenus\images\Sofas\Sofa31-450.jpg --> plenusplanejados.com.br /images/Sofas Sofa31-450.jpg
118.04.16 14:33 B C:\Users\Administrador\Documents\Loja_PMP\Site-Loja\siteplenus\images\Sofas\Sofa41-950.jpg --> plenusplanejados.com.br /images/Sofas Sofa41-950.jpg
118.04.16 14:33 B C:\Users\Administrador\Documents\Loja_PMP\Site-Loja\siteplenus\images\Sofas\Sofa42-950.jpg --> plenusplanejados.com.br /images/Sofas Sofa42-950.jpg
118.04.16 14:33 B C:\Users\Administrador\Documents\Loja_PMP\Site-Loja\siteplenus\images\Sofas\Thumbs.db --> plenusplanejados.com.br /images/Sofas Thumbs.db
118.04.16 21:34 B C:\Users\Administrador\Documents\Loja_PMP\Site-Loja\siteplenus\images\Sofas\Sofa10-450.jpg --> plenusplanejados.com.br /public_html/images/Sofas Sofa10-450.jpg
118.04.16 21:34 B C:\Users\Administrador\Documents\Loja_PMP\Site-Loja\siteplenus\images\Sofas\Sofa11-450.jpg --> plenusplanejados.com.br /public_html/images/Sofas Sofa11-450.jpg
118.04.16 21:34 B C:\Users\Administrador\Documents\Loja_PMP\Site-Loja\siteplenus\images\Sofas\Sofa12-450.jpg --> plenusplanejados.com.br /public_html/images/Sofas Sofa12-450.jpg
118.04.16 21:35 B C:\Users\Administrador\Documents\Loja_PMP\Site-Loja\siteplenus\images\Sofas\Sofa21-450.png --> plenusplanejados.com.br /public_html/images/Sofas Sofa21-450.png
118.04.16 21:35 B C:\Users\Administrador\Documents\Loja_PMP\Site-Loja\siteplenus\images\Sofas\Sofa22-450.jpg --> plenusplanejados.com.br /public_html/images/Sofas Sofa22-450.jpg
118.04.16 21:35 B C:\Users\Administrador\Documents\Loja_PMP\Site-Loja\siteplenus\images\Sofas\Sofa23-450.png --> plenusplanejados.com.br /public_html/images/Sofas Sofa23-450.png
118.04.16 21:35 B C:\Users\Administrador\Documents\Loja_PMP\Site-Loja\siteplenus\images\Sofas\Sofa31-450.jpg --> plenusplanejados.com.br /public_html/images/Sofas Sofa31-450.jpg
118.04.16 21:35 B C:\Users\Administrador\Documents\Loja_PMP\Site-Loja\siteplenus\images\Sofas\Sofa41-950.jpg --> plenusplanejados.com.br /public_html/images/Sofas Sofa41-950.jpg
118.04.16 21:35 B C:\Users\Administrador\Documents\Loja_PMP\Site-Loja\siteplenus\images\Sofas\Sofa42-950.jpg --> plenusplanejados.com.br /public_html/images/Sofas Sofa42-950.jpg
118.04.16 21:35 B C:\Users\Administrador\Documents\Loja_PMP\Site-Loja\siteplenus\images\Sofas\Thumbs.db --> plenusplanejados.com.br /public_html/images/Sofas Thumbs.db
118.04.16 21:35 B C:\Users\Administrador\Documents\Loja_PMP\Site-Loja\siteplenus\images\Sofas\ws_ftp.log --> plenusplanejados.com.br /public_html/images/Sofas ws_ftp.log
