118.04.16 14:13 B C:\Users\Administrador\Documents\Loja_PMP\Site-Loja\siteplenus\_vti_cnf\armario.html --> plenusplanejados.com.br / armario.html
118.04.16 14:13 B C:\Users\Administrador\Documents\Loja_PMP\Site-Loja\siteplenus\_vti_cnf\banho.html --> plenusplanejados.com.br / banho.html
118.04.16 14:13 B C:\Users\Administrador\Documents\Loja_PMP\Site-Loja\siteplenus\_vti_cnf\cabecalho.html --> plenusplanejados.com.br / cabecalho.html
118.04.16 14:13 B C:\Users\Administrador\Documents\Loja_PMP\Site-Loja\siteplenus\_vti_cnf\cama.html --> plenusplanejados.com.br / cama.html
118.04.16 14:13 B C:\Users\Administrador\Documents\Loja_PMP\Site-Loja\siteplenus\_vti_cnf\closet.html --> plenusplanejados.com.br / closet.html
118.04.16 14:13 B C:\Users\Administrador\Documents\Loja_PMP\Site-Loja\siteplenus\_vti_cnf\contexto.html --> plenusplanejados.com.br / contexto.html
118.04.16 14:13 B C:\Users\Administrador\Documents\Loja_PMP\Site-Loja\siteplenus\_vti_cnf\cozinha.html --> plenusplanejados.com.br / cozinha.html
118.04.16 14:13 B C:\Users\Administrador\Documents\Loja_PMP\Site-Loja\siteplenus\_vti_cnf\dormitorio.html --> plenusplanejados.com.br / dormitorio.html
118.04.16 14:13 B C:\Users\Administrador\Documents\Loja_PMP\Site-Loja\siteplenus\_vti_cnf\empresa.html --> plenusplanejados.com.br / empresa.html
118.04.16 14:13 B C:\Users\Administrador\Documents\Loja_PMP\Site-Loja\siteplenus\_vti_cnf\escritorio.html --> plenusplanejados.com.br / escritorio.html
118.04.16 14:13 B C:\Users\Administrador\Documents\Loja_PMP\Site-Loja\siteplenus\_vti_cnf\estante.html --> plenusplanejados.com.br / estante.html
118.04.16 14:13 B C:\Users\Administrador\Documents\Loja_PMP\Site-Loja\siteplenus\_vti_cnf\estofado.html --> plenusplanejados.com.br / estofado.html
118.04.16 14:13 B C:\Users\Administrador\Documents\Loja_PMP\Site-Loja\siteplenus\_vti_cnf\fabrica.html --> plenusplanejados.com.br / fabrica.html
118.04.16 14:13 B C:\Users\Administrador\Documents\Loja_PMP\Site-Loja\siteplenus\_vti_cnf\fibra-op.html --> plenusplanejados.com.br / fibra-op.html
118.04.16 14:13 B C:\Users\Administrador\Documents\Loja_PMP\Site-Loja\siteplenus\_vti_cnf\fibra.html --> plenusplanejados.com.br / fibra.html
118.04.16 14:13 B C:\Users\Administrador\Documents\Loja_PMP\Site-Loja\siteplenus\_vti_cnf\index.html --> plenusplanejados.com.br / index.html
118.04.16 14:13 B C:\Users\Administrador\Documents\Loja_PMP\Site-Loja\siteplenus\_vti_cnf\juvenil.html --> plenusplanejados.com.br / juvenil.html
118.04.16 14:13 B C:\Users\Administrador\Documents\Loja_PMP\Site-Loja\siteplenus\_vti_cnf\macicos-op.html --> plenusplanejados.com.br / macicos-op.html
118.04.16 14:13 B C:\Users\Administrador\Documents\Loja_PMP\Site-Loja\siteplenus\_vti_cnf\macicos.html --> plenusplanejados.com.br / macicos.html
118.04.16 14:13 B C:\Users\Administrador\Documents\Loja_PMP\Site-Loja\siteplenus\_vti_cnf\news.html --> plenusplanejados.com.br / news.html
118.04.16 14:13 B C:\Users\Administrador\Documents\Loja_PMP\Site-Loja\siteplenus\_vti_cnf\opcoes.html --> plenusplanejados.com.br / opcoes.html
118.04.16 14:13 B C:\Users\Administrador\Documents\Loja_PMP\Site-Loja\siteplenus\_vti_cnf\painel.html --> plenusplanejados.com.br / painel.html
118.04.16 14:13 B C:\Users\Administrador\Documents\Loja_PMP\Site-Loja\siteplenus\_vti_cnf\produtos.html --> plenusplanejados.com.br / produtos.html
118.04.16 14:13 B C:\Users\Administrador\Documents\Loja_PMP\Site-Loja\siteplenus\_vti_cnf\projetos.html --> plenusplanejados.com.br / projetos.html
118.04.16 14:13 B C:\Users\Administrador\Documents\Loja_PMP\Site-Loja\siteplenus\_vti_cnf\rack.html --> plenusplanejados.com.br / rack.html
118.04.16 14:13 B C:\Users\Administrador\Documents\Loja_PMP\Site-Loja\siteplenus\_vti_cnf\rodape.html --> plenusplanejados.com.br / rodape.html
118.04.16 21:14 B C:\Users\Administrador\Documents\Loja_PMP\Site-Loja\siteplenus\_vti_cnf\armario.html --> plenusplanejados.com.br /public_html armario.html
118.04.16 21:14 B C:\Users\Administrador\Documents\Loja_PMP\Site-Loja\siteplenus\_vti_cnf\banho.html --> plenusplanejados.com.br /public_html banho.html
118.04.16 21:14 B C:\Users\Administrador\Documents\Loja_PMP\Site-Loja\siteplenus\_vti_cnf\cabecalho.html --> plenusplanejados.com.br /public_html cabecalho.html
118.04.16 21:14 B C:\Users\Administrador\Documents\Loja_PMP\Site-Loja\siteplenus\_vti_cnf\cama.html --> plenusplanejados.com.br /public_html cama.html
118.04.16 21:14 B C:\Users\Administrador\Documents\Loja_PMP\Site-Loja\siteplenus\_vti_cnf\closet.html --> plenusplanejados.com.br /public_html closet.html
118.04.16 21:14 B C:\Users\Administrador\Documents\Loja_PMP\Site-Loja\siteplenus\_vti_cnf\contexto.html --> plenusplanejados.com.br /public_html contexto.html
118.04.16 21:14 B C:\Users\Administrador\Documents\Loja_PMP\Site-Loja\siteplenus\_vti_cnf\cozinha.html --> plenusplanejados.com.br /public_html cozinha.html
118.04.16 21:14 B C:\Users\Administrador\Documents\Loja_PMP\Site-Loja\siteplenus\_vti_cnf\dormitorio.html --> plenusplanejados.com.br /public_html dormitorio.html
118.04.16 21:14 B C:\Users\Administrador\Documents\Loja_PMP\Site-Loja\siteplenus\_vti_cnf\empresa.html --> plenusplanejados.com.br /public_html empresa.html
118.04.16 21:14 B C:\Users\Administrador\Documents\Loja_PMP\Site-Loja\siteplenus\_vti_cnf\escritorio.html --> plenusplanejados.com.br /public_html escritorio.html
118.04.16 21:14 B C:\Users\Administrador\Documents\Loja_PMP\Site-Loja\siteplenus\_vti_cnf\estante.html --> plenusplanejados.com.br /public_html estante.html
118.04.16 21:14 B C:\Users\Administrador\Documents\Loja_PMP\Site-Loja\siteplenus\_vti_cnf\estofado.html --> plenusplanejados.com.br /public_html estofado.html
118.04.16 21:14 B C:\Users\Administrador\Documents\Loja_PMP\Site-Loja\siteplenus\_vti_cnf\fabrica.html --> plenusplanejados.com.br /public_html fabrica.html
118.04.16 21:14 B C:\Users\Administrador\Documents\Loja_PMP\Site-Loja\siteplenus\_vti_cnf\fibra-op.html --> plenusplanejados.com.br /public_html fibra-op.html
118.04.16 21:14 B C:\Users\Administrador\Documents\Loja_PMP\Site-Loja\siteplenus\_vti_cnf\fibra.html --> plenusplanejados.com.br /public_html fibra.html
118.04.16 21:14 B C:\Users\Administrador\Documents\Loja_PMP\Site-Loja\siteplenus\_vti_cnf\index.html --> plenusplanejados.com.br /public_html index.html
118.04.16 21:14 B C:\Users\Administrador\Documents\Loja_PMP\Site-Loja\siteplenus\_vti_cnf\juvenil.html --> plenusplanejados.com.br /public_html juvenil.html
118.04.16 21:14 B C:\Users\Administrador\Documents\Loja_PMP\Site-Loja\siteplenus\_vti_cnf\macicos-op.html --> plenusplanejados.com.br /public_html macicos-op.html
118.04.16 21:14 B C:\Users\Administrador\Documents\Loja_PMP\Site-Loja\siteplenus\_vti_cnf\macicos.html --> plenusplanejados.com.br /public_html macicos.html
118.04.16 21:14 B C:\Users\Administrador\Documents\Loja_PMP\Site-Loja\siteplenus\_vti_cnf\news.html --> plenusplanejados.com.br /public_html news.html
118.04.16 21:14 B C:\Users\Administrador\Documents\Loja_PMP\Site-Loja\siteplenus\_vti_cnf\opcoes.html --> plenusplanejados.com.br /public_html opcoes.html
118.04.16 21:15 B C:\Users\Administrador\Documents\Loja_PMP\Site-Loja\siteplenus\_vti_cnf\painel.html --> plenusplanejados.com.br /public_html painel.html
118.04.16 21:15 B C:\Users\Administrador\Documents\Loja_PMP\Site-Loja\siteplenus\_vti_cnf\produtos.html --> plenusplanejados.com.br /public_html produtos.html
118.04.16 21:15 B C:\Users\Administrador\Documents\Loja_PMP\Site-Loja\siteplenus\_vti_cnf\projetos.html --> plenusplanejados.com.br /public_html projetos.html
118.04.16 21:15 B C:\Users\Administrador\Documents\Loja_PMP\Site-Loja\siteplenus\_vti_cnf\rack.html --> plenusplanejados.com.br /public_html rack.html
118.04.16 21:15 B C:\Users\Administrador\Documents\Loja_PMP\Site-Loja\siteplenus\_vti_cnf\rodape.html --> plenusplanejados.com.br /public_html rodape.html
118.04.16 21:15 B C:\Users\Administrador\Documents\Loja_PMP\Site-Loja\siteplenus\_vti_cnf\ws_ftp.log --> plenusplanejados.com.br /public_html ws_ftp.log
