2011.04.24 14:23 B C:\Documents and Settings\Plenus\Meus Documentos\Loja_PMP\Site-Loja\siteplenus\images\macicos\aparador (1).jpg --> plenusplanejados.com.br /public_html/images/macicos aparador (1).jpg
2011.04.24 14:23 B C:\Documents and Settings\Plenus\Meus Documentos\Loja_PMP\Site-Loja\siteplenus\images\macicos\aparador (2).jpg --> plenusplanejados.com.br /public_html/images/macicos aparador (2).jpg
2011.04.24 14:23 B C:\Documents and Settings\Plenus\Meus Documentos\Loja_PMP\Site-Loja\siteplenus\images\macicos\aparador (3).jpg --> plenusplanejados.com.br /public_html/images/macicos aparador (3).jpg
2011.04.24 14:23 B C:\Documents and Settings\Plenus\Meus Documentos\Loja_PMP\Site-Loja\siteplenus\images\macicos\aparador (4).jpg --> plenusplanejados.com.br /public_html/images/macicos aparador (4).jpg
2011.04.24 14:23 B C:\Documents and Settings\Plenus\Meus Documentos\Loja_PMP\Site-Loja\siteplenus\images\macicos\aparador (5).jpg --> plenusplanejados.com.br /public_html/images/macicos aparador (5).jpg
2011.04.24 14:23 B C:\Documents and Settings\Plenus\Meus Documentos\Loja_PMP\Site-Loja\siteplenus\images\macicos\aparador (6).jpg --> plenusplanejados.com.br /public_html/images/macicos aparador (6).jpg
2011.04.24 14:23 B C:\Documents and Settings\Plenus\Meus Documentos\Loja_PMP\Site-Loja\siteplenus\images\macicos\aparador (7).jpg --> plenusplanejados.com.br /public_html/images/macicos aparador (7).jpg
2011.04.24 14:23 B C:\Documents and Settings\Plenus\Meus Documentos\Loja_PMP\Site-Loja\siteplenus\images\macicos\aparador.jpg --> plenusplanejados.com.br /public_html/images/macicos aparador.jpg
2011.04.24 14:23 B C:\Documents and Settings\Plenus\Meus Documentos\Loja_PMP\Site-Loja\siteplenus\images\macicos\armario (1).jpg --> plenusplanejados.com.br /public_html/images/macicos armario (1).jpg
2011.04.24 14:23 B C:\Documents and Settings\Plenus\Meus Documentos\Loja_PMP\Site-Loja\siteplenus\images\macicos\armario (10).jpg --> plenusplanejados.com.br /public_html/images/macicos armario (10).jpg
2011.04.24 14:23 B C:\Documents and Settings\Plenus\Meus Documentos\Loja_PMP\Site-Loja\siteplenus\images\macicos\armario (11).jpg --> plenusplanejados.com.br /public_html/images/macicos armario (11).jpg
2011.04.24 14:24 B C:\Documents and Settings\Plenus\Meus Documentos\Loja_PMP\Site-Loja\siteplenus\images\macicos\armario (12).jpg --> plenusplanejados.com.br /public_html/images/macicos armario (12).jpg
2011.04.24 14:24 B C:\Documents and Settings\Plenus\Meus Documentos\Loja_PMP\Site-Loja\siteplenus\images\macicos\armario (13).jpg --> plenusplanejados.com.br /public_html/images/macicos armario (13).jpg
2011.04.24 14:24 B C:\Documents and Settings\Plenus\Meus Documentos\Loja_PMP\Site-Loja\siteplenus\images\macicos\armario (14).jpg --> plenusplanejados.com.br /public_html/images/macicos armario (14).jpg
2011.04.24 14:24 B C:\Documents and Settings\Plenus\Meus Documentos\Loja_PMP\Site-Loja\siteplenus\images\macicos\armario (2).jpg --> plenusplanejados.com.br /public_html/images/macicos armario (2).jpg
2011.04.24 14:24 B C:\Documents and Settings\Plenus\Meus Documentos\Loja_PMP\Site-Loja\siteplenus\images\macicos\armario (3).jpg --> plenusplanejados.com.br /public_html/images/macicos armario (3).jpg
2011.04.24 14:24 B C:\Documents and Settings\Plenus\Meus Documentos\Loja_PMP\Site-Loja\siteplenus\images\macicos\armario (4).jpg --> plenusplanejados.com.br /public_html/images/macicos armario (4).jpg
2011.04.24 14:24 B C:\Documents and Settings\Plenus\Meus Documentos\Loja_PMP\Site-Loja\siteplenus\images\macicos\armario (5).jpg --> plenusplanejados.com.br /public_html/images/macicos armario (5).jpg
2011.04.24 14:24 B C:\Documents and Settings\Plenus\Meus Documentos\Loja_PMP\Site-Loja\siteplenus\images\macicos\armario (6).jpg --> plenusplanejados.com.br /public_html/images/macicos armario (6).jpg
2011.04.24 14:24 B C:\Documents and Settings\Plenus\Meus Documentos\Loja_PMP\Site-Loja\siteplenus\images\macicos\armario (7).jpg --> plenusplanejados.com.br /public_html/images/macicos armario (7).jpg
2011.04.24 14:24 B C:\Documents and Settings\Plenus\Meus Documentos\Loja_PMP\Site-Loja\siteplenus\images\macicos\armario (8).jpg --> plenusplanejados.com.br /public_html/images/macicos armario (8).jpg
2011.04.24 14:24 B C:\Documents and Settings\Plenus\Meus Documentos\Loja_PMP\Site-Loja\siteplenus\images\macicos\armario (9).jpg --> plenusplanejados.com.br /public_html/images/macicos armario (9).jpg
2011.04.24 14:24 B C:\Documents and Settings\Plenus\Meus Documentos\Loja_PMP\Site-Loja\siteplenus\images\macicos\armario.jpg --> plenusplanejados.com.br /public_html/images/macicos armario.jpg
2011.04.24 14:24 B C:\Documents and Settings\Plenus\Meus Documentos\Loja_PMP\Site-Loja\siteplenus\images\macicos\bambu (1).jpg --> plenusplanejados.com.br /public_html/images/macicos bambu (1).jpg
2011.04.24 14:24 B C:\Documents and Settings\Plenus\Meus Documentos\Loja_PMP\Site-Loja\siteplenus\images\macicos\bambu.jpg --> plenusplanejados.com.br /public_html/images/macicos bambu.jpg
2011.04.24 14:24 B C:\Documents and Settings\Plenus\Meus Documentos\Loja_PMP\Site-Loja\siteplenus\images\macicos\banc (1).jpg --> plenusplanejados.com.br /public_html/images/macicos banc (1).jpg
2011.04.24 14:25 B C:\Documents and Settings\Plenus\Meus Documentos\Loja_PMP\Site-Loja\siteplenus\images\macicos\banc (2).jpg --> plenusplanejados.com.br /public_html/images/macicos banc (2).jpg
2011.04.24 14:25 B C:\Documents and Settings\Plenus\Meus Documentos\Loja_PMP\Site-Loja\siteplenus\images\macicos\banc (3).jpg --> plenusplanejados.com.br /public_html/images/macicos banc (3).jpg
2011.04.24 14:25 B C:\Documents and Settings\Plenus\Meus Documentos\Loja_PMP\Site-Loja\siteplenus\images\macicos\banc (4).jpg --> plenusplanejados.com.br /public_html/images/macicos banc (4).jpg
2011.04.24 14:25 B C:\Documents and Settings\Plenus\Meus Documentos\Loja_PMP\Site-Loja\siteplenus\images\macicos\banc (5).jpg --> plenusplanejados.com.br /public_html/images/macicos banc (5).jpg
2011.04.24 14:25 B C:\Documents and Settings\Plenus\Meus Documentos\Loja_PMP\Site-Loja\siteplenus\images\macicos\banc (6).jpg --> plenusplanejados.com.br /public_html/images/macicos banc (6).jpg
2011.04.24 14:25 B C:\Documents and Settings\Plenus\Meus Documentos\Loja_PMP\Site-Loja\siteplenus\images\macicos\banc (7).jpg --> plenusplanejados.com.br /public_html/images/macicos banc (7).jpg
2011.04.24 14:25 B C:\Documents and Settings\Plenus\Meus Documentos\Loja_PMP\Site-Loja\siteplenus\images\macicos\banc.jpg --> plenusplanejados.com.br /public_html/images/macicos banc.jpg
2011.04.24 14:25 B C:\Documents and Settings\Plenus\Meus Documentos\Loja_PMP\Site-Loja\siteplenus\images\macicos\banqueta (1).jpg --> plenusplanejados.com.br /public_html/images/macicos banqueta (1).jpg
2011.04.24 14:26 B C:\Documents and Settings\Plenus\Meus Documentos\Loja_PMP\Site-Loja\siteplenus\images\macicos\banqueta.jpg --> plenusplanejados.com.br /public_html/images/macicos banqueta.jpg
2011.04.24 14:26 B C:\Documents and Settings\Plenus\Meus Documentos\Loja_PMP\Site-Loja\siteplenus\images\macicos\barz (1).jpg --> plenusplanejados.com.br /public_html/images/macicos barz (1).jpg
2011.04.24 14:26 B C:\Documents and Settings\Plenus\Meus Documentos\Loja_PMP\Site-Loja\siteplenus\images\macicos\barz (2).jpg --> plenusplanejados.com.br /public_html/images/macicos barz (2).jpg
2011.04.24 14:26 B C:\Documents and Settings\Plenus\Meus Documentos\Loja_PMP\Site-Loja\siteplenus\images\macicos\barz (3).jpg --> plenusplanejados.com.br /public_html/images/macicos barz (3).jpg
2011.04.24 14:26 B C:\Documents and Settings\Plenus\Meus Documentos\Loja_PMP\Site-Loja\siteplenus\images\macicos\barz.jpg --> plenusplanejados.com.br /public_html/images/macicos barz.jpg
2011.04.24 14:26 B C:\Documents and Settings\Plenus\Meus Documentos\Loja_PMP\Site-Loja\siteplenus\images\macicos\bau.jpg --> plenusplanejados.com.br /public_html/images/macicos bau.jpg
2011.04.24 14:26 B C:\Documents and Settings\Plenus\Meus Documentos\Loja_PMP\Site-Loja\siteplenus\images\macicos\baus (1).jpg --> plenusplanejados.com.br /public_html/images/macicos baus (1).jpg
2011.04.24 14:26 B C:\Documents and Settings\Plenus\Meus Documentos\Loja_PMP\Site-Loja\siteplenus\images\macicos\baus (2).jpg --> plenusplanejados.com.br /public_html/images/macicos baus (2).jpg
2011.04.24 14:26 B C:\Documents and Settings\Plenus\Meus Documentos\Loja_PMP\Site-Loja\siteplenus\images\macicos\baus (3).jpg --> plenusplanejados.com.br /public_html/images/macicos baus (3).jpg
2011.04.24 14:26 B C:\Documents and Settings\Plenus\Meus Documentos\Loja_PMP\Site-Loja\siteplenus\images\macicos\baus (4).jpg --> plenusplanejados.com.br /public_html/images/macicos baus (4).jpg
2011.04.24 14:26 B C:\Documents and Settings\Plenus\Meus Documentos\Loja_PMP\Site-Loja\siteplenus\images\macicos\baus.jpg --> plenusplanejados.com.br /public_html/images/macicos baus.jpg
2011.04.24 14:26 B C:\Documents and Settings\Plenus\Meus Documentos\Loja_PMP\Site-Loja\siteplenus\images\macicos\buffer (1).jpg --> plenusplanejados.com.br /public_html/images/macicos buffer (1).jpg
2011.04.24 14:27 B C:\Documents and Settings\Plenus\Meus Documentos\Loja_PMP\Site-Loja\siteplenus\images\macicos\buffer (2).jpg --> plenusplanejados.com.br /public_html/images/macicos buffer (2).jpg
2011.04.24 14:27 B C:\Documents and Settings\Plenus\Meus Documentos\Loja_PMP\Site-Loja\siteplenus\images\macicos\buffer.jpg --> plenusplanejados.com.br /public_html/images/macicos buffer.jpg
2011.04.24 14:27 B C:\Documents and Settings\Plenus\Meus Documentos\Loja_PMP\Site-Loja\siteplenus\images\macicos\cabideiro.jpg --> plenusplanejados.com.br /public_html/images/macicos cabideiro.jpg
2011.04.24 14:27 B C:\Documents and Settings\Plenus\Meus Documentos\Loja_PMP\Site-Loja\siteplenus\images\macicos\cadeira (1).jpg --> plenusplanejados.com.br /public_html/images/macicos cadeira (1).jpg
2011.04.24 14:27 B C:\Documents and Settings\Plenus\Meus Documentos\Loja_PMP\Site-Loja\siteplenus\images\macicos\cadeira (10).jpg --> plenusplanejados.com.br /public_html/images/macicos cadeira (10).jpg
2011.04.24 14:27 B C:\Documents and Settings\Plenus\Meus Documentos\Loja_PMP\Site-Loja\siteplenus\images\macicos\cadeira (11).jpg --> plenusplanejados.com.br /public_html/images/macicos cadeira (11).jpg
2011.04.24 14:27 B C:\Documents and Settings\Plenus\Meus Documentos\Loja_PMP\Site-Loja\siteplenus\images\macicos\cadeira (12).jpg --> plenusplanejados.com.br /public_html/images/macicos cadeira (12).jpg
2011.04.24 14:27 B C:\Documents and Settings\Plenus\Meus Documentos\Loja_PMP\Site-Loja\siteplenus\images\macicos\cadeira (13).jpg --> plenusplanejados.com.br /public_html/images/macicos cadeira (13).jpg
2011.04.24 14:27 B C:\Documents and Settings\Plenus\Meus Documentos\Loja_PMP\Site-Loja\siteplenus\images\macicos\cadeira (14).jpg --> plenusplanejados.com.br /public_html/images/macicos cadeira (14).jpg
2011.04.24 14:27 B C:\Documents and Settings\Plenus\Meus Documentos\Loja_PMP\Site-Loja\siteplenus\images\macicos\cadeira (15).jpg --> plenusplanejados.com.br /public_html/images/macicos cadeira (15).jpg
2011.04.24 14:27 B C:\Documents and Settings\Plenus\Meus Documentos\Loja_PMP\Site-Loja\siteplenus\images\macicos\cadeira (2).jpg --> plenusplanejados.com.br /public_html/images/macicos cadeira (2).jpg
2011.04.24 14:27 B C:\Documents and Settings\Plenus\Meus Documentos\Loja_PMP\Site-Loja\siteplenus\images\macicos\cadeira (3).jpg --> plenusplanejados.com.br /public_html/images/macicos cadeira (3).jpg
2011.04.24 14:27 B C:\Documents and Settings\Plenus\Meus Documentos\Loja_PMP\Site-Loja\siteplenus\images\macicos\cadeira (4).jpg --> plenusplanejados.com.br /public_html/images/macicos cadeira (4).jpg
2011.04.24 14:27 B C:\Documents and Settings\Plenus\Meus Documentos\Loja_PMP\Site-Loja\siteplenus\images\macicos\cadeira (5).jpg --> plenusplanejados.com.br /public_html/images/macicos cadeira (5).jpg
2011.04.24 14:28 B C:\Documents and Settings\Plenus\Meus Documentos\Loja_PMP\Site-Loja\siteplenus\images\macicos\cadeira (6).jpg --> plenusplanejados.com.br /public_html/images/macicos cadeira (6).jpg
2011.04.24 14:28 B C:\Documents and Settings\Plenus\Meus Documentos\Loja_PMP\Site-Loja\siteplenus\images\macicos\cadeira (7).jpg --> plenusplanejados.com.br /public_html/images/macicos cadeira (7).jpg
2011.04.24 14:28 B C:\Documents and Settings\Plenus\Meus Documentos\Loja_PMP\Site-Loja\siteplenus\images\macicos\cadeira (8).JPG --> plenusplanejados.com.br /public_html/images/macicos cadeira (8).JPG
2011.04.24 14:28 B C:\Documents and Settings\Plenus\Meus Documentos\Loja_PMP\Site-Loja\siteplenus\images\macicos\cadeira (9).jpg --> plenusplanejados.com.br /public_html/images/macicos cadeira (9).jpg
2011.04.24 14:28 B C:\Documents and Settings\Plenus\Meus Documentos\Loja_PMP\Site-Loja\siteplenus\images\macicos\cadeira.jpg --> plenusplanejados.com.br /public_html/images/macicos cadeira.jpg
2011.04.24 14:28 B C:\Documents and Settings\Plenus\Meus Documentos\Loja_PMP\Site-Loja\siteplenus\images\macicos\camas.jpg --> plenusplanejados.com.br /public_html/images/macicos camas.jpg
2011.04.24 14:28 B C:\Documents and Settings\Plenus\Meus Documentos\Loja_PMP\Site-Loja\siteplenus\images\macicos\camas1.jpg --> plenusplanejados.com.br /public_html/images/macicos camas1.jpg
2011.04.24 14:28 B C:\Documents and Settings\Plenus\Meus Documentos\Loja_PMP\Site-Loja\siteplenus\images\macicos\comoda (1).jpg --> plenusplanejados.com.br /public_html/images/macicos comoda (1).jpg
2011.04.24 14:28 B C:\Documents and Settings\Plenus\Meus Documentos\Loja_PMP\Site-Loja\siteplenus\images\macicos\comoda.jpg --> plenusplanejados.com.br /public_html/images/macicos comoda.jpg
2011.04.24 14:28 B C:\Documents and Settings\Plenus\Meus Documentos\Loja_PMP\Site-Loja\siteplenus\images\macicos\cristaleira (1).jpg --> plenusplanejados.com.br /public_html/images/macicos cristaleira (1).jpg
2011.04.24 14:28 B C:\Documents and Settings\Plenus\Meus Documentos\Loja_PMP\Site-Loja\siteplenus\images\macicos\cristaleira (2).jpg --> plenusplanejados.com.br /public_html/images/macicos cristaleira (2).jpg
2011.04.24 14:28 B C:\Documents and Settings\Plenus\Meus Documentos\Loja_PMP\Site-Loja\siteplenus\images\macicos\cristaleira (3).jpg --> plenusplanejados.com.br /public_html/images/macicos cristaleira (3).jpg
2011.04.24 14:28 B C:\Documents and Settings\Plenus\Meus Documentos\Loja_PMP\Site-Loja\siteplenus\images\macicos\cristaleira (4).jpg --> plenusplanejados.com.br /public_html/images/macicos cristaleira (4).jpg
2011.04.24 14:28 B C:\Documents and Settings\Plenus\Meus Documentos\Loja_PMP\Site-Loja\siteplenus\images\macicos\cristaleira (5).jpg --> plenusplanejados.com.br /public_html/images/macicos cristaleira (5).jpg
2011.04.24 14:28 B C:\Documents and Settings\Plenus\Meus Documentos\Loja_PMP\Site-Loja\siteplenus\images\macicos\cristaleira (6).jpg --> plenusplanejados.com.br /public_html/images/macicos cristaleira (6).jpg
2011.04.24 14:28 B C:\Documents and Settings\Plenus\Meus Documentos\Loja_PMP\Site-Loja\siteplenus\images\macicos\cristaleira.jpg --> plenusplanejados.com.br /public_html/images/macicos cristaleira.jpg
2011.04.24 14:29 B C:\Documents and Settings\Plenus\Meus Documentos\Loja_PMP\Site-Loja\siteplenus\images\macicos\mesas (1).jpg --> plenusplanejados.com.br /public_html/images/macicos mesas (1).jpg
2011.04.24 14:29 B C:\Documents and Settings\Plenus\Meus Documentos\Loja_PMP\Site-Loja\siteplenus\images\macicos\mesas (10).jpg --> plenusplanejados.com.br /public_html/images/macicos mesas (10).jpg
2011.04.24 14:29 B C:\Documents and Settings\Plenus\Meus Documentos\Loja_PMP\Site-Loja\siteplenus\images\macicos\mesas (11).jpg --> plenusplanejados.com.br /public_html/images/macicos mesas (11).jpg
2011.04.24 14:29 B C:\Documents and Settings\Plenus\Meus Documentos\Loja_PMP\Site-Loja\siteplenus\images\macicos\mesas (12).jpg --> plenusplanejados.com.br /public_html/images/macicos mesas (12).jpg
2011.04.24 14:29 B C:\Documents and Settings\Plenus\Meus Documentos\Loja_PMP\Site-Loja\siteplenus\images\macicos\mesas (13).jpg --> plenusplanejados.com.br /public_html/images/macicos mesas (13).jpg
2011.04.24 14:29 B C:\Documents and Settings\Plenus\Meus Documentos\Loja_PMP\Site-Loja\siteplenus\images\macicos\mesas (14).jpg --> plenusplanejados.com.br /public_html/images/macicos mesas (14).jpg
2011.04.24 14:29 B C:\Documents and Settings\Plenus\Meus Documentos\Loja_PMP\Site-Loja\siteplenus\images\macicos\mesas (15).jpg --> plenusplanejados.com.br /public_html/images/macicos mesas (15).jpg
2011.04.24 14:29 B C:\Documents and Settings\Plenus\Meus Documentos\Loja_PMP\Site-Loja\siteplenus\images\macicos\mesas (16).jpg --> plenusplanejados.com.br /public_html/images/macicos mesas (16).jpg
2011.04.24 14:29 B C:\Documents and Settings\Plenus\Meus Documentos\Loja_PMP\Site-Loja\siteplenus\images\macicos\mesas (17).jpg --> plenusplanejados.com.br /public_html/images/macicos mesas (17).jpg
2011.04.24 14:29 B C:\Documents and Settings\Plenus\Meus Documentos\Loja_PMP\Site-Loja\siteplenus\images\macicos\mesas (18).jpg --> plenusplanejados.com.br /public_html/images/macicos mesas (18).jpg
2011.04.24 14:29 B C:\Documents and Settings\Plenus\Meus Documentos\Loja_PMP\Site-Loja\siteplenus\images\macicos\mesas (19).jpg --> plenusplanejados.com.br /public_html/images/macicos mesas (19).jpg
2011.04.24 14:29 B C:\Documents and Settings\Plenus\Meus Documentos\Loja_PMP\Site-Loja\siteplenus\images\macicos\mesas (2).JPG --> plenusplanejados.com.br /public_html/images/macicos mesas (2).JPG
2011.04.24 14:29 B C:\Documents and Settings\Plenus\Meus Documentos\Loja_PMP\Site-Loja\siteplenus\images\macicos\mesas (20).jpg --> plenusplanejados.com.br /public_html/images/macicos mesas (20).jpg
2011.04.24 14:29 B C:\Documents and Settings\Plenus\Meus Documentos\Loja_PMP\Site-Loja\siteplenus\images\macicos\mesas (21).jpg --> plenusplanejados.com.br /public_html/images/macicos mesas (21).jpg
2011.04.24 14:29 B C:\Documents and Settings\Plenus\Meus Documentos\Loja_PMP\Site-Loja\siteplenus\images\macicos\mesas (22).jpg --> plenusplanejados.com.br /public_html/images/macicos mesas (22).jpg
2011.04.24 14:29 B C:\Documents and Settings\Plenus\Meus Documentos\Loja_PMP\Site-Loja\siteplenus\images\macicos\mesas (23).jpg --> plenusplanejados.com.br /public_html/images/macicos mesas (23).jpg
2011.04.24 14:29 B C:\Documents and Settings\Plenus\Meus Documentos\Loja_PMP\Site-Loja\siteplenus\images\macicos\mesas (3).jpg --> plenusplanejados.com.br /public_html/images/macicos mesas (3).jpg
2011.04.24 14:29 B C:\Documents and Settings\Plenus\Meus Documentos\Loja_PMP\Site-Loja\siteplenus\images\macicos\mesas (4).jpg --> plenusplanejados.com.br /public_html/images/macicos mesas (4).jpg
2011.04.24 14:29 B C:\Documents and Settings\Plenus\Meus Documentos\Loja_PMP\Site-Loja\siteplenus\images\macicos\mesas (5).jpg --> plenusplanejados.com.br /public_html/images/macicos mesas (5).jpg
2011.04.24 14:29 B C:\Documents and Settings\Plenus\Meus Documentos\Loja_PMP\Site-Loja\siteplenus\images\macicos\mesas (6).jpg --> plenusplanejados.com.br /public_html/images/macicos mesas (6).jpg
2011.04.24 14:29 B C:\Documents and Settings\Plenus\Meus Documentos\Loja_PMP\Site-Loja\siteplenus\images\macicos\mesas (7).jpg --> plenusplanejados.com.br /public_html/images/macicos mesas (7).jpg
2011.04.24 14:30 B C:\Documents and Settings\Plenus\Meus Documentos\Loja_PMP\Site-Loja\siteplenus\images\macicos\mesas (8).jpg --> plenusplanejados.com.br /public_html/images/macicos mesas (8).jpg
2011.04.24 14:30 B C:\Documents and Settings\Plenus\Meus Documentos\Loja_PMP\Site-Loja\siteplenus\images\macicos\mesas (9).JPG --> plenusplanejados.com.br /public_html/images/macicos mesas (9).JPG
2011.04.24 14:30 B C:\Documents and Settings\Plenus\Meus Documentos\Loja_PMP\Site-Loja\siteplenus\images\macicos\mesas.jpg --> plenusplanejados.com.br /public_html/images/macicos mesas.jpg
2011.04.24 14:30 B C:\Documents and Settings\Plenus\Meus Documentos\Loja_PMP\Site-Loja\siteplenus\images\macicos\penteadeira (1).jpg --> plenusplanejados.com.br /public_html/images/macicos penteadeira (1).jpg
2011.04.24 14:30 B C:\Documents and Settings\Plenus\Meus Documentos\Loja_PMP\Site-Loja\siteplenus\images\macicos\penteadeira (2).jpg --> plenusplanejados.com.br /public_html/images/macicos penteadeira (2).jpg
2011.04.24 14:30 B C:\Documents and Settings\Plenus\Meus Documentos\Loja_PMP\Site-Loja\siteplenus\images\macicos\penteadeira (3).jpg --> plenusplanejados.com.br /public_html/images/macicos penteadeira (3).jpg
2011.04.24 14:30 B C:\Documents and Settings\Plenus\Meus Documentos\Loja_PMP\Site-Loja\siteplenus\images\macicos\penteadeira.jpg --> plenusplanejados.com.br /public_html/images/macicos penteadeira.jpg
2011.04.24 14:30 B C:\Documents and Settings\Plenus\Meus Documentos\Loja_PMP\Site-Loja\siteplenus\images\macicos\pochola (1).jpg --> plenusplanejados.com.br /public_html/images/macicos pochola (1).jpg
2011.04.24 14:30 B C:\Documents and Settings\Plenus\Meus Documentos\Loja_PMP\Site-Loja\siteplenus\images\macicos\pochola (2).jpg --> plenusplanejados.com.br /public_html/images/macicos pochola (2).jpg
2011.04.24 14:30 B C:\Documents and Settings\Plenus\Meus Documentos\Loja_PMP\Site-Loja\siteplenus\images\macicos\pochola.jpg --> plenusplanejados.com.br /public_html/images/macicos pochola.jpg
2011.04.24 14:30 B C:\Documents and Settings\Plenus\Meus Documentos\Loja_PMP\Site-Loja\siteplenus\images\macicos\portal (1).jpg --> plenusplanejados.com.br /public_html/images/macicos portal (1).jpg
2011.04.24 14:30 B C:\Documents and Settings\Plenus\Meus Documentos\Loja_PMP\Site-Loja\siteplenus\images\macicos\portal.jpg --> plenusplanejados.com.br /public_html/images/macicos portal.jpg
2011.04.24 14:30 B C:\Documents and Settings\Plenus\Meus Documentos\Loja_PMP\Site-Loja\siteplenus\images\macicos\rusticos (1).jpg --> plenusplanejados.com.br /public_html/images/macicos rusticos (1).jpg
2011.04.24 14:30 B C:\Documents and Settings\Plenus\Meus Documentos\Loja_PMP\Site-Loja\siteplenus\images\macicos\rusticos (10).jpg --> plenusplanejados.com.br /public_html/images/macicos rusticos (10).jpg
2011.04.24 14:30 B C:\Documents and Settings\Plenus\Meus Documentos\Loja_PMP\Site-Loja\siteplenus\images\macicos\rusticos (11).jpg --> plenusplanejados.com.br /public_html/images/macicos rusticos (11).jpg
2011.04.24 14:30 B C:\Documents and Settings\Plenus\Meus Documentos\Loja_PMP\Site-Loja\siteplenus\images\macicos\rusticos (12).jpg --> plenusplanejados.com.br /public_html/images/macicos rusticos (12).jpg
2011.04.24 14:30 B C:\Documents and Settings\Plenus\Meus Documentos\Loja_PMP\Site-Loja\siteplenus\images\macicos\rusticos (13).jpg --> plenusplanejados.com.br /public_html/images/macicos rusticos (13).jpg
2011.04.24 14:30 B C:\Documents and Settings\Plenus\Meus Documentos\Loja_PMP\Site-Loja\siteplenus\images\macicos\rusticos (14).jpg --> plenusplanejados.com.br /public_html/images/macicos rusticos (14).jpg
2011.04.24 14:30 B C:\Documents and Settings\Plenus\Meus Documentos\Loja_PMP\Site-Loja\siteplenus\images\macicos\rusticos (15).jpg --> plenusplanejados.com.br /public_html/images/macicos rusticos (15).jpg
2011.04.24 14:30 B C:\Documents and Settings\Plenus\Meus Documentos\Loja_PMP\Site-Loja\siteplenus\images\macicos\rusticos (16).jpg --> plenusplanejados.com.br /public_html/images/macicos rusticos (16).jpg
2011.04.24 14:30 B C:\Documents and Settings\Plenus\Meus Documentos\Loja_PMP\Site-Loja\siteplenus\images\macicos\rusticos (17).jpg --> plenusplanejados.com.br /public_html/images/macicos rusticos (17).jpg
2011.04.24 14:30 B C:\Documents and Settings\Plenus\Meus Documentos\Loja_PMP\Site-Loja\siteplenus\images\macicos\rusticos (18).jpg --> plenusplanejados.com.br /public_html/images/macicos rusticos (18).jpg
2011.04.24 14:30 B C:\Documents and Settings\Plenus\Meus Documentos\Loja_PMP\Site-Loja\siteplenus\images\macicos\rusticos (19).jpg --> plenusplanejados.com.br /public_html/images/macicos rusticos (19).jpg
2011.04.24 14:30 B C:\Documents and Settings\Plenus\Meus Documentos\Loja_PMP\Site-Loja\siteplenus\images\macicos\rusticos (2).jpg --> plenusplanejados.com.br /public_html/images/macicos rusticos (2).jpg
2011.04.24 14:31 B C:\Documents and Settings\Plenus\Meus Documentos\Loja_PMP\Site-Loja\siteplenus\images\macicos\rusticos (20).jpg --> plenusplanejados.com.br /public_html/images/macicos rusticos (20).jpg
2011.04.24 14:31 B C:\Documents and Settings\Plenus\Meus Documentos\Loja_PMP\Site-Loja\siteplenus\images\macicos\rusticos (21).jpg --> plenusplanejados.com.br /public_html/images/macicos rusticos (21).jpg
2011.04.24 14:31 B C:\Documents and Settings\Plenus\Meus Documentos\Loja_PMP\Site-Loja\siteplenus\images\macicos\rusticos (22).jpg --> plenusplanejados.com.br /public_html/images/macicos rusticos (22).jpg
2011.04.24 14:31 B C:\Documents and Settings\Plenus\Meus Documentos\Loja_PMP\Site-Loja\siteplenus\images\macicos\rusticos (23).jpg --> plenusplanejados.com.br /public_html/images/macicos rusticos (23).jpg
2011.04.24 14:31 B C:\Documents and Settings\Plenus\Meus Documentos\Loja_PMP\Site-Loja\siteplenus\images\macicos\rusticos (24).jpg --> plenusplanejados.com.br /public_html/images/macicos rusticos (24).jpg
2011.04.24 14:31 B C:\Documents and Settings\Plenus\Meus Documentos\Loja_PMP\Site-Loja\siteplenus\images\macicos\rusticos (25).jpg --> plenusplanejados.com.br /public_html/images/macicos rusticos (25).jpg
2011.04.24 14:31 B C:\Documents and Settings\Plenus\Meus Documentos\Loja_PMP\Site-Loja\siteplenus\images\macicos\rusticos (26).jpg --> plenusplanejados.com.br /public_html/images/macicos rusticos (26).jpg
2011.04.24 14:31 B C:\Documents and Settings\Plenus\Meus Documentos\Loja_PMP\Site-Loja\siteplenus\images\macicos\rusticos (27).jpg --> plenusplanejados.com.br /public_html/images/macicos rusticos (27).jpg
2011.04.24 14:31 B C:\Documents and Settings\Plenus\Meus Documentos\Loja_PMP\Site-Loja\siteplenus\images\macicos\rusticos (28).jpg --> plenusplanejados.com.br /public_html/images/macicos rusticos (28).jpg
2011.04.24 14:31 B C:\Documents and Settings\Plenus\Meus Documentos\Loja_PMP\Site-Loja\siteplenus\images\macicos\rusticos (29).jpg --> plenusplanejados.com.br /public_html/images/macicos rusticos (29).jpg
2011.04.24 14:31 B C:\Documents and Settings\Plenus\Meus Documentos\Loja_PMP\Site-Loja\siteplenus\images\macicos\rusticos (3).jpg --> plenusplanejados.com.br /public_html/images/macicos rusticos (3).jpg
2011.04.24 14:31 B C:\Documents and Settings\Plenus\Meus Documentos\Loja_PMP\Site-Loja\siteplenus\images\macicos\rusticos (30).jpg --> plenusplanejados.com.br /public_html/images/macicos rusticos (30).jpg
2011.04.24 14:31 B C:\Documents and Settings\Plenus\Meus Documentos\Loja_PMP\Site-Loja\siteplenus\images\macicos\rusticos (31).jpg --> plenusplanejados.com.br /public_html/images/macicos rusticos (31).jpg
2011.04.24 14:31 B C:\Documents and Settings\Plenus\Meus Documentos\Loja_PMP\Site-Loja\siteplenus\images\macicos\rusticos (32).jpg --> plenusplanejados.com.br /public_html/images/macicos rusticos (32).jpg
2011.04.24 14:31 B C:\Documents and Settings\Plenus\Meus Documentos\Loja_PMP\Site-Loja\siteplenus\images\macicos\rusticos (33).jpg --> plenusplanejados.com.br /public_html/images/macicos rusticos (33).jpg
2011.04.24 14:31 B C:\Documents and Settings\Plenus\Meus Documentos\Loja_PMP\Site-Loja\siteplenus\images\macicos\rusticos (34).jpg --> plenusplanejados.com.br /public_html/images/macicos rusticos (34).jpg
2011.04.24 14:31 B C:\Documents and Settings\Plenus\Meus Documentos\Loja_PMP\Site-Loja\siteplenus\images\macicos\rusticos (35).jpg --> plenusplanejados.com.br /public_html/images/macicos rusticos (35).jpg
2011.04.24 14:31 B C:\Documents and Settings\Plenus\Meus Documentos\Loja_PMP\Site-Loja\siteplenus\images\macicos\rusticos (36).jpg --> plenusplanejados.com.br /public_html/images/macicos rusticos (36).jpg
2011.04.24 14:31 B C:\Documents and Settings\Plenus\Meus Documentos\Loja_PMP\Site-Loja\siteplenus\images\macicos\rusticos (37).jpg --> plenusplanejados.com.br /public_html/images/macicos rusticos (37).jpg
2011.04.24 14:31 B C:\Documents and Settings\Plenus\Meus Documentos\Loja_PMP\Site-Loja\siteplenus\images\macicos\rusticos (38).jpg --> plenusplanejados.com.br /public_html/images/macicos rusticos (38).jpg
2011.04.24 14:31 B C:\Documents and Settings\Plenus\Meus Documentos\Loja_PMP\Site-Loja\siteplenus\images\macicos\rusticos (39).jpg --> plenusplanejados.com.br /public_html/images/macicos rusticos (39).jpg
2011.04.24 14:31 B C:\Documents and Settings\Plenus\Meus Documentos\Loja_PMP\Site-Loja\siteplenus\images\macicos\rusticos (4).jpg --> plenusplanejados.com.br /public_html/images/macicos rusticos (4).jpg
2011.04.24 14:31 B C:\Documents and Settings\Plenus\Meus Documentos\Loja_PMP\Site-Loja\siteplenus\images\macicos\rusticos (40).jpg --> plenusplanejados.com.br /public_html/images/macicos rusticos (40).jpg
2011.04.24 14:31 B C:\Documents and Settings\Plenus\Meus Documentos\Loja_PMP\Site-Loja\siteplenus\images\macicos\rusticos (41).jpg --> plenusplanejados.com.br /public_html/images/macicos rusticos (41).jpg
2011.04.24 14:31 B C:\Documents and Settings\Plenus\Meus Documentos\Loja_PMP\Site-Loja\siteplenus\images\macicos\rusticos (42).jpg --> plenusplanejados.com.br /public_html/images/macicos rusticos (42).jpg
2011.04.24 14:32 B C:\Documents and Settings\Plenus\Meus Documentos\Loja_PMP\Site-Loja\siteplenus\images\macicos\rusticos (43).jpg --> plenusplanejados.com.br /public_html/images/macicos rusticos (43).jpg
2011.04.24 14:32 B C:\Documents and Settings\Plenus\Meus Documentos\Loja_PMP\Site-Loja\siteplenus\images\macicos\rusticos (44).jpg --> plenusplanejados.com.br /public_html/images/macicos rusticos (44).jpg
2011.04.24 14:32 B C:\Documents and Settings\Plenus\Meus Documentos\Loja_PMP\Site-Loja\siteplenus\images\macicos\rusticos (45).jpg --> plenusplanejados.com.br /public_html/images/macicos rusticos (45).jpg
2011.04.24 14:32 B C:\Documents and Settings\Plenus\Meus Documentos\Loja_PMP\Site-Loja\siteplenus\images\macicos\rusticos (46).jpg --> plenusplanejados.com.br /public_html/images/macicos rusticos (46).jpg
2011.04.24 14:32 B C:\Documents and Settings\Plenus\Meus Documentos\Loja_PMP\Site-Loja\siteplenus\images\macicos\rusticos (47).jpg --> plenusplanejados.com.br /public_html/images/macicos rusticos (47).jpg
2011.04.24 14:32 B C:\Documents and Settings\Plenus\Meus Documentos\Loja_PMP\Site-Loja\siteplenus\images\macicos\rusticos (48).jpg --> plenusplanejados.com.br /public_html/images/macicos rusticos (48).jpg
2011.04.24 14:32 B C:\Documents and Settings\Plenus\Meus Documentos\Loja_PMP\Site-Loja\siteplenus\images\macicos\rusticos (49).jpg --> plenusplanejados.com.br /public_html/images/macicos rusticos (49).jpg
2011.04.24 14:32 B C:\Documents and Settings\Plenus\Meus Documentos\Loja_PMP\Site-Loja\siteplenus\images\macicos\rusticos (5).jpg --> plenusplanejados.com.br /public_html/images/macicos rusticos (5).jpg
2011.04.24 14:32 B C:\Documents and Settings\Plenus\Meus Documentos\Loja_PMP\Site-Loja\siteplenus\images\macicos\rusticos (50).jpg --> plenusplanejados.com.br /public_html/images/macicos rusticos (50).jpg
2011.04.24 14:32 B C:\Documents and Settings\Plenus\Meus Documentos\Loja_PMP\Site-Loja\siteplenus\images\macicos\rusticos (6).jpg --> plenusplanejados.com.br /public_html/images/macicos rusticos (6).jpg
2011.04.24 14:32 B C:\Documents and Settings\Plenus\Meus Documentos\Loja_PMP\Site-Loja\siteplenus\images\macicos\rusticos (7).jpg --> plenusplanejados.com.br /public_html/images/macicos rusticos (7).jpg
2011.04.24 14:32 B C:\Documents and Settings\Plenus\Meus Documentos\Loja_PMP\Site-Loja\siteplenus\images\macicos\rusticos (8).jpg --> plenusplanejados.com.br /public_html/images/macicos rusticos (8).jpg
2011.04.24 14:32 B C:\Documents and Settings\Plenus\Meus Documentos\Loja_PMP\Site-Loja\siteplenus\images\macicos\rusticos (9).jpg --> plenusplanejados.com.br /public_html/images/macicos rusticos (9).jpg
2011.04.24 14:32 B C:\Documents and Settings\Plenus\Meus Documentos\Loja_PMP\Site-Loja\siteplenus\images\macicos\rusticos.jpg --> plenusplanejados.com.br /public_html/images/macicos rusticos.jpg
2011.04.24 14:32 B C:\Documents and Settings\Plenus\Meus Documentos\Loja_PMP\Site-Loja\siteplenus\images\macicos\Thumbs.db --> plenusplanejados.com.br /public_html/images/macicos Thumbs.db
118.04.16 14:22 B C:\Users\Administrador\Documents\Loja_PMP\Site-Loja\siteplenus\images\macicos\aparador (1).jpg --> plenusplanejados.com.br /images/macicos aparador (1).jpg
118.04.16 14:22 B C:\Users\Administrador\Documents\Loja_PMP\Site-Loja\siteplenus\images\macicos\aparador (2).jpg --> plenusplanejados.com.br /images/macicos aparador (2).jpg
118.04.16 14:22 B C:\Users\Administrador\Documents\Loja_PMP\Site-Loja\siteplenus\images\macicos\aparador (3).jpg --> plenusplanejados.com.br /images/macicos aparador (3).jpg
118.04.16 14:22 B C:\Users\Administrador\Documents\Loja_PMP\Site-Loja\siteplenus\images\macicos\aparador (4).jpg --> plenusplanejados.com.br /images/macicos aparador (4).jpg
118.04.16 14:22 B C:\Users\Administrador\Documents\Loja_PMP\Site-Loja\siteplenus\images\macicos\aparador (5).jpg --> plenusplanejados.com.br /images/macicos aparador (5).jpg
118.04.16 14:22 B C:\Users\Administrador\Documents\Loja_PMP\Site-Loja\siteplenus\images\macicos\aparador (6).jpg --> plenusplanejados.com.br /images/macicos aparador (6).jpg
118.04.16 14:23 B C:\Users\Administrador\Documents\Loja_PMP\Site-Loja\siteplenus\images\macicos\aparador (7).jpg --> plenusplanejados.com.br /images/macicos aparador (7).jpg
118.04.16 14:23 B C:\Users\Administrador\Documents\Loja_PMP\Site-Loja\siteplenus\images\macicos\aparador.jpg --> plenusplanejados.com.br /images/macicos aparador.jpg
118.04.16 14:23 B C:\Users\Administrador\Documents\Loja_PMP\Site-Loja\siteplenus\images\macicos\armario (1).jpg --> plenusplanejados.com.br /images/macicos armario (1).jpg
118.04.16 14:23 B C:\Users\Administrador\Documents\Loja_PMP\Site-Loja\siteplenus\images\macicos\armario (10).jpg --> plenusplanejados.com.br /images/macicos armario (10).jpg
118.04.16 14:23 B C:\Users\Administrador\Documents\Loja_PMP\Site-Loja\siteplenus\images\macicos\armario (11).jpg --> plenusplanejados.com.br /images/macicos armario (11).jpg
118.04.16 14:23 B C:\Users\Administrador\Documents\Loja_PMP\Site-Loja\siteplenus\images\macicos\armario (12).jpg --> plenusplanejados.com.br /images/macicos armario (12).jpg
118.04.16 14:23 B C:\Users\Administrador\Documents\Loja_PMP\Site-Loja\siteplenus\images\macicos\armario (13).jpg --> plenusplanejados.com.br /images/macicos armario (13).jpg
118.04.16 14:23 B C:\Users\Administrador\Documents\Loja_PMP\Site-Loja\siteplenus\images\macicos\armario (14).jpg --> plenusplanejados.com.br /images/macicos armario (14).jpg
118.04.16 14:23 B C:\Users\Administrador\Documents\Loja_PMP\Site-Loja\siteplenus\images\macicos\armario (2).jpg --> plenusplanejados.com.br /images/macicos armario (2).jpg
118.04.16 14:23 B C:\Users\Administrador\Documents\Loja_PMP\Site-Loja\siteplenus\images\macicos\armario (3).jpg --> plenusplanejados.com.br /images/macicos armario (3).jpg
118.04.16 14:23 B C:\Users\Administrador\Documents\Loja_PMP\Site-Loja\siteplenus\images\macicos\armario (4).jpg --> plenusplanejados.com.br /images/macicos armario (4).jpg
118.04.16 14:23 B C:\Users\Administrador\Documents\Loja_PMP\Site-Loja\siteplenus\images\macicos\armario (5).jpg --> plenusplanejados.com.br /images/macicos armario (5).jpg
118.04.16 14:23 B C:\Users\Administrador\Documents\Loja_PMP\Site-Loja\siteplenus\images\macicos\armario (6).jpg --> plenusplanejados.com.br /images/macicos armario (6).jpg
118.04.16 14:23 B C:\Users\Administrador\Documents\Loja_PMP\Site-Loja\siteplenus\images\macicos\armario (7).jpg --> plenusplanejados.com.br /images/macicos armario (7).jpg
118.04.16 14:23 B C:\Users\Administrador\Documents\Loja_PMP\Site-Loja\siteplenus\images\macicos\armario (8).jpg --> plenusplanejados.com.br /images/macicos armario (8).jpg
118.04.16 14:23 B C:\Users\Administrador\Documents\Loja_PMP\Site-Loja\siteplenus\images\macicos\armario (9).jpg --> plenusplanejados.com.br /images/macicos armario (9).jpg
118.04.16 14:23 B C:\Users\Administrador\Documents\Loja_PMP\Site-Loja\siteplenus\images\macicos\armario.jpg --> plenusplanejados.com.br /images/macicos armario.jpg
118.04.16 14:23 B C:\Users\Administrador\Documents\Loja_PMP\Site-Loja\siteplenus\images\macicos\bambu (1).jpg --> plenusplanejados.com.br /images/macicos bambu (1).jpg
118.04.16 14:23 B C:\Users\Administrador\Documents\Loja_PMP\Site-Loja\siteplenus\images\macicos\bambu.jpg --> plenusplanejados.com.br /images/macicos bambu.jpg
118.04.16 14:24 B C:\Users\Administrador\Documents\Loja_PMP\Site-Loja\siteplenus\images\macicos\banc (1).jpg --> plenusplanejados.com.br /images/macicos banc (1).jpg
118.04.16 14:24 B C:\Users\Administrador\Documents\Loja_PMP\Site-Loja\siteplenus\images\macicos\banc (2).jpg --> plenusplanejados.com.br /images/macicos banc (2).jpg
118.04.16 14:24 B C:\Users\Administrador\Documents\Loja_PMP\Site-Loja\siteplenus\images\macicos\banc (3).jpg --> plenusplanejados.com.br /images/macicos banc (3).jpg
118.04.16 14:24 B C:\Users\Administrador\Documents\Loja_PMP\Site-Loja\siteplenus\images\macicos\banc (4).jpg --> plenusplanejados.com.br /images/macicos banc (4).jpg
118.04.16 14:24 B C:\Users\Administrador\Documents\Loja_PMP\Site-Loja\siteplenus\images\macicos\banc (5).jpg --> plenusplanejados.com.br /images/macicos banc (5).jpg
118.04.16 14:24 B C:\Users\Administrador\Documents\Loja_PMP\Site-Loja\siteplenus\images\macicos\banc (6).jpg --> plenusplanejados.com.br /images/macicos banc (6).jpg
118.04.16 14:24 B C:\Users\Administrador\Documents\Loja_PMP\Site-Loja\siteplenus\images\macicos\banc (7).jpg --> plenusplanejados.com.br /images/macicos banc (7).jpg
118.04.16 14:24 B C:\Users\Administrador\Documents\Loja_PMP\Site-Loja\siteplenus\images\macicos\banc.jpg --> plenusplanejados.com.br /images/macicos banc.jpg
118.04.16 14:24 B C:\Users\Administrador\Documents\Loja_PMP\Site-Loja\siteplenus\images\macicos\banqueta (1).jpg --> plenusplanejados.com.br /images/macicos banqueta (1).jpg
118.04.16 14:25 B C:\Users\Administrador\Documents\Loja_PMP\Site-Loja\siteplenus\images\macicos\banqueta.jpg --> plenusplanejados.com.br /images/macicos banqueta.jpg
118.04.16 14:25 B C:\Users\Administrador\Documents\Loja_PMP\Site-Loja\siteplenus\images\macicos\barz (1).jpg --> plenusplanejados.com.br /images/macicos barz (1).jpg
118.04.16 14:25 B C:\Users\Administrador\Documents\Loja_PMP\Site-Loja\siteplenus\images\macicos\barz (2).jpg --> plenusplanejados.com.br /images/macicos barz (2).jpg
118.04.16 14:25 B C:\Users\Administrador\Documents\Loja_PMP\Site-Loja\siteplenus\images\macicos\barz (3).jpg --> plenusplanejados.com.br /images/macicos barz (3).jpg
118.04.16 14:25 B C:\Users\Administrador\Documents\Loja_PMP\Site-Loja\siteplenus\images\macicos\barz.jpg --> plenusplanejados.com.br /images/macicos barz.jpg
118.04.16 14:25 B C:\Users\Administrador\Documents\Loja_PMP\Site-Loja\siteplenus\images\macicos\bau.jpg --> plenusplanejados.com.br /images/macicos bau.jpg
118.04.16 14:25 B C:\Users\Administrador\Documents\Loja_PMP\Site-Loja\siteplenus\images\macicos\baus (1).jpg --> plenusplanejados.com.br /images/macicos baus (1).jpg
118.04.16 14:25 B C:\Users\Administrador\Documents\Loja_PMP\Site-Loja\siteplenus\images\macicos\baus (2).jpg --> plenusplanejados.com.br /images/macicos baus (2).jpg
118.04.16 14:25 B C:\Users\Administrador\Documents\Loja_PMP\Site-Loja\siteplenus\images\macicos\baus (3).jpg --> plenusplanejados.com.br /images/macicos baus (3).jpg
118.04.16 14:25 B C:\Users\Administrador\Documents\Loja_PMP\Site-Loja\siteplenus\images\macicos\baus (4).jpg --> plenusplanejados.com.br /images/macicos baus (4).jpg
118.04.16 14:25 B C:\Users\Administrador\Documents\Loja_PMP\Site-Loja\siteplenus\images\macicos\baus.jpg --> plenusplanejados.com.br /images/macicos baus.jpg
118.04.16 14:25 B C:\Users\Administrador\Documents\Loja_PMP\Site-Loja\siteplenus\images\macicos\buffer (1).jpg --> plenusplanejados.com.br /images/macicos buffer (1).jpg
118.04.16 14:25 B C:\Users\Administrador\Documents\Loja_PMP\Site-Loja\siteplenus\images\macicos\buffer (2).jpg --> plenusplanejados.com.br /images/macicos buffer (2).jpg
118.04.16 14:25 B C:\Users\Administrador\Documents\Loja_PMP\Site-Loja\siteplenus\images\macicos\buffer.jpg --> plenusplanejados.com.br /images/macicos buffer.jpg
118.04.16 14:25 B C:\Users\Administrador\Documents\Loja_PMP\Site-Loja\siteplenus\images\macicos\cabideiro.jpg --> plenusplanejados.com.br /images/macicos cabideiro.jpg
118.04.16 14:25 B C:\Users\Administrador\Documents\Loja_PMP\Site-Loja\siteplenus\images\macicos\cadeira (1).jpg --> plenusplanejados.com.br /images/macicos cadeira (1).jpg
118.04.16 14:25 B C:\Users\Administrador\Documents\Loja_PMP\Site-Loja\siteplenus\images\macicos\cadeira (10).jpg --> plenusplanejados.com.br /images/macicos cadeira (10).jpg
118.04.16 14:25 B C:\Users\Administrador\Documents\Loja_PMP\Site-Loja\siteplenus\images\macicos\cadeira (11).jpg --> plenusplanejados.com.br /images/macicos cadeira (11).jpg
118.04.16 14:25 B C:\Users\Administrador\Documents\Loja_PMP\Site-Loja\siteplenus\images\macicos\cadeira (12).jpg --> plenusplanejados.com.br /images/macicos cadeira (12).jpg
118.04.16 14:25 B C:\Users\Administrador\Documents\Loja_PMP\Site-Loja\siteplenus\images\macicos\cadeira (13).jpg --> plenusplanejados.com.br /images/macicos cadeira (13).jpg
118.04.16 14:25 B C:\Users\Administrador\Documents\Loja_PMP\Site-Loja\siteplenus\images\macicos\cadeira (14).jpg --> plenusplanejados.com.br /images/macicos cadeira (14).jpg
118.04.16 14:25 B C:\Users\Administrador\Documents\Loja_PMP\Site-Loja\siteplenus\images\macicos\cadeira (15).jpg --> plenusplanejados.com.br /images/macicos cadeira (15).jpg
118.04.16 14:25 B C:\Users\Administrador\Documents\Loja_PMP\Site-Loja\siteplenus\images\macicos\cadeira (2).jpg --> plenusplanejados.com.br /images/macicos cadeira (2).jpg
118.04.16 14:25 B C:\Users\Administrador\Documents\Loja_PMP\Site-Loja\siteplenus\images\macicos\cadeira (3).jpg --> plenusplanejados.com.br /images/macicos cadeira (3).jpg
118.04.16 14:26 B C:\Users\Administrador\Documents\Loja_PMP\Site-Loja\siteplenus\images\macicos\cadeira (4).jpg --> plenusplanejados.com.br /images/macicos cadeira (4).jpg
118.04.16 14:26 B C:\Users\Administrador\Documents\Loja_PMP\Site-Loja\siteplenus\images\macicos\cadeira (5).jpg --> plenusplanejados.com.br /images/macicos cadeira (5).jpg
118.04.16 14:26 B C:\Users\Administrador\Documents\Loja_PMP\Site-Loja\siteplenus\images\macicos\cadeira (6).jpg --> plenusplanejados.com.br /images/macicos cadeira (6).jpg
118.04.16 14:26 B C:\Users\Administrador\Documents\Loja_PMP\Site-Loja\siteplenus\images\macicos\cadeira (7).jpg --> plenusplanejados.com.br /images/macicos cadeira (7).jpg
118.04.16 14:26 B C:\Users\Administrador\Documents\Loja_PMP\Site-Loja\siteplenus\images\macicos\cadeira (8).JPG --> plenusplanejados.com.br /images/macicos cadeira (8).JPG
118.04.16 14:26 B C:\Users\Administrador\Documents\Loja_PMP\Site-Loja\siteplenus\images\macicos\cadeira (9).jpg --> plenusplanejados.com.br /images/macicos cadeira (9).jpg
118.04.16 14:26 B C:\Users\Administrador\Documents\Loja_PMP\Site-Loja\siteplenus\images\macicos\cadeira.jpg --> plenusplanejados.com.br /images/macicos cadeira.jpg
118.04.16 14:26 B C:\Users\Administrador\Documents\Loja_PMP\Site-Loja\siteplenus\images\macicos\camas.jpg --> plenusplanejados.com.br /images/macicos camas.jpg
118.04.16 14:26 B C:\Users\Administrador\Documents\Loja_PMP\Site-Loja\siteplenus\images\macicos\camas1.jpg --> plenusplanejados.com.br /images/macicos camas1.jpg
118.04.16 14:26 B C:\Users\Administrador\Documents\Loja_PMP\Site-Loja\siteplenus\images\macicos\comoda (1).jpg --> plenusplanejados.com.br /images/macicos comoda (1).jpg
118.04.16 14:26 B C:\Users\Administrador\Documents\Loja_PMP\Site-Loja\siteplenus\images\macicos\comoda.jpg --> plenusplanejados.com.br /images/macicos comoda.jpg
118.04.16 14:26 B C:\Users\Administrador\Documents\Loja_PMP\Site-Loja\siteplenus\images\macicos\cristaleira (1).jpg --> plenusplanejados.com.br /images/macicos cristaleira (1).jpg
118.04.16 14:26 B C:\Users\Administrador\Documents\Loja_PMP\Site-Loja\siteplenus\images\macicos\cristaleira (2).jpg --> plenusplanejados.com.br /images/macicos cristaleira (2).jpg
118.04.16 14:26 B C:\Users\Administrador\Documents\Loja_PMP\Site-Loja\siteplenus\images\macicos\cristaleira (3).jpg --> plenusplanejados.com.br /images/macicos cristaleira (3).jpg
118.04.16 14:26 B C:\Users\Administrador\Documents\Loja_PMP\Site-Loja\siteplenus\images\macicos\cristaleira (4).jpg --> plenusplanejados.com.br /images/macicos cristaleira (4).jpg
118.04.16 14:26 B C:\Users\Administrador\Documents\Loja_PMP\Site-Loja\siteplenus\images\macicos\cristaleira (5).jpg --> plenusplanejados.com.br /images/macicos cristaleira (5).jpg
118.04.16 14:26 B C:\Users\Administrador\Documents\Loja_PMP\Site-Loja\siteplenus\images\macicos\cristaleira (6).jpg --> plenusplanejados.com.br /images/macicos cristaleira (6).jpg
118.04.16 14:26 B C:\Users\Administrador\Documents\Loja_PMP\Site-Loja\siteplenus\images\macicos\cristaleira.jpg --> plenusplanejados.com.br /images/macicos cristaleira.jpg
118.04.16 14:26 B C:\Users\Administrador\Documents\Loja_PMP\Site-Loja\siteplenus\images\macicos\mesas (1).jpg --> plenusplanejados.com.br /images/macicos mesas (1).jpg
118.04.16 14:26 B C:\Users\Administrador\Documents\Loja_PMP\Site-Loja\siteplenus\images\macicos\mesas (10).jpg --> plenusplanejados.com.br /images/macicos mesas (10).jpg
118.04.16 14:26 B C:\Users\Administrador\Documents\Loja_PMP\Site-Loja\siteplenus\images\macicos\mesas (11).jpg --> plenusplanejados.com.br /images/macicos mesas (11).jpg
118.04.16 14:26 B C:\Users\Administrador\Documents\Loja_PMP\Site-Loja\siteplenus\images\macicos\mesas (12).jpg --> plenusplanejados.com.br /images/macicos mesas (12).jpg
118.04.16 14:26 B C:\Users\Administrador\Documents\Loja_PMP\Site-Loja\siteplenus\images\macicos\mesas (13).jpg --> plenusplanejados.com.br /images/macicos mesas (13).jpg
118.04.16 14:26 B C:\Users\Administrador\Documents\Loja_PMP\Site-Loja\siteplenus\images\macicos\mesas (14).jpg --> plenusplanejados.com.br /images/macicos mesas (14).jpg
118.04.16 14:26 B C:\Users\Administrador\Documents\Loja_PMP\Site-Loja\siteplenus\images\macicos\mesas (15).jpg --> plenusplanejados.com.br /images/macicos mesas (15).jpg
118.04.16 14:27 B C:\Users\Administrador\Documents\Loja_PMP\Site-Loja\siteplenus\images\macicos\mesas (16).jpg --> plenusplanejados.com.br /images/macicos mesas (16).jpg
118.04.16 14:27 B C:\Users\Administrador\Documents\Loja_PMP\Site-Loja\siteplenus\images\macicos\mesas (17).jpg --> plenusplanejados.com.br /images/macicos mesas (17).jpg
118.04.16 14:27 B C:\Users\Administrador\Documents\Loja_PMP\Site-Loja\siteplenus\images\macicos\mesas (18).jpg --> plenusplanejados.com.br /images/macicos mesas (18).jpg
118.04.16 14:27 B C:\Users\Administrador\Documents\Loja_PMP\Site-Loja\siteplenus\images\macicos\mesas (19).jpg --> plenusplanejados.com.br /images/macicos mesas (19).jpg
118.04.16 14:27 B C:\Users\Administrador\Documents\Loja_PMP\Site-Loja\siteplenus\images\macicos\mesas (2).JPG --> plenusplanejados.com.br /images/macicos mesas (2).JPG
118.04.16 14:27 B C:\Users\Administrador\Documents\Loja_PMP\Site-Loja\siteplenus\images\macicos\mesas (20).jpg --> plenusplanejados.com.br /images/macicos mesas (20).jpg
118.04.16 14:27 B C:\Users\Administrador\Documents\Loja_PMP\Site-Loja\siteplenus\images\macicos\mesas (21).jpg --> plenusplanejados.com.br /images/macicos mesas (21).jpg
118.04.16 14:27 B C:\Users\Administrador\Documents\Loja_PMP\Site-Loja\siteplenus\images\macicos\mesas (22).jpg --> plenusplanejados.com.br /images/macicos mesas (22).jpg
118.04.16 14:27 B C:\Users\Administrador\Documents\Loja_PMP\Site-Loja\siteplenus\images\macicos\mesas (23).jpg --> plenusplanejados.com.br /images/macicos mesas (23).jpg
118.04.16 14:27 B C:\Users\Administrador\Documents\Loja_PMP\Site-Loja\siteplenus\images\macicos\mesas (3).jpg --> plenusplanejados.com.br /images/macicos mesas (3).jpg
118.04.16 14:27 B C:\Users\Administrador\Documents\Loja_PMP\Site-Loja\siteplenus\images\macicos\mesas (4).jpg --> plenusplanejados.com.br /images/macicos mesas (4).jpg
118.04.16 14:27 B C:\Users\Administrador\Documents\Loja_PMP\Site-Loja\siteplenus\images\macicos\mesas (5).jpg --> plenusplanejados.com.br /images/macicos mesas (5).jpg
118.04.16 14:27 B C:\Users\Administrador\Documents\Loja_PMP\Site-Loja\siteplenus\images\macicos\mesas (6).jpg --> plenusplanejados.com.br /images/macicos mesas (6).jpg
118.04.16 14:27 B C:\Users\Administrador\Documents\Loja_PMP\Site-Loja\siteplenus\images\macicos\mesas (7).jpg --> plenusplanejados.com.br /images/macicos mesas (7).jpg
118.04.16 14:27 B C:\Users\Administrador\Documents\Loja_PMP\Site-Loja\siteplenus\images\macicos\mesas (8).jpg --> plenusplanejados.com.br /images/macicos mesas (8).jpg
118.04.16 14:27 B C:\Users\Administrador\Documents\Loja_PMP\Site-Loja\siteplenus\images\macicos\mesas (9).JPG --> plenusplanejados.com.br /images/macicos mesas (9).JPG
118.04.16 14:27 B C:\Users\Administrador\Documents\Loja_PMP\Site-Loja\siteplenus\images\macicos\mesas.jpg --> plenusplanejados.com.br /images/macicos mesas.jpg
118.04.16 14:27 B C:\Users\Administrador\Documents\Loja_PMP\Site-Loja\siteplenus\images\macicos\penteadeira (1).jpg --> plenusplanejados.com.br /images/macicos penteadeira (1).jpg
118.04.16 14:27 B C:\Users\Administrador\Documents\Loja_PMP\Site-Loja\siteplenus\images\macicos\penteadeira (2).jpg --> plenusplanejados.com.br /images/macicos penteadeira (2).jpg
118.04.16 14:27 B C:\Users\Administrador\Documents\Loja_PMP\Site-Loja\siteplenus\images\macicos\penteadeira (3).jpg --> plenusplanejados.com.br /images/macicos penteadeira (3).jpg
118.04.16 14:27 B C:\Users\Administrador\Documents\Loja_PMP\Site-Loja\siteplenus\images\macicos\penteadeira.jpg --> plenusplanejados.com.br /images/macicos penteadeira.jpg
118.04.16 14:27 B C:\Users\Administrador\Documents\Loja_PMP\Site-Loja\siteplenus\images\macicos\pochola (1).jpg --> plenusplanejados.com.br /images/macicos pochola (1).jpg
118.04.16 14:27 B C:\Users\Administrador\Documents\Loja_PMP\Site-Loja\siteplenus\images\macicos\pochola (2).jpg --> plenusplanejados.com.br /images/macicos pochola (2).jpg
118.04.16 14:27 B C:\Users\Administrador\Documents\Loja_PMP\Site-Loja\siteplenus\images\macicos\pochola.jpg --> plenusplanejados.com.br /images/macicos pochola.jpg
118.04.16 14:27 B C:\Users\Administrador\Documents\Loja_PMP\Site-Loja\siteplenus\images\macicos\portal (1).jpg --> plenusplanejados.com.br /images/macicos portal (1).jpg
118.04.16 14:27 B C:\Users\Administrador\Documents\Loja_PMP\Site-Loja\siteplenus\images\macicos\portal.jpg --> plenusplanejados.com.br /images/macicos portal.jpg
118.04.16 14:28 B C:\Users\Administrador\Documents\Loja_PMP\Site-Loja\siteplenus\images\macicos\rusticos (1).jpg --> plenusplanejados.com.br /images/macicos rusticos (1).jpg
118.04.16 14:28 B C:\Users\Administrador\Documents\Loja_PMP\Site-Loja\siteplenus\images\macicos\rusticos (10).jpg --> plenusplanejados.com.br /images/macicos rusticos (10).jpg
118.04.16 14:28 B C:\Users\Administrador\Documents\Loja_PMP\Site-Loja\siteplenus\images\macicos\rusticos (11).jpg --> plenusplanejados.com.br /images/macicos rusticos (11).jpg
118.04.16 14:28 B C:\Users\Administrador\Documents\Loja_PMP\Site-Loja\siteplenus\images\macicos\rusticos (12).jpg --> plenusplanejados.com.br /images/macicos rusticos (12).jpg
118.04.16 14:28 B C:\Users\Administrador\Documents\Loja_PMP\Site-Loja\siteplenus\images\macicos\rusticos (13).jpg --> plenusplanejados.com.br /images/macicos rusticos (13).jpg
118.04.16 14:28 B C:\Users\Administrador\Documents\Loja_PMP\Site-Loja\siteplenus\images\macicos\rusticos (14).jpg --> plenusplanejados.com.br /images/macicos rusticos (14).jpg
118.04.16 14:28 B C:\Users\Administrador\Documents\Loja_PMP\Site-Loja\siteplenus\images\macicos\rusticos (15).jpg --> plenusplanejados.com.br /images/macicos rusticos (15).jpg
118.04.16 14:28 B C:\Users\Administrador\Documents\Loja_PMP\Site-Loja\siteplenus\images\macicos\rusticos (16).jpg --> plenusplanejados.com.br /images/macicos rusticos (16).jpg
118.04.16 14:28 B C:\Users\Administrador\Documents\Loja_PMP\Site-Loja\siteplenus\images\macicos\rusticos (17).jpg --> plenusplanejados.com.br /images/macicos rusticos (17).jpg
118.04.16 14:28 B C:\Users\Administrador\Documents\Loja_PMP\Site-Loja\siteplenus\images\macicos\rusticos (18).jpg --> plenusplanejados.com.br /images/macicos rusticos (18).jpg
118.04.16 14:28 B C:\Users\Administrador\Documents\Loja_PMP\Site-Loja\siteplenus\images\macicos\rusticos (19).jpg --> plenusplanejados.com.br /images/macicos rusticos (19).jpg
118.04.16 14:28 B C:\Users\Administrador\Documents\Loja_PMP\Site-Loja\siteplenus\images\macicos\rusticos (2).jpg --> plenusplanejados.com.br /images/macicos rusticos (2).jpg
118.04.16 14:28 B C:\Users\Administrador\Documents\Loja_PMP\Site-Loja\siteplenus\images\macicos\rusticos (20).jpg --> plenusplanejados.com.br /images/macicos rusticos (20).jpg
118.04.16 14:28 B C:\Users\Administrador\Documents\Loja_PMP\Site-Loja\siteplenus\images\macicos\rusticos (21).jpg --> plenusplanejados.com.br /images/macicos rusticos (21).jpg
118.04.16 14:28 B C:\Users\Administrador\Documents\Loja_PMP\Site-Loja\siteplenus\images\macicos\rusticos (22).jpg --> plenusplanejados.com.br /images/macicos rusticos (22).jpg
118.04.16 14:28 B C:\Users\Administrador\Documents\Loja_PMP\Site-Loja\siteplenus\images\macicos\rusticos (23).jpg --> plenusplanejados.com.br /images/macicos rusticos (23).jpg
118.04.16 14:28 B C:\Users\Administrador\Documents\Loja_PMP\Site-Loja\siteplenus\images\macicos\rusticos (24).jpg --> plenusplanejados.com.br /images/macicos rusticos (24).jpg
118.04.16 14:28 B C:\Users\Administrador\Documents\Loja_PMP\Site-Loja\siteplenus\images\macicos\rusticos (25).jpg --> plenusplanejados.com.br /images/macicos rusticos (25).jpg
118.04.16 14:28 B C:\Users\Administrador\Documents\Loja_PMP\Site-Loja\siteplenus\images\macicos\rusticos (26).jpg --> plenusplanejados.com.br /images/macicos rusticos (26).jpg
118.04.16 14:28 B C:\Users\Administrador\Documents\Loja_PMP\Site-Loja\siteplenus\images\macicos\rusticos (27).jpg --> plenusplanejados.com.br /images/macicos rusticos (27).jpg
118.04.16 14:28 B C:\Users\Administrador\Documents\Loja_PMP\Site-Loja\siteplenus\images\macicos\rusticos (28).jpg --> plenusplanejados.com.br /images/macicos rusticos (28).jpg
118.04.16 14:28 B C:\Users\Administrador\Documents\Loja_PMP\Site-Loja\siteplenus\images\macicos\rusticos (29).jpg --> plenusplanejados.com.br /images/macicos rusticos (29).jpg
118.04.16 14:28 B C:\Users\Administrador\Documents\Loja_PMP\Site-Loja\siteplenus\images\macicos\rusticos (3).jpg --> plenusplanejados.com.br /images/macicos rusticos (3).jpg
118.04.16 14:28 B C:\Users\Administrador\Documents\Loja_PMP\Site-Loja\siteplenus\images\macicos\rusticos (30).jpg --> plenusplanejados.com.br /images/macicos rusticos (30).jpg
118.04.16 14:28 B C:\Users\Administrador\Documents\Loja_PMP\Site-Loja\siteplenus\images\macicos\rusticos (31).jpg --> plenusplanejados.com.br /images/macicos rusticos (31).jpg
118.04.16 14:28 B C:\Users\Administrador\Documents\Loja_PMP\Site-Loja\siteplenus\images\macicos\rusticos (32).jpg --> plenusplanejados.com.br /images/macicos rusticos (32).jpg
118.04.16 14:28 B C:\Users\Administrador\Documents\Loja_PMP\Site-Loja\siteplenus\images\macicos\rusticos (33).jpg --> plenusplanejados.com.br /images/macicos rusticos (33).jpg
118.04.16 14:28 B C:\Users\Administrador\Documents\Loja_PMP\Site-Loja\siteplenus\images\macicos\rusticos (34).jpg --> plenusplanejados.com.br /images/macicos rusticos (34).jpg
118.04.16 14:28 B C:\Users\Administrador\Documents\Loja_PMP\Site-Loja\siteplenus\images\macicos\rusticos (35).jpg --> plenusplanejados.com.br /images/macicos rusticos (35).jpg
118.04.16 14:28 B C:\Users\Administrador\Documents\Loja_PMP\Site-Loja\siteplenus\images\macicos\rusticos (36).jpg --> plenusplanejados.com.br /images/macicos rusticos (36).jpg
118.04.16 14:28 B C:\Users\Administrador\Documents\Loja_PMP\Site-Loja\siteplenus\images\macicos\rusticos (37).jpg --> plenusplanejados.com.br /images/macicos rusticos (37).jpg
118.04.16 14:29 B C:\Users\Administrador\Documents\Loja_PMP\Site-Loja\siteplenus\images\macicos\rusticos (38).jpg --> plenusplanejados.com.br /images/macicos rusticos (38).jpg
118.04.16 14:29 B C:\Users\Administrador\Documents\Loja_PMP\Site-Loja\siteplenus\images\macicos\rusticos (39).jpg --> plenusplanejados.com.br /images/macicos rusticos (39).jpg
118.04.16 14:29 B C:\Users\Administrador\Documents\Loja_PMP\Site-Loja\siteplenus\images\macicos\rusticos (4).jpg --> plenusplanejados.com.br /images/macicos rusticos (4).jpg
118.04.16 14:29 B C:\Users\Administrador\Documents\Loja_PMP\Site-Loja\siteplenus\images\macicos\rusticos (40).jpg --> plenusplanejados.com.br /images/macicos rusticos (40).jpg
118.04.16 14:29 B C:\Users\Administrador\Documents\Loja_PMP\Site-Loja\siteplenus\images\macicos\rusticos (41).jpg --> plenusplanejados.com.br /images/macicos rusticos (41).jpg
118.04.16 14:29 B C:\Users\Administrador\Documents\Loja_PMP\Site-Loja\siteplenus\images\macicos\rusticos (42).jpg --> plenusplanejados.com.br /images/macicos rusticos (42).jpg
118.04.16 14:29 B C:\Users\Administrador\Documents\Loja_PMP\Site-Loja\siteplenus\images\macicos\rusticos (43).jpg --> plenusplanejados.com.br /images/macicos rusticos (43).jpg
118.04.16 14:29 B C:\Users\Administrador\Documents\Loja_PMP\Site-Loja\siteplenus\images\macicos\rusticos (44).jpg --> plenusplanejados.com.br /images/macicos rusticos (44).jpg
118.04.16 14:29 B C:\Users\Administrador\Documents\Loja_PMP\Site-Loja\siteplenus\images\macicos\rusticos (45).jpg --> plenusplanejados.com.br /images/macicos rusticos (45).jpg
118.04.16 14:29 B C:\Users\Administrador\Documents\Loja_PMP\Site-Loja\siteplenus\images\macicos\rusticos (46).jpg --> plenusplanejados.com.br /images/macicos rusticos (46).jpg
118.04.16 14:29 B C:\Users\Administrador\Documents\Loja_PMP\Site-Loja\siteplenus\images\macicos\rusticos (47).jpg --> plenusplanejados.com.br /images/macicos rusticos (47).jpg
118.04.16 14:29 B C:\Users\Administrador\Documents\Loja_PMP\Site-Loja\siteplenus\images\macicos\rusticos (48).jpg --> plenusplanejados.com.br /images/macicos rusticos (48).jpg
118.04.16 14:29 B C:\Users\Administrador\Documents\Loja_PMP\Site-Loja\siteplenus\images\macicos\rusticos (49).jpg --> plenusplanejados.com.br /images/macicos rusticos (49).jpg
118.04.16 14:29 B C:\Users\Administrador\Documents\Loja_PMP\Site-Loja\siteplenus\images\macicos\rusticos (5).jpg --> plenusplanejados.com.br /images/macicos rusticos (5).jpg
118.04.16 14:29 B C:\Users\Administrador\Documents\Loja_PMP\Site-Loja\siteplenus\images\macicos\rusticos (50).jpg --> plenusplanejados.com.br /images/macicos rusticos (50).jpg
118.04.16 14:29 B C:\Users\Administrador\Documents\Loja_PMP\Site-Loja\siteplenus\images\macicos\rusticos (6).jpg --> plenusplanejados.com.br /images/macicos rusticos (6).jpg
118.04.16 14:29 B C:\Users\Administrador\Documents\Loja_PMP\Site-Loja\siteplenus\images\macicos\rusticos (7).jpg --> plenusplanejados.com.br /images/macicos rusticos (7).jpg
118.04.16 14:29 B C:\Users\Administrador\Documents\Loja_PMP\Site-Loja\siteplenus\images\macicos\rusticos (8).jpg --> plenusplanejados.com.br /images/macicos rusticos (8).jpg
118.04.16 14:29 B C:\Users\Administrador\Documents\Loja_PMP\Site-Loja\siteplenus\images\macicos\rusticos (9).jpg --> plenusplanejados.com.br /images/macicos rusticos (9).jpg
118.04.16 14:29 B C:\Users\Administrador\Documents\Loja_PMP\Site-Loja\siteplenus\images\macicos\rusticos.jpg --> plenusplanejados.com.br /images/macicos rusticos.jpg
118.04.16 14:29 B C:\Users\Administrador\Documents\Loja_PMP\Site-Loja\siteplenus\images\macicos\Thumbs.db --> plenusplanejados.com.br /images/macicos Thumbs.db
118.04.16 14:29 B C:\Users\Administrador\Documents\Loja_PMP\Site-Loja\siteplenus\images\macicos\ws_ftp.log --> plenusplanejados.com.br /images/macicos ws_ftp.log
118.04.16 21:24 B C:\Users\Administrador\Documents\Loja_PMP\Site-Loja\siteplenus\images\macicos\aparador (1).jpg --> plenusplanejados.com.br /public_html/images/macicos aparador (1).jpg
118.04.16 21:24 B C:\Users\Administrador\Documents\Loja_PMP\Site-Loja\siteplenus\images\macicos\aparador (2).jpg --> plenusplanejados.com.br /public_html/images/macicos aparador (2).jpg
118.04.16 21:24 B C:\Users\Administrador\Documents\Loja_PMP\Site-Loja\siteplenus\images\macicos\aparador (3).jpg --> plenusplanejados.com.br /public_html/images/macicos aparador (3).jpg
118.04.16 21:24 B C:\Users\Administrador\Documents\Loja_PMP\Site-Loja\siteplenus\images\macicos\aparador (4).jpg --> plenusplanejados.com.br /public_html/images/macicos aparador (4).jpg
118.04.16 21:24 B C:\Users\Administrador\Documents\Loja_PMP\Site-Loja\siteplenus\images\macicos\aparador (5).jpg --> plenusplanejados.com.br /public_html/images/macicos aparador (5).jpg
118.04.16 21:24 B C:\Users\Administrador\Documents\Loja_PMP\Site-Loja\siteplenus\images\macicos\aparador (6).jpg --> plenusplanejados.com.br /public_html/images/macicos aparador (6).jpg
118.04.16 21:24 B C:\Users\Administrador\Documents\Loja_PMP\Site-Loja\siteplenus\images\macicos\aparador (7).jpg --> plenusplanejados.com.br /public_html/images/macicos aparador (7).jpg
118.04.16 21:24 B C:\Users\Administrador\Documents\Loja_PMP\Site-Loja\siteplenus\images\macicos\aparador.jpg --> plenusplanejados.com.br /public_html/images/macicos aparador.jpg
118.04.16 21:24 B C:\Users\Administrador\Documents\Loja_PMP\Site-Loja\siteplenus\images\macicos\armario (1).jpg --> plenusplanejados.com.br /public_html/images/macicos armario (1).jpg
118.04.16 21:24 B C:\Users\Administrador\Documents\Loja_PMP\Site-Loja\siteplenus\images\macicos\armario (10).jpg --> plenusplanejados.com.br /public_html/images/macicos armario (10).jpg
118.04.16 21:24 B C:\Users\Administrador\Documents\Loja_PMP\Site-Loja\siteplenus\images\macicos\armario (11).jpg --> plenusplanejados.com.br /public_html/images/macicos armario (11).jpg
118.04.16 21:25 B C:\Users\Administrador\Documents\Loja_PMP\Site-Loja\siteplenus\images\macicos\armario (12).jpg --> plenusplanejados.com.br /public_html/images/macicos armario (12).jpg
118.04.16 21:25 B C:\Users\Administrador\Documents\Loja_PMP\Site-Loja\siteplenus\images\macicos\armario (13).jpg --> plenusplanejados.com.br /public_html/images/macicos armario (13).jpg
118.04.16 21:25 B C:\Users\Administrador\Documents\Loja_PMP\Site-Loja\siteplenus\images\macicos\armario (14).jpg --> plenusplanejados.com.br /public_html/images/macicos armario (14).jpg
118.04.16 21:25 B C:\Users\Administrador\Documents\Loja_PMP\Site-Loja\siteplenus\images\macicos\armario (2).jpg --> plenusplanejados.com.br /public_html/images/macicos armario (2).jpg
118.04.16 21:25 B C:\Users\Administrador\Documents\Loja_PMP\Site-Loja\siteplenus\images\macicos\armario (3).jpg --> plenusplanejados.com.br /public_html/images/macicos armario (3).jpg
118.04.16 21:25 B C:\Users\Administrador\Documents\Loja_PMP\Site-Loja\siteplenus\images\macicos\armario (4).jpg --> plenusplanejados.com.br /public_html/images/macicos armario (4).jpg
118.04.16 21:25 B C:\Users\Administrador\Documents\Loja_PMP\Site-Loja\siteplenus\images\macicos\armario (5).jpg --> plenusplanejados.com.br /public_html/images/macicos armario (5).jpg
118.04.16 21:25 B C:\Users\Administrador\Documents\Loja_PMP\Site-Loja\siteplenus\images\macicos\armario (6).jpg --> plenusplanejados.com.br /public_html/images/macicos armario (6).jpg
118.04.16 21:25 B C:\Users\Administrador\Documents\Loja_PMP\Site-Loja\siteplenus\images\macicos\armario (7).jpg --> plenusplanejados.com.br /public_html/images/macicos armario (7).jpg
118.04.16 21:25 B C:\Users\Administrador\Documents\Loja_PMP\Site-Loja\siteplenus\images\macicos\armario (8).jpg --> plenusplanejados.com.br /public_html/images/macicos armario (8).jpg
118.04.16 21:25 B C:\Users\Administrador\Documents\Loja_PMP\Site-Loja\siteplenus\images\macicos\armario (9).jpg --> plenusplanejados.com.br /public_html/images/macicos armario (9).jpg
118.04.16 21:25 B C:\Users\Administrador\Documents\Loja_PMP\Site-Loja\siteplenus\images\macicos\armario.jpg --> plenusplanejados.com.br /public_html/images/macicos armario.jpg
118.04.16 21:25 B C:\Users\Administrador\Documents\Loja_PMP\Site-Loja\siteplenus\images\macicos\bambu (1).jpg --> plenusplanejados.com.br /public_html/images/macicos bambu (1).jpg
118.04.16 21:25 B C:\Users\Administrador\Documents\Loja_PMP\Site-Loja\siteplenus\images\macicos\bambu.jpg --> plenusplanejados.com.br /public_html/images/macicos bambu.jpg
118.04.16 21:25 B C:\Users\Administrador\Documents\Loja_PMP\Site-Loja\siteplenus\images\macicos\banc (1).jpg --> plenusplanejados.com.br /public_html/images/macicos banc (1).jpg
118.04.16 21:25 B C:\Users\Administrador\Documents\Loja_PMP\Site-Loja\siteplenus\images\macicos\banc (2).jpg --> plenusplanejados.com.br /public_html/images/macicos banc (2).jpg
118.04.16 21:25 B C:\Users\Administrador\Documents\Loja_PMP\Site-Loja\siteplenus\images\macicos\banc (3).jpg --> plenusplanejados.com.br /public_html/images/macicos banc (3).jpg
118.04.16 21:26 B C:\Users\Administrador\Documents\Loja_PMP\Site-Loja\siteplenus\images\macicos\banc (4).jpg --> plenusplanejados.com.br /public_html/images/macicos banc (4).jpg
118.04.16 21:26 B C:\Users\Administrador\Documents\Loja_PMP\Site-Loja\siteplenus\images\macicos\banc (5).jpg --> plenusplanejados.com.br /public_html/images/macicos banc (5).jpg
118.04.16 21:26 B C:\Users\Administrador\Documents\Loja_PMP\Site-Loja\siteplenus\images\macicos\banc (6).jpg --> plenusplanejados.com.br /public_html/images/macicos banc (6).jpg
118.04.16 21:26 B C:\Users\Administrador\Documents\Loja_PMP\Site-Loja\siteplenus\images\macicos\banc (7).jpg --> plenusplanejados.com.br /public_html/images/macicos banc (7).jpg
118.04.16 21:26 B C:\Users\Administrador\Documents\Loja_PMP\Site-Loja\siteplenus\images\macicos\banc.jpg --> plenusplanejados.com.br /public_html/images/macicos banc.jpg
118.04.16 21:26 B C:\Users\Administrador\Documents\Loja_PMP\Site-Loja\siteplenus\images\macicos\banqueta (1).jpg --> plenusplanejados.com.br /public_html/images/macicos banqueta (1).jpg
118.04.16 21:26 B C:\Users\Administrador\Documents\Loja_PMP\Site-Loja\siteplenus\images\macicos\banqueta.jpg --> plenusplanejados.com.br /public_html/images/macicos banqueta.jpg
118.04.16 21:26 B C:\Users\Administrador\Documents\Loja_PMP\Site-Loja\siteplenus\images\macicos\barz (1).jpg --> plenusplanejados.com.br /public_html/images/macicos barz (1).jpg
118.04.16 21:26 B C:\Users\Administrador\Documents\Loja_PMP\Site-Loja\siteplenus\images\macicos\barz (2).jpg --> plenusplanejados.com.br /public_html/images/macicos barz (2).jpg
118.04.16 21:26 B C:\Users\Administrador\Documents\Loja_PMP\Site-Loja\siteplenus\images\macicos\barz (3).jpg --> plenusplanejados.com.br /public_html/images/macicos barz (3).jpg
118.04.16 21:26 B C:\Users\Administrador\Documents\Loja_PMP\Site-Loja\siteplenus\images\macicos\barz.jpg --> plenusplanejados.com.br /public_html/images/macicos barz.jpg
118.04.16 21:26 B C:\Users\Administrador\Documents\Loja_PMP\Site-Loja\siteplenus\images\macicos\bau.jpg --> plenusplanejados.com.br /public_html/images/macicos bau.jpg
118.04.16 21:27 B C:\Users\Administrador\Documents\Loja_PMP\Site-Loja\siteplenus\images\macicos\baus (1).jpg --> plenusplanejados.com.br /public_html/images/macicos baus (1).jpg
118.04.16 21:27 B C:\Users\Administrador\Documents\Loja_PMP\Site-Loja\siteplenus\images\macicos\baus (2).jpg --> plenusplanejados.com.br /public_html/images/macicos baus (2).jpg
118.04.16 21:27 B C:\Users\Administrador\Documents\Loja_PMP\Site-Loja\siteplenus\images\macicos\baus (3).jpg --> plenusplanejados.com.br /public_html/images/macicos baus (3).jpg
118.04.16 21:27 B C:\Users\Administrador\Documents\Loja_PMP\Site-Loja\siteplenus\images\macicos\baus (4).jpg --> plenusplanejados.com.br /public_html/images/macicos baus (4).jpg
118.04.16 21:27 B C:\Users\Administrador\Documents\Loja_PMP\Site-Loja\siteplenus\images\macicos\baus.jpg --> plenusplanejados.com.br /public_html/images/macicos baus.jpg
118.04.16 21:27 B C:\Users\Administrador\Documents\Loja_PMP\Site-Loja\siteplenus\images\macicos\buffer (1).jpg --> plenusplanejados.com.br /public_html/images/macicos buffer (1).jpg
118.04.16 21:27 B C:\Users\Administrador\Documents\Loja_PMP\Site-Loja\siteplenus\images\macicos\buffer (2).jpg --> plenusplanejados.com.br /public_html/images/macicos buffer (2).jpg
118.04.16 21:27 B C:\Users\Administrador\Documents\Loja_PMP\Site-Loja\siteplenus\images\macicos\buffer.jpg --> plenusplanejados.com.br /public_html/images/macicos buffer.jpg
118.04.16 21:27 B C:\Users\Administrador\Documents\Loja_PMP\Site-Loja\siteplenus\images\macicos\cabideiro.jpg --> plenusplanejados.com.br /public_html/images/macicos cabideiro.jpg
118.04.16 21:27 B C:\Users\Administrador\Documents\Loja_PMP\Site-Loja\siteplenus\images\macicos\cadeira (1).jpg --> plenusplanejados.com.br /public_html/images/macicos cadeira (1).jpg
118.04.16 21:27 B C:\Users\Administrador\Documents\Loja_PMP\Site-Loja\siteplenus\images\macicos\cadeira (10).jpg --> plenusplanejados.com.br /public_html/images/macicos cadeira (10).jpg
118.04.16 21:27 B C:\Users\Administrador\Documents\Loja_PMP\Site-Loja\siteplenus\images\macicos\cadeira (11).jpg --> plenusplanejados.com.br /public_html/images/macicos cadeira (11).jpg
118.04.16 21:27 B C:\Users\Administrador\Documents\Loja_PMP\Site-Loja\siteplenus\images\macicos\cadeira (12).jpg --> plenusplanejados.com.br /public_html/images/macicos cadeira (12).jpg
118.04.16 21:27 B C:\Users\Administrador\Documents\Loja_PMP\Site-Loja\siteplenus\images\macicos\cadeira (13).jpg --> plenusplanejados.com.br /public_html/images/macicos cadeira (13).jpg
118.04.16 21:27 B C:\Users\Administrador\Documents\Loja_PMP\Site-Loja\siteplenus\images\macicos\cadeira (14).jpg --> plenusplanejados.com.br /public_html/images/macicos cadeira (14).jpg
118.04.16 21:27 B C:\Users\Administrador\Documents\Loja_PMP\Site-Loja\siteplenus\images\macicos\cadeira (15).jpg --> plenusplanejados.com.br /public_html/images/macicos cadeira (15).jpg
118.04.16 21:27 B C:\Users\Administrador\Documents\Loja_PMP\Site-Loja\siteplenus\images\macicos\cadeira (2).jpg --> plenusplanejados.com.br /public_html/images/macicos cadeira (2).jpg
118.04.16 21:27 B C:\Users\Administrador\Documents\Loja_PMP\Site-Loja\siteplenus\images\macicos\cadeira (3).jpg --> plenusplanejados.com.br /public_html/images/macicos cadeira (3).jpg
118.04.16 21:27 B C:\Users\Administrador\Documents\Loja_PMP\Site-Loja\siteplenus\images\macicos\cadeira (4).jpg --> plenusplanejados.com.br /public_html/images/macicos cadeira (4).jpg
118.04.16 21:27 B C:\Users\Administrador\Documents\Loja_PMP\Site-Loja\siteplenus\images\macicos\cadeira (5).jpg --> plenusplanejados.com.br /public_html/images/macicos cadeira (5).jpg
118.04.16 21:27 B C:\Users\Administrador\Documents\Loja_PMP\Site-Loja\siteplenus\images\macicos\cadeira (6).jpg --> plenusplanejados.com.br /public_html/images/macicos cadeira (6).jpg
118.04.16 21:27 B C:\Users\Administrador\Documents\Loja_PMP\Site-Loja\siteplenus\images\macicos\cadeira (7).jpg --> plenusplanejados.com.br /public_html/images/macicos cadeira (7).jpg
118.04.16 21:28 B C:\Users\Administrador\Documents\Loja_PMP\Site-Loja\siteplenus\images\macicos\cadeira (8).JPG --> plenusplanejados.com.br /public_html/images/macicos cadeira (8).JPG
118.04.16 21:28 B C:\Users\Administrador\Documents\Loja_PMP\Site-Loja\siteplenus\images\macicos\cadeira (9).jpg --> plenusplanejados.com.br /public_html/images/macicos cadeira (9).jpg
118.04.16 21:28 B C:\Users\Administrador\Documents\Loja_PMP\Site-Loja\siteplenus\images\macicos\cadeira.jpg --> plenusplanejados.com.br /public_html/images/macicos cadeira.jpg
118.04.16 21:28 B C:\Users\Administrador\Documents\Loja_PMP\Site-Loja\siteplenus\images\macicos\camas.jpg --> plenusplanejados.com.br /public_html/images/macicos camas.jpg
118.04.16 21:28 B C:\Users\Administrador\Documents\Loja_PMP\Site-Loja\siteplenus\images\macicos\camas1.jpg --> plenusplanejados.com.br /public_html/images/macicos camas1.jpg
118.04.16 21:28 B C:\Users\Administrador\Documents\Loja_PMP\Site-Loja\siteplenus\images\macicos\comoda (1).jpg --> plenusplanejados.com.br /public_html/images/macicos comoda (1).jpg
118.04.16 21:28 B C:\Users\Administrador\Documents\Loja_PMP\Site-Loja\siteplenus\images\macicos\comoda.jpg --> plenusplanejados.com.br /public_html/images/macicos comoda.jpg
118.04.16 21:28 B C:\Users\Administrador\Documents\Loja_PMP\Site-Loja\siteplenus\images\macicos\cristaleira (1).jpg --> plenusplanejados.com.br /public_html/images/macicos cristaleira (1).jpg
118.04.16 21:28 B C:\Users\Administrador\Documents\Loja_PMP\Site-Loja\siteplenus\images\macicos\cristaleira (2).jpg --> plenusplanejados.com.br /public_html/images/macicos cristaleira (2).jpg
118.04.16 21:28 B C:\Users\Administrador\Documents\Loja_PMP\Site-Loja\siteplenus\images\macicos\cristaleira (3).jpg --> plenusplanejados.com.br /public_html/images/macicos cristaleira (3).jpg
118.04.16 21:28 B C:\Users\Administrador\Documents\Loja_PMP\Site-Loja\siteplenus\images\macicos\cristaleira (4).jpg --> plenusplanejados.com.br /public_html/images/macicos cristaleira (4).jpg
118.04.16 21:28 B C:\Users\Administrador\Documents\Loja_PMP\Site-Loja\siteplenus\images\macicos\cristaleira (5).jpg --> plenusplanejados.com.br /public_html/images/macicos cristaleira (5).jpg
118.04.16 21:28 B C:\Users\Administrador\Documents\Loja_PMP\Site-Loja\siteplenus\images\macicos\cristaleira (6).jpg --> plenusplanejados.com.br /public_html/images/macicos cristaleira (6).jpg
118.04.16 21:28 B C:\Users\Administrador\Documents\Loja_PMP\Site-Loja\siteplenus\images\macicos\cristaleira.jpg --> plenusplanejados.com.br /public_html/images/macicos cristaleira.jpg
118.04.16 21:28 B C:\Users\Administrador\Documents\Loja_PMP\Site-Loja\siteplenus\images\macicos\mesas (1).jpg --> plenusplanejados.com.br /public_html/images/macicos mesas (1).jpg
118.04.16 21:28 B C:\Users\Administrador\Documents\Loja_PMP\Site-Loja\siteplenus\images\macicos\mesas (10).jpg --> plenusplanejados.com.br /public_html/images/macicos mesas (10).jpg
118.04.16 21:28 B C:\Users\Administrador\Documents\Loja_PMP\Site-Loja\siteplenus\images\macicos\mesas (11).jpg --> plenusplanejados.com.br /public_html/images/macicos mesas (11).jpg
118.04.16 21:28 B C:\Users\Administrador\Documents\Loja_PMP\Site-Loja\siteplenus\images\macicos\mesas (12).jpg --> plenusplanejados.com.br /public_html/images/macicos mesas (12).jpg
118.04.16 21:28 B C:\Users\Administrador\Documents\Loja_PMP\Site-Loja\siteplenus\images\macicos\mesas (13).jpg --> plenusplanejados.com.br /public_html/images/macicos mesas (13).jpg
118.04.16 21:28 B C:\Users\Administrador\Documents\Loja_PMP\Site-Loja\siteplenus\images\macicos\mesas (14).jpg --> plenusplanejados.com.br /public_html/images/macicos mesas (14).jpg
118.04.16 21:28 B C:\Users\Administrador\Documents\Loja_PMP\Site-Loja\siteplenus\images\macicos\mesas (15).jpg --> plenusplanejados.com.br /public_html/images/macicos mesas (15).jpg
118.04.16 21:28 B C:\Users\Administrador\Documents\Loja_PMP\Site-Loja\siteplenus\images\macicos\mesas (16).jpg --> plenusplanejados.com.br /public_html/images/macicos mesas (16).jpg
118.04.16 21:28 B C:\Users\Administrador\Documents\Loja_PMP\Site-Loja\siteplenus\images\macicos\mesas (17).jpg --> plenusplanejados.com.br /public_html/images/macicos mesas (17).jpg
118.04.16 21:28 B C:\Users\Administrador\Documents\Loja_PMP\Site-Loja\siteplenus\images\macicos\mesas (18).jpg --> plenusplanejados.com.br /public_html/images/macicos mesas (18).jpg
118.04.16 21:29 B C:\Users\Administrador\Documents\Loja_PMP\Site-Loja\siteplenus\images\macicos\mesas (19).jpg --> plenusplanejados.com.br /public_html/images/macicos mesas (19).jpg
118.04.16 21:29 B C:\Users\Administrador\Documents\Loja_PMP\Site-Loja\siteplenus\images\macicos\mesas (2).JPG --> plenusplanejados.com.br /public_html/images/macicos mesas (2).JPG
118.04.16 21:29 B C:\Users\Administrador\Documents\Loja_PMP\Site-Loja\siteplenus\images\macicos\mesas (20).jpg --> plenusplanejados.com.br /public_html/images/macicos mesas (20).jpg
118.04.16 21:29 B C:\Users\Administrador\Documents\Loja_PMP\Site-Loja\siteplenus\images\macicos\mesas (21).jpg --> plenusplanejados.com.br /public_html/images/macicos mesas (21).jpg
118.04.16 21:29 B C:\Users\Administrador\Documents\Loja_PMP\Site-Loja\siteplenus\images\macicos\mesas (22).jpg --> plenusplanejados.com.br /public_html/images/macicos mesas (22).jpg
118.04.16 21:29 B C:\Users\Administrador\Documents\Loja_PMP\Site-Loja\siteplenus\images\macicos\mesas (23).jpg --> plenusplanejados.com.br /public_html/images/macicos mesas (23).jpg
118.04.16 21:29 B C:\Users\Administrador\Documents\Loja_PMP\Site-Loja\siteplenus\images\macicos\mesas (3).jpg --> plenusplanejados.com.br /public_html/images/macicos mesas (3).jpg
118.04.16 21:29 B C:\Users\Administrador\Documents\Loja_PMP\Site-Loja\siteplenus\images\macicos\mesas (4).jpg --> plenusplanejados.com.br /public_html/images/macicos mesas (4).jpg
118.04.16 21:29 B C:\Users\Administrador\Documents\Loja_PMP\Site-Loja\siteplenus\images\macicos\mesas (5).jpg --> plenusplanejados.com.br /public_html/images/macicos mesas (5).jpg
118.04.16 21:29 B C:\Users\Administrador\Documents\Loja_PMP\Site-Loja\siteplenus\images\macicos\mesas (6).jpg --> plenusplanejados.com.br /public_html/images/macicos mesas (6).jpg
118.04.16 21:29 B C:\Users\Administrador\Documents\Loja_PMP\Site-Loja\siteplenus\images\macicos\mesas (7).jpg --> plenusplanejados.com.br /public_html/images/macicos mesas (7).jpg
118.04.16 21:29 B C:\Users\Administrador\Documents\Loja_PMP\Site-Loja\siteplenus\images\macicos\mesas (8).jpg --> plenusplanejados.com.br /public_html/images/macicos mesas (8).jpg
118.04.16 21:29 B C:\Users\Administrador\Documents\Loja_PMP\Site-Loja\siteplenus\images\macicos\mesas (9).JPG --> plenusplanejados.com.br /public_html/images/macicos mesas (9).JPG
118.04.16 21:29 B C:\Users\Administrador\Documents\Loja_PMP\Site-Loja\siteplenus\images\macicos\mesas.jpg --> plenusplanejados.com.br /public_html/images/macicos mesas.jpg
118.04.16 21:29 B C:\Users\Administrador\Documents\Loja_PMP\Site-Loja\siteplenus\images\macicos\penteadeira (1).jpg --> plenusplanejados.com.br /public_html/images/macicos penteadeira (1).jpg
118.04.16 21:29 B C:\Users\Administrador\Documents\Loja_PMP\Site-Loja\siteplenus\images\macicos\penteadeira (2).jpg --> plenusplanejados.com.br /public_html/images/macicos penteadeira (2).jpg
118.04.16 21:29 B C:\Users\Administrador\Documents\Loja_PMP\Site-Loja\siteplenus\images\macicos\penteadeira (3).jpg --> plenusplanejados.com.br /public_html/images/macicos penteadeira (3).jpg
118.04.16 21:29 B C:\Users\Administrador\Documents\Loja_PMP\Site-Loja\siteplenus\images\macicos\penteadeira.jpg --> plenusplanejados.com.br /public_html/images/macicos penteadeira.jpg
118.04.16 21:29 B C:\Users\Administrador\Documents\Loja_PMP\Site-Loja\siteplenus\images\macicos\pochola (1).jpg --> plenusplanejados.com.br /public_html/images/macicos pochola (1).jpg
118.04.16 21:29 B C:\Users\Administrador\Documents\Loja_PMP\Site-Loja\siteplenus\images\macicos\pochola (2).jpg --> plenusplanejados.com.br /public_html/images/macicos pochola (2).jpg
118.04.16 21:29 B C:\Users\Administrador\Documents\Loja_PMP\Site-Loja\siteplenus\images\macicos\pochola.jpg --> plenusplanejados.com.br /public_html/images/macicos pochola.jpg
118.04.16 21:29 B C:\Users\Administrador\Documents\Loja_PMP\Site-Loja\siteplenus\images\macicos\portal (1).jpg --> plenusplanejados.com.br /public_html/images/macicos portal (1).jpg
118.04.16 21:29 B C:\Users\Administrador\Documents\Loja_PMP\Site-Loja\siteplenus\images\macicos\portal.jpg --> plenusplanejados.com.br /public_html/images/macicos portal.jpg
118.04.16 21:29 B C:\Users\Administrador\Documents\Loja_PMP\Site-Loja\siteplenus\images\macicos\rusticos (1).jpg --> plenusplanejados.com.br /public_html/images/macicos rusticos (1).jpg
118.04.16 21:29 B C:\Users\Administrador\Documents\Loja_PMP\Site-Loja\siteplenus\images\macicos\rusticos (10).jpg --> plenusplanejados.com.br /public_html/images/macicos rusticos (10).jpg
118.04.16 21:29 B C:\Users\Administrador\Documents\Loja_PMP\Site-Loja\siteplenus\images\macicos\rusticos (11).jpg --> plenusplanejados.com.br /public_html/images/macicos rusticos (11).jpg
118.04.16 21:29 B C:\Users\Administrador\Documents\Loja_PMP\Site-Loja\siteplenus\images\macicos\rusticos (12).jpg --> plenusplanejados.com.br /public_html/images/macicos rusticos (12).jpg
118.04.16 21:29 B C:\Users\Administrador\Documents\Loja_PMP\Site-Loja\siteplenus\images\macicos\rusticos (13).jpg --> plenusplanejados.com.br /public_html/images/macicos rusticos (13).jpg
118.04.16 21:30 B C:\Users\Administrador\Documents\Loja_PMP\Site-Loja\siteplenus\images\macicos\rusticos (14).jpg --> plenusplanejados.com.br /public_html/images/macicos rusticos (14).jpg
118.04.16 21:30 B C:\Users\Administrador\Documents\Loja_PMP\Site-Loja\siteplenus\images\macicos\rusticos (15).jpg --> plenusplanejados.com.br /public_html/images/macicos rusticos (15).jpg
118.04.16 21:30 B C:\Users\Administrador\Documents\Loja_PMP\Site-Loja\siteplenus\images\macicos\rusticos (16).jpg --> plenusplanejados.com.br /public_html/images/macicos rusticos (16).jpg
118.04.16 21:30 B C:\Users\Administrador\Documents\Loja_PMP\Site-Loja\siteplenus\images\macicos\rusticos (17).jpg --> plenusplanejados.com.br /public_html/images/macicos rusticos (17).jpg
118.04.16 21:30 B C:\Users\Administrador\Documents\Loja_PMP\Site-Loja\siteplenus\images\macicos\rusticos (18).jpg --> plenusplanejados.com.br /public_html/images/macicos rusticos (18).jpg
118.04.16 21:30 B C:\Users\Administrador\Documents\Loja_PMP\Site-Loja\siteplenus\images\macicos\rusticos (19).jpg --> plenusplanejados.com.br /public_html/images/macicos rusticos (19).jpg
118.04.16 21:30 B C:\Users\Administrador\Documents\Loja_PMP\Site-Loja\siteplenus\images\macicos\rusticos (2).jpg --> plenusplanejados.com.br /public_html/images/macicos rusticos (2).jpg
118.04.16 21:30 B C:\Users\Administrador\Documents\Loja_PMP\Site-Loja\siteplenus\images\macicos\rusticos (20).jpg --> plenusplanejados.com.br /public_html/images/macicos rusticos (20).jpg
118.04.16 21:30 B C:\Users\Administrador\Documents\Loja_PMP\Site-Loja\siteplenus\images\macicos\rusticos (21).jpg --> plenusplanejados.com.br /public_html/images/macicos rusticos (21).jpg
118.04.16 21:30 B C:\Users\Administrador\Documents\Loja_PMP\Site-Loja\siteplenus\images\macicos\rusticos (22).jpg --> plenusplanejados.com.br /public_html/images/macicos rusticos (22).jpg
118.04.16 21:30 B C:\Users\Administrador\Documents\Loja_PMP\Site-Loja\siteplenus\images\macicos\rusticos (23).jpg --> plenusplanejados.com.br /public_html/images/macicos rusticos (23).jpg
118.04.16 21:30 B C:\Users\Administrador\Documents\Loja_PMP\Site-Loja\siteplenus\images\macicos\rusticos (24).jpg --> plenusplanejados.com.br /public_html/images/macicos rusticos (24).jpg
118.04.16 21:30 B C:\Users\Administrador\Documents\Loja_PMP\Site-Loja\siteplenus\images\macicos\rusticos (25).jpg --> plenusplanejados.com.br /public_html/images/macicos rusticos (25).jpg
118.04.16 21:30 B C:\Users\Administrador\Documents\Loja_PMP\Site-Loja\siteplenus\images\macicos\rusticos (26).jpg --> plenusplanejados.com.br /public_html/images/macicos rusticos (26).jpg
118.04.16 21:30 B C:\Users\Administrador\Documents\Loja_PMP\Site-Loja\siteplenus\images\macicos\rusticos (27).jpg --> plenusplanejados.com.br /public_html/images/macicos rusticos (27).jpg
118.04.16 21:30 B C:\Users\Administrador\Documents\Loja_PMP\Site-Loja\siteplenus\images\macicos\rusticos (28).jpg --> plenusplanejados.com.br /public_html/images/macicos rusticos (28).jpg
118.04.16 21:30 B C:\Users\Administrador\Documents\Loja_PMP\Site-Loja\siteplenus\images\macicos\rusticos (29).jpg --> plenusplanejados.com.br /public_html/images/macicos rusticos (29).jpg
118.04.16 21:30 B C:\Users\Administrador\Documents\Loja_PMP\Site-Loja\siteplenus\images\macicos\rusticos (3).jpg --> plenusplanejados.com.br /public_html/images/macicos rusticos (3).jpg
118.04.16 21:30 B C:\Users\Administrador\Documents\Loja_PMP\Site-Loja\siteplenus\images\macicos\rusticos (30).jpg --> plenusplanejados.com.br /public_html/images/macicos rusticos (30).jpg
118.04.16 21:30 B C:\Users\Administrador\Documents\Loja_PMP\Site-Loja\siteplenus\images\macicos\rusticos (31).jpg --> plenusplanejados.com.br /public_html/images/macicos rusticos (31).jpg
118.04.16 21:30 B C:\Users\Administrador\Documents\Loja_PMP\Site-Loja\siteplenus\images\macicos\rusticos (32).jpg --> plenusplanejados.com.br /public_html/images/macicos rusticos (32).jpg
118.04.16 21:30 B C:\Users\Administrador\Documents\Loja_PMP\Site-Loja\siteplenus\images\macicos\rusticos (33).jpg --> plenusplanejados.com.br /public_html/images/macicos rusticos (33).jpg
118.04.16 21:30 B C:\Users\Administrador\Documents\Loja_PMP\Site-Loja\siteplenus\images\macicos\rusticos (34).jpg --> plenusplanejados.com.br /public_html/images/macicos rusticos (34).jpg
118.04.16 21:30 B C:\Users\Administrador\Documents\Loja_PMP\Site-Loja\siteplenus\images\macicos\rusticos (35).jpg --> plenusplanejados.com.br /public_html/images/macicos rusticos (35).jpg
118.04.16 21:30 B C:\Users\Administrador\Documents\Loja_PMP\Site-Loja\siteplenus\images\macicos\rusticos (36).jpg --> plenusplanejados.com.br /public_html/images/macicos rusticos (36).jpg
118.04.16 21:30 B C:\Users\Administrador\Documents\Loja_PMP\Site-Loja\siteplenus\images\macicos\rusticos (37).jpg --> plenusplanejados.com.br /public_html/images/macicos rusticos (37).jpg
118.04.16 21:30 B C:\Users\Administrador\Documents\Loja_PMP\Site-Loja\siteplenus\images\macicos\rusticos (38).jpg --> plenusplanejados.com.br /public_html/images/macicos rusticos (38).jpg
118.04.16 21:30 B C:\Users\Administrador\Documents\Loja_PMP\Site-Loja\siteplenus\images\macicos\rusticos (39).jpg --> plenusplanejados.com.br /public_html/images/macicos rusticos (39).jpg
118.04.16 21:30 B C:\Users\Administrador\Documents\Loja_PMP\Site-Loja\siteplenus\images\macicos\rusticos (4).jpg --> plenusplanejados.com.br /public_html/images/macicos rusticos (4).jpg
118.04.16 21:30 B C:\Users\Administrador\Documents\Loja_PMP\Site-Loja\siteplenus\images\macicos\rusticos (40).jpg --> plenusplanejados.com.br /public_html/images/macicos rusticos (40).jpg
118.04.16 21:30 B C:\Users\Administrador\Documents\Loja_PMP\Site-Loja\siteplenus\images\macicos\rusticos (41).jpg --> plenusplanejados.com.br /public_html/images/macicos rusticos (41).jpg
118.04.16 21:30 B C:\Users\Administrador\Documents\Loja_PMP\Site-Loja\siteplenus\images\macicos\rusticos (42).jpg --> plenusplanejados.com.br /public_html/images/macicos rusticos (42).jpg
118.04.16 21:31 B C:\Users\Administrador\Documents\Loja_PMP\Site-Loja\siteplenus\images\macicos\rusticos (43).jpg --> plenusplanejados.com.br /public_html/images/macicos rusticos (43).jpg
118.04.16 21:31 B C:\Users\Administrador\Documents\Loja_PMP\Site-Loja\siteplenus\images\macicos\rusticos (44).jpg --> plenusplanejados.com.br /public_html/images/macicos rusticos (44).jpg
118.04.16 21:31 B C:\Users\Administrador\Documents\Loja_PMP\Site-Loja\siteplenus\images\macicos\rusticos (45).jpg --> plenusplanejados.com.br /public_html/images/macicos rusticos (45).jpg
118.04.16 21:31 B C:\Users\Administrador\Documents\Loja_PMP\Site-Loja\siteplenus\images\macicos\rusticos (46).jpg --> plenusplanejados.com.br /public_html/images/macicos rusticos (46).jpg
118.04.16 21:31 B C:\Users\Administrador\Documents\Loja_PMP\Site-Loja\siteplenus\images\macicos\rusticos (47).jpg --> plenusplanejados.com.br /public_html/images/macicos rusticos (47).jpg
118.04.16 21:31 B C:\Users\Administrador\Documents\Loja_PMP\Site-Loja\siteplenus\images\macicos\rusticos (48).jpg --> plenusplanejados.com.br /public_html/images/macicos rusticos (48).jpg
118.04.16 21:31 B C:\Users\Administrador\Documents\Loja_PMP\Site-Loja\siteplenus\images\macicos\rusticos (49).jpg --> plenusplanejados.com.br /public_html/images/macicos rusticos (49).jpg
118.04.16 21:31 B C:\Users\Administrador\Documents\Loja_PMP\Site-Loja\siteplenus\images\macicos\rusticos (5).jpg --> plenusplanejados.com.br /public_html/images/macicos rusticos (5).jpg
118.04.16 21:31 B C:\Users\Administrador\Documents\Loja_PMP\Site-Loja\siteplenus\images\macicos\rusticos (50).jpg --> plenusplanejados.com.br /public_html/images/macicos rusticos (50).jpg
118.04.16 21:31 B C:\Users\Administrador\Documents\Loja_PMP\Site-Loja\siteplenus\images\macicos\rusticos (6).jpg --> plenusplanejados.com.br /public_html/images/macicos rusticos (6).jpg
118.04.16 21:31 B C:\Users\Administrador\Documents\Loja_PMP\Site-Loja\siteplenus\images\macicos\rusticos (7).jpg --> plenusplanejados.com.br /public_html/images/macicos rusticos (7).jpg
118.04.16 21:31 B C:\Users\Administrador\Documents\Loja_PMP\Site-Loja\siteplenus\images\macicos\rusticos (8).jpg --> plenusplanejados.com.br /public_html/images/macicos rusticos (8).jpg
118.04.16 21:31 B C:\Users\Administrador\Documents\Loja_PMP\Site-Loja\siteplenus\images\macicos\rusticos (9).jpg --> plenusplanejados.com.br /public_html/images/macicos rusticos (9).jpg
118.04.16 21:31 B C:\Users\Administrador\Documents\Loja_PMP\Site-Loja\siteplenus\images\macicos\rusticos.jpg --> plenusplanejados.com.br /public_html/images/macicos rusticos.jpg
118.04.16 21:31 B C:\Users\Administrador\Documents\Loja_PMP\Site-Loja\siteplenus\images\macicos\Thumbs.db --> plenusplanejados.com.br /public_html/images/macicos Thumbs.db
118.04.16 21:31 B C:\Users\Administrador\Documents\Loja_PMP\Site-Loja\siteplenus\images\macicos\ws_ftp.log --> plenusplanejados.com.br /public_html/images/macicos ws_ftp.log
