2011.04.24 14:06 B C:\Documents and Settings\Plenus\Meus Documentos\Loja_PMP\Site-Loja\siteplenus\images\armario\_vti_cnf\cozinhas (1).jpg --> plenusplanejados.com.br /public_html/images/armario/_vti_cnf cozinhas (1).jpg
2011.04.24 14:07 B C:\Documents and Settings\Plenus\Meus Documentos\Loja_PMP\Site-Loja\siteplenus\images\armario\_vti_cnf\cozinhas (10).jpg --> plenusplanejados.com.br /public_html/images/armario/_vti_cnf cozinhas (10).jpg
2011.04.24 14:07 B C:\Documents and Settings\Plenus\Meus Documentos\Loja_PMP\Site-Loja\siteplenus\images\armario\_vti_cnf\cozinhas (11).jpg --> plenusplanejados.com.br /public_html/images/armario/_vti_cnf cozinhas (11).jpg
2011.04.24 14:07 B C:\Documents and Settings\Plenus\Meus Documentos\Loja_PMP\Site-Loja\siteplenus\images\armario\_vti_cnf\cozinhas (12).jpg --> plenusplanejados.com.br /public_html/images/armario/_vti_cnf cozinhas (12).jpg
2011.04.24 14:07 B C:\Documents and Settings\Plenus\Meus Documentos\Loja_PMP\Site-Loja\siteplenus\images\armario\_vti_cnf\cozinhas (13).jpg --> plenusplanejados.com.br /public_html/images/armario/_vti_cnf cozinhas (13).jpg
2011.04.24 14:07 B C:\Documents and Settings\Plenus\Meus Documentos\Loja_PMP\Site-Loja\siteplenus\images\armario\_vti_cnf\cozinhas (14).jpg --> plenusplanejados.com.br /public_html/images/armario/_vti_cnf cozinhas (14).jpg
2011.04.24 14:07 B C:\Documents and Settings\Plenus\Meus Documentos\Loja_PMP\Site-Loja\siteplenus\images\armario\_vti_cnf\cozinhas (2).jpg --> plenusplanejados.com.br /public_html/images/armario/_vti_cnf cozinhas (2).jpg
2011.04.24 14:07 B C:\Documents and Settings\Plenus\Meus Documentos\Loja_PMP\Site-Loja\siteplenus\images\armario\_vti_cnf\cozinhas (3).jpg --> plenusplanejados.com.br /public_html/images/armario/_vti_cnf cozinhas (3).jpg
2011.04.24 14:07 B C:\Documents and Settings\Plenus\Meus Documentos\Loja_PMP\Site-Loja\siteplenus\images\armario\_vti_cnf\cozinhas (4).jpg --> plenusplanejados.com.br /public_html/images/armario/_vti_cnf cozinhas (4).jpg
2011.04.24 14:07 B C:\Documents and Settings\Plenus\Meus Documentos\Loja_PMP\Site-Loja\siteplenus\images\armario\_vti_cnf\cozinhas (5).jpg --> plenusplanejados.com.br /public_html/images/armario/_vti_cnf cozinhas (5).jpg
2011.04.24 14:07 B C:\Documents and Settings\Plenus\Meus Documentos\Loja_PMP\Site-Loja\siteplenus\images\armario\_vti_cnf\cozinhas (6).jpg --> plenusplanejados.com.br /public_html/images/armario/_vti_cnf cozinhas (6).jpg
2011.04.24 14:07 B C:\Documents and Settings\Plenus\Meus Documentos\Loja_PMP\Site-Loja\siteplenus\images\armario\_vti_cnf\cozinhas (7).jpg --> plenusplanejados.com.br /public_html/images/armario/_vti_cnf cozinhas (7).jpg
2011.04.24 14:07 B C:\Documents and Settings\Plenus\Meus Documentos\Loja_PMP\Site-Loja\siteplenus\images\armario\_vti_cnf\cozinhas (8).jpg --> plenusplanejados.com.br /public_html/images/armario/_vti_cnf cozinhas (8).jpg
2011.04.24 14:07 B C:\Documents and Settings\Plenus\Meus Documentos\Loja_PMP\Site-Loja\siteplenus\images\armario\_vti_cnf\cozinhas (9).jpg --> plenusplanejados.com.br /public_html/images/armario/_vti_cnf cozinhas (9).jpg
2011.04.24 14:07 B C:\Documents and Settings\Plenus\Meus Documentos\Loja_PMP\Site-Loja\siteplenus\images\armario\_vti_cnf\cozinhas.jpg --> plenusplanejados.com.br /public_html/images/armario/_vti_cnf cozinhas.jpg
2011.04.24 14:07 B C:\Documents and Settings\Plenus\Meus Documentos\Loja_PMP\Site-Loja\siteplenus\images\armario\_vti_cnf\quartos (1).jpg --> plenusplanejados.com.br /public_html/images/armario/_vti_cnf quartos (1).jpg
2011.04.24 14:07 B C:\Documents and Settings\Plenus\Meus Documentos\Loja_PMP\Site-Loja\siteplenus\images\armario\_vti_cnf\quartos (2).jpg --> plenusplanejados.com.br /public_html/images/armario/_vti_cnf quartos (2).jpg
2011.04.24 14:07 B C:\Documents and Settings\Plenus\Meus Documentos\Loja_PMP\Site-Loja\siteplenus\images\armario\_vti_cnf\quartos (3).jpg --> plenusplanejados.com.br /public_html/images/armario/_vti_cnf quartos (3).jpg
2011.04.24 14:07 B C:\Documents and Settings\Plenus\Meus Documentos\Loja_PMP\Site-Loja\siteplenus\images\armario\_vti_cnf\quartos (4).jpg --> plenusplanejados.com.br /public_html/images/armario/_vti_cnf quartos (4).jpg
2011.04.24 14:07 B C:\Documents and Settings\Plenus\Meus Documentos\Loja_PMP\Site-Loja\siteplenus\images\armario\_vti_cnf\quartos (5).jpg --> plenusplanejados.com.br /public_html/images/armario/_vti_cnf quartos (5).jpg
2011.04.24 14:07 B C:\Documents and Settings\Plenus\Meus Documentos\Loja_PMP\Site-Loja\siteplenus\images\armario\_vti_cnf\quartos.jpg --> plenusplanejados.com.br /public_html/images/armario/_vti_cnf quartos.jpg
2011.04.24 14:07 B C:\Documents and Settings\Plenus\Meus Documentos\Loja_PMP\Site-Loja\siteplenus\images\armario\_vti_cnf\Thumbs.db --> plenusplanejados.com.br /public_html/images/armario/_vti_cnf Thumbs.db
118.04.16 14:14 B C:\Users\Administrador\Documents\Loja_PMP\Site-Loja\siteplenus\images\armario\_vti_cnf\cozinhas (1).jpg --> plenusplanejados.com.br /images/armario/_vti_cnf cozinhas (1).jpg
118.04.16 14:14 B C:\Users\Administrador\Documents\Loja_PMP\Site-Loja\siteplenus\images\armario\_vti_cnf\cozinhas (10).jpg --> plenusplanejados.com.br /images/armario/_vti_cnf cozinhas (10).jpg
118.04.16 14:14 B C:\Users\Administrador\Documents\Loja_PMP\Site-Loja\siteplenus\images\armario\_vti_cnf\cozinhas (11).jpg --> plenusplanejados.com.br /images/armario/_vti_cnf cozinhas (11).jpg
118.04.16 14:14 B C:\Users\Administrador\Documents\Loja_PMP\Site-Loja\siteplenus\images\armario\_vti_cnf\cozinhas (12).jpg --> plenusplanejados.com.br /images/armario/_vti_cnf cozinhas (12).jpg
118.04.16 14:14 B C:\Users\Administrador\Documents\Loja_PMP\Site-Loja\siteplenus\images\armario\_vti_cnf\cozinhas (13).jpg --> plenusplanejados.com.br /images/armario/_vti_cnf cozinhas (13).jpg
118.04.16 14:14 B C:\Users\Administrador\Documents\Loja_PMP\Site-Loja\siteplenus\images\armario\_vti_cnf\cozinhas (14).jpg --> plenusplanejados.com.br /images/armario/_vti_cnf cozinhas (14).jpg
118.04.16 14:14 B C:\Users\Administrador\Documents\Loja_PMP\Site-Loja\siteplenus\images\armario\_vti_cnf\cozinhas (2).jpg --> plenusplanejados.com.br /images/armario/_vti_cnf cozinhas (2).jpg
118.04.16 14:14 B C:\Users\Administrador\Documents\Loja_PMP\Site-Loja\siteplenus\images\armario\_vti_cnf\cozinhas (3).jpg --> plenusplanejados.com.br /images/armario/_vti_cnf cozinhas (3).jpg
118.04.16 14:14 B C:\Users\Administrador\Documents\Loja_PMP\Site-Loja\siteplenus\images\armario\_vti_cnf\cozinhas (4).jpg --> plenusplanejados.com.br /images/armario/_vti_cnf cozinhas (4).jpg
118.04.16 14:14 B C:\Users\Administrador\Documents\Loja_PMP\Site-Loja\siteplenus\images\armario\_vti_cnf\cozinhas (5).jpg --> plenusplanejados.com.br /images/armario/_vti_cnf cozinhas (5).jpg
118.04.16 14:14 B C:\Users\Administrador\Documents\Loja_PMP\Site-Loja\siteplenus\images\armario\_vti_cnf\cozinhas (6).jpg --> plenusplanejados.com.br /images/armario/_vti_cnf cozinhas (6).jpg
118.04.16 14:14 B C:\Users\Administrador\Documents\Loja_PMP\Site-Loja\siteplenus\images\armario\_vti_cnf\cozinhas (7).jpg --> plenusplanejados.com.br /images/armario/_vti_cnf cozinhas (7).jpg
118.04.16 14:14 B C:\Users\Administrador\Documents\Loja_PMP\Site-Loja\siteplenus\images\armario\_vti_cnf\cozinhas (8).jpg --> plenusplanejados.com.br /images/armario/_vti_cnf cozinhas (8).jpg
118.04.16 14:14 B C:\Users\Administrador\Documents\Loja_PMP\Site-Loja\siteplenus\images\armario\_vti_cnf\cozinhas (9).jpg --> plenusplanejados.com.br /images/armario/_vti_cnf cozinhas (9).jpg
118.04.16 14:14 B C:\Users\Administrador\Documents\Loja_PMP\Site-Loja\siteplenus\images\armario\_vti_cnf\cozinhas.jpg --> plenusplanejados.com.br /images/armario/_vti_cnf cozinhas.jpg
118.04.16 14:14 B C:\Users\Administrador\Documents\Loja_PMP\Site-Loja\siteplenus\images\armario\_vti_cnf\quartos (1).jpg --> plenusplanejados.com.br /images/armario/_vti_cnf quartos (1).jpg
118.04.16 14:15 B C:\Users\Administrador\Documents\Loja_PMP\Site-Loja\siteplenus\images\armario\_vti_cnf\quartos (2).jpg --> plenusplanejados.com.br /images/armario/_vti_cnf quartos (2).jpg
118.04.16 14:15 B C:\Users\Administrador\Documents\Loja_PMP\Site-Loja\siteplenus\images\armario\_vti_cnf\quartos (3).jpg --> plenusplanejados.com.br /images/armario/_vti_cnf quartos (3).jpg
118.04.16 14:15 B C:\Users\Administrador\Documents\Loja_PMP\Site-Loja\siteplenus\images\armario\_vti_cnf\quartos (4).jpg --> plenusplanejados.com.br /images/armario/_vti_cnf quartos (4).jpg
118.04.16 14:15 B C:\Users\Administrador\Documents\Loja_PMP\Site-Loja\siteplenus\images\armario\_vti_cnf\quartos (5).jpg --> plenusplanejados.com.br /images/armario/_vti_cnf quartos (5).jpg
118.04.16 14:15 B C:\Users\Administrador\Documents\Loja_PMP\Site-Loja\siteplenus\images\armario\_vti_cnf\quartos.jpg --> plenusplanejados.com.br /images/armario/_vti_cnf quartos.jpg
118.04.16 14:15 B C:\Users\Administrador\Documents\Loja_PMP\Site-Loja\siteplenus\images\armario\_vti_cnf\Thumbs.db --> plenusplanejados.com.br /images/armario/_vti_cnf Thumbs.db
118.04.16 14:15 B C:\Users\Administrador\Documents\Loja_PMP\Site-Loja\siteplenus\images\armario\_vti_cnf\ws_ftp.log --> plenusplanejados.com.br /images/armario/_vti_cnf ws_ftp.log
118.04.16 21:16 B C:\Users\Administrador\Documents\Loja_PMP\Site-Loja\siteplenus\images\armario\_vti_cnf\cozinhas (1).jpg --> plenusplanejados.com.br /public_html/images/armario/_vti_cnf cozinhas (1).jpg
118.04.16 21:16 B C:\Users\Administrador\Documents\Loja_PMP\Site-Loja\siteplenus\images\armario\_vti_cnf\cozinhas (10).jpg --> plenusplanejados.com.br /public_html/images/armario/_vti_cnf cozinhas (10).jpg
118.04.16 21:16 B C:\Users\Administrador\Documents\Loja_PMP\Site-Loja\siteplenus\images\armario\_vti_cnf\cozinhas (11).jpg --> plenusplanejados.com.br /public_html/images/armario/_vti_cnf cozinhas (11).jpg
118.04.16 21:16 B C:\Users\Administrador\Documents\Loja_PMP\Site-Loja\siteplenus\images\armario\_vti_cnf\cozinhas (12).jpg --> plenusplanejados.com.br /public_html/images/armario/_vti_cnf cozinhas (12).jpg
118.04.16 21:16 B C:\Users\Administrador\Documents\Loja_PMP\Site-Loja\siteplenus\images\armario\_vti_cnf\cozinhas (13).jpg --> plenusplanejados.com.br /public_html/images/armario/_vti_cnf cozinhas (13).jpg
118.04.16 21:16 B C:\Users\Administrador\Documents\Loja_PMP\Site-Loja\siteplenus\images\armario\_vti_cnf\cozinhas (14).jpg --> plenusplanejados.com.br /public_html/images/armario/_vti_cnf cozinhas (14).jpg
118.04.16 21:16 B C:\Users\Administrador\Documents\Loja_PMP\Site-Loja\siteplenus\images\armario\_vti_cnf\cozinhas (2).jpg --> plenusplanejados.com.br /public_html/images/armario/_vti_cnf cozinhas (2).jpg
118.04.16 21:16 B C:\Users\Administrador\Documents\Loja_PMP\Site-Loja\siteplenus\images\armario\_vti_cnf\cozinhas (3).jpg --> plenusplanejados.com.br /public_html/images/armario/_vti_cnf cozinhas (3).jpg
118.04.16 21:16 B C:\Users\Administrador\Documents\Loja_PMP\Site-Loja\siteplenus\images\armario\_vti_cnf\cozinhas (4).jpg --> plenusplanejados.com.br /public_html/images/armario/_vti_cnf cozinhas (4).jpg
118.04.16 21:16 B C:\Users\Administrador\Documents\Loja_PMP\Site-Loja\siteplenus\images\armario\_vti_cnf\cozinhas (5).jpg --> plenusplanejados.com.br /public_html/images/armario/_vti_cnf cozinhas (5).jpg
118.04.16 21:16 B C:\Users\Administrador\Documents\Loja_PMP\Site-Loja\siteplenus\images\armario\_vti_cnf\cozinhas (6).jpg --> plenusplanejados.com.br /public_html/images/armario/_vti_cnf cozinhas (6).jpg
118.04.16 21:16 B C:\Users\Administrador\Documents\Loja_PMP\Site-Loja\siteplenus\images\armario\_vti_cnf\cozinhas (7).jpg --> plenusplanejados.com.br /public_html/images/armario/_vti_cnf cozinhas (7).jpg
118.04.16 21:16 B C:\Users\Administrador\Documents\Loja_PMP\Site-Loja\siteplenus\images\armario\_vti_cnf\cozinhas (8).jpg --> plenusplanejados.com.br /public_html/images/armario/_vti_cnf cozinhas (8).jpg
118.04.16 21:16 B C:\Users\Administrador\Documents\Loja_PMP\Site-Loja\siteplenus\images\armario\_vti_cnf\cozinhas (9).jpg --> plenusplanejados.com.br /public_html/images/armario/_vti_cnf cozinhas (9).jpg
118.04.16 21:16 B C:\Users\Administrador\Documents\Loja_PMP\Site-Loja\siteplenus\images\armario\_vti_cnf\cozinhas.jpg --> plenusplanejados.com.br /public_html/images/armario/_vti_cnf cozinhas.jpg
118.04.16 21:16 B C:\Users\Administrador\Documents\Loja_PMP\Site-Loja\siteplenus\images\armario\_vti_cnf\quartos (1).jpg --> plenusplanejados.com.br /public_html/images/armario/_vti_cnf quartos (1).jpg
118.04.16 21:16 B C:\Users\Administrador\Documents\Loja_PMP\Site-Loja\siteplenus\images\armario\_vti_cnf\quartos (2).jpg --> plenusplanejados.com.br /public_html/images/armario/_vti_cnf quartos (2).jpg
118.04.16 21:16 B C:\Users\Administrador\Documents\Loja_PMP\Site-Loja\siteplenus\images\armario\_vti_cnf\quartos (3).jpg --> plenusplanejados.com.br /public_html/images/armario/_vti_cnf quartos (3).jpg
118.04.16 21:16 B C:\Users\Administrador\Documents\Loja_PMP\Site-Loja\siteplenus\images\armario\_vti_cnf\quartos (4).jpg --> plenusplanejados.com.br /public_html/images/armario/_vti_cnf quartos (4).jpg
118.04.16 21:16 B C:\Users\Administrador\Documents\Loja_PMP\Site-Loja\siteplenus\images\armario\_vti_cnf\quartos (5).jpg --> plenusplanejados.com.br /public_html/images/armario/_vti_cnf quartos (5).jpg
118.04.16 21:16 B C:\Users\Administrador\Documents\Loja_PMP\Site-Loja\siteplenus\images\armario\_vti_cnf\quartos.jpg --> plenusplanejados.com.br /public_html/images/armario/_vti_cnf quartos.jpg
118.04.16 21:16 B C:\Users\Administrador\Documents\Loja_PMP\Site-Loja\siteplenus\images\armario\_vti_cnf\Thumbs.db --> plenusplanejados.com.br /public_html/images/armario/_vti_cnf Thumbs.db
118.04.16 21:16 B C:\Users\Administrador\Documents\Loja_PMP\Site-Loja\siteplenus\images\armario\_vti_cnf\ws_ftp.log --> plenusplanejados.com.br /public_html/images/armario/_vti_cnf ws_ftp.log
