2011.04.24 14:07 B C:\Documents and Settings\Plenus\Meus Documentos\Loja_PMP\Site-Loja\siteplenus\images\armario\cozinhas (1).jpg --> plenusplanejados.com.br /public_html/images/armario cozinhas (1).jpg
2011.04.24 14:07 B C:\Documents and Settings\Plenus\Meus Documentos\Loja_PMP\Site-Loja\siteplenus\images\armario\cozinhas (10).jpg --> plenusplanejados.com.br /public_html/images/armario cozinhas (10).jpg
2011.04.24 14:07 B C:\Documents and Settings\Plenus\Meus Documentos\Loja_PMP\Site-Loja\siteplenus\images\armario\cozinhas (11).jpg --> plenusplanejados.com.br /public_html/images/armario cozinhas (11).jpg
2011.04.24 14:07 B C:\Documents and Settings\Plenus\Meus Documentos\Loja_PMP\Site-Loja\siteplenus\images\armario\cozinhas (12).jpg --> plenusplanejados.com.br /public_html/images/armario cozinhas (12).jpg
2011.04.24 14:07 B C:\Documents and Settings\Plenus\Meus Documentos\Loja_PMP\Site-Loja\siteplenus\images\armario\cozinhas (13).jpg --> plenusplanejados.com.br /public_html/images/armario cozinhas (13).jpg
2011.04.24 14:07 B C:\Documents and Settings\Plenus\Meus Documentos\Loja_PMP\Site-Loja\siteplenus\images\armario\cozinhas (14).jpg --> plenusplanejados.com.br /public_html/images/armario cozinhas (14).jpg
2011.04.24 14:07 B C:\Documents and Settings\Plenus\Meus Documentos\Loja_PMP\Site-Loja\siteplenus\images\armario\cozinhas (2).jpg --> plenusplanejados.com.br /public_html/images/armario cozinhas (2).jpg
2011.04.24 14:07 B C:\Documents and Settings\Plenus\Meus Documentos\Loja_PMP\Site-Loja\siteplenus\images\armario\cozinhas (3).jpg --> plenusplanejados.com.br /public_html/images/armario cozinhas (3).jpg
2011.04.24 14:07 B C:\Documents and Settings\Plenus\Meus Documentos\Loja_PMP\Site-Loja\siteplenus\images\armario\cozinhas (4).jpg --> plenusplanejados.com.br /public_html/images/armario cozinhas (4).jpg
2011.04.24 14:07 B C:\Documents and Settings\Plenus\Meus Documentos\Loja_PMP\Site-Loja\siteplenus\images\armario\cozinhas (5).jpg --> plenusplanejados.com.br /public_html/images/armario cozinhas (5).jpg
2011.04.24 14:07 B C:\Documents and Settings\Plenus\Meus Documentos\Loja_PMP\Site-Loja\siteplenus\images\armario\cozinhas (6).jpg --> plenusplanejados.com.br /public_html/images/armario cozinhas (6).jpg
2011.04.24 14:07 B C:\Documents and Settings\Plenus\Meus Documentos\Loja_PMP\Site-Loja\siteplenus\images\armario\cozinhas (7).jpg --> plenusplanejados.com.br /public_html/images/armario cozinhas (7).jpg
2011.04.24 14:07 B C:\Documents and Settings\Plenus\Meus Documentos\Loja_PMP\Site-Loja\siteplenus\images\armario\cozinhas (8).jpg --> plenusplanejados.com.br /public_html/images/armario cozinhas (8).jpg
2011.04.24 14:07 B C:\Documents and Settings\Plenus\Meus Documentos\Loja_PMP\Site-Loja\siteplenus\images\armario\cozinhas (9).jpg --> plenusplanejados.com.br /public_html/images/armario cozinhas (9).jpg
2011.04.24 14:07 B C:\Documents and Settings\Plenus\Meus Documentos\Loja_PMP\Site-Loja\siteplenus\images\armario\cozinhas.jpg --> plenusplanejados.com.br /public_html/images/armario cozinhas.jpg
2011.04.24 14:08 B C:\Documents and Settings\Plenus\Meus Documentos\Loja_PMP\Site-Loja\siteplenus\images\armario\quartos (1).jpg --> plenusplanejados.com.br /public_html/images/armario quartos (1).jpg
2011.04.24 14:08 B C:\Documents and Settings\Plenus\Meus Documentos\Loja_PMP\Site-Loja\siteplenus\images\armario\quartos (2).jpg --> plenusplanejados.com.br /public_html/images/armario quartos (2).jpg
2011.04.24 14:08 B C:\Documents and Settings\Plenus\Meus Documentos\Loja_PMP\Site-Loja\siteplenus\images\armario\quartos (3).jpg --> plenusplanejados.com.br /public_html/images/armario quartos (3).jpg
2011.04.24 14:08 B C:\Documents and Settings\Plenus\Meus Documentos\Loja_PMP\Site-Loja\siteplenus\images\armario\quartos (4).jpg --> plenusplanejados.com.br /public_html/images/armario quartos (4).jpg
2011.04.24 14:08 B C:\Documents and Settings\Plenus\Meus Documentos\Loja_PMP\Site-Loja\siteplenus\images\armario\quartos (5).jpg --> plenusplanejados.com.br /public_html/images/armario quartos (5).jpg
2011.04.24 14:08 B C:\Documents and Settings\Plenus\Meus Documentos\Loja_PMP\Site-Loja\siteplenus\images\armario\quartos.jpg --> plenusplanejados.com.br /public_html/images/armario quartos.jpg
2011.04.24 14:08 B C:\Documents and Settings\Plenus\Meus Documentos\Loja_PMP\Site-Loja\siteplenus\images\armario\Thumbs.db --> plenusplanejados.com.br /public_html/images/armario Thumbs.db
118.04.16 14:14 B C:\Users\Administrador\Documents\Loja_PMP\Site-Loja\siteplenus\images\armario\cozinhas (1).jpg --> plenusplanejados.com.br /images/armario cozinhas (1).jpg
118.04.16 14:14 B C:\Users\Administrador\Documents\Loja_PMP\Site-Loja\siteplenus\images\armario\cozinhas (10).jpg --> plenusplanejados.com.br /images/armario cozinhas (10).jpg
118.04.16 14:14 B C:\Users\Administrador\Documents\Loja_PMP\Site-Loja\siteplenus\images\armario\cozinhas (11).jpg --> plenusplanejados.com.br /images/armario cozinhas (11).jpg
118.04.16 14:14 B C:\Users\Administrador\Documents\Loja_PMP\Site-Loja\siteplenus\images\armario\cozinhas (12).jpg --> plenusplanejados.com.br /images/armario cozinhas (12).jpg
118.04.16 14:14 B C:\Users\Administrador\Documents\Loja_PMP\Site-Loja\siteplenus\images\armario\cozinhas (13).jpg --> plenusplanejados.com.br /images/armario cozinhas (13).jpg
118.04.16 14:14 B C:\Users\Administrador\Documents\Loja_PMP\Site-Loja\siteplenus\images\armario\cozinhas (14).jpg --> plenusplanejados.com.br /images/armario cozinhas (14).jpg
118.04.16 14:14 B C:\Users\Administrador\Documents\Loja_PMP\Site-Loja\siteplenus\images\armario\cozinhas (2).jpg --> plenusplanejados.com.br /images/armario cozinhas (2).jpg
118.04.16 14:14 B C:\Users\Administrador\Documents\Loja_PMP\Site-Loja\siteplenus\images\armario\cozinhas (3).jpg --> plenusplanejados.com.br /images/armario cozinhas (3).jpg
118.04.16 14:14 B C:\Users\Administrador\Documents\Loja_PMP\Site-Loja\siteplenus\images\armario\cozinhas (4).jpg --> plenusplanejados.com.br /images/armario cozinhas (4).jpg
118.04.16 14:14 B C:\Users\Administrador\Documents\Loja_PMP\Site-Loja\siteplenus\images\armario\cozinhas (5).jpg --> plenusplanejados.com.br /images/armario cozinhas (5).jpg
118.04.16 14:14 B C:\Users\Administrador\Documents\Loja_PMP\Site-Loja\siteplenus\images\armario\cozinhas (6).jpg --> plenusplanejados.com.br /images/armario cozinhas (6).jpg
118.04.16 14:14 B C:\Users\Administrador\Documents\Loja_PMP\Site-Loja\siteplenus\images\armario\cozinhas (7).jpg --> plenusplanejados.com.br /images/armario cozinhas (7).jpg
118.04.16 14:14 B C:\Users\Administrador\Documents\Loja_PMP\Site-Loja\siteplenus\images\armario\cozinhas (8).jpg --> plenusplanejados.com.br /images/armario cozinhas (8).jpg
118.04.16 14:14 B C:\Users\Administrador\Documents\Loja_PMP\Site-Loja\siteplenus\images\armario\cozinhas (9).jpg --> plenusplanejados.com.br /images/armario cozinhas (9).jpg
118.04.16 14:14 B C:\Users\Administrador\Documents\Loja_PMP\Site-Loja\siteplenus\images\armario\cozinhas.jpg --> plenusplanejados.com.br /images/armario cozinhas.jpg
118.04.16 14:14 B C:\Users\Administrador\Documents\Loja_PMP\Site-Loja\siteplenus\images\armario\quartos (1).jpg --> plenusplanejados.com.br /images/armario quartos (1).jpg
118.04.16 14:14 B C:\Users\Administrador\Documents\Loja_PMP\Site-Loja\siteplenus\images\armario\quartos (2).jpg --> plenusplanejados.com.br /images/armario quartos (2).jpg
118.04.16 14:14 B C:\Users\Administrador\Documents\Loja_PMP\Site-Loja\siteplenus\images\armario\quartos (3).jpg --> plenusplanejados.com.br /images/armario quartos (3).jpg
118.04.16 14:14 B C:\Users\Administrador\Documents\Loja_PMP\Site-Loja\siteplenus\images\armario\quartos (4).jpg --> plenusplanejados.com.br /images/armario quartos (4).jpg
118.04.16 14:14 B C:\Users\Administrador\Documents\Loja_PMP\Site-Loja\siteplenus\images\armario\quartos (5).jpg --> plenusplanejados.com.br /images/armario quartos (5).jpg
118.04.16 14:14 B C:\Users\Administrador\Documents\Loja_PMP\Site-Loja\siteplenus\images\armario\quartos.jpg --> plenusplanejados.com.br /images/armario quartos.jpg
118.04.16 14:14 B C:\Users\Administrador\Documents\Loja_PMP\Site-Loja\siteplenus\images\armario\Thumbs.db --> plenusplanejados.com.br /images/armario Thumbs.db
118.04.16 14:14 B C:\Users\Administrador\Documents\Loja_PMP\Site-Loja\siteplenus\images\armario\ws_ftp.log --> plenusplanejados.com.br /images/armario ws_ftp.log
118.04.16 21:15 B C:\Users\Administrador\Documents\Loja_PMP\Site-Loja\siteplenus\images\armario\cozinhas (1).jpg --> plenusplanejados.com.br /public_html/images/armario cozinhas (1).jpg
118.04.16 21:15 B C:\Users\Administrador\Documents\Loja_PMP\Site-Loja\siteplenus\images\armario\cozinhas (10).jpg --> plenusplanejados.com.br /public_html/images/armario cozinhas (10).jpg
118.04.16 21:15 B C:\Users\Administrador\Documents\Loja_PMP\Site-Loja\siteplenus\images\armario\cozinhas (11).jpg --> plenusplanejados.com.br /public_html/images/armario cozinhas (11).jpg
118.04.16 21:15 B C:\Users\Administrador\Documents\Loja_PMP\Site-Loja\siteplenus\images\armario\cozinhas (12).jpg --> plenusplanejados.com.br /public_html/images/armario cozinhas (12).jpg
118.04.16 21:15 B C:\Users\Administrador\Documents\Loja_PMP\Site-Loja\siteplenus\images\armario\cozinhas (13).jpg --> plenusplanejados.com.br /public_html/images/armario cozinhas (13).jpg
118.04.16 21:15 B C:\Users\Administrador\Documents\Loja_PMP\Site-Loja\siteplenus\images\armario\cozinhas (14).jpg --> plenusplanejados.com.br /public_html/images/armario cozinhas (14).jpg
118.04.16 21:15 B C:\Users\Administrador\Documents\Loja_PMP\Site-Loja\siteplenus\images\armario\cozinhas (2).jpg --> plenusplanejados.com.br /public_html/images/armario cozinhas (2).jpg
118.04.16 21:15 B C:\Users\Administrador\Documents\Loja_PMP\Site-Loja\siteplenus\images\armario\cozinhas (3).jpg --> plenusplanejados.com.br /public_html/images/armario cozinhas (3).jpg
118.04.16 21:15 B C:\Users\Administrador\Documents\Loja_PMP\Site-Loja\siteplenus\images\armario\cozinhas (4).jpg --> plenusplanejados.com.br /public_html/images/armario cozinhas (4).jpg
118.04.16 21:16 B C:\Users\Administrador\Documents\Loja_PMP\Site-Loja\siteplenus\images\armario\cozinhas (5).jpg --> plenusplanejados.com.br /public_html/images/armario cozinhas (5).jpg
118.04.16 21:16 B C:\Users\Administrador\Documents\Loja_PMP\Site-Loja\siteplenus\images\armario\cozinhas (6).jpg --> plenusplanejados.com.br /public_html/images/armario cozinhas (6).jpg
118.04.16 21:16 B C:\Users\Administrador\Documents\Loja_PMP\Site-Loja\siteplenus\images\armario\cozinhas (7).jpg --> plenusplanejados.com.br /public_html/images/armario cozinhas (7).jpg
118.04.16 21:16 B C:\Users\Administrador\Documents\Loja_PMP\Site-Loja\siteplenus\images\armario\cozinhas (8).jpg --> plenusplanejados.com.br /public_html/images/armario cozinhas (8).jpg
118.04.16 21:16 B C:\Users\Administrador\Documents\Loja_PMP\Site-Loja\siteplenus\images\armario\cozinhas (9).jpg --> plenusplanejados.com.br /public_html/images/armario cozinhas (9).jpg
118.04.16 21:16 B C:\Users\Administrador\Documents\Loja_PMP\Site-Loja\siteplenus\images\armario\cozinhas.jpg --> plenusplanejados.com.br /public_html/images/armario cozinhas.jpg
118.04.16 21:16 B C:\Users\Administrador\Documents\Loja_PMP\Site-Loja\siteplenus\images\armario\quartos (1).jpg --> plenusplanejados.com.br /public_html/images/armario quartos (1).jpg
118.04.16 21:16 B C:\Users\Administrador\Documents\Loja_PMP\Site-Loja\siteplenus\images\armario\quartos (2).jpg --> plenusplanejados.com.br /public_html/images/armario quartos (2).jpg
118.04.16 21:16 B C:\Users\Administrador\Documents\Loja_PMP\Site-Loja\siteplenus\images\armario\quartos (3).jpg --> plenusplanejados.com.br /public_html/images/armario quartos (3).jpg
118.04.16 21:16 B C:\Users\Administrador\Documents\Loja_PMP\Site-Loja\siteplenus\images\armario\quartos (4).jpg --> plenusplanejados.com.br /public_html/images/armario quartos (4).jpg
118.04.16 21:16 B C:\Users\Administrador\Documents\Loja_PMP\Site-Loja\siteplenus\images\armario\quartos (5).jpg --> plenusplanejados.com.br /public_html/images/armario quartos (5).jpg
118.04.16 21:16 B C:\Users\Administrador\Documents\Loja_PMP\Site-Loja\siteplenus\images\armario\quartos.jpg --> plenusplanejados.com.br /public_html/images/armario quartos.jpg
118.04.16 21:16 B C:\Users\Administrador\Documents\Loja_PMP\Site-Loja\siteplenus\images\armario\Thumbs.db --> plenusplanejados.com.br /public_html/images/armario Thumbs.db
118.04.16 21:16 B C:\Users\Administrador\Documents\Loja_PMP\Site-Loja\siteplenus\images\armario\ws_ftp.log --> plenusplanejados.com.br /public_html/images/armario ws_ftp.log
