2011.04.24 14:32 B C:\Documents and Settings\Plenus\Meus Documentos\Loja_PMP\Site-Loja\siteplenus\images\painel\_vti_cnf\painel (0).jpg --> plenusplanejados.com.br /public_html/images/painel/_vti_cnf painel (0).jpg
2011.04.24 14:32 B C:\Documents and Settings\Plenus\Meus Documentos\Loja_PMP\Site-Loja\siteplenus\images\painel\_vti_cnf\painel (1).jpg --> plenusplanejados.com.br /public_html/images/painel/_vti_cnf painel (1).jpg
2011.04.24 14:32 B C:\Documents and Settings\Plenus\Meus Documentos\Loja_PMP\Site-Loja\siteplenus\images\painel\_vti_cnf\painel (2).jpg --> plenusplanejados.com.br /public_html/images/painel/_vti_cnf painel (2).jpg
2011.04.24 14:32 B C:\Documents and Settings\Plenus\Meus Documentos\Loja_PMP\Site-Loja\siteplenus\images\painel\_vti_cnf\painel (3).jpg --> plenusplanejados.com.br /public_html/images/painel/_vti_cnf painel (3).jpg
2011.04.24 14:32 B C:\Documents and Settings\Plenus\Meus Documentos\Loja_PMP\Site-Loja\siteplenus\images\painel\_vti_cnf\painel (4).jpg --> plenusplanejados.com.br /public_html/images/painel/_vti_cnf painel (4).jpg
2011.04.24 14:32 B C:\Documents and Settings\Plenus\Meus Documentos\Loja_PMP\Site-Loja\siteplenus\images\painel\_vti_cnf\painel (5).jpg --> plenusplanejados.com.br /public_html/images/painel/_vti_cnf painel (5).jpg
2011.04.24 14:32 B C:\Documents and Settings\Plenus\Meus Documentos\Loja_PMP\Site-Loja\siteplenus\images\painel\_vti_cnf\Thumbs.db --> plenusplanejados.com.br /public_html/images/painel/_vti_cnf Thumbs.db
118.04.16 14:32 B C:\Users\Administrador\Documents\Loja_PMP\Site-Loja\siteplenus\images\painel\_vti_cnf\painel (0).jpg --> plenusplanejados.com.br /images/painel/_vti_cnf painel (0).jpg
118.04.16 14:32 B C:\Users\Administrador\Documents\Loja_PMP\Site-Loja\siteplenus\images\painel\_vti_cnf\painel (1).jpg --> plenusplanejados.com.br /images/painel/_vti_cnf painel (1).jpg
118.04.16 14:32 B C:\Users\Administrador\Documents\Loja_PMP\Site-Loja\siteplenus\images\painel\_vti_cnf\painel (2).jpg --> plenusplanejados.com.br /images/painel/_vti_cnf painel (2).jpg
118.04.16 14:32 B C:\Users\Administrador\Documents\Loja_PMP\Site-Loja\siteplenus\images\painel\_vti_cnf\painel (3).jpg --> plenusplanejados.com.br /images/painel/_vti_cnf painel (3).jpg
118.04.16 14:32 B C:\Users\Administrador\Documents\Loja_PMP\Site-Loja\siteplenus\images\painel\_vti_cnf\painel (4).jpg --> plenusplanejados.com.br /images/painel/_vti_cnf painel (4).jpg
118.04.16 14:32 B C:\Users\Administrador\Documents\Loja_PMP\Site-Loja\siteplenus\images\painel\_vti_cnf\painel (5).jpg --> plenusplanejados.com.br /images/painel/_vti_cnf painel (5).jpg
118.04.16 14:32 B C:\Users\Administrador\Documents\Loja_PMP\Site-Loja\siteplenus\images\painel\_vti_cnf\Thumbs.db --> plenusplanejados.com.br /images/painel/_vti_cnf Thumbs.db
118.04.16 14:32 B C:\Users\Administrador\Documents\Loja_PMP\Site-Loja\siteplenus\images\painel\_vti_cnf\ws_ftp.log --> plenusplanejados.com.br /images/painel/_vti_cnf ws_ftp.log
118.04.16 21:34 B C:\Users\Administrador\Documents\Loja_PMP\Site-Loja\siteplenus\images\painel\_vti_cnf\painel (0).jpg --> plenusplanejados.com.br /public_html/images/painel/_vti_cnf painel (0).jpg
118.04.16 21:34 B C:\Users\Administrador\Documents\Loja_PMP\Site-Loja\siteplenus\images\painel\_vti_cnf\painel (1).jpg --> plenusplanejados.com.br /public_html/images/painel/_vti_cnf painel (1).jpg
118.04.16 21:34 B C:\Users\Administrador\Documents\Loja_PMP\Site-Loja\siteplenus\images\painel\_vti_cnf\painel (2).jpg --> plenusplanejados.com.br /public_html/images/painel/_vti_cnf painel (2).jpg
118.04.16 21:34 B C:\Users\Administrador\Documents\Loja_PMP\Site-Loja\siteplenus\images\painel\_vti_cnf\painel (3).jpg --> plenusplanejados.com.br /public_html/images/painel/_vti_cnf painel (3).jpg
118.04.16 21:34 B C:\Users\Administrador\Documents\Loja_PMP\Site-Loja\siteplenus\images\painel\_vti_cnf\painel (4).jpg --> plenusplanejados.com.br /public_html/images/painel/_vti_cnf painel (4).jpg
118.04.16 21:34 B C:\Users\Administrador\Documents\Loja_PMP\Site-Loja\siteplenus\images\painel\_vti_cnf\painel (5).jpg --> plenusplanejados.com.br /public_html/images/painel/_vti_cnf painel (5).jpg
118.04.16 21:34 B C:\Users\Administrador\Documents\Loja_PMP\Site-Loja\siteplenus\images\painel\_vti_cnf\Thumbs.db --> plenusplanejados.com.br /public_html/images/painel/_vti_cnf Thumbs.db
118.04.16 21:34 B C:\Users\Administrador\Documents\Loja_PMP\Site-Loja\siteplenus\images\painel\_vti_cnf\ws_ftp.log --> plenusplanejados.com.br /public_html/images/painel/_vti_cnf ws_ftp.log
