2011.04.24 14:08 B C:\Documents and Settings\Plenus\Meus Documentos\Loja_PMP\Site-Loja\siteplenus\images\banho\Thumbs.db --> plenusplanejados.com.br /public_html/images/banho Thumbs.db
118.04.16 14:15 B C:\Users\Administrador\Documents\Loja_PMP\Site-Loja\siteplenus\images\banho\banho (0).jpg --> plenusplanejados.com.br /images/banho banho (0).jpg
118.04.16 14:15 B C:\Users\Administrador\Documents\Loja_PMP\Site-Loja\siteplenus\images\banho\banho (1).jpg --> plenusplanejados.com.br /images/banho banho (1).jpg
118.04.16 14:15 B C:\Users\Administrador\Documents\Loja_PMP\Site-Loja\siteplenus\images\banho\banho (2).jpg --> plenusplanejados.com.br /images/banho banho (2).jpg
118.04.16 14:15 B C:\Users\Administrador\Documents\Loja_PMP\Site-Loja\siteplenus\images\banho\banho (3).jpg --> plenusplanejados.com.br /images/banho banho (3).jpg
118.04.16 14:15 B C:\Users\Administrador\Documents\Loja_PMP\Site-Loja\siteplenus\images\banho\banho (4).jpg --> plenusplanejados.com.br /images/banho banho (4).jpg
118.04.16 14:15 B C:\Users\Administrador\Documents\Loja_PMP\Site-Loja\siteplenus\images\banho\banho (5).jpg --> plenusplanejados.com.br /images/banho banho (5).jpg
118.04.16 14:15 B C:\Users\Administrador\Documents\Loja_PMP\Site-Loja\siteplenus\images\banho\banho (6).jpg --> plenusplanejados.com.br /images/banho banho (6).jpg
118.04.16 14:15 B C:\Users\Administrador\Documents\Loja_PMP\Site-Loja\siteplenus\images\banho\banho (7).jpg --> plenusplanejados.com.br /images/banho banho (7).jpg
118.04.16 14:15 B C:\Users\Administrador\Documents\Loja_PMP\Site-Loja\siteplenus\images\banho\banho (8).jpg --> plenusplanejados.com.br /images/banho banho (8).jpg
118.04.16 14:15 B C:\Users\Administrador\Documents\Loja_PMP\Site-Loja\siteplenus\images\banho\banho (9).jpg --> plenusplanejados.com.br /images/banho banho (9).jpg
118.04.16 14:15 B C:\Users\Administrador\Documents\Loja_PMP\Site-Loja\siteplenus\images\banho\Thumbs.db --> plenusplanejados.com.br /images/banho Thumbs.db
118.04.16 14:15 B C:\Users\Administrador\Documents\Loja_PMP\Site-Loja\siteplenus\images\banho\ws_ftp.log --> plenusplanejados.com.br /images/banho ws_ftp.log
118.04.16 21:16 B C:\Users\Administrador\Documents\Loja_PMP\Site-Loja\siteplenus\images\banho\banho (0).jpg --> plenusplanejados.com.br /public_html/images/banho banho (0).jpg
118.04.16 21:16 B C:\Users\Administrador\Documents\Loja_PMP\Site-Loja\siteplenus\images\banho\banho (1).jpg --> plenusplanejados.com.br /public_html/images/banho banho (1).jpg
118.04.16 21:16 B C:\Users\Administrador\Documents\Loja_PMP\Site-Loja\siteplenus\images\banho\banho (2).jpg --> plenusplanejados.com.br /public_html/images/banho banho (2).jpg
118.04.16 21:16 B C:\Users\Administrador\Documents\Loja_PMP\Site-Loja\siteplenus\images\banho\banho (3).jpg --> plenusplanejados.com.br /public_html/images/banho banho (3).jpg
118.04.16 21:16 B C:\Users\Administrador\Documents\Loja_PMP\Site-Loja\siteplenus\images\banho\banho (4).jpg --> plenusplanejados.com.br /public_html/images/banho banho (4).jpg
118.04.16 21:16 B C:\Users\Administrador\Documents\Loja_PMP\Site-Loja\siteplenus\images\banho\banho (5).jpg --> plenusplanejados.com.br /public_html/images/banho banho (5).jpg
118.04.16 21:16 B C:\Users\Administrador\Documents\Loja_PMP\Site-Loja\siteplenus\images\banho\banho (6).jpg --> plenusplanejados.com.br /public_html/images/banho banho (6).jpg
118.04.16 21:16 B C:\Users\Administrador\Documents\Loja_PMP\Site-Loja\siteplenus\images\banho\banho (7).jpg --> plenusplanejados.com.br /public_html/images/banho banho (7).jpg
118.04.16 21:16 B C:\Users\Administrador\Documents\Loja_PMP\Site-Loja\siteplenus\images\banho\banho (8).jpg --> plenusplanejados.com.br /public_html/images/banho banho (8).jpg
118.04.16 21:16 B C:\Users\Administrador\Documents\Loja_PMP\Site-Loja\siteplenus\images\banho\banho (9).jpg --> plenusplanejados.com.br /public_html/images/banho banho (9).jpg
118.04.16 21:17 B C:\Users\Administrador\Documents\Loja_PMP\Site-Loja\siteplenus\images\banho\Thumbs.db --> plenusplanejados.com.br /public_html/images/banho Thumbs.db
118.04.16 21:17 B C:\Users\Administrador\Documents\Loja_PMP\Site-Loja\siteplenus\images\banho\ws_ftp.log --> plenusplanejados.com.br /public_html/images/banho ws_ftp.log
