2011.04.24 14:08 B C:\Documents and Settings\Plenus\Meus Documentos\Loja_PMP\Site-Loja\siteplenus\images\cama\_vti_cnf\cama (0).jpg --> plenusplanejados.com.br /public_html/images/cama/_vti_cnf cama (0).jpg
2011.04.24 14:08 B C:\Documents and Settings\Plenus\Meus Documentos\Loja_PMP\Site-Loja\siteplenus\images\cama\_vti_cnf\cama (1).jpg --> plenusplanejados.com.br /public_html/images/cama/_vti_cnf cama (1).jpg
2011.04.24 14:08 B C:\Documents and Settings\Plenus\Meus Documentos\Loja_PMP\Site-Loja\siteplenus\images\cama\_vti_cnf\cama (2).jpg --> plenusplanejados.com.br /public_html/images/cama/_vti_cnf cama (2).jpg
2011.04.24 14:08 B C:\Documents and Settings\Plenus\Meus Documentos\Loja_PMP\Site-Loja\siteplenus\images\cama\_vti_cnf\cama (3).jpg --> plenusplanejados.com.br /public_html/images/cama/_vti_cnf cama (3).jpg
2011.04.24 14:08 B C:\Documents and Settings\Plenus\Meus Documentos\Loja_PMP\Site-Loja\siteplenus\images\cama\_vti_cnf\cama (4).jpg --> plenusplanejados.com.br /public_html/images/cama/_vti_cnf cama (4).jpg
2011.04.24 14:08 B C:\Documents and Settings\Plenus\Meus Documentos\Loja_PMP\Site-Loja\siteplenus\images\cama\_vti_cnf\cama (5).jpg --> plenusplanejados.com.br /public_html/images/cama/_vti_cnf cama (5).jpg
2011.04.24 14:08 B C:\Documents and Settings\Plenus\Meus Documentos\Loja_PMP\Site-Loja\siteplenus\images\cama\_vti_cnf\Thumbs.db --> plenusplanejados.com.br /public_html/images/cama/_vti_cnf Thumbs.db
118.04.16 14:15 B C:\Users\Administrador\Documents\Loja_PMP\Site-Loja\siteplenus\images\cama\_vti_cnf\cama (0).jpg --> plenusplanejados.com.br /images/cama/_vti_cnf cama (0).jpg
118.04.16 14:15 B C:\Users\Administrador\Documents\Loja_PMP\Site-Loja\siteplenus\images\cama\_vti_cnf\cama (1).jpg --> plenusplanejados.com.br /images/cama/_vti_cnf cama (1).jpg
118.04.16 14:15 B C:\Users\Administrador\Documents\Loja_PMP\Site-Loja\siteplenus\images\cama\_vti_cnf\cama (2).jpg --> plenusplanejados.com.br /images/cama/_vti_cnf cama (2).jpg
118.04.16 14:15 B C:\Users\Administrador\Documents\Loja_PMP\Site-Loja\siteplenus\images\cama\_vti_cnf\cama (3).jpg --> plenusplanejados.com.br /images/cama/_vti_cnf cama (3).jpg
118.04.16 14:15 B C:\Users\Administrador\Documents\Loja_PMP\Site-Loja\siteplenus\images\cama\_vti_cnf\cama (4).jpg --> plenusplanejados.com.br /images/cama/_vti_cnf cama (4).jpg
118.04.16 14:15 B C:\Users\Administrador\Documents\Loja_PMP\Site-Loja\siteplenus\images\cama\_vti_cnf\cama (5).jpg --> plenusplanejados.com.br /images/cama/_vti_cnf cama (5).jpg
118.04.16 14:15 B C:\Users\Administrador\Documents\Loja_PMP\Site-Loja\siteplenus\images\cama\_vti_cnf\Thumbs.db --> plenusplanejados.com.br /images/cama/_vti_cnf Thumbs.db
118.04.16 14:15 B C:\Users\Administrador\Documents\Loja_PMP\Site-Loja\siteplenus\images\cama\_vti_cnf\ws_ftp.log --> plenusplanejados.com.br /images/cama/_vti_cnf ws_ftp.log
118.04.16 21:17 B C:\Users\Administrador\Documents\Loja_PMP\Site-Loja\siteplenus\images\cama\_vti_cnf\cama (0).jpg --> plenusplanejados.com.br /public_html/images/cama/_vti_cnf cama (0).jpg
118.04.16 21:17 B C:\Users\Administrador\Documents\Loja_PMP\Site-Loja\siteplenus\images\cama\_vti_cnf\cama (1).jpg --> plenusplanejados.com.br /public_html/images/cama/_vti_cnf cama (1).jpg
118.04.16 21:17 B C:\Users\Administrador\Documents\Loja_PMP\Site-Loja\siteplenus\images\cama\_vti_cnf\cama (2).jpg --> plenusplanejados.com.br /public_html/images/cama/_vti_cnf cama (2).jpg
118.04.16 21:17 B C:\Users\Administrador\Documents\Loja_PMP\Site-Loja\siteplenus\images\cama\_vti_cnf\cama (3).jpg --> plenusplanejados.com.br /public_html/images/cama/_vti_cnf cama (3).jpg
118.04.16 21:17 B C:\Users\Administrador\Documents\Loja_PMP\Site-Loja\siteplenus\images\cama\_vti_cnf\cama (4).jpg --> plenusplanejados.com.br /public_html/images/cama/_vti_cnf cama (4).jpg
118.04.16 21:17 B C:\Users\Administrador\Documents\Loja_PMP\Site-Loja\siteplenus\images\cama\_vti_cnf\cama (5).jpg --> plenusplanejados.com.br /public_html/images/cama/_vti_cnf cama (5).jpg
118.04.16 21:17 B C:\Users\Administrador\Documents\Loja_PMP\Site-Loja\siteplenus\images\cama\_vti_cnf\Thumbs.db --> plenusplanejados.com.br /public_html/images/cama/_vti_cnf Thumbs.db
118.04.16 21:17 B C:\Users\Administrador\Documents\Loja_PMP\Site-Loja\siteplenus\images\cama\_vti_cnf\ws_ftp.log --> plenusplanejados.com.br /public_html/images/cama/_vti_cnf ws_ftp.log
