2011.04.24 14:06 B C:\Documents and Settings\Plenus\Meus Documentos\Loja_PMP\Site-Loja\siteplenus\images\_vti_cnf\logo planejados.jpg --> plenusplanejados.com.br /public_html/images/_vti_cnf logo planejados.jpg
2011.04.24 14:06 B C:\Documents and Settings\Plenus\Meus Documentos\Loja_PMP\Site-Loja\siteplenus\images\_vti_cnf\logo plenus azul.jpg --> plenusplanejados.com.br /public_html/images/_vti_cnf logo plenus azul.jpg
2011.04.24 14:06 B C:\Documents and Settings\Plenus\Meus Documentos\Loja_PMP\Site-Loja\siteplenus\images\_vti_cnf\logo plenus.jpg --> plenusplanejados.com.br /public_html/images/_vti_cnf logo plenus.jpg
2011.04.24 14:06 B C:\Documents and Settings\Plenus\Meus Documentos\Loja_PMP\Site-Loja\siteplenus\images\_vti_cnf\logoplenus.jpg --> plenusplanejados.com.br /public_html/images/_vti_cnf logoplenus.jpg
2011.04.24 14:06 B C:\Documents and Settings\Plenus\Meus Documentos\Loja_PMP\Site-Loja\siteplenus\images\_vti_cnf\tela fundo.jpg --> plenusplanejados.com.br /public_html/images/_vti_cnf tela fundo.jpg
2011.04.24 14:06 B C:\Documents and Settings\Plenus\Meus Documentos\Loja_PMP\Site-Loja\siteplenus\images\_vti_cnf\Thumbs.db --> plenusplanejados.com.br /public_html/images/_vti_cnf Thumbs.db
118.04.16 14:33 B C:\Users\Administrador\Documents\Loja_PMP\Site-Loja\siteplenus\images\_vti_cnf\logo planejados.jpg --> plenusplanejados.com.br /images/_vti_cnf logo planejados.jpg
118.04.16 14:33 B C:\Users\Administrador\Documents\Loja_PMP\Site-Loja\siteplenus\images\_vti_cnf\logo plenus azul.jpg --> plenusplanejados.com.br /images/_vti_cnf logo plenus azul.jpg
118.04.16 14:33 B C:\Users\Administrador\Documents\Loja_PMP\Site-Loja\siteplenus\images\_vti_cnf\logo plenus.jpg --> plenusplanejados.com.br /images/_vti_cnf logo plenus.jpg
118.04.16 14:33 B C:\Users\Administrador\Documents\Loja_PMP\Site-Loja\siteplenus\images\_vti_cnf\logoplenus.jpg --> plenusplanejados.com.br /images/_vti_cnf logoplenus.jpg
118.04.16 14:33 B C:\Users\Administrador\Documents\Loja_PMP\Site-Loja\siteplenus\images\_vti_cnf\tela fundo.jpg --> plenusplanejados.com.br /images/_vti_cnf tela fundo.jpg
118.04.16 14:33 B C:\Users\Administrador\Documents\Loja_PMP\Site-Loja\siteplenus\images\_vti_cnf\Thumbs.db --> plenusplanejados.com.br /images/_vti_cnf Thumbs.db
118.04.16 14:33 B C:\Users\Administrador\Documents\Loja_PMP\Site-Loja\siteplenus\images\_vti_cnf\ws_ftp.log --> plenusplanejados.com.br /images/_vti_cnf ws_ftp.log
118.04.16 21:35 B C:\Users\Administrador\Documents\Loja_PMP\Site-Loja\siteplenus\images\_vti_cnf\logo planejados.jpg --> plenusplanejados.com.br /public_html/images/_vti_cnf logo planejados.jpg
118.04.16 21:35 B C:\Users\Administrador\Documents\Loja_PMP\Site-Loja\siteplenus\images\_vti_cnf\logo plenus azul.jpg --> plenusplanejados.com.br /public_html/images/_vti_cnf logo plenus azul.jpg
118.04.16 21:35 B C:\Users\Administrador\Documents\Loja_PMP\Site-Loja\siteplenus\images\_vti_cnf\logo plenus.jpg --> plenusplanejados.com.br /public_html/images/_vti_cnf logo plenus.jpg
118.04.16 21:35 B C:\Users\Administrador\Documents\Loja_PMP\Site-Loja\siteplenus\images\_vti_cnf\logoplenus.jpg --> plenusplanejados.com.br /public_html/images/_vti_cnf logoplenus.jpg
118.04.16 21:35 B C:\Users\Administrador\Documents\Loja_PMP\Site-Loja\siteplenus\images\_vti_cnf\tela fundo.jpg --> plenusplanejados.com.br /public_html/images/_vti_cnf tela fundo.jpg
118.04.16 21:35 B C:\Users\Administrador\Documents\Loja_PMP\Site-Loja\siteplenus\images\_vti_cnf\Thumbs.db --> plenusplanejados.com.br /public_html/images/_vti_cnf Thumbs.db
118.04.16 21:35 B C:\Users\Administrador\Documents\Loja_PMP\Site-Loja\siteplenus\images\_vti_cnf\ws_ftp.log --> plenusplanejados.com.br /public_html/images/_vti_cnf ws_ftp.log
