118.04.16 14:13 B C:\Users\Administrador\Documents\Loja_PMP\Site-Loja\siteplenus\_vti_pvt\botinfs.cnf --> plenusplanejados.com.br /_vti_pvt botinfs.cnf
118.04.16 14:13 B C:\Users\Administrador\Documents\Loja_PMP\Site-Loja\siteplenus\_vti_pvt\bots.cnf --> plenusplanejados.com.br /_vti_pvt bots.cnf
118.04.16 14:13 B C:\Users\Administrador\Documents\Loja_PMP\Site-Loja\siteplenus\_vti_pvt\deptodoc.btr --> plenusplanejados.com.br /_vti_pvt deptodoc.btr
118.04.16 14:13 B C:\Users\Administrador\Documents\Loja_PMP\Site-Loja\siteplenus\_vti_pvt\doctodep.btr --> plenusplanejados.com.br /_vti_pvt doctodep.btr
118.04.16 14:13 B C:\Users\Administrador\Documents\Loja_PMP\Site-Loja\siteplenus\_vti_pvt\fpdbw.ico --> plenusplanejados.com.br /_vti_pvt fpdbw.ico
118.04.16 14:13 B C:\Users\Administrador\Documents\Loja_PMP\Site-Loja\siteplenus\_vti_pvt\linkinfo.btr --> plenusplanejados.com.br /_vti_pvt linkinfo.btr
118.04.16 14:13 B C:\Users\Administrador\Documents\Loja_PMP\Site-Loja\siteplenus\_vti_pvt\service.cnf --> plenusplanejados.com.br /_vti_pvt service.cnf
118.04.16 14:13 B C:\Users\Administrador\Documents\Loja_PMP\Site-Loja\siteplenus\_vti_pvt\service.lck --> plenusplanejados.com.br /_vti_pvt service.lck
118.04.16 14:13 B C:\Users\Administrador\Documents\Loja_PMP\Site-Loja\siteplenus\_vti_pvt\services.cnf --> plenusplanejados.com.br /_vti_pvt services.cnf
118.04.16 14:13 B C:\Users\Administrador\Documents\Loja_PMP\Site-Loja\siteplenus\_vti_pvt\structure.cnf --> plenusplanejados.com.br /_vti_pvt structure.cnf
118.04.16 21:15 B C:\Users\Administrador\Documents\Loja_PMP\Site-Loja\siteplenus\_vti_pvt\botinfs.cnf --> plenusplanejados.com.br /public_html/_vti_pvt botinfs.cnf
118.04.16 21:15 B C:\Users\Administrador\Documents\Loja_PMP\Site-Loja\siteplenus\_vti_pvt\bots.cnf --> plenusplanejados.com.br /public_html/_vti_pvt bots.cnf
118.04.16 21:15 B C:\Users\Administrador\Documents\Loja_PMP\Site-Loja\siteplenus\_vti_pvt\deptodoc.btr --> plenusplanejados.com.br /public_html/_vti_pvt deptodoc.btr
118.04.16 21:15 B C:\Users\Administrador\Documents\Loja_PMP\Site-Loja\siteplenus\_vti_pvt\doctodep.btr --> plenusplanejados.com.br /public_html/_vti_pvt doctodep.btr
118.04.16 21:15 B C:\Users\Administrador\Documents\Loja_PMP\Site-Loja\siteplenus\_vti_pvt\fpdbw.ico --> plenusplanejados.com.br /public_html/_vti_pvt fpdbw.ico
118.04.16 21:15 B C:\Users\Administrador\Documents\Loja_PMP\Site-Loja\siteplenus\_vti_pvt\linkinfo.btr --> plenusplanejados.com.br /public_html/_vti_pvt linkinfo.btr
118.04.16 21:15 B C:\Users\Administrador\Documents\Loja_PMP\Site-Loja\siteplenus\_vti_pvt\service.cnf --> plenusplanejados.com.br /public_html/_vti_pvt service.cnf
118.04.16 21:15 B C:\Users\Administrador\Documents\Loja_PMP\Site-Loja\siteplenus\_vti_pvt\service.lck --> plenusplanejados.com.br /public_html/_vti_pvt service.lck
118.04.16 21:15 B C:\Users\Administrador\Documents\Loja_PMP\Site-Loja\siteplenus\_vti_pvt\services.cnf --> plenusplanejados.com.br /public_html/_vti_pvt services.cnf
118.04.16 21:15 B C:\Users\Administrador\Documents\Loja_PMP\Site-Loja\siteplenus\_vti_pvt\structure.cnf --> plenusplanejados.com.br /public_html/_vti_pvt structure.cnf
118.04.16 21:15 B C:\Users\Administrador\Documents\Loja_PMP\Site-Loja\siteplenus\_vti_pvt\ws_ftp.log --> plenusplanejados.com.br /public_html/_vti_pvt ws_ftp.log
