2011.04.24 14:19 B C:\Documents and Settings\Plenus\Meus Documentos\Loja_PMP\Site-Loja\siteplenus\images\juvenil\_vti_cnf\juvenil (0).jpg --> plenusplanejados.com.br /public_html/images/juvenil/_vti_cnf juvenil (0).jpg
2011.04.24 14:19 B C:\Documents and Settings\Plenus\Meus Documentos\Loja_PMP\Site-Loja\siteplenus\images\juvenil\_vti_cnf\juvenil (1).jpg --> plenusplanejados.com.br /public_html/images/juvenil/_vti_cnf juvenil (1).jpg
2011.04.24 14:19 B C:\Documents and Settings\Plenus\Meus Documentos\Loja_PMP\Site-Loja\siteplenus\images\juvenil\_vti_cnf\juvenil (2).jpg --> plenusplanejados.com.br /public_html/images/juvenil/_vti_cnf juvenil (2).jpg
2011.04.24 14:19 B C:\Documents and Settings\Plenus\Meus Documentos\Loja_PMP\Site-Loja\siteplenus\images\juvenil\_vti_cnf\juvenil (3).jpg --> plenusplanejados.com.br /public_html/images/juvenil/_vti_cnf juvenil (3).jpg
2011.04.24 14:19 B C:\Documents and Settings\Plenus\Meus Documentos\Loja_PMP\Site-Loja\siteplenus\images\juvenil\_vti_cnf\juvenil (4).jpg --> plenusplanejados.com.br /public_html/images/juvenil/_vti_cnf juvenil (4).jpg
2011.04.24 14:19 B C:\Documents and Settings\Plenus\Meus Documentos\Loja_PMP\Site-Loja\siteplenus\images\juvenil\_vti_cnf\Thumbs.db --> plenusplanejados.com.br /public_html/images/juvenil/_vti_cnf Thumbs.db
118.04.16 14:22 B C:\Users\Administrador\Documents\Loja_PMP\Site-Loja\siteplenus\images\juvenil\_vti_cnf\juvenil (0).jpg --> plenusplanejados.com.br /images/juvenil/_vti_cnf juvenil (0).jpg
118.04.16 14:22 B C:\Users\Administrador\Documents\Loja_PMP\Site-Loja\siteplenus\images\juvenil\_vti_cnf\juvenil (1).jpg --> plenusplanejados.com.br /images/juvenil/_vti_cnf juvenil (1).jpg
118.04.16 14:22 B C:\Users\Administrador\Documents\Loja_PMP\Site-Loja\siteplenus\images\juvenil\_vti_cnf\juvenil (2).jpg --> plenusplanejados.com.br /images/juvenil/_vti_cnf juvenil (2).jpg
118.04.16 14:22 B C:\Users\Administrador\Documents\Loja_PMP\Site-Loja\siteplenus\images\juvenil\_vti_cnf\juvenil (3).jpg --> plenusplanejados.com.br /images/juvenil/_vti_cnf juvenil (3).jpg
118.04.16 14:22 B C:\Users\Administrador\Documents\Loja_PMP\Site-Loja\siteplenus\images\juvenil\_vti_cnf\juvenil (4).jpg --> plenusplanejados.com.br /images/juvenil/_vti_cnf juvenil (4).jpg
118.04.16 14:22 B C:\Users\Administrador\Documents\Loja_PMP\Site-Loja\siteplenus\images\juvenil\_vti_cnf\Thumbs.db --> plenusplanejados.com.br /images/juvenil/_vti_cnf Thumbs.db
118.04.16 14:22 B C:\Users\Administrador\Documents\Loja_PMP\Site-Loja\siteplenus\images\juvenil\_vti_cnf\ws_ftp.log --> plenusplanejados.com.br /images/juvenil/_vti_cnf ws_ftp.log
118.04.16 21:24 B C:\Users\Administrador\Documents\Loja_PMP\Site-Loja\siteplenus\images\juvenil\_vti_cnf\juvenil (0).jpg --> plenusplanejados.com.br /public_html/images/juvenil/_vti_cnf juvenil (0).jpg
118.04.16 21:24 B C:\Users\Administrador\Documents\Loja_PMP\Site-Loja\siteplenus\images\juvenil\_vti_cnf\juvenil (1).jpg --> plenusplanejados.com.br /public_html/images/juvenil/_vti_cnf juvenil (1).jpg
118.04.16 21:24 B C:\Users\Administrador\Documents\Loja_PMP\Site-Loja\siteplenus\images\juvenil\_vti_cnf\juvenil (2).jpg --> plenusplanejados.com.br /public_html/images/juvenil/_vti_cnf juvenil (2).jpg
118.04.16 21:24 B C:\Users\Administrador\Documents\Loja_PMP\Site-Loja\siteplenus\images\juvenil\_vti_cnf\juvenil (3).jpg --> plenusplanejados.com.br /public_html/images/juvenil/_vti_cnf juvenil (3).jpg
118.04.16 21:24 B C:\Users\Administrador\Documents\Loja_PMP\Site-Loja\siteplenus\images\juvenil\_vti_cnf\juvenil (4).jpg --> plenusplanejados.com.br /public_html/images/juvenil/_vti_cnf juvenil (4).jpg
118.04.16 21:24 B C:\Users\Administrador\Documents\Loja_PMP\Site-Loja\siteplenus\images\juvenil\_vti_cnf\Thumbs.db --> plenusplanejados.com.br /public_html/images/juvenil/_vti_cnf Thumbs.db
118.04.16 21:24 B C:\Users\Administrador\Documents\Loja_PMP\Site-Loja\siteplenus\images\juvenil\_vti_cnf\ws_ftp.log --> plenusplanejados.com.br /public_html/images/juvenil/_vti_cnf ws_ftp.log
